14992
0
0
0
0
20075
1612
0
0
5288
0
0
15084
0
0
2241
0
0
0
0
0
13148
14417
0
0
0
0
0
0
3792
0
0
0
14689
15214
0
0
19302
16353
0
0
15640
0
0
0
0
0
15015
16219
0
6442
0
0
0
0
0
0
15550
8170
18708
0
0
0
0
0
0
0
0
14176
7016
13283
0
13981
0
0
15759
0
0
0
0
0
14648
0
0
0
13209
0
0
0
0
0
0
16022
0
0
0
0
12626
0
0
0
0
14306
0
0
14396
0
0
7541
0
0
0
14881
0
0
0
0
0
0
0
0
0
11997
0
0
15399
0
0
0
0
0
8511
0
14927
0
4981
0
0
0
13358
0
0
16471
0
0
0
0
0
18842
0
0
0
0
0
14333
0
0
0
0
16689
0
0
0
0
0
0
0
0
12833
14446
0
0
0
0
5813
15065
11603
15456
0
0
0
0
0
0
0
2298
0
0
12833
0
0
0
0
0
16573
18646
8161
14602
0
15065
0
0
13358
0
8380
14927
0
11603
0
0
0
0
0
0
0
0
0
0
15285
3792
0
0
13987
15419
0
0
0
0
6442
0
0
0
0
0
0
0
0
0
8511
0
0
0
0
0
16552
0
0
0
0
0
0
0
0
0
0
0
0
14657
15799
0
0
0
16741
0
18335
0
16215
0
0
0
0
0
16054
0
0
0
0
0
0
7541
14657
14306
13130
0
0
0
0
20245
9727
0
0
16042
0
0
18224
13547
0
0
0
0
0
15092
0
0
0
17941
0
0
0
0
0
15317
0
0
8437
0
14554
6619
0
16602
18089
0
2298
15419
0
0
0
0
0
0
13149
13467
0
0
0
0
0
0
3792
0
0
0
0
13358
0
0
0
0
4584
0
0
0
6442
0
15065
0
18708
0
0
0
16156
0
0
0
13862
0
0
0
14060
13624
15790
0
0
16598
0
0
4317
0
0
0
14396
0
13719
0
0
0
0
0
0
0
0
0
0
0
0
16340
0
13969
0
0
20059
11788
0
0
0
0
14452
11788
15409
0
0
0
0
0
0
0
14881
0
6442
13149
0
0
0
0
11603
0
0
0
0
0
14701
0
0
4584
0
0
0
0
5813
0
0
0
0
0
0
0
0
0
20216
0
0
0
14446
0
0
0
0
16156
0
0
14992
0
0
0
11603
0
0
14992
0
0
15356
4317
0
0
0
0
0
0
0
0
0
16610
0
0
686
0
0
13283
0
0
0
0
0
0
0
0
0
0
0
0
0
0
0
0
15092
0
0
0
0
15214
0
15586
0
0
15625
14446
0
0
0
15606
15419
0
0
0
0
0
0
0
16219
11788
1612
0
0
0
10974
0
0
0
0
0
13969
0
16741
0
0
0
0
0
0
0
0
0
0
0
0
13838
0
0
0
0
0
0
16464
0
0
0
16418
0
0
0
0
0
0
18784
0
0
0
0
0
0
14711
15393
0
0
13148
3792
17732
15550
0
0
0
14701
0
0
0
0
0
0
0
19189
0
16602
0
17058
15275
0
14881
18842
0
0
0
0
16081
14069
0
0
0
15330
0
0
0
0
14253
0
0
0
0
0
0
0
0
14927
686
0
0
0
0
0
0
0
0
0
14353
15419
0
0
0
0
0
9727
12815
0
0
0
0
0
15478
0
0
12281
0
0
0
0
0
0
0
19849
0
16081
1612
0
0
0
0
13149
0
12626
0
0
15183
0
1612
16471
0
0
0
0
0
16418
2241
0
0
12204
0
13283
16340
0
0
18842
0
0
0
0
0
0
0
0
0
0
0
0
0
13624
0
0
0
0
0
15004
0
0
0
13149
0
0
0
18708
18780
0
0
0
0
11995
0
0
0
18928
2241
0
0
20212
0
0
0
0
0
0
0
0
0
0
0
0
18928
15904
0
0
0
0
0
7541
0
0
7541
6483
16602
14794
6483
6619
0
0
0
20330
0
0
13547
0
14222
18089
18079
0
0
15214
0
6483
14446
0
0
0
0
0
0
0
0
0
15557
0
0
0
0
13987
0
0
0
0
0
0
0
1612
0
2298
0
0
12520
0
0
0
0
13130
0
0
0
0
0
0
0
15671
0
0
0
0
0
0
0
0
0
0
0
1612
16219
0
0
13850
0
0
0
13358
15540
0
19082
0
0
0
12520
0
15256
0
0
15452
0
15419
0
3792
0
0
14069
0
0
0
0
0
0
14432
11603
0
0
0
0
0
0
0
0
0
2298
0
0
0
16353
0
0
0
16711
0
0
0
0
12626
0
0
0
19158
0
0
13149
0
3792
0
2241
0
0
0
0
0
12281
0
0
0
13624
0
0
0
0
0
0
14253
0
0
8161
0
0
0
0
16038
0
0
15944
0
0
0
0
0
0
0
0
0
16169
0
0
0
0
0
0
16681
0
0
0
0
14069
0
0
0
20216
0
14580
17045
6442
0
12626
0
686
16219
