10000
100 100
92 58 53 11 38 21 22 52 34 6 90 17 98 68 24 54 65 3 96 94 13 44 41 64 40 36 100 20 19 31 29 75 89 23 83 72 15 4 61 82 59 57 12 67 47 7 81 26 8 42 63 99 79 28 27 49 33 16 35 5 66 55 9 1 45 78 74 86 30 97 2 70 69 39 37 87 43 85 93 50 25 88 71 48 80 46 51 73 14 91 84 10 95 60 62 77 32 56 76 18 
18 92 58 53 11 38 21 22 52 34 6 90 17 98 68 24 54 65 3 96 94 13 44 41 64 40 36 100 20 19 31 29 75 89 23 83 72 15 4 61 82 59 57 12 67 47 7 81 26 8 42 63 99 79 28 27 49 33 16 35 5 66 55 9 1 45 78 74 86 30 97 2 70 69 39 37 87 43 85 93 50 25 88 71 48 80 46 51 73 14 91 84 10 95 60 62 77 32 56 76 
76 18 92 58 53 11 38 21 22 52 34 6 90 17 98 68 24 54 65 3 96 94 13 44 41 64 40 36 100 20 19 31 29 75 89 23 83 72 15 4 61 82 59 57 12 67 47 7 81 26 8 42 63 99 79 28 27 49 33 16 35 5 66 55 9 1 45 78 74 86 30 97 2 70 69 39 37 87 43 85 93 50 25 88 71 48 80 46 51 73 14 91 84 10 95 60 62 77 32 56 
56 76 18 92 58 53 11 38 21 22 52 34 6 90 17 98 68 24 54 65 3 96 94 13 44 41 64 40 36 100 20 19 31 29 75 89 23 83 72 15 4 61 82 59 57 12 67 47 7 81 26 8 42 63 99 79 28 27 49 33 16 35 5 66 55 9 1 45 78 74 86 30 97 2 70 69 39 37 87 43 85 93 50 25 88 71 48 80 46 51 73 14 91 84 10 95 60 62 77 32 
32 56 76 18 92 58 53 11 38 21 22 52 34 6 90 17 98 68 24 54 65 3 96 94 13 44 41 64 40 36 100 20 19 31 29 75 89 23 83 72 15 4 61 82 59 57 12 67 47 7 81 26 8 42 63 99 79 28 27 49 33 16 35 5 66 55 9 1 45 78 74 86 30 97 2 70 69 39 37 87 43 85 93 50 25 88 71 48 80 46 51 73 14 91 84 10 95 60 62 77 
77 32 56 76 18 92 58 53 11 38 21 22 52 34 6 90 17 98 68 24 54 65 3 96 94 13 44 41 64 40 36 100 20 19 31 29 75 89 23 83 72 15 4 61 82 59 57 12 67 47 7 81 26 8 42 63 99 79 28 27 49 33 16 35 5 66 55 9 1 45 78 74 86 30 97 2 70 69 39 37 87 43 85 93 50 25 88 71 48 80 46 51 73 14 91 84 10 95 60 62 
62 77 32 56 76 18 92 58 53 11 38 21 22 52 34 6 90 17 98 68 24 54 65 3 96 94 13 44 41 64 40 36 100 20 19 31 29 75 89 23 83 72 15 4 61 82 59 57 12 67 47 7 81 26 8 42 63 99 79 28 27 49 33 16 35 5 66 55 9 1 45 78 74 86 30 97 2 70 69 39 37 87 43 85 93 50 25 88 71 48 80 46 51 73 14 91 84 10 95 60 
60 62 77 32 56 76 18 92 58 53 11 38 21 22 52 34 6 90 17 98 68 24 54 65 3 96 94 13 44 41 64 40 36 100 20 19 31 29 75 89 23 83 72 15 4 61 82 59 57 12 67 47 7 81 26 8 42 63 99 79 28 27 49 33 16 35 5 66 55 9 1 45 78 74 86 30 97 2 70 69 39 37 87 43 85 93 50 25 88 71 48 80 46 51 73 14 91 84 10 95 
95 60 62 77 32 56 76 18 92 58 53 11 38 21 22 52 34 6 90 17 98 68 24 54 65 3 96 94 13 44 41 64 40 36 100 20 19 31 29 75 89 23 83 72 15 4 61 82 59 57 12 67 47 7 81 26 8 42 63 99 79 28 27 49 33 16 35 5 66 55 9 1 45 78 74 86 30 97 2 70 69 39 37 87 43 85 93 50 25 88 71 48 80 46 51 73 14 91 84 10 
10 95 60 62 77 32 56 76 18 92 58 53 11 38 21 22 52 34 6 90 17 98 68 24 54 65 3 96 94 13 44 41 64 40 36 100 20 19 31 29 75 89 23 83 72 15 4 61 82 59 57 12 67 47 7 81 26 8 42 63 99 79 28 27 49 33 16 35 5 66 55 9 1 45 78 74 86 30 97 2 70 69 39 37 87 43 85 93 50 25 88 71 48 80 46 51 73 14 91 84 
84 10 95 60 62 77 32 56 76 18 92 58 53 11 38 21 22 52 34 6 90 17 98 68 24 54 65 3 96 94 13 44 41 64 40 36 100 20 19 31 29 75 89 23 83 72 15 4 61 82 59 57 12 67 47 7 81 26 8 42 63 99 79 28 27 49 33 16 35 5 66 55 9 1 45 78 74 86 30 97 2 70 69 39 37 87 43 85 93 50 25 88 71 48 80 46 51 73 14 91 
91 84 10 95 60 62 77 32 56 76 18 92 58 53 11 38 21 22 52 34 6 90 17 98 68 24 54 65 3 96 94 13 44 41 64 40 36 100 20 19 31 29 75 89 23 83 72 15 4 61 82 59 57 12 67 47 7 81 26 8 42 63 99 79 28 27 49 33 16 35 5 66 55 9 1 45 78 74 86 30 97 2 70 69 39 37 87 43 85 93 50 25 88 71 48 80 46 51 73 14 
14 91 84 10 95 60 62 77 32 56 76 18 92 58 53 11 38 21 22 52 34 6 90 17 98 68 24 54 65 3 96 94 13 44 41 64 40 36 100 20 19 31 29 75 89 23 83 72 15 4 61 82 59 57 12 67 47 7 81 26 8 42 63 99 79 28 27 49 33 16 35 5 66 55 9 1 45 78 74 86 30 97 2 70 69 39 37 87 43 85 93 50 25 88 71 48 80 46 51 73 
73 14 91 84 10 95 60 62 77 32 56 76 18 92 58 53 11 38 21 22 52 34 6 90 17 98 68 24 54 65 3 96 94 13 44 41 64 40 36 100 20 19 31 29 75 89 23 83 72 15 4 61 82 59 57 12 67 47 7 81 26 8 42 63 99 79 28 27 49 33 16 35 5 66 55 9 1 45 78 74 86 30 97 2 70 69 39 37 87 43 85 93 50 25 88 71 48 80 46 51 
51 73 14 91 84 10 95 60 62 77 32 56 76 18 92 58 53 11 38 21 22 52 34 6 90 17 98 68 24 54 65 3 96 94 13 44 41 64 40 36 100 20 19 31 29 75 89 23 83 72 15 4 61 82 59 57 12 67 47 7 81 26 8 42 63 99 79 28 27 49 33 16 35 5 66 55 9 1 45 78 74 86 30 97 2 70 69 39 37 87 43 85 93 50 25 88 71 48 80 46 
46 51 73 14 91 84 10 95 60 62 77 32 56 76 18 92 58 53 11 38 21 22 52 34 6 90 17 98 68 24 54 65 3 96 94 13 44 41 64 40 36 100 20 19 31 29 75 89 23 83 72 15 4 61 82 59 57 12 67 47 7 81 26 8 42 63 99 79 28 27 49 33 16 35 5 66 55 9 1 45 78 74 86 30 97 2 70 69 39 37 87 43 85 93 50 25 88 71 48 80 
80 46 51 73 14 91 84 10 95 60 62 77 32 56 76 18 92 58 53 11 38 21 22 52 34 6 90 17 98 68 24 54 65 3 96 94 13 44 41 64 40 36 100 20 19 31 29 75 89 23 83 72 15 4 61 82 59 57 12 67 47 7 81 26 8 42 63 99 79 28 27 49 33 16 35 5 66 55 9 1 45 78 74 86 30 97 2 70 69 39 37 87 43 85 93 50 25 88 71 48 
48 80 46 51 73 14 91 84 10 95 60 62 77 32 56 76 18 92 58 53 11 38 21 22 52 34 6 90 17 98 68 24 54 65 3 96 94 13 44 41 64 40 36 100 20 19 31 29 75 89 23 83 72 15 4 61 82 59 57 12 67 47 7 81 26 8 42 63 99 79 28 27 49 33 16 35 5 66 55 9 1 45 78 74 86 30 97 2 70 69 39 37 87 43 85 93 50 25 88 71 
71 48 80 46 51 73 14 91 84 10 95 60 62 77 32 56 76 18 92 58 53 11 38 21 22 52 34 6 90 17 98 68 24 54 65 3 96 94 13 44 41 64 40 36 100 20 19 31 29 75 89 23 83 72 15 4 61 82 59 57 12 67 47 7 81 26 8 42 63 99 79 28 27 49 33 16 35 5 66 55 9 1 45 78 74 86 30 97 2 70 69 39 37 87 43 85 93 50 25 88 
88 71 48 80 46 51 73 14 91 84 10 95 60 62 77 32 56 76 18 92 58 53 11 38 21 22 52 34 6 90 17 98 68 24 54 65 3 96 94 13 44 41 64 40 36 100 20 19 31 29 75 89 23 83 72 15 4 61 82 59 57 12 67 47 7 81 26 8 42 63 99 79 28 27 49 33 16 35 5 66 55 9 1 45 78 74 86 30 97 2 70 69 39 37 87 43 85 93 50 25 
25 88 71 48 80 46 51 73 14 91 84 10 95 60 62 77 32 56 76 18 92 58 53 11 38 21 22 52 34 6 90 17 98 68 24 54 65 3 96 94 13 44 41 64 40 36 100 20 19 31 29 75 89 23 83 72 15 4 61 82 59 57 12 67 47 7 81 26 8 42 63 99 79 28 27 49 33 16 35 5 66 55 9 1 45 78 74 86 30 97 2 70 69 39 37 87 43 85 93 50 
50 25 88 71 48 80 46 51 73 14 91 84 10 95 60 62 77 32 56 76 18 92 58 53 11 38 21 22 52 34 6 90 17 98 68 24 54 65 3 96 94 13 44 41 64 40 36 100 20 19 31 29 75 89 23 83 72 15 4 61 82 59 57 12 67 47 7 81 26 8 42 63 99 79 28 27 49 33 16 35 5 66 55 9 1 45 78 74 86 30 97 2 70 69 39 37 87 43 85 93 
93 50 25 88 71 48 80 46 51 73 14 91 84 10 95 60 62 77 32 56 76 18 92 58 53 11 38 21 22 52 34 6 90 17 98 68 24 54 65 3 96 94 13 44 41 64 40 36 100 20 19 31 29 75 89 23 83 72 15 4 61 82 59 57 12 67 47 7 81 26 8 42 63 99 79 28 27 49 33 16 35 5 66 55 9 1 45 78 74 86 30 97 2 70 69 39 37 87 43 85 
85 93 50 25 88 71 48 80 46 51 73 14 91 84 10 95 60 62 77 32 56 76 18 92 58 53 11 38 21 22 52 34 6 90 17 98 68 24 54 65 3 96 94 13 44 41 64 40 36 100 20 19 31 29 75 89 23 83 72 15 4 61 82 59 57 12 67 47 7 81 26 8 42 63 99 79 28 27 49 33 16 35 5 66 55 9 1 45 78 74 86 30 97 2 70 69 39 37 87 43 
43 85 93 50 25 88 71 48 80 46 51 73 14 91 84 10 95 60 62 77 32 56 76 18 92 58 53 11 38 21 22 52 34 6 90 17 98 68 24 54 65 3 96 94 13 44 41 64 40 36 100 20 19 31 29 75 89 23 83 72 15 4 61 82 59 57 12 67 47 7 81 26 8 42 63 99 79 28 27 49 33 16 35 5 66 55 9 1 45 78 74 86 30 97 2 70 69 39 37 87 
87 43 85 93 50 25 88 71 48 80 46 51 73 14 91 84 10 95 60 62 77 32 56 76 18 92 58 53 11 38 21 22 52 34 6 90 17 98 68 24 54 65 3 96 94 13 44 41 64 40 36 100 20 19 31 29 75 89 23 83 72 15 4 61 82 59 57 12 67 47 7 81 26 8 42 63 99 79 28 27 49 33 16 35 5 66 55 9 1 45 78 74 86 30 97 2 70 69 39 37 
37 87 43 85 93 50 25 88 71 48 80 46 51 73 14 91 84 10 95 60 62 77 32 56 76 18 92 58 53 11 38 21 22 52 34 6 90 17 98 68 24 54 65 3 96 94 13 44 41 64 40 36 100 20 19 31 29 75 89 23 83 72 15 4 61 82 59 57 12 67 47 7 81 26 8 42 63 99 79 28 27 49 33 16 35 5 66 55 9 1 45 78 74 86 30 97 2 70 69 39 
39 37 87 43 85 93 50 25 88 71 48 80 46 51 73 14 91 84 10 95 60 62 77 32 56 76 18 92 58 53 11 38 21 22 52 34 6 90 17 98 68 24 54 65 3 96 94 13 44 41 64 40 36 100 20 19 31 29 75 89 23 83 72 15 4 61 82 59 57 12 67 47 7 81 26 8 42 63 99 79 28 27 49 33 16 35 5 66 55 9 1 45 78 74 86 30 97 2 70 69 
69 39 37 87 43 85 93 50 25 88 71 48 80 46 51 73 14 91 84 10 95 60 62 77 32 56 76 18 92 58 53 11 38 21 22 52 34 6 90 17 98 68 24 54 65 3 96 94 13 44 41 64 40 36 100 20 19 31 29 75 89 23 83 72 15 4 61 82 59 57 12 67 47 7 81 26 8 42 63 99 79 28 27 49 33 16 35 5 66 55 9 1 45 78 74 86 30 97 2 70 
70 69 39 37 87 43 85 93 50 25 88 71 48 80 46 51 73 14 91 84 10 95 60 62 77 32 56 76 18 92 58 53 11 38 21 22 52 34 6 90 17 98 68 24 54 65 3 96 94 13 44 41 64 40 36 100 20 19 31 29 75 89 23 83 72 15 4 61 82 59 57 12 67 47 7 81 26 8 42 63 99 79 28 27 49 33 16 35 5 66 55 9 1 45 78 74 86 30 97 2 
2 70 69 39 37 87 43 85 93 50 25 88 71 48 80 46 51 73 14 91 84 10 95 60 62 77 32 56 76 18 92 58 53 11 38 21 22 52 34 6 90 17 98 68 24 54 65 3 96 94 13 44 41 64 40 36 100 20 19 31 29 75 89 23 83 72 15 4 61 82 59 57 12 67 47 7 81 26 8 42 63 99 79 28 27 49 33 16 35 5 66 55 9 1 45 78 74 86 30 97 
97 2 70 69 39 37 87 43 85 93 50 25 88 71 48 80 46 51 73 14 91 84 10 95 60 62 77 32 56 76 18 92 58 53 11 38 21 22 52 34 6 90 17 98 68 24 54 65 3 96 94 13 44 41 64 40 36 100 20 19 31 29 75 89 23 83 72 15 4 61 82 59 57 12 67 47 7 81 26 8 42 63 99 79 28 27 49 33 16 35 5 66 55 9 1 45 78 74 86 30 
30 97 2 70 69 39 37 87 43 85 93 50 25 88 71 48 80 46 51 73 14 91 84 10 95 60 62 77 32 56 76 18 92 58 53 11 38 21 22 52 34 6 90 17 98 68 24 54 65 3 96 94 13 44 41 64 40 36 100 20 19 31 29 75 89 23 83 72 15 4 61 82 59 57 12 67 47 7 81 26 8 42 63 99 79 28 27 49 33 16 35 5 66 55 9 1 45 78 74 86 
86 30 97 2 70 69 39 37 87 43 85 93 50 25 88 71 48 80 46 51 73 14 91 84 10 95 60 62 77 32 56 76 18 92 58 53 11 38 21 22 52 34 6 90 17 98 68 24 54 65 3 96 94 13 44 41 64 40 36 100 20 19 31 29 75 89 23 83 72 15 4 61 82 59 57 12 67 47 7 81 26 8 42 63 99 79 28 27 49 33 16 35 5 66 55 9 1 45 78 74 
74 86 30 97 2 70 69 39 37 87 43 85 93 50 25 88 71 48 80 46 51 73 14 91 84 10 95 60 62 77 32 56 76 18 92 58 53 11 38 21 22 52 34 6 90 17 98 68 24 54 65 3 96 94 13 44 41 64 40 36 100 20 19 31 29 75 89 23 83 72 15 4 61 82 59 57 12 67 47 7 81 26 8 42 63 99 79 28 27 49 33 16 35 5 66 55 9 1 45 78 
78 74 86 30 97 2 70 69 39 37 87 43 85 93 50 25 88 71 48 80 46 51 73 14 91 84 10 95 60 62 77 32 56 76 18 92 58 53 11 38 21 22 52 34 6 90 17 98 68 24 54 65 3 96 94 13 44 41 64 40 36 100 20 19 31 29 75 89 23 83 72 15 4 61 82 59 57 12 67 47 7 81 26 8 42 63 99 79 28 27 49 33 16 35 5 66 55 9 1 45 
45 78 74 86 30 97 2 70 69 39 37 87 43 85 93 50 25 88 71 48 80 46 51 73 14 91 84 10 95 60 62 77 32 56 76 18 92 58 53 11 38 21 22 52 34 6 90 17 98 68 24 54 65 3 96 94 13 44 41 64 40 36 100 20 19 31 29 75 89 23 83 72 15 4 61 82 59 57 12 67 47 7 81 26 8 42 63 99 79 28 27 49 33 16 35 5 66 55 9 1 
1 45 78 74 86 30 97 2 70 69 39 37 87 43 85 93 50 25 88 71 48 80 46 51 73 14 91 84 10 95 60 62 77 32 56 76 18 92 58 53 11 38 21 22 52 34 6 90 17 98 68 24 54 65 3 96 94 13 44 41 64 40 36 100 20 19 31 29 75 89 23 83 72 15 4 61 82 59 57 12 67 47 7 81 26 8 42 63 99 79 28 27 49 33 16 35 5 66 55 9 
9 1 45 78 74 86 30 97 2 70 69 39 37 87 43 85 93 50 25 88 71 48 80 46 51 73 14 91 84 10 95 60 62 77 32 56 76 18 92 58 53 11 38 21 22 52 34 6 90 17 98 68 24 54 65 3 96 94 13 44 41 64 40 36 100 20 19 31 29 75 89 23 83 72 15 4 61 82 59 57 12 67 47 7 81 26 8 42 63 99 79 28 27 49 33 16 35 5 66 55 
55 9 1 45 78 74 86 30 97 2 70 69 39 37 87 43 85 93 50 25 88 71 48 80 46 51 73 14 91 84 10 95 60 62 77 32 56 76 18 92 58 53 11 38 21 22 52 34 6 90 17 98 68 24 54 65 3 96 94 13 44 41 64 40 36 100 20 19 31 29 75 89 23 83 72 15 4 61 82 59 57 12 67 47 7 81 26 8 42 63 99 79 28 27 49 33 16 35 5 66 
66 55 9 1 45 78 74 86 30 97 2 70 69 39 37 87 43 85 93 50 25 88 71 48 80 46 51 73 14 91 84 10 95 60 62 77 32 56 76 18 92 58 53 11 38 21 22 52 34 6 90 17 98 68 24 54 65 3 96 94 13 44 41 64 40 36 100 20 19 31 29 75 89 23 83 72 15 4 61 82 59 57 12 67 47 7 81 26 8 42 63 99 79 28 27 49 33 16 35 5 
5 66 55 9 1 45 78 74 86 30 97 2 70 69 39 37 87 43 85 93 50 25 88 71 48 80 46 51 73 14 91 84 10 95 60 62 77 32 56 76 18 92 58 53 11 38 21 22 52 34 6 90 17 98 68 24 54 65 3 96 94 13 44 41 64 40 36 100 20 19 31 29 75 89 23 83 72 15 4 61 82 59 57 12 67 47 7 81 26 8 42 63 99 79 28 27 49 33 16 35 
35 5 66 55 9 1 45 78 74 86 30 97 2 70 69 39 37 87 43 85 93 50 25 88 71 48 80 46 51 73 14 91 84 10 95 60 62 77 32 56 76 18 92 58 53 11 38 21 22 52 34 6 90 17 98 68 24 54 65 3 96 94 13 44 41 64 40 36 100 20 19 31 29 75 89 23 83 72 15 4 61 82 59 57 12 67 47 7 81 26 8 42 63 99 79 28 27 49 33 16 
16 35 5 66 55 9 1 45 78 74 86 30 97 2 70 69 39 37 87 43 85 93 50 25 88 71 48 80 46 51 73 14 91 84 10 95 60 62 77 32 56 76 18 92 58 53 11 38 21 22 52 34 6 90 17 98 68 24 54 65 3 96 94 13 44 41 64 40 36 100 20 19 31 29 75 89 23 83 72 15 4 61 82 59 57 12 67 47 7 81 26 8 42 63 99 79 28 27 49 33 
33 16 35 5 66 55 9 1 45 78 74 86 30 97 2 70 69 39 37 87 43 85 93 50 25 88 71 48 80 46 51 73 14 91 84 10 95 60 62 77 32 56 76 18 92 58 53 11 38 21 22 52 34 6 90 17 98 68 24 54 65 3 96 94 13 44 41 64 40 36 100 20 19 31 29 75 89 23 83 72 15 4 61 82 59 57 12 67 47 7 81 26 8 42 63 99 79 28 27 49 
49 33 16 35 5 66 55 9 1 45 78 74 86 30 97 2 70 69 39 37 87 43 85 93 50 25 88 71 48 80 46 51 73 14 91 84 10 95 60 62 77 32 56 76 18 92 58 53 11 38 21 22 52 34 6 90 17 98 68 24 54 65 3 96 94 13 44 41 64 40 36 100 20 19 31 29 75 89 23 83 72 15 4 61 82 59 57 12 67 47 7 81 26 8 42 63 99 79 28 27 
27 49 33 16 35 5 66 55 9 1 45 78 74 86 30 97 2 70 69 39 37 87 43 85 93 50 25 88 71 48 80 46 51 73 14 91 84 10 95 60 62 77 32 56 76 18 92 58 53 11 38 21 22 52 34 6 90 17 98 68 24 54 65 3 96 94 13 44 41 64 40 36 100 20 19 31 29 75 89 23 83 72 15 4 61 82 59 57 12 67 47 7 81 26 8 42 63 99 79 28 
28 27 49 33 16 35 5 66 55 9 1 45 78 74 86 30 97 2 70 69 39 37 87 43 85 93 50 25 88 71 48 80 46 51 73 14 91 84 10 95 60 62 77 32 56 76 18 92 58 53 11 38 21 22 52 34 6 90 17 98 68 24 54 65 3 96 94 13 44 41 64 40 36 100 20 19 31 29 75 89 23 83 72 15 4 61 82 59 57 12 67 47 7 81 26 8 42 63 99 79 
79 28 27 49 33 16 35 5 66 55 9 1 45 78 74 86 30 97 2 70 69 39 37 87 43 85 93 50 25 88 71 48 80 46 51 73 14 91 84 10 95 60 62 77 32 56 76 18 92 58 53 11 38 21 22 52 34 6 90 17 98 68 24 54 65 3 96 94 13 44 41 64 40 36 100 20 19 31 29 75 89 23 83 72 15 4 61 82 59 57 12 67 47 7 81 26 8 42 63 99 
99 79 28 27 49 33 16 35 5 66 55 9 1 45 78 74 86 30 97 2 70 69 39 37 87 43 85 93 50 25 88 71 48 80 46 51 73 14 91 84 10 95 60 62 77 32 56 76 18 92 58 53 11 38 21 22 52 34 6 90 17 98 68 24 54 65 3 96 94 13 44 41 64 40 36 100 20 19 31 29 75 89 23 83 72 15 4 61 82 59 57 12 67 47 7 81 26 8 42 63 
63 99 79 28 27 49 33 16 35 5 66 55 9 1 45 78 74 86 30 97 2 70 69 39 37 87 43 85 93 50 25 88 71 48 80 46 51 73 14 91 84 10 95 60 62 77 32 56 76 18 92 58 53 11 38 21 22 52 34 6 90 17 98 68 24 54 65 3 96 94 13 44 41 64 40 36 100 20 19 31 29 75 89 23 83 72 15 4 61 82 59 57 12 67 47 7 81 26 8 42 
42 63 99 79 28 27 49 33 16 35 5 66 55 9 1 45 78 74 86 30 97 2 70 69 39 37 87 43 85 93 50 25 88 71 48 80 46 51 73 14 91 84 10 95 60 62 77 32 56 76 18 92 58 53 11 38 21 22 52 34 6 90 17 98 68 24 54 65 3 96 94 13 44 41 64 40 36 100 20 19 31 29 75 89 23 83 72 15 4 61 82 59 57 12 67 47 7 81 26 8 
8 42 63 99 79 28 27 49 33 16 35 5 66 55 9 1 45 78 74 86 30 97 2 70 69 39 37 87 43 85 93 50 25 88 71 48 80 46 51 73 14 91 84 10 95 60 62 77 32 56 76 18 92 58 53 11 38 21 22 52 34 6 90 17 98 68 24 54 65 3 96 94 13 44 41 64 40 36 100 20 19 31 29 75 89 23 83 72 15 4 61 82 59 57 12 67 47 7 81 26 
26 8 42 63 99 79 28 27 49 33 16 35 5 66 55 9 1 45 78 74 86 30 97 2 70 69 39 37 87 43 85 93 50 25 88 71 48 80 46 51 73 14 91 84 10 95 60 62 77 32 56 76 18 92 58 53 11 38 21 22 52 34 6 90 17 98 68 24 54 65 3 96 94 13 44 41 64 40 36 100 20 19 31 29 75 89 23 83 72 15 4 61 82 59 57 12 67 47 7 81 
81 26 8 42 63 99 79 28 27 49 33 16 35 5 66 55 9 1 45 78 74 86 30 97 2 70 69 39 37 87 43 85 93 50 25 88 71 48 80 46 51 73 14 91 84 10 95 60 62 77 32 56 76 18 92 58 53 11 38 21 22 52 34 6 90 17 98 68 24 54 65 3 96 94 13 44 41 64 40 36 100 20 19 31 29 75 89 23 83 72 15 4 61 82 59 57 12 67 47 7 
7 81 26 8 42 63 99 79 28 27 49 33 16 35 5 66 55 9 1 45 78 74 86 30 97 2 70 69 39 37 87 43 85 93 50 25 88 71 48 80 46 51 73 14 91 84 10 95 60 62 77 32 56 76 18 92 58 53 11 38 21 22 52 34 6 90 17 98 68 24 54 65 3 96 94 13 44 41 64 40 36 100 20 19 31 29 75 89 23 83 72 15 4 61 82 59 57 12 67 47 
47 7 81 26 8 42 63 99 79 28 27 49 33 16 35 5 66 55 9 1 45 78 74 86 30 97 2 70 69 39 37 87 43 85 93 50 25 88 71 48 80 46 51 73 14 91 84 10 95 60 62 77 32 56 76 18 92 58 53 11 38 21 22 52 34 6 90 17 98 68 24 54 65 3 96 94 13 44 41 64 40 36 100 20 19 31 29 75 89 23 83 72 15 4 61 82 59 57 12 67 
67 47 7 81 26 8 42 63 99 79 28 27 49 33 16 35 5 66 55 9 1 45 78 74 86 30 97 2 70 69 39 37 87 43 85 93 50 25 88 71 48 80 46 51 73 14 91 84 10 95 60 62 77 32 56 76 18 92 58 53 11 38 21 22 52 34 6 90 17 98 68 24 54 65 3 96 94 13 44 41 64 40 36 100 20 19 31 29 75 89 23 83 72 15 4 61 82 59 57 12 
12 67 47 7 81 26 8 42 63 99 79 28 27 49 33 16 35 5 66 55 9 1 45 78 74 86 30 97 2 70 69 39 37 87 43 85 93 50 25 88 71 48 80 46 51 73 14 91 84 10 95 60 62 77 32 56 76 18 92 58 53 11 38 21 22 52 34 6 90 17 98 68 24 54 65 3 96 94 13 44 41 64 40 36 100 20 19 31 29 75 89 23 83 72 15 4 61 82 59 57 
57 12 67 47 7 81 26 8 42 63 99 79 28 27 49 33 16 35 5 66 55 9 1 45 78 74 86 30 97 2 70 69 39 37 87 43 85 93 50 25 88 71 48 80 46 51 73 14 91 84 10 95 60 62 77 32 56 76 18 92 58 53 11 38 21 22 52 34 6 90 17 98 68 24 54 65 3 96 94 13 44 41 64 40 36 100 20 19 31 29 75 89 23 83 72 15 4 61 82 59 
59 57 12 67 47 7 81 26 8 42 63 99 79 28 27 49 33 16 35 5 66 55 9 1 45 78 74 86 30 97 2 70 69 39 37 87 43 85 93 50 25 88 71 48 80 46 51 73 14 91 84 10 95 60 62 77 32 56 76 18 92 58 53 11 38 21 22 52 34 6 90 17 98 68 24 54 65 3 96 94 13 44 41 64 40 36 100 20 19 31 29 75 89 23 83 72 15 4 61 82 
82 59 57 12 67 47 7 81 26 8 42 63 99 79 28 27 49 33 16 35 5 66 55 9 1 45 78 74 86 30 97 2 70 69 39 37 87 43 85 93 50 25 88 71 48 80 46 51 73 14 91 84 10 95 60 62 77 32 56 76 18 92 58 53 11 38 21 22 52 34 6 90 17 98 68 24 54 65 3 96 94 13 44 41 64 40 36 100 20 19 31 29 75 89 23 83 72 15 4 61 
61 82 59 57 12 67 47 7 81 26 8 42 63 99 79 28 27 49 33 16 35 5 66 55 9 1 45 78 74 86 30 97 2 70 69 39 37 87 43 85 93 50 25 88 71 48 80 46 51 73 14 91 84 10 95 60 62 77 32 56 76 18 92 58 53 11 38 21 22 52 34 6 90 17 98 68 24 54 65 3 96 94 13 44 41 64 40 36 100 20 19 31 29 75 89 23 83 72 15 4 
4 61 82 59 57 12 67 47 7 81 26 8 42 63 99 79 28 27 49 33 16 35 5 66 55 9 1 45 78 74 86 30 97 2 70 69 39 37 87 43 85 93 50 25 88 71 48 80 46 51 73 14 91 84 10 95 60 62 77 32 56 76 18 92 58 53 11 38 21 22 52 34 6 90 17 98 68 24 54 65 3 96 94 13 44 41 64 40 36 100 20 19 31 29 75 89 23 83 72 15 
15 4 61 82 59 57 12 67 47 7 81 26 8 42 63 99 79 28 27 49 33 16 35 5 66 55 9 1 45 78 74 86 30 97 2 70 69 39 37 87 43 85 93 50 25 88 71 48 80 46 51 73 14 91 84 10 95 60 62 77 32 56 76 18 92 58 53 11 38 21 22 52 34 6 90 17 98 68 24 54 65 3 96 94 13 44 41 64 40 36 100 20 19 31 29 75 89 23 83 72 
72 15 4 61 82 59 57 12 67 47 7 81 26 8 42 63 99 79 28 27 49 33 16 35 5 66 55 9 1 45 78 74 86 30 97 2 70 69 39 37 87 43 85 93 50 25 88 71 48 80 46 51 73 14 91 84 10 95 60 62 77 32 56 76 18 92 58 53 11 38 21 22 52 34 6 90 17 98 68 24 54 65 3 96 94 13 44 41 64 40 36 100 20 19 31 29 75 89 23 83 
83 72 15 4 61 82 59 57 12 67 47 7 81 26 8 42 63 99 79 28 27 49 33 16 35 5 66 55 9 1 45 78 74 86 30 97 2 70 69 39 37 87 43 85 93 50 25 88 71 48 80 46 51 73 14 91 84 10 95 60 62 77 32 56 76 18 92 58 53 11 38 21 22 52 34 6 90 17 98 68 24 54 65 3 96 94 13 44 41 64 40 36 100 20 19 31 29 75 89 23 
23 83 72 15 4 61 82 59 57 12 67 47 7 81 26 8 42 63 99 79 28 27 49 33 16 35 5 66 55 9 1 45 78 74 86 30 97 2 70 69 39 37 87 43 85 93 50 25 88 71 48 80 46 51 73 14 91 84 10 95 60 62 77 32 56 76 18 92 58 53 11 38 21 22 52 34 6 90 17 98 68 24 54 65 3 96 94 13 44 41 64 40 36 100 20 19 31 29 75 89 
89 23 83 72 15 4 61 82 59 57 12 67 47 7 81 26 8 42 63 99 79 28 27 49 33 16 35 5 66 55 9 1 45 78 74 86 30 97 2 70 69 39 37 87 43 85 93 50 25 88 71 48 80 46 51 73 14 91 84 10 95 60 62 77 32 56 76 18 92 58 53 11 38 21 22 52 34 6 90 17 98 68 24 54 65 3 96 94 13 44 41 64 40 36 100 20 19 31 29 75 
75 89 23 83 72 15 4 61 82 59 57 12 67 47 7 81 26 8 42 63 99 79 28 27 49 33 16 35 5 66 55 9 1 45 78 74 86 30 97 2 70 69 39 37 87 43 85 93 50 25 88 71 48 80 46 51 73 14 91 84 10 95 60 62 77 32 56 76 18 92 58 53 11 38 21 22 52 34 6 90 17 98 68 24 54 65 3 96 94 13 44 41 64 40 36 100 20 19 31 29 
29 75 89 23 83 72 15 4 61 82 59 57 12 67 47 7 81 26 8 42 63 99 79 28 27 49 33 16 35 5 66 55 9 1 45 78 74 86 30 97 2 70 69 39 37 87 43 85 93 50 25 88 71 48 80 46 51 73 14 91 84 10 95 60 62 77 32 56 76 18 92 58 53 11 38 21 22 52 34 6 90 17 98 68 24 54 65 3 96 94 13 44 41 64 40 36 100 20 19 31 
31 29 75 89 23 83 72 15 4 61 82 59 57 12 67 47 7 81 26 8 42 63 99 79 28 27 49 33 16 35 5 66 55 9 1 45 78 74 86 30 97 2 70 69 39 37 87 43 85 93 50 25 88 71 48 80 46 51 73 14 91 84 10 95 60 62 77 32 56 76 18 92 58 53 11 38 21 22 52 34 6 90 17 98 68 24 54 65 3 96 94 13 44 41 64 40 36 100 20 19 
19 31 29 75 89 23 83 72 15 4 61 82 59 57 12 67 47 7 81 26 8 42 63 99 79 28 27 49 33 16 35 5 66 55 9 1 45 78 74 86 30 97 2 70 69 39 37 87 43 85 93 50 25 88 71 48 80 46 51 73 14 91 84 10 95 60 62 77 32 56 76 18 92 58 53 11 38 21 22 52 34 6 90 17 98 68 24 54 65 3 96 94 13 44 41 64 40 36 100 20 
20 19 31 29 75 89 23 83 72 15 4 61 82 59 57 12 67 47 7 81 26 8 42 63 99 79 28 27 49 33 16 35 5 66 55 9 1 45 78 74 86 30 97 2 70 69 39 37 87 43 85 93 50 25 88 71 48 80 46 51 73 14 91 84 10 95 60 62 77 32 56 76 18 92 58 53 11 38 21 22 52 34 6 90 17 98 68 24 54 65 3 96 94 13 44 41 64 40 36 100 
100 20 19 31 29 75 89 23 83 72 15 4 61 82 59 57 12 67 47 7 81 26 8 42 63 99 79 28 27 49 33 16 35 5 66 55 9 1 45 78 74 86 30 97 2 70 69 39 37 87 43 85 93 50 25 88 71 48 80 46 51 73 14 91 84 10 95 60 62 77 32 56 76 18 92 58 53 11 38 21 22 52 34 6 90 17 98 68 24 54 65 3 96 94 13 44 41 64 40 36 
36 100 20 19 31 29 75 89 23 83 72 15 4 61 82 59 57 12 67 47 7 81 26 8 42 63 99 79 28 27 49 33 16 35 5 66 55 9 1 45 78 74 86 30 97 2 70 69 39 37 87 43 85 93 50 25 88 71 48 80 46 51 73 14 91 84 10 95 60 62 77 32 56 76 18 92 58 53 11 38 21 22 52 34 6 90 17 98 68 24 54 65 3 96 94 13 44 41 64 40 
40 36 100 20 19 31 29 75 89 23 83 72 15 4 61 82 59 57 12 67 47 7 81 26 8 42 63 99 79 28 27 49 33 16 35 5 66 55 9 1 45 78 74 86 30 97 2 70 69 39 37 87 43 85 93 50 25 88 71 48 80 46 51 73 14 91 84 10 95 60 62 77 32 56 76 18 92 58 53 11 38 21 22 52 34 6 90 17 98 68 24 54 65 3 96 94 13 44 41 64 
64 40 36 100 20 19 31 29 75 89 23 83 72 15 4 61 82 59 57 12 67 47 7 81 26 8 42 63 99 79 28 27 49 33 16 35 5 66 55 9 1 45 78 74 86 30 97 2 70 69 39 37 87 43 85 93 50 25 88 71 48 80 46 51 73 14 91 84 10 95 60 62 77 32 56 76 18 92 58 53 11 38 21 22 52 34 6 90 17 98 68 24 54 65 3 96 94 13 44 41 
41 64 40 36 100 20 19 31 29 75 89 23 83 72 15 4 61 82 59 57 12 67 47 7 81 26 8 42 63 99 79 28 27 49 33 16 35 5 66 55 9 1 45 78 74 86 30 97 2 70 69 39 37 87 43 85 93 50 25 88 71 48 80 46 51 73 14 91 84 10 95 60 62 77 32 56 76 18 92 58 53 11 38 21 22 52 34 6 90 17 98 68 24 54 65 3 96 94 13 44 
44 41 64 40 36 100 20 19 31 29 75 89 23 83 72 15 4 61 82 59 57 12 67 47 7 81 26 8 42 63 99 79 28 27 49 33 16 35 5 66 55 9 1 45 78 74 86 30 97 2 70 69 39 37 87 43 85 93 50 25 88 71 48 80 46 51 73 14 91 84 10 95 60 62 77 32 56 76 18 92 58 53 11 38 21 22 52 34 6 90 17 98 68 24 54 65 3 96 94 13 
13 44 41 64 40 36 100 20 19 31 29 75 89 23 83 72 15 4 61 82 59 57 12 67 47 7 81 26 8 42 63 99 79 28 27 49 33 16 35 5 66 55 9 1 45 78 74 86 30 97 2 70 69 39 37 87 43 85 93 50 25 88 71 48 80 46 51 73 14 91 84 10 95 60 62 77 32 56 76 18 92 58 53 11 38 21 22 52 34 6 90 17 98 68 24 54 65 3 96 94 
94 13 44 41 64 40 36 100 20 19 31 29 75 89 23 83 72 15 4 61 82 59 57 12 67 47 7 81 26 8 42 63 99 79 28 27 49 33 16 35 5 66 55 9 1 45 78 74 86 30 97 2 70 69 39 37 87 43 85 93 50 25 88 71 48 80 46 51 73 14 91 84 10 95 60 62 77 32 56 76 18 92 58 53 11 38 21 22 52 34 6 90 17 98 68 24 54 65 3 96 
96 94 13 44 41 64 40 36 100 20 19 31 29 75 89 23 83 72 15 4 61 82 59 57 12 67 47 7 81 26 8 42 63 99 79 28 27 49 33 16 35 5 66 55 9 1 45 78 74 86 30 97 2 70 69 39 37 87 43 85 93 50 25 88 71 48 80 46 51 73 14 91 84 10 95 60 62 77 32 56 76 18 92 58 53 11 38 21 22 52 34 6 90 17 98 68 24 54 65 3 
3 96 94 13 44 41 64 40 36 100 20 19 31 29 75 89 23 83 72 15 4 61 82 59 57 12 67 47 7 81 26 8 42 63 99 79 28 27 49 33 16 35 5 66 55 9 1 45 78 74 86 30 97 2 70 69 39 37 87 43 85 93 50 25 88 71 48 80 46 51 73 14 91 84 10 95 60 62 77 32 56 76 18 92 58 53 11 38 21 22 52 34 6 90 17 98 68 24 54 65 
65 3 96 94 13 44 41 64 40 36 100 20 19 31 29 75 89 23 83 72 15 4 61 82 59 57 12 67 47 7 81 26 8 42 63 99 79 28 27 49 33 16 35 5 66 55 9 1 45 78 74 86 30 97 2 70 69 39 37 87 43 85 93 50 25 88 71 48 80 46 51 73 14 91 84 10 95 60 62 77 32 56 76 18 92 58 53 11 38 21 22 52 34 6 90 17 98 68 24 54 
54 65 3 96 94 13 44 41 64 40 36 100 20 19 31 29 75 89 23 83 72 15 4 61 82 59 57 12 67 47 7 81 26 8 42 63 99 79 28 27 49 33 16 35 5 66 55 9 1 45 78 74 86 30 97 2 70 69 39 37 87 43 85 93 50 25 88 71 48 80 46 51 73 14 91 84 10 95 60 62 77 32 56 76 18 92 58 53 11 38 21 22 52 34 6 90 17 98 68 24 
24 54 65 3 96 94 13 44 41 64 40 36 100 20 19 31 29 75 89 23 83 72 15 4 61 82 59 57 12 67 47 7 81 26 8 42 63 99 79 28 27 49 33 16 35 5 66 55 9 1 45 78 74 86 30 97 2 70 69 39 37 87 43 85 93 50 25 88 71 48 80 46 51 73 14 91 84 10 95 60 62 77 32 56 76 18 92 58 53 11 38 21 22 52 34 6 90 17 98 68 
68 24 54 65 3 96 94 13 44 41 64 40 36 100 20 19 31 29 75 89 23 83 72 15 4 61 82 59 57 12 67 47 7 81 26 8 42 63 99 79 28 27 49 33 16 35 5 66 55 9 1 45 78 74 86 30 97 2 70 69 39 37 87 43 85 93 50 25 88 71 48 80 46 51 73 14 91 84 10 95 60 62 77 32 56 76 18 92 58 53 11 38 21 22 52 34 6 90 17 98 
98 68 24 54 65 3 96 94 13 44 41 64 40 36 100 20 19 31 29 75 89 23 83 72 15 4 61 82 59 57 12 67 47 7 81 26 8 42 63 99 79 28 27 49 33 16 35 5 66 55 9 1 45 78 74 86 30 97 2 70 69 39 37 87 43 85 93 50 25 88 71 48 80 46 51 73 14 91 84 10 95 60 62 77 32 56 76 18 92 58 53 11 38 21 22 52 34 6 90 17 
17 98 68 24 54 65 3 96 94 13 44 41 64 40 36 100 20 19 31 29 75 89 23 83 72 15 4 61 82 59 57 12 67 47 7 81 26 8 42 63 99 79 28 27 49 33 16 35 5 66 55 9 1 45 78 74 86 30 97 2 70 69 39 37 87 43 85 93 50 25 88 71 48 80 46 51 73 14 91 84 10 95 60 62 77 32 56 76 18 92 58 53 11 38 21 22 52 34 6 90 
90 17 98 68 24 54 65 3 96 94 13 44 41 64 40 36 100 20 19 31 29 75 89 23 83 72 15 4 61 82 59 57 12 67 47 7 81 26 8 42 63 99 79 28 27 49 33 16 35 5 66 55 9 1 45 78 74 86 30 97 2 70 69 39 37 87 43 85 93 50 25 88 71 48 80 46 51 73 14 91 84 10 95 60 62 77 32 56 76 18 92 58 53 11 38 21 22 52 34 6 
6 90 17 98 68 24 54 65 3 96 94 13 44 41 64 40 36 100 20 19 31 29 75 89 23 83 72 15 4 61 82 59 57 12 67 47 7 81 26 8 42 63 99 79 28 27 49 33 16 35 5 66 55 9 1 45 78 74 86 30 97 2 70 69 39 37 87 43 85 93 50 25 88 71 48 80 46 51 73 14 91 84 10 95 60 62 77 32 56 76 18 92 58 53 11 38 21 22 52 34 
34 6 90 17 98 68 24 54 65 3 96 94 13 44 41 64 40 36 100 20 19 31 29 75 89 23 83 72 15 4 61 82 59 57 12 67 47 7 81 26 8 42 63 99 79 28 27 49 33 16 35 5 66 55 9 1 45 78 74 86 30 97 2 70 69 39 37 87 43 85 93 50 25 88 71 48 80 46 51 73 14 91 84 10 95 60 62 77 32 56 76 18 92 58 53 11 38 21 22 52 
52 34 6 90 17 98 68 24 54 65 3 96 94 13 44 41 64 40 36 100 20 19 31 29 75 89 23 83 72 15 4 61 82 59 57 12 67 47 7 81 26 8 42 63 99 79 28 27 49 33 16 35 5 66 55 9 1 45 78 74 86 30 97 2 70 69 39 37 87 43 85 93 50 25 88 71 48 80 46 51 73 14 91 84 10 95 60 62 77 32 56 76 18 92 58 53 11 38 21 22 
22 52 34 6 90 17 98 68 24 54 65 3 96 94 13 44 41 64 40 36 100 20 19 31 29 75 89 23 83 72 15 4 61 82 59 57 12 67 47 7 81 26 8 42 63 99 79 28 27 49 33 16 35 5 66 55 9 1 45 78 74 86 30 97 2 70 69 39 37 87 43 85 93 50 25 88 71 48 80 46 51 73 14 91 84 10 95 60 62 77 32 56 76 18 92 58 53 11 38 21 
21 22 52 34 6 90 17 98 68 24 54 65 3 96 94 13 44 41 64 40 36 100 20 19 31 29 75 89 23 83 72 15 4 61 82 59 57 12 67 47 7 81 26 8 42 63 99 79 28 27 49 33 16 35 5 66 55 9 1 45 78 74 86 30 97 2 70 69 39 37 87 43 85 93 50 25 88 71 48 80 46 51 73 14 91 84 10 95 60 62 77 32 56 76 18 92 58 53 11 38 
38 21 22 52 34 6 90 17 98 68 24 54 65 3 96 94 13 44 41 64 40 36 100 20 19 31 29 75 89 23 83 72 15 4 61 82 59 57 12 67 47 7 81 26 8 42 63 99 79 28 27 49 33 16 35 5 66 55 9 1 45 78 74 86 30 97 2 70 69 39 37 87 43 85 93 50 25 88 71 48 80 46 51 73 14 91 84 10 95 60 62 77 32 56 76 18 92 58 53 11 
11 38 21 22 52 34 6 90 17 98 68 24 54 65 3 96 94 13 44 41 64 40 36 100 20 19 31 29 75 89 23 83 72 15 4 61 82 59 57 12 67 47 7 81 26 8 42 63 99 79 28 27 49 33 16 35 5 66 55 9 1 45 78 74 86 30 97 2 70 69 39 37 87 43 85 93 50 25 88 71 48 80 46 51 73 14 91 84 10 95 60 62 77 32 56 76 18 92 58 53 
53 11 38 21 22 52 34 6 90 17 98 68 24 54 65 3 96 94 13 44 41 64 40 36 100 20 19 31 29 75 89 23 83 72 15 4 61 82 59 57 12 67 47 7 81 26 8 42 63 99 79 28 27 49 33 16 35 5 66 55 9 1 45 78 74 86 30 97 2 70 69 39 37 87 43 85 93 50 25 88 71 48 80 46 51 73 14 91 84 10 95 60 62 77 32 56 76 18 92 58 
58 53 11 38 21 22 52 34 6 90 17 98 68 24 54 65 3 96 94 13 44 41 64 40 36 100 20 19 31 29 75 89 23 83 72 15 4 61 82 59 57 12 67 47 7 81 26 8 42 63 99 79 28 27 49 33 16 35 5 66 55 9 1 45 78 74 86 30 97 2 70 69 39 37 87 43 85 93 50 25 88 71 48 80 46 51 73 14 91 84 10 95 60 62 77 32 56 76 18 92 
