10000
100 100
57 61 74 36 16 62 12 3 49 88 82 21 33 8 10 26 46 20 52 38 30 87 81 75 39 31 89 94 22 59 99 15 7 58 24 93 77 73 13 1 23 34 19 72 11 76 17 27 90 14 32 100 68 9 63 95 35 53 55 96 37 79 64 60 4 47 43 40 44 97 18 80 29 50 48 84 65 67 2 56 98 86 83 92 6 41 28 42 45 54 5 71 78 51 25 69 66 70 85 91 
91 57 61 74 36 16 62 12 3 49 88 82 21 33 8 10 26 46 20 52 38 30 87 81 75 39 31 89 94 22 59 99 15 7 58 24 93 77 73 13 1 23 34 19 72 11 76 17 27 90 14 32 100 68 9 63 95 35 53 55 96 37 79 64 60 4 47 43 40 44 97 18 80 29 50 48 84 65 67 2 56 98 86 83 92 6 41 28 42 45 54 5 71 78 51 25 69 66 70 85 
85 91 57 61 74 36 16 62 12 3 49 88 82 21 33 8 10 26 46 20 52 38 30 87 81 75 39 31 89 94 22 59 99 15 7 58 24 93 77 73 13 1 23 34 19 72 11 76 17 27 90 14 32 100 68 9 63 95 35 53 55 96 37 79 64 60 4 47 43 40 44 97 18 80 29 50 48 84 65 67 2 56 98 86 83 92 6 41 28 42 45 54 5 71 78 51 25 69 66 70 
70 85 91 57 61 74 36 16 62 12 3 49 88 82 21 33 8 10 26 46 20 52 38 30 87 81 75 39 31 89 94 22 59 99 15 7 58 24 93 77 73 13 1 23 34 19 72 11 76 17 27 90 14 32 100 68 9 63 95 35 53 55 96 37 79 64 60 4 47 43 40 44 97 18 80 29 50 48 84 65 67 2 56 98 86 83 92 6 41 28 42 45 54 5 71 78 51 25 69 66 
66 70 85 91 57 61 74 36 16 62 12 3 49 88 82 21 33 8 10 26 46 20 52 38 30 87 81 75 39 31 89 94 22 59 99 15 7 58 24 93 77 73 13 1 23 34 19 72 11 76 17 27 90 14 32 100 68 9 63 95 35 53 55 96 37 79 64 60 4 47 43 40 44 97 18 80 29 50 48 84 65 67 2 56 98 86 83 92 6 41 28 42 45 54 5 71 78 51 25 69 
69 66 70 85 91 57 61 74 36 16 62 12 3 49 88 82 21 33 8 10 26 46 20 52 38 30 87 81 75 39 31 89 94 22 59 99 15 7 58 24 93 77 73 13 1 23 34 19 72 11 76 17 27 90 14 32 100 68 9 63 95 35 53 55 96 37 79 64 60 4 47 43 40 44 97 18 80 29 50 48 84 65 67 2 56 98 86 83 92 6 41 28 42 45 54 5 71 78 51 25 
25 69 66 70 85 91 57 61 74 36 16 62 12 3 49 88 82 21 33 8 10 26 46 20 52 38 30 87 81 75 39 31 89 94 22 59 99 15 7 58 24 93 77 73 13 1 23 34 19 72 11 76 17 27 90 14 32 100 68 9 63 95 35 53 55 96 37 79 64 60 4 47 43 40 44 97 18 80 29 50 48 84 65 67 2 56 98 86 83 92 6 41 28 42 45 54 5 71 78 51 
51 25 69 66 70 85 91 57 61 74 36 16 62 12 3 49 88 82 21 33 8 10 26 46 20 52 38 30 87 81 75 39 31 89 94 22 59 99 15 7 58 24 93 77 73 13 1 23 34 19 72 11 76 17 27 90 14 32 100 68 9 63 95 35 53 55 96 37 79 64 60 4 47 43 40 44 97 18 80 29 50 48 84 65 67 2 56 98 86 83 92 6 41 28 42 45 54 5 71 78 
78 51 25 69 66 70 85 91 57 61 74 36 16 62 12 3 49 88 82 21 33 8 10 26 46 20 52 38 30 87 81 75 39 31 89 94 22 59 99 15 7 58 24 93 77 73 13 1 23 34 19 72 11 76 17 27 90 14 32 100 68 9 63 95 35 53 55 96 37 79 64 60 4 47 43 40 44 97 18 80 29 50 48 84 65 67 2 56 98 86 83 92 6 41 28 42 45 54 5 71 
71 78 51 25 69 66 70 85 91 57 61 74 36 16 62 12 3 49 88 82 21 33 8 10 26 46 20 52 38 30 87 81 75 39 31 89 94 22 59 99 15 7 58 24 93 77 73 13 1 23 34 19 72 11 76 17 27 90 14 32 100 68 9 63 95 35 53 55 96 37 79 64 60 4 47 43 40 44 97 18 80 29 50 48 84 65 67 2 56 98 86 83 92 6 41 28 42 45 54 5 
5 71 78 51 25 69 66 70 85 91 57 61 74 36 16 62 12 3 49 88 82 21 33 8 10 26 46 20 52 38 30 87 81 75 39 31 89 94 22 59 99 15 7 58 24 93 77 73 13 1 23 34 19 72 11 76 17 27 90 14 32 100 68 9 63 95 35 53 55 96 37 79 64 60 4 47 43 40 44 97 18 80 29 50 48 84 65 67 2 56 98 86 83 92 6 41 28 42 45 54 
54 5 71 78 51 25 69 66 70 85 91 57 61 74 36 16 62 12 3 49 88 82 21 33 8 10 26 46 20 52 38 30 87 81 75 39 31 89 94 22 59 99 15 7 58 24 93 77 73 13 1 23 34 19 72 11 76 17 27 90 14 32 100 68 9 63 95 35 53 55 96 37 79 64 60 4 47 43 40 44 97 18 80 29 50 48 84 65 67 2 56 98 86 83 92 6 41 28 42 45 
45 54 5 71 78 51 25 69 66 70 85 91 57 61 74 36 16 62 12 3 49 88 82 21 33 8 10 26 46 20 52 38 30 87 81 75 39 31 89 94 22 59 99 15 7 58 24 93 77 73 13 1 23 34 19 72 11 76 17 27 90 14 32 100 68 9 63 95 35 53 55 96 37 79 64 60 4 47 43 40 44 97 18 80 29 50 48 84 65 67 2 56 98 86 83 92 6 41 28 42 
42 45 54 5 71 78 51 25 69 66 70 85 91 57 61 74 36 16 62 12 3 49 88 82 21 33 8 10 26 46 20 52 38 30 87 81 75 39 31 89 94 22 59 99 15 7 58 24 93 77 73 13 1 23 34 19 72 11 76 17 27 90 14 32 100 68 9 63 95 35 53 55 96 37 79 64 60 4 47 43 40 44 97 18 80 29 50 48 84 65 67 2 56 98 86 83 92 6 41 28 
28 42 45 54 5 71 78 51 25 69 66 70 85 91 57 61 74 36 16 62 12 3 49 88 82 21 33 8 10 26 46 20 52 38 30 87 81 75 39 31 89 94 22 59 99 15 7 58 24 93 77 73 13 1 23 34 19 72 11 76 17 27 90 14 32 100 68 9 63 95 35 53 55 96 37 79 64 60 4 47 43 40 44 97 18 80 29 50 48 84 65 67 2 56 98 86 83 92 6 41 
41 28 42 45 54 5 71 78 51 25 69 66 70 85 91 57 61 74 36 16 62 12 3 49 88 82 21 33 8 10 26 46 20 52 38 30 87 81 75 39 31 89 94 22 59 99 15 7 58 24 93 77 73 13 1 23 34 19 72 11 76 17 27 90 14 32 100 68 9 63 95 35 53 55 96 37 79 64 60 4 47 43 40 44 97 18 80 29 50 48 84 65 67 2 56 98 86 83 92 6 
6 41 28 42 45 54 5 71 78 51 25 69 66 70 85 91 57 61 74 36 16 62 12 3 49 88 82 21 33 8 10 26 46 20 52 38 30 87 81 75 39 31 89 94 22 59 99 15 7 58 24 93 77 73 13 1 23 34 19 72 11 76 17 27 90 14 32 100 68 9 63 95 35 53 55 96 37 79 64 60 4 47 43 40 44 97 18 80 29 50 48 84 65 67 2 56 98 86 83 92 
92 6 41 28 42 45 54 5 71 78 51 25 69 66 70 85 91 57 61 74 36 16 62 12 3 49 88 82 21 33 8 10 26 46 20 52 38 30 87 81 75 39 31 89 94 22 59 99 15 7 58 24 93 77 73 13 1 23 34 19 72 11 76 17 27 90 14 32 100 68 9 63 95 35 53 55 96 37 79 64 60 4 47 43 40 44 97 18 80 29 50 48 84 65 67 2 56 98 86 83 
83 92 6 41 28 42 45 54 5 71 78 51 25 69 66 70 85 91 57 61 74 36 16 62 12 3 49 88 82 21 33 8 10 26 46 20 52 38 30 87 81 75 39 31 89 94 22 59 99 15 7 58 24 93 77 73 13 1 23 34 19 72 11 76 17 27 90 14 32 100 68 9 63 95 35 53 55 96 37 79 64 60 4 47 43 40 44 97 18 80 29 50 48 84 65 67 2 56 98 86 
86 83 92 6 41 28 42 45 54 5 71 78 51 25 69 66 70 85 91 57 61 74 36 16 62 12 3 49 88 82 21 33 8 10 26 46 20 52 38 30 87 81 75 39 31 89 94 22 59 99 15 7 58 24 93 77 73 13 1 23 34 19 72 11 76 17 27 90 14 32 100 68 9 63 95 35 53 55 96 37 79 64 60 4 47 43 40 44 97 18 80 29 50 48 84 65 67 2 56 98 
98 86 83 92 6 41 28 42 45 54 5 71 78 51 25 69 66 70 85 91 57 61 74 36 16 62 12 3 49 88 82 21 33 8 10 26 46 20 52 38 30 87 81 75 39 31 89 94 22 59 99 15 7 58 24 93 77 73 13 1 23 34 19 72 11 76 17 27 90 14 32 100 68 9 63 95 35 53 55 96 37 79 64 60 4 47 43 40 44 97 18 80 29 50 48 84 65 67 2 56 
56 98 86 83 92 6 41 28 42 45 54 5 71 78 51 25 69 66 70 85 91 57 61 74 36 16 62 12 3 49 88 82 21 33 8 10 26 46 20 52 38 30 87 81 75 39 31 89 94 22 59 99 15 7 58 24 93 77 73 13 1 23 34 19 72 11 76 17 27 90 14 32 100 68 9 63 95 35 53 55 96 37 79 64 60 4 47 43 40 44 97 18 80 29 50 48 84 65 67 2 
2 56 98 86 83 92 6 41 28 42 45 54 5 71 78 51 25 69 66 70 85 91 57 61 74 36 16 62 12 3 49 88 82 21 33 8 10 26 46 20 52 38 30 87 81 75 39 31 89 94 22 59 99 15 7 58 24 93 77 73 13 1 23 34 19 72 11 76 17 27 90 14 32 100 68 9 63 95 35 53 55 96 37 79 64 60 4 47 43 40 44 97 18 80 29 50 48 84 65 67 
67 2 56 98 86 83 92 6 41 28 42 45 54 5 71 78 51 25 69 66 70 85 91 57 61 74 36 16 62 12 3 49 88 82 21 33 8 10 26 46 20 52 38 30 87 81 75 39 31 89 94 22 59 99 15 7 58 24 93 77 73 13 1 23 34 19 72 11 76 17 27 90 14 32 100 68 9 63 95 35 53 55 96 37 79 64 60 4 47 43 40 44 97 18 80 29 50 48 84 65 
65 67 2 56 98 86 83 92 6 41 28 42 45 54 5 71 78 51 25 69 66 70 85 91 57 61 74 36 16 62 12 3 49 88 82 21 33 8 10 26 46 20 52 38 30 87 81 75 39 31 89 94 22 59 99 15 7 58 24 93 77 73 13 1 23 34 19 72 11 76 17 27 90 14 32 100 68 9 63 95 35 53 55 96 37 79 64 60 4 47 43 40 44 97 18 80 29 50 48 84 
84 65 67 2 56 98 86 83 92 6 41 28 42 45 54 5 71 78 51 25 69 66 70 85 91 57 61 74 36 16 62 12 3 49 88 82 21 33 8 10 26 46 20 52 38 30 87 81 75 39 31 89 94 22 59 99 15 7 58 24 93 77 73 13 1 23 34 19 72 11 76 17 27 90 14 32 100 68 9 63 95 35 53 55 96 37 79 64 60 4 47 43 40 44 97 18 80 29 50 48 
48 84 65 67 2 56 98 86 83 92 6 41 28 42 45 54 5 71 78 51 25 69 66 70 85 91 57 61 74 36 16 62 12 3 49 88 82 21 33 8 10 26 46 20 52 38 30 87 81 75 39 31 89 94 22 59 99 15 7 58 24 93 77 73 13 1 23 34 19 72 11 76 17 27 90 14 32 100 68 9 63 95 35 53 55 96 37 79 64 60 4 47 43 40 44 97 18 80 29 50 
50 48 84 65 67 2 56 98 86 83 92 6 41 28 42 45 54 5 71 78 51 25 69 66 70 85 91 57 61 74 36 16 62 12 3 49 88 82 21 33 8 10 26 46 20 52 38 30 87 81 75 39 31 89 94 22 59 99 15 7 58 24 93 77 73 13 1 23 34 19 72 11 76 17 27 90 14 32 100 68 9 63 95 35 53 55 96 37 79 64 60 4 47 43 40 44 97 18 80 29 
29 50 48 84 65 67 2 56 98 86 83 92 6 41 28 42 45 54 5 71 78 51 25 69 66 70 85 91 57 61 74 36 16 62 12 3 49 88 82 21 33 8 10 26 46 20 52 38 30 87 81 75 39 31 89 94 22 59 99 15 7 58 24 93 77 73 13 1 23 34 19 72 11 76 17 27 90 14 32 100 68 9 63 95 35 53 55 96 37 79 64 60 4 47 43 40 44 97 18 80 
80 29 50 48 84 65 67 2 56 98 86 83 92 6 41 28 42 45 54 5 71 78 51 25 69 66 70 85 91 57 61 74 36 16 62 12 3 49 88 82 21 33 8 10 26 46 20 52 38 30 87 81 75 39 31 89 94 22 59 99 15 7 58 24 93 77 73 13 1 23 34 19 72 11 76 17 27 90 14 32 100 68 9 63 95 35 53 55 96 37 79 64 60 4 47 43 40 44 97 18 
18 80 29 50 48 84 65 67 2 56 98 86 83 92 6 41 28 42 45 54 5 71 78 51 25 69 66 70 85 91 57 61 74 36 16 62 12 3 49 88 82 21 33 8 10 26 46 20 52 38 30 87 81 75 39 31 89 94 22 59 99 15 7 58 24 93 77 73 13 1 23 34 19 72 11 76 17 27 90 14 32 100 68 9 63 95 35 53 55 96 37 79 64 60 4 47 43 40 44 97 
97 18 80 29 50 48 84 65 67 2 56 98 86 83 92 6 41 28 42 45 54 5 71 78 51 25 69 66 70 85 91 57 61 74 36 16 62 12 3 49 88 82 21 33 8 10 26 46 20 52 38 30 87 81 75 39 31 89 94 22 59 99 15 7 58 24 93 77 73 13 1 23 34 19 72 11 76 17 27 90 14 32 100 68 9 63 95 35 53 55 96 37 79 64 60 4 47 43 40 44 
44 97 18 80 29 50 48 84 65 67 2 56 98 86 83 92 6 41 28 42 45 54 5 71 78 51 25 69 66 70 85 91 57 61 74 36 16 62 12 3 49 88 82 21 33 8 10 26 46 20 52 38 30 87 81 75 39 31 89 94 22 59 99 15 7 58 24 93 77 73 13 1 23 34 19 72 11 76 17 27 90 14 32 100 68 9 63 95 35 53 55 96 37 79 64 60 4 47 43 40 
40 44 97 18 80 29 50 48 84 65 67 2 56 98 86 83 92 6 41 28 42 45 54 5 71 78 51 25 69 66 70 85 91 57 61 74 36 16 62 12 3 49 88 82 21 33 8 10 26 46 20 52 38 30 87 81 75 39 31 89 94 22 59 99 15 7 58 24 93 77 73 13 1 23 34 19 72 11 76 17 27 90 14 32 100 68 9 63 95 35 53 55 96 37 79 64 60 4 47 43 
43 40 44 97 18 80 29 50 48 84 65 67 2 56 98 86 83 92 6 41 28 42 45 54 5 71 78 51 25 69 66 70 85 91 57 61 74 36 16 62 12 3 49 88 82 21 33 8 10 26 46 20 52 38 30 87 81 75 39 31 89 94 22 59 99 15 7 58 24 93 77 73 13 1 23 34 19 72 11 76 17 27 90 14 32 100 68 9 63 95 35 53 55 96 37 79 64 60 4 47 
47 43 40 44 97 18 80 29 50 48 84 65 67 2 56 98 86 83 92 6 41 28 42 45 54 5 71 78 51 25 69 66 70 85 91 57 61 74 36 16 62 12 3 49 88 82 21 33 8 10 26 46 20 52 38 30 87 81 75 39 31 89 94 22 59 99 15 7 58 24 93 77 73 13 1 23 34 19 72 11 76 17 27 90 14 32 100 68 9 63 95 35 53 55 96 37 79 64 60 4 
4 47 43 40 44 97 18 80 29 50 48 84 65 67 2 56 98 86 83 92 6 41 28 42 45 54 5 71 78 51 25 69 66 70 85 91 57 61 74 36 16 62 12 3 49 88 82 21 33 8 10 26 46 20 52 38 30 87 81 75 39 31 89 94 22 59 99 15 7 58 24 93 77 73 13 1 23 34 19 72 11 76 17 27 90 14 32 100 68 9 63 95 35 53 55 96 37 79 64 60 
60 4 47 43 40 44 97 18 80 29 50 48 84 65 67 2 56 98 86 83 92 6 41 28 42 45 54 5 71 78 51 25 69 66 70 85 91 57 61 74 36 16 62 12 3 49 88 82 21 33 8 10 26 46 20 52 38 30 87 81 75 39 31 89 94 22 59 99 15 7 58 24 93 77 73 13 1 23 34 19 72 11 76 17 27 90 14 32 100 68 9 63 95 35 53 55 96 37 79 64 
64 60 4 47 43 40 44 97 18 80 29 50 48 84 65 67 2 56 98 86 83 92 6 41 28 42 45 54 5 71 78 51 25 69 66 70 85 91 57 61 74 36 16 62 12 3 49 88 82 21 33 8 10 26 46 20 52 38 30 87 81 75 39 31 89 94 22 59 99 15 7 58 24 93 77 73 13 1 23 34 19 72 11 76 17 27 90 14 32 100 68 9 63 95 35 53 55 96 37 79 
79 64 60 4 47 43 40 44 97 18 80 29 50 48 84 65 67 2 56 98 86 83 92 6 41 28 42 45 54 5 71 78 51 25 69 66 70 85 91 57 61 74 36 16 62 12 3 49 88 82 21 33 8 10 26 46 20 52 38 30 87 81 75 39 31 89 94 22 59 99 15 7 58 24 93 77 73 13 1 23 34 19 72 11 76 17 27 90 14 32 100 68 9 63 95 35 53 55 96 37 
37 79 64 60 4 47 43 40 44 97 18 80 29 50 48 84 65 67 2 56 98 86 83 92 6 41 28 42 45 54 5 71 78 51 25 69 66 70 85 91 57 61 74 36 16 62 12 3 49 88 82 21 33 8 10 26 46 20 52 38 30 87 81 75 39 31 89 94 22 59 99 15 7 58 24 93 77 73 13 1 23 34 19 72 11 76 17 27 90 14 32 100 68 9 63 95 35 53 55 96 
96 37 79 64 60 4 47 43 40 44 97 18 80 29 50 48 84 65 67 2 56 98 86 83 92 6 41 28 42 45 54 5 71 78 51 25 69 66 70 85 91 57 61 74 36 16 62 12 3 49 88 82 21 33 8 10 26 46 20 52 38 30 87 81 75 39 31 89 94 22 59 99 15 7 58 24 93 77 73 13 1 23 34 19 72 11 76 17 27 90 14 32 100 68 9 63 95 35 53 55 
55 96 37 79 64 60 4 47 43 40 44 97 18 80 29 50 48 84 65 67 2 56 98 86 83 92 6 41 28 42 45 54 5 71 78 51 25 69 66 70 85 91 57 61 74 36 16 62 12 3 49 88 82 21 33 8 10 26 46 20 52 38 30 87 81 75 39 31 89 94 22 59 99 15 7 58 24 93 77 73 13 1 23 34 19 72 11 76 17 27 90 14 32 100 68 9 63 95 35 53 
53 55 96 37 79 64 60 4 47 43 40 44 97 18 80 29 50 48 84 65 67 2 56 98 86 83 92 6 41 28 42 45 54 5 71 78 51 25 69 66 70 85 91 57 61 74 36 16 62 12 3 49 88 82 21 33 8 10 26 46 20 52 38 30 87 81 75 39 31 89 94 22 59 99 15 7 58 24 93 77 73 13 1 23 34 19 72 11 76 17 27 90 14 32 100 68 9 63 95 35 
35 53 55 96 37 79 64 60 4 47 43 40 44 97 18 80 29 50 48 84 65 67 2 56 98 86 83 92 6 41 28 42 45 54 5 71 78 51 25 69 66 70 85 91 57 61 74 36 16 62 12 3 49 88 82 21 33 8 10 26 46 20 52 38 30 87 81 75 39 31 89 94 22 59 99 15 7 58 24 93 77 73 13 1 23 34 19 72 11 76 17 27 90 14 32 100 68 9 63 95 
95 35 53 55 96 37 79 64 60 4 47 43 40 44 97 18 80 29 50 48 84 65 67 2 56 98 86 83 92 6 41 28 42 45 54 5 71 78 51 25 69 66 70 85 91 57 61 74 36 16 62 12 3 49 88 82 21 33 8 10 26 46 20 52 38 30 87 81 75 39 31 89 94 22 59 99 15 7 58 24 93 77 73 13 1 23 34 19 72 11 76 17 27 90 14 32 100 68 9 63 
63 95 35 53 55 96 37 79 64 60 4 47 43 40 44 97 18 80 29 50 48 84 65 67 2 56 98 86 83 92 6 41 28 42 45 54 5 71 78 51 25 69 66 70 85 91 57 61 74 36 16 62 12 3 49 88 82 21 33 8 10 26 46 20 52 38 30 87 81 75 39 31 89 94 22 59 99 15 7 58 24 93 77 73 13 1 23 34 19 72 11 76 17 27 90 14 32 100 68 9 
9 63 95 35 53 55 96 37 79 64 60 4 47 43 40 44 97 18 80 29 50 48 84 65 67 2 56 98 86 83 92 6 41 28 42 45 54 5 71 78 51 25 69 66 70 85 91 57 61 74 36 16 62 12 3 49 88 82 21 33 8 10 26 46 20 52 38 30 87 81 75 39 31 89 94 22 59 99 15 7 58 24 93 77 73 13 1 23 34 19 72 11 76 17 27 90 14 32 100 68 
68 9 63 95 35 53 55 96 37 79 64 60 4 47 43 40 44 97 18 80 29 50 48 84 65 67 2 56 98 86 83 92 6 41 28 42 45 54 5 71 78 51 25 69 66 70 85 91 57 61 74 36 16 62 12 3 49 88 82 21 33 8 10 26 46 20 52 38 30 87 81 75 39 31 89 94 22 59 99 15 7 58 24 93 77 73 13 1 23 34 19 72 11 76 17 27 90 14 32 100 
100 68 9 63 95 35 53 55 96 37 79 64 60 4 47 43 40 44 97 18 80 29 50 48 84 65 67 2 56 98 86 83 92 6 41 28 42 45 54 5 71 78 51 25 69 66 70 85 91 57 61 74 36 16 62 12 3 49 88 82 21 33 8 10 26 46 20 52 38 30 87 81 75 39 31 89 94 22 59 99 15 7 58 24 93 77 73 13 1 23 34 19 72 11 76 17 27 90 14 32 
32 100 68 9 63 95 35 53 55 96 37 79 64 60 4 47 43 40 44 97 18 80 29 50 48 84 65 67 2 56 98 86 83 92 6 41 28 42 45 54 5 71 78 51 25 69 66 70 85 91 57 61 74 36 16 62 12 3 49 88 82 21 33 8 10 26 46 20 52 38 30 87 81 75 39 31 89 94 22 59 99 15 7 58 24 93 77 73 13 1 23 34 19 72 11 76 17 27 90 14 
14 32 100 68 9 63 95 35 53 55 96 37 79 64 60 4 47 43 40 44 97 18 80 29 50 48 84 65 67 2 56 98 86 83 92 6 41 28 42 45 54 5 71 78 51 25 69 66 70 85 91 57 61 74 36 16 62 12 3 49 88 82 21 33 8 10 26 46 20 52 38 30 87 81 75 39 31 89 94 22 59 99 15 7 58 24 93 77 73 13 1 23 34 19 72 11 76 17 27 90 
90 14 32 100 68 9 63 95 35 53 55 96 37 79 64 60 4 47 43 40 44 97 18 80 29 50 48 84 65 67 2 56 98 86 83 92 6 41 28 42 45 54 5 71 78 51 25 69 66 70 85 91 57 61 74 36 16 62 12 3 49 88 82 21 33 8 10 26 46 20 52 38 30 87 81 75 39 31 89 94 22 59 99 15 7 58 24 93 77 73 13 1 23 34 19 72 11 76 17 27 
27 90 14 32 100 68 9 63 95 35 53 55 96 37 79 64 60 4 47 43 40 44 97 18 80 29 50 48 84 65 67 2 56 98 86 83 92 6 41 28 42 45 54 5 71 78 51 25 69 66 70 85 91 57 61 74 36 16 62 12 3 49 88 82 21 33 8 10 26 46 20 52 38 30 87 81 75 39 31 89 94 22 59 99 15 7 58 24 93 77 73 13 1 23 34 19 72 11 76 17 
17 27 90 14 32 100 68 9 63 95 35 53 55 96 37 79 64 60 4 47 43 40 44 97 18 80 29 50 48 84 65 67 2 56 98 86 83 92 6 41 28 42 45 54 5 71 78 51 25 69 66 70 85 91 57 61 74 36 16 62 12 3 49 88 82 21 33 8 10 26 46 20 52 38 30 87 81 75 39 31 89 94 22 59 99 15 7 58 24 93 77 73 13 1 23 34 19 72 11 76 
76 17 27 90 14 32 100 68 9 63 95 35 53 55 96 37 79 64 60 4 47 43 40 44 97 18 80 29 50 48 84 65 67 2 56 98 86 83 92 6 41 28 42 45 54 5 71 78 51 25 69 66 70 85 91 57 61 74 36 16 62 12 3 49 88 82 21 33 8 10 26 46 20 52 38 30 87 81 75 39 31 89 94 22 59 99 15 7 58 24 93 77 73 13 1 23 34 19 72 11 
11 76 17 27 90 14 32 100 68 9 63 95 35 53 55 96 37 79 64 60 4 47 43 40 44 97 18 80 29 50 48 84 65 67 2 56 98 86 83 92 6 41 28 42 45 54 5 71 78 51 25 69 66 70 85 91 57 61 74 36 16 62 12 3 49 88 82 21 33 8 10 26 46 20 52 38 30 87 81 75 39 31 89 94 22 59 99 15 7 58 24 93 77 73 13 1 23 34 19 72 
72 11 76 17 27 90 14 32 100 68 9 63 95 35 53 55 96 37 79 64 60 4 47 43 40 44 97 18 80 29 50 48 84 65 67 2 56 98 86 83 92 6 41 28 42 45 54 5 71 78 51 25 69 66 70 85 91 57 61 74 36 16 62 12 3 49 88 82 21 33 8 10 26 46 20 52 38 30 87 81 75 39 31 89 94 22 59 99 15 7 58 24 93 77 73 13 1 23 34 19 
19 72 11 76 17 27 90 14 32 100 68 9 63 95 35 53 55 96 37 79 64 60 4 47 43 40 44 97 18 80 29 50 48 84 65 67 2 56 98 86 83 92 6 41 28 42 45 54 5 71 78 51 25 69 66 70 85 91 57 61 74 36 16 62 12 3 49 88 82 21 33 8 10 26 46 20 52 38 30 87 81 75 39 31 89 94 22 59 99 15 7 58 24 93 77 73 13 1 23 34 
34 19 72 11 76 17 27 90 14 32 100 68 9 63 95 35 53 55 96 37 79 64 60 4 47 43 40 44 97 18 80 29 50 48 84 65 67 2 56 98 86 83 92 6 41 28 42 45 54 5 71 78 51 25 69 66 70 85 91 57 61 74 36 16 62 12 3 49 88 82 21 33 8 10 26 46 20 52 38 30 87 81 75 39 31 89 94 22 59 99 15 7 58 24 93 77 73 13 1 23 
23 34 19 72 11 76 17 27 90 14 32 100 68 9 63 95 35 53 55 96 37 79 64 60 4 47 43 40 44 97 18 80 29 50 48 84 65 67 2 56 98 86 83 92 6 41 28 42 45 54 5 71 78 51 25 69 66 70 85 91 57 61 74 36 16 62 12 3 49 88 82 21 33 8 10 26 46 20 52 38 30 87 81 75 39 31 89 94 22 59 99 15 7 58 24 93 77 73 13 1 
1 23 34 19 72 11 76 17 27 90 14 32 100 68 9 63 95 35 53 55 96 37 79 64 60 4 47 43 40 44 97 18 80 29 50 48 84 65 67 2 56 98 86 83 92 6 41 28 42 45 54 5 71 78 51 25 69 66 70 85 91 57 61 74 36 16 62 12 3 49 88 82 21 33 8 10 26 46 20 52 38 30 87 81 75 39 31 89 94 22 59 99 15 7 58 24 93 77 73 13 
13 1 23 34 19 72 11 76 17 27 90 14 32 100 68 9 63 95 35 53 55 96 37 79 64 60 4 47 43 40 44 97 18 80 29 50 48 84 65 67 2 56 98 86 83 92 6 41 28 42 45 54 5 71 78 51 25 69 66 70 85 91 57 61 74 36 16 62 12 3 49 88 82 21 33 8 10 26 46 20 52 38 30 87 81 75 39 31 89 94 22 59 99 15 7 58 24 93 77 73 
73 13 1 23 34 19 72 11 76 17 27 90 14 32 100 68 9 63 95 35 53 55 96 37 79 64 60 4 47 43 40 44 97 18 80 29 50 48 84 65 67 2 56 98 86 83 92 6 41 28 42 45 54 5 71 78 51 25 69 66 70 85 91 57 61 74 36 16 62 12 3 49 88 82 21 33 8 10 26 46 20 52 38 30 87 81 75 39 31 89 94 22 59 99 15 7 58 24 93 77 
77 73 13 1 23 34 19 72 11 76 17 27 90 14 32 100 68 9 63 95 35 53 55 96 37 79 64 60 4 47 43 40 44 97 18 80 29 50 48 84 65 67 2 56 98 86 83 92 6 41 28 42 45 54 5 71 78 51 25 69 66 70 85 91 57 61 74 36 16 62 12 3 49 88 82 21 33 8 10 26 46 20 52 38 30 87 81 75 39 31 89 94 22 59 99 15 7 58 24 93 
93 77 73 13 1 23 34 19 72 11 76 17 27 90 14 32 100 68 9 63 95 35 53 55 96 37 79 64 60 4 47 43 40 44 97 18 80 29 50 48 84 65 67 2 56 98 86 83 92 6 41 28 42 45 54 5 71 78 51 25 69 66 70 85 91 57 61 74 36 16 62 12 3 49 88 82 21 33 8 10 26 46 20 52 38 30 87 81 75 39 31 89 94 22 59 99 15 7 58 24 
24 93 77 73 13 1 23 34 19 72 11 76 17 27 90 14 32 100 68 9 63 95 35 53 55 96 37 79 64 60 4 47 43 40 44 97 18 80 29 50 48 84 65 67 2 56 98 86 83 92 6 41 28 42 45 54 5 71 78 51 25 69 66 70 85 91 57 61 74 36 16 62 12 3 49 88 82 21 33 8 10 26 46 20 52 38 30 87 81 75 39 31 89 94 22 59 99 15 7 58 
58 24 93 77 73 13 1 23 34 19 72 11 76 17 27 90 14 32 100 68 9 63 95 35 53 55 96 37 79 64 60 4 47 43 40 44 97 18 80 29 50 48 84 65 67 2 56 98 86 83 92 6 41 28 42 45 54 5 71 78 51 25 69 66 70 85 91 57 61 74 36 16 62 12 3 49 88 82 21 33 8 10 26 46 20 52 38 30 87 81 75 39 31 89 94 22 59 99 15 7 
7 58 24 93 77 73 13 1 23 34 19 72 11 76 17 27 90 14 32 100 68 9 63 95 35 53 55 96 37 79 64 60 4 47 43 40 44 97 18 80 29 50 48 84 65 67 2 56 98 86 83 92 6 41 28 42 45 54 5 71 78 51 25 69 66 70 85 91 57 61 74 36 16 62 12 3 49 88 82 21 33 8 10 26 46 20 52 38 30 87 81 75 39 31 89 94 22 59 99 15 
15 7 58 24 93 77 73 13 1 23 34 19 72 11 76 17 27 90 14 32 100 68 9 63 95 35 53 55 96 37 79 64 60 4 47 43 40 44 97 18 80 29 50 48 84 65 67 2 56 98 86 83 92 6 41 28 42 45 54 5 71 78 51 25 69 66 70 85 91 57 61 74 36 16 62 12 3 49 88 82 21 33 8 10 26 46 20 52 38 30 87 81 75 39 31 89 94 22 59 99 
99 15 7 58 24 93 77 73 13 1 23 34 19 72 11 76 17 27 90 14 32 100 68 9 63 95 35 53 55 96 37 79 64 60 4 47 43 40 44 97 18 80 29 50 48 84 65 67 2 56 98 86 83 92 6 41 28 42 45 54 5 71 78 51 25 69 66 70 85 91 57 61 74 36 16 62 12 3 49 88 82 21 33 8 10 26 46 20 52 38 30 87 81 75 39 31 89 94 22 59 
59 99 15 7 58 24 93 77 73 13 1 23 34 19 72 11 76 17 27 90 14 32 100 68 9 63 95 35 53 55 96 37 79 64 60 4 47 43 40 44 97 18 80 29 50 48 84 65 67 2 56 98 86 83 92 6 41 28 42 45 54 5 71 78 51 25 69 66 70 85 91 57 61 74 36 16 62 12 3 49 88 82 21 33 8 10 26 46 20 52 38 30 87 81 75 39 31 89 94 22 
22 59 99 15 7 58 24 93 77 73 13 1 23 34 19 72 11 76 17 27 90 14 32 100 68 9 63 95 35 53 55 96 37 79 64 60 4 47 43 40 44 97 18 80 29 50 48 84 65 67 2 56 98 86 83 92 6 41 28 42 45 54 5 71 78 51 25 69 66 70 85 91 57 61 74 36 16 62 12 3 49 88 82 21 33 8 10 26 46 20 52 38 30 87 81 75 39 31 89 94 
94 22 59 99 15 7 58 24 93 77 73 13 1 23 34 19 72 11 76 17 27 90 14 32 100 68 9 63 95 35 53 55 96 37 79 64 60 4 47 43 40 44 97 18 80 29 50 48 84 65 67 2 56 98 86 83 92 6 41 28 42 45 54 5 71 78 51 25 69 66 70 85 91 57 61 74 36 16 62 12 3 49 88 82 21 33 8 10 26 46 20 52 38 30 87 81 75 39 31 89 
89 94 22 59 99 15 7 58 24 93 77 73 13 1 23 34 19 72 11 76 17 27 90 14 32 100 68 9 63 95 35 53 55 96 37 79 64 60 4 47 43 40 44 97 18 80 29 50 48 84 65 67 2 56 98 86 83 92 6 41 28 42 45 54 5 71 78 51 25 69 66 70 85 91 57 61 74 36 16 62 12 3 49 88 82 21 33 8 10 26 46 20 52 38 30 87 81 75 39 31 
31 89 94 22 59 99 15 7 58 24 93 77 73 13 1 23 34 19 72 11 76 17 27 90 14 32 100 68 9 63 95 35 53 55 96 37 79 64 60 4 47 43 40 44 97 18 80 29 50 48 84 65 67 2 56 98 86 83 92 6 41 28 42 45 54 5 71 78 51 25 69 66 70 85 91 57 61 74 36 16 62 12 3 49 88 82 21 33 8 10 26 46 20 52 38 30 87 81 75 39 
39 31 89 94 22 59 99 15 7 58 24 93 77 73 13 1 23 34 19 72 11 76 17 27 90 14 32 100 68 9 63 95 35 53 55 96 37 79 64 60 4 47 43 40 44 97 18 80 29 50 48 84 65 67 2 56 98 86 83 92 6 41 28 42 45 54 5 71 78 51 25 69 66 70 85 91 57 61 74 36 16 62 12 3 49 88 82 21 33 8 10 26 46 20 52 38 30 87 81 75 
75 39 31 89 94 22 59 99 15 7 58 24 93 77 73 13 1 23 34 19 72 11 76 17 27 90 14 32 100 68 9 63 95 35 53 55 96 37 79 64 60 4 47 43 40 44 97 18 80 29 50 48 84 65 67 2 56 98 86 83 92 6 41 28 42 45 54 5 71 78 51 25 69 66 70 85 91 57 61 74 36 16 62 12 3 49 88 82 21 33 8 10 26 46 20 52 38 30 87 81 
81 75 39 31 89 94 22 59 99 15 7 58 24 93 77 73 13 1 23 34 19 72 11 76 17 27 90 14 32 100 68 9 63 95 35 53 55 96 37 79 64 60 4 47 43 40 44 97 18 80 29 50 48 84 65 67 2 56 98 86 83 92 6 41 28 42 45 54 5 71 78 51 25 69 66 70 85 91 57 61 74 36 16 62 12 3 49 88 82 21 33 8 10 26 46 20 52 38 30 87 
87 81 75 39 31 89 94 22 59 99 15 7 58 24 93 77 73 13 1 23 34 19 72 11 76 17 27 90 14 32 100 68 9 63 95 35 53 55 96 37 79 64 60 4 47 43 40 44 97 18 80 29 50 48 84 65 67 2 56 98 86 83 92 6 41 28 42 45 54 5 71 78 51 25 69 66 70 85 91 57 61 74 36 16 62 12 3 49 88 82 21 33 8 10 26 46 20 52 38 30 
30 87 81 75 39 31 89 94 22 59 99 15 7 58 24 93 77 73 13 1 23 34 19 72 11 76 17 27 90 14 32 100 68 9 63 95 35 53 55 96 37 79 64 60 4 47 43 40 44 97 18 80 29 50 48 84 65 67 2 56 98 86 83 92 6 41 28 42 45 54 5 71 78 51 25 69 66 70 85 91 57 61 74 36 16 62 12 3 49 88 82 21 33 8 10 26 46 20 52 38 
38 30 87 81 75 39 31 89 94 22 59 99 15 7 58 24 93 77 73 13 1 23 34 19 72 11 76 17 27 90 14 32 100 68 9 63 95 35 53 55 96 37 79 64 60 4 47 43 40 44 97 18 80 29 50 48 84 65 67 2 56 98 86 83 92 6 41 28 42 45 54 5 71 78 51 25 69 66 70 85 91 57 61 74 36 16 62 12 3 49 88 82 21 33 8 10 26 46 20 52 
52 38 30 87 81 75 39 31 89 94 22 59 99 15 7 58 24 93 77 73 13 1 23 34 19 72 11 76 17 27 90 14 32 100 68 9 63 95 35 53 55 96 37 79 64 60 4 47 43 40 44 97 18 80 29 50 48 84 65 67 2 56 98 86 83 92 6 41 28 42 45 54 5 71 78 51 25 69 66 70 85 91 57 61 74 36 16 62 12 3 49 88 82 21 33 8 10 26 46 20 
20 52 38 30 87 81 75 39 31 89 94 22 59 99 15 7 58 24 93 77 73 13 1 23 34 19 72 11 76 17 27 90 14 32 100 68 9 63 95 35 53 55 96 37 79 64 60 4 47 43 40 44 97 18 80 29 50 48 84 65 67 2 56 98 86 83 92 6 41 28 42 45 54 5 71 78 51 25 69 66 70 85 91 57 61 74 36 16 62 12 3 49 88 82 21 33 8 10 26 46 
46 20 52 38 30 87 81 75 39 31 89 94 22 59 99 15 7 58 24 93 77 73 13 1 23 34 19 72 11 76 17 27 90 14 32 100 68 9 63 95 35 53 55 96 37 79 64 60 4 47 43 40 44 97 18 80 29 50 48 84 65 67 2 56 98 86 83 92 6 41 28 42 45 54 5 71 78 51 25 69 66 70 85 91 57 61 74 36 16 62 12 3 49 88 82 21 33 8 10 26 
26 46 20 52 38 30 87 81 75 39 31 89 94 22 59 99 15 7 58 24 93 77 73 13 1 23 34 19 72 11 76 17 27 90 14 32 100 68 9 63 95 35 53 55 96 37 79 64 60 4 47 43 40 44 97 18 80 29 50 48 84 65 67 2 56 98 86 83 92 6 41 28 42 45 54 5 71 78 51 25 69 66 70 85 91 57 61 74 36 16 62 12 3 49 88 82 21 33 8 10 
10 26 46 20 52 38 30 87 81 75 39 31 89 94 22 59 99 15 7 58 24 93 77 73 13 1 23 34 19 72 11 76 17 27 90 14 32 100 68 9 63 95 35 53 55 96 37 79 64 60 4 47 43 40 44 97 18 80 29 50 48 84 65 67 2 56 98 86 83 92 6 41 28 42 45 54 5 71 78 51 25 69 66 70 85 91 57 61 74 36 16 62 12 3 49 88 82 21 33 8 
8 10 26 46 20 52 38 30 87 81 75 39 31 89 94 22 59 99 15 7 58 24 93 77 73 13 1 23 34 19 72 11 76 17 27 90 14 32 100 68 9 63 95 35 53 55 96 37 79 64 60 4 47 43 40 44 97 18 80 29 50 48 84 65 67 2 56 98 86 83 92 6 41 28 42 45 54 5 71 78 51 25 69 66 70 85 91 57 61 74 36 16 62 12 3 49 88 82 21 33 
33 8 10 26 46 20 52 38 30 87 81 75 39 31 89 94 22 59 99 15 7 58 24 93 77 73 13 1 23 34 19 72 11 76 17 27 90 14 32 100 68 9 63 95 35 53 55 96 37 79 64 60 4 47 43 40 44 97 18 80 29 50 48 84 65 67 2 56 98 86 83 92 6 41 28 42 45 54 5 71 78 51 25 69 66 70 85 91 57 61 74 36 16 62 12 3 49 88 82 21 
21 33 8 10 26 46 20 52 38 30 87 81 75 39 31 89 94 22 59 99 15 7 58 24 93 77 73 13 1 23 34 19 72 11 76 17 27 90 14 32 100 68 9 63 95 35 53 55 96 37 79 64 60 4 47 43 40 44 97 18 80 29 50 48 84 65 67 2 56 98 86 83 92 6 41 28 42 45 54 5 71 78 51 25 69 66 70 85 91 57 61 74 36 16 62 12 3 49 88 82 
82 21 33 8 10 26 46 20 52 38 30 87 81 75 39 31 89 94 22 59 99 15 7 58 24 93 77 73 13 1 23 34 19 72 11 76 17 27 90 14 32 100 68 9 63 95 35 53 55 96 37 79 64 60 4 47 43 40 44 97 18 80 29 50 48 84 65 67 2 56 98 86 83 92 6 41 28 42 45 54 5 71 78 51 25 69 66 70 85 91 57 61 74 36 16 62 12 3 49 88 
88 82 21 33 8 10 26 46 20 52 38 30 87 81 75 39 31 89 94 22 59 99 15 7 58 24 93 77 73 13 1 23 34 19 72 11 76 17 27 90 14 32 100 68 9 63 95 35 53 55 96 37 79 64 60 4 47 43 40 44 97 18 80 29 50 48 84 65 67 2 56 98 86 83 92 6 41 28 42 45 54 5 71 78 51 25 69 66 70 85 91 57 61 74 36 16 62 12 3 49 
49 88 82 21 33 8 10 26 46 20 52 38 30 87 81 75 39 31 89 94 22 59 99 15 7 58 24 93 77 73 13 1 23 34 19 72 11 76 17 27 90 14 32 100 68 9 63 95 35 53 55 96 37 79 64 60 4 47 43 40 44 97 18 80 29 50 48 84 65 67 2 56 98 86 83 92 6 41 28 42 45 54 5 71 78 51 25 69 66 70 85 91 57 61 74 36 16 62 12 3 
3 49 88 82 21 33 8 10 26 46 20 52 38 30 87 81 75 39 31 89 94 22 59 99 15 7 58 24 93 77 73 13 1 23 34 19 72 11 76 17 27 90 14 32 100 68 9 63 95 35 53 55 96 37 79 64 60 4 47 43 40 44 97 18 80 29 50 48 84 65 67 2 56 98 86 83 92 6 41 28 42 45 54 5 71 78 51 25 69 66 70 85 91 57 61 74 36 16 62 12 
12 3 49 88 82 21 33 8 10 26 46 20 52 38 30 87 81 75 39 31 89 94 22 59 99 15 7 58 24 93 77 73 13 1 23 34 19 72 11 76 17 27 90 14 32 100 68 9 63 95 35 53 55 96 37 79 64 60 4 47 43 40 44 97 18 80 29 50 48 84 65 67 2 56 98 86 83 92 6 41 28 42 45 54 5 71 78 51 25 69 66 70 85 91 57 61 74 36 16 62 
62 12 3 49 88 82 21 33 8 10 26 46 20 52 38 30 87 81 75 39 31 89 94 22 59 99 15 7 58 24 93 77 73 13 1 23 34 19 72 11 76 17 27 90 14 32 100 68 9 63 95 35 53 55 96 37 79 64 60 4 47 43 40 44 97 18 80 29 50 48 84 65 67 2 56 98 86 83 92 6 41 28 42 45 54 5 71 78 51 25 69 66 70 85 91 57 61 74 36 16 
16 62 12 3 49 88 82 21 33 8 10 26 46 20 52 38 30 87 81 75 39 31 89 94 22 59 99 15 7 58 24 93 77 73 13 1 23 34 19 72 11 76 17 27 90 14 32 100 68 9 63 95 35 53 55 96 37 79 64 60 4 47 43 40 44 97 18 80 29 50 48 84 65 67 2 56 98 86 83 92 6 41 28 42 45 54 5 71 78 51 25 69 66 70 85 91 57 61 74 36 
36 16 62 12 3 49 88 82 21 33 8 10 26 46 20 52 38 30 87 81 75 39 31 89 94 22 59 99 15 7 58 24 93 77 73 13 1 23 34 19 72 11 76 17 27 90 14 32 100 68 9 63 95 35 53 55 96 37 79 64 60 4 47 43 40 44 97 18 80 29 50 48 84 65 67 2 56 98 86 83 92 6 41 28 42 45 54 5 71 78 51 25 69 66 70 85 91 57 61 74 
74 36 16 62 12 3 49 88 82 21 33 8 10 26 46 20 52 38 30 87 81 75 39 31 89 94 22 59 99 15 7 58 24 93 77 73 13 1 23 34 19 72 11 76 17 27 90 14 32 100 68 9 63 95 35 53 55 96 37 79 64 60 4 47 43 40 44 97 18 80 29 50 48 84 65 67 2 56 98 86 83 92 6 41 28 42 45 54 5 71 78 51 25 69 66 70 85 91 57 61 
61 74 36 16 62 12 3 49 88 82 21 33 8 10 26 46 20 52 38 30 87 81 75 39 31 89 94 22 59 99 15 7 58 24 93 77 73 13 1 23 34 19 72 11 76 17 27 90 14 32 100 68 9 63 95 35 53 55 96 37 79 64 60 4 47 43 40 44 97 18 80 29 50 48 84 65 67 2 56 98 86 83 92 6 41 28 42 45 54 5 71 78 51 25 69 66 70 85 91 57 
