10000
100 100
81 19 45 62 75 16 28 98 61 38 70 43 33 7 57 20 27 14 2 44 69 35 31 17 68 87 40 22 11 49 4 92 60 77 74 32 94 3 65 89 63 86 52 64 78 10 30 41 39 58 79 90 42 1 34 6 51 21 15 83 12 23 18 97 85 67 82 96 88 48 13 46 25 54 100 55 29 53 47 66 91 24 8 26 56 84 72 71 80 93 36 50 37 73 76 95 59 9 99 5 
5 81 19 45 62 75 16 28 98 61 38 70 43 33 7 57 20 27 14 2 44 69 35 31 17 68 87 40 22 11 49 4 92 60 77 74 32 94 3 65 89 63 86 52 64 78 10 30 41 39 58 79 90 42 1 34 6 51 21 15 83 12 23 18 97 85 67 82 96 88 48 13 46 25 54 100 55 29 53 47 66 91 24 8 26 56 84 72 71 80 93 36 50 37 73 76 95 59 9 99 
99 5 81 19 45 62 75 16 28 98 61 38 70 43 33 7 57 20 27 14 2 44 69 35 31 17 68 87 40 22 11 49 4 92 60 77 74 32 94 3 65 89 63 86 52 64 78 10 30 41 39 58 79 90 42 1 34 6 51 21 15 83 12 23 18 97 85 67 82 96 88 48 13 46 25 54 100 55 29 53 47 66 91 24 8 26 56 84 72 71 80 93 36 50 37 73 76 95 59 9 
9 99 5 81 19 45 62 75 16 28 98 61 38 70 43 33 7 57 20 27 14 2 44 69 35 31 17 68 87 40 22 11 49 4 92 60 77 74 32 94 3 65 89 63 86 52 64 78 10 30 41 39 58 79 90 42 1 34 6 51 21 15 83 12 23 18 97 85 67 82 96 88 48 13 46 25 54 100 55 29 53 47 66 91 24 8 26 56 84 72 71 80 93 36 50 37 73 76 95 59 
59 9 99 5 81 19 45 62 75 16 28 98 61 38 70 43 33 7 57 20 27 14 2 44 69 35 31 17 68 87 40 22 11 49 4 92 60 77 74 32 94 3 65 89 63 86 52 64 78 10 30 41 39 58 79 90 42 1 34 6 51 21 15 83 12 23 18 97 85 67 82 96 88 48 13 46 25 54 100 55 29 53 47 66 91 24 8 26 56 84 72 71 80 93 36 50 37 73 76 95 
95 59 9 99 5 81 19 45 62 75 16 28 98 61 38 70 43 33 7 57 20 27 14 2 44 69 35 31 17 68 87 40 22 11 49 4 92 60 77 74 32 94 3 65 89 63 86 52 64 78 10 30 41 39 58 79 90 42 1 34 6 51 21 15 83 12 23 18 97 85 67 82 96 88 48 13 46 25 54 100 55 29 53 47 66 91 24 8 26 56 84 72 71 80 93 36 50 37 73 76 
76 95 59 9 99 5 81 19 45 62 75 16 28 98 61 38 70 43 33 7 57 20 27 14 2 44 69 35 31 17 68 87 40 22 11 49 4 92 60 77 74 32 94 3 65 89 63 86 52 64 78 10 30 41 39 58 79 90 42 1 34 6 51 21 15 83 12 23 18 97 85 67 82 96 88 48 13 46 25 54 100 55 29 53 47 66 91 24 8 26 56 84 72 71 80 93 36 50 37 73 
73 76 95 59 9 99 5 81 19 45 62 75 16 28 98 61 38 70 43 33 7 57 20 27 14 2 44 69 35 31 17 68 87 40 22 11 49 4 92 60 77 74 32 94 3 65 89 63 86 52 64 78 10 30 41 39 58 79 90 42 1 34 6 51 21 15 83 12 23 18 97 85 67 82 96 88 48 13 46 25 54 100 55 29 53 47 66 91 24 8 26 56 84 72 71 80 93 36 50 37 
37 73 76 95 59 9 99 5 81 19 45 62 75 16 28 98 61 38 70 43 33 7 57 20 27 14 2 44 69 35 31 17 68 87 40 22 11 49 4 92 60 77 74 32 94 3 65 89 63 86 52 64 78 10 30 41 39 58 79 90 42 1 34 6 51 21 15 83 12 23 18 97 85 67 82 96 88 48 13 46 25 54 100 55 29 53 47 66 91 24 8 26 56 84 72 71 80 93 36 50 
50 37 73 76 95 59 9 99 5 81 19 45 62 75 16 28 98 61 38 70 43 33 7 57 20 27 14 2 44 69 35 31 17 68 87 40 22 11 49 4 92 60 77 74 32 94 3 65 89 63 86 52 64 78 10 30 41 39 58 79 90 42 1 34 6 51 21 15 83 12 23 18 97 85 67 82 96 88 48 13 46 25 54 100 55 29 53 47 66 91 24 8 26 56 84 72 71 80 93 36 
36 50 37 73 76 95 59 9 99 5 81 19 45 62 75 16 28 98 61 38 70 43 33 7 57 20 27 14 2 44 69 35 31 17 68 87 40 22 11 49 4 92 60 77 74 32 94 3 65 89 63 86 52 64 78 10 30 41 39 58 79 90 42 1 34 6 51 21 15 83 12 23 18 97 85 67 82 96 88 48 13 46 25 54 100 55 29 53 47 66 91 24 8 26 56 84 72 71 80 93 
93 36 50 37 73 76 95 59 9 99 5 81 19 45 62 75 16 28 98 61 38 70 43 33 7 57 20 27 14 2 44 69 35 31 17 68 87 40 22 11 49 4 92 60 77 74 32 94 3 65 89 63 86 52 64 78 10 30 41 39 58 79 90 42 1 34 6 51 21 15 83 12 23 18 97 85 67 82 96 88 48 13 46 25 54 100 55 29 53 47 66 91 24 8 26 56 84 72 71 80 
80 93 36 50 37 73 76 95 59 9 99 5 81 19 45 62 75 16 28 98 61 38 70 43 33 7 57 20 27 14 2 44 69 35 31 17 68 87 40 22 11 49 4 92 60 77 74 32 94 3 65 89 63 86 52 64 78 10 30 41 39 58 79 90 42 1 34 6 51 21 15 83 12 23 18 97 85 67 82 96 88 48 13 46 25 54 100 55 29 53 47 66 91 24 8 26 56 84 72 71 
71 80 93 36 50 37 73 76 95 59 9 99 5 81 19 45 62 75 16 28 98 61 38 70 43 33 7 57 20 27 14 2 44 69 35 31 17 68 87 40 22 11 49 4 92 60 77 74 32 94 3 65 89 63 86 52 64 78 10 30 41 39 58 79 90 42 1 34 6 51 21 15 83 12 23 18 97 85 67 82 96 88 48 13 46 25 54 100 55 29 53 47 66 91 24 8 26 56 84 72 
72 71 80 93 36 50 37 73 76 95 59 9 99 5 81 19 45 62 75 16 28 98 61 38 70 43 33 7 57 20 27 14 2 44 69 35 31 17 68 87 40 22 11 49 4 92 60 77 74 32 94 3 65 89 63 86 52 64 78 10 30 41 39 58 79 90 42 1 34 6 51 21 15 83 12 23 18 97 85 67 82 96 88 48 13 46 25 54 100 55 29 53 47 66 91 24 8 26 56 84 
84 72 71 80 93 36 50 37 73 76 95 59 9 99 5 81 19 45 62 75 16 28 98 61 38 70 43 33 7 57 20 27 14 2 44 69 35 31 17 68 87 40 22 11 49 4 92 60 77 74 32 94 3 65 89 63 86 52 64 78 10 30 41 39 58 79 90 42 1 34 6 51 21 15 83 12 23 18 97 85 67 82 96 88 48 13 46 25 54 100 55 29 53 47 66 91 24 8 26 56 
56 84 72 71 80 93 36 50 37 73 76 95 59 9 99 5 81 19 45 62 75 16 28 98 61 38 70 43 33 7 57 20 27 14 2 44 69 35 31 17 68 87 40 22 11 49 4 92 60 77 74 32 94 3 65 89 63 86 52 64 78 10 30 41 39 58 79 90 42 1 34 6 51 21 15 83 12 23 18 97 85 67 82 96 88 48 13 46 25 54 100 55 29 53 47 66 91 24 8 26 
26 56 84 72 71 80 93 36 50 37 73 76 95 59 9 99 5 81 19 45 62 75 16 28 98 61 38 70 43 33 7 57 20 27 14 2 44 69 35 31 17 68 87 40 22 11 49 4 92 60 77 74 32 94 3 65 89 63 86 52 64 78 10 30 41 39 58 79 90 42 1 34 6 51 21 15 83 12 23 18 97 85 67 82 96 88 48 13 46 25 54 100 55 29 53 47 66 91 24 8 
8 26 56 84 72 71 80 93 36 50 37 73 76 95 59 9 99 5 81 19 45 62 75 16 28 98 61 38 70 43 33 7 57 20 27 14 2 44 69 35 31 17 68 87 40 22 11 49 4 92 60 77 74 32 94 3 65 89 63 86 52 64 78 10 30 41 39 58 79 90 42 1 34 6 51 21 15 83 12 23 18 97 85 67 82 96 88 48 13 46 25 54 100 55 29 53 47 66 91 24 
24 8 26 56 84 72 71 80 93 36 50 37 73 76 95 59 9 99 5 81 19 45 62 75 16 28 98 61 38 70 43 33 7 57 20 27 14 2 44 69 35 31 17 68 87 40 22 11 49 4 92 60 77 74 32 94 3 65 89 63 86 52 64 78 10 30 41 39 58 79 90 42 1 34 6 51 21 15 83 12 23 18 97 85 67 82 96 88 48 13 46 25 54 100 55 29 53 47 66 91 
91 24 8 26 56 84 72 71 80 93 36 50 37 73 76 95 59 9 99 5 81 19 45 62 75 16 28 98 61 38 70 43 33 7 57 20 27 14 2 44 69 35 31 17 68 87 40 22 11 49 4 92 60 77 74 32 94 3 65 89 63 86 52 64 78 10 30 41 39 58 79 90 42 1 34 6 51 21 15 83 12 23 18 97 85 67 82 96 88 48 13 46 25 54 100 55 29 53 47 66 
66 91 24 8 26 56 84 72 71 80 93 36 50 37 73 76 95 59 9 99 5 81 19 45 62 75 16 28 98 61 38 70 43 33 7 57 20 27 14 2 44 69 35 31 17 68 87 40 22 11 49 4 92 60 77 74 32 94 3 65 89 63 86 52 64 78 10 30 41 39 58 79 90 42 1 34 6 51 21 15 83 12 23 18 97 85 67 82 96 88 48 13 46 25 54 100 55 29 53 47 
47 66 91 24 8 26 56 84 72 71 80 93 36 50 37 73 76 95 59 9 99 5 81 19 45 62 75 16 28 98 61 38 70 43 33 7 57 20 27 14 2 44 69 35 31 17 68 87 40 22 11 49 4 92 60 77 74 32 94 3 65 89 63 86 52 64 78 10 30 41 39 58 79 90 42 1 34 6 51 21 15 83 12 23 18 97 85 67 82 96 88 48 13 46 25 54 100 55 29 53 
53 47 66 91 24 8 26 56 84 72 71 80 93 36 50 37 73 76 95 59 9 99 5 81 19 45 62 75 16 28 98 61 38 70 43 33 7 57 20 27 14 2 44 69 35 31 17 68 87 40 22 11 49 4 92 60 77 74 32 94 3 65 89 63 86 52 64 78 10 30 41 39 58 79 90 42 1 34 6 51 21 15 83 12 23 18 97 85 67 82 96 88 48 13 46 25 54 100 55 29 
29 53 47 66 91 24 8 26 56 84 72 71 80 93 36 50 37 73 76 95 59 9 99 5 81 19 45 62 75 16 28 98 61 38 70 43 33 7 57 20 27 14 2 44 69 35 31 17 68 87 40 22 11 49 4 92 60 77 74 32 94 3 65 89 63 86 52 64 78 10 30 41 39 58 79 90 42 1 34 6 51 21 15 83 12 23 18 97 85 67 82 96 88 48 13 46 25 54 100 55 
55 29 53 47 66 91 24 8 26 56 84 72 71 80 93 36 50 37 73 76 95 59 9 99 5 81 19 45 62 75 16 28 98 61 38 70 43 33 7 57 20 27 14 2 44 69 35 31 17 68 87 40 22 11 49 4 92 60 77 74 32 94 3 65 89 63 86 52 64 78 10 30 41 39 58 79 90 42 1 34 6 51 21 15 83 12 23 18 97 85 67 82 96 88 48 13 46 25 54 100 
100 55 29 53 47 66 91 24 8 26 56 84 72 71 80 93 36 50 37 73 76 95 59 9 99 5 81 19 45 62 75 16 28 98 61 38 70 43 33 7 57 20 27 14 2 44 69 35 31 17 68 87 40 22 11 49 4 92 60 77 74 32 94 3 65 89 63 86 52 64 78 10 30 41 39 58 79 90 42 1 34 6 51 21 15 83 12 23 18 97 85 67 82 96 88 48 13 46 25 54 
54 100 55 29 53 47 66 91 24 8 26 56 84 72 71 80 93 36 50 37 73 76 95 59 9 99 5 81 19 45 62 75 16 28 98 61 38 70 43 33 7 57 20 27 14 2 44 69 35 31 17 68 87 40 22 11 49 4 92 60 77 74 32 94 3 65 89 63 86 52 64 78 10 30 41 39 58 79 90 42 1 34 6 51 21 15 83 12 23 18 97 85 67 82 96 88 48 13 46 25 
25 54 100 55 29 53 47 66 91 24 8 26 56 84 72 71 80 93 36 50 37 73 76 95 59 9 99 5 81 19 45 62 75 16 28 98 61 38 70 43 33 7 57 20 27 14 2 44 69 35 31 17 68 87 40 22 11 49 4 92 60 77 74 32 94 3 65 89 63 86 52 64 78 10 30 41 39 58 79 90 42 1 34 6 51 21 15 83 12 23 18 97 85 67 82 96 88 48 13 46 
46 25 54 100 55 29 53 47 66 91 24 8 26 56 84 72 71 80 93 36 50 37 73 76 95 59 9 99 5 81 19 45 62 75 16 28 98 61 38 70 43 33 7 57 20 27 14 2 44 69 35 31 17 68 87 40 22 11 49 4 92 60 77 74 32 94 3 65 89 63 86 52 64 78 10 30 41 39 58 79 90 42 1 34 6 51 21 15 83 12 23 18 97 85 67 82 96 88 48 13 
13 46 25 54 100 55 29 53 47 66 91 24 8 26 56 84 72 71 80 93 36 50 37 73 76 95 59 9 99 5 81 19 45 62 75 16 28 98 61 38 70 43 33 7 57 20 27 14 2 44 69 35 31 17 68 87 40 22 11 49 4 92 60 77 74 32 94 3 65 89 63 86 52 64 78 10 30 41 39 58 79 90 42 1 34 6 51 21 15 83 12 23 18 97 85 67 82 96 88 48 
48 13 46 25 54 100 55 29 53 47 66 91 24 8 26 56 84 72 71 80 93 36 50 37 73 76 95 59 9 99 5 81 19 45 62 75 16 28 98 61 38 70 43 33 7 57 20 27 14 2 44 69 35 31 17 68 87 40 22 11 49 4 92 60 77 74 32 94 3 65 89 63 86 52 64 78 10 30 41 39 58 79 90 42 1 34 6 51 21 15 83 12 23 18 97 85 67 82 96 88 
88 48 13 46 25 54 100 55 29 53 47 66 91 24 8 26 56 84 72 71 80 93 36 50 37 73 76 95 59 9 99 5 81 19 45 62 75 16 28 98 61 38 70 43 33 7 57 20 27 14 2 44 69 35 31 17 68 87 40 22 11 49 4 92 60 77 74 32 94 3 65 89 63 86 52 64 78 10 30 41 39 58 79 90 42 1 34 6 51 21 15 83 12 23 18 97 85 67 82 96 
96 88 48 13 46 25 54 100 55 29 53 47 66 91 24 8 26 56 84 72 71 80 93 36 50 37 73 76 95 59 9 99 5 81 19 45 62 75 16 28 98 61 38 70 43 33 7 57 20 27 14 2 44 69 35 31 17 68 87 40 22 11 49 4 92 60 77 74 32 94 3 65 89 63 86 52 64 78 10 30 41 39 58 79 90 42 1 34 6 51 21 15 83 12 23 18 97 85 67 82 
82 96 88 48 13 46 25 54 100 55 29 53 47 66 91 24 8 26 56 84 72 71 80 93 36 50 37 73 76 95 59 9 99 5 81 19 45 62 75 16 28 98 61 38 70 43 33 7 57 20 27 14 2 44 69 35 31 17 68 87 40 22 11 49 4 92 60 77 74 32 94 3 65 89 63 86 52 64 78 10 30 41 39 58 79 90 42 1 34 6 51 21 15 83 12 23 18 97 85 67 
67 82 96 88 48 13 46 25 54 100 55 29 53 47 66 91 24 8 26 56 84 72 71 80 93 36 50 37 73 76 95 59 9 99 5 81 19 45 62 75 16 28 98 61 38 70 43 33 7 57 20 27 14 2 44 69 35 31 17 68 87 40 22 11 49 4 92 60 77 74 32 94 3 65 89 63 86 52 64 78 10 30 41 39 58 79 90 42 1 34 6 51 21 15 83 12 23 18 97 85 
85 67 82 96 88 48 13 46 25 54 100 55 29 53 47 66 91 24 8 26 56 84 72 71 80 93 36 50 37 73 76 95 59 9 99 5 81 19 45 62 75 16 28 98 61 38 70 43 33 7 57 20 27 14 2 44 69 35 31 17 68 87 40 22 11 49 4 92 60 77 74 32 94 3 65 89 63 86 52 64 78 10 30 41 39 58 79 90 42 1 34 6 51 21 15 83 12 23 18 97 
97 85 67 82 96 88 48 13 46 25 54 100 55 29 53 47 66 91 24 8 26 56 84 72 71 80 93 36 50 37 73 76 95 59 9 99 5 81 19 45 62 75 16 28 98 61 38 70 43 33 7 57 20 27 14 2 44 69 35 31 17 68 87 40 22 11 49 4 92 60 77 74 32 94 3 65 89 63 86 52 64 78 10 30 41 39 58 79 90 42 1 34 6 51 21 15 83 12 23 18 
18 97 85 67 82 96 88 48 13 46 25 54 100 55 29 53 47 66 91 24 8 26 56 84 72 71 80 93 36 50 37 73 76 95 59 9 99 5 81 19 45 62 75 16 28 98 61 38 70 43 33 7 57 20 27 14 2 44 69 35 31 17 68 87 40 22 11 49 4 92 60 77 74 32 94 3 65 89 63 86 52 64 78 10 30 41 39 58 79 90 42 1 34 6 51 21 15 83 12 23 
23 18 97 85 67 82 96 88 48 13 46 25 54 100 55 29 53 47 66 91 24 8 26 56 84 72 71 80 93 36 50 37 73 76 95 59 9 99 5 81 19 45 62 75 16 28 98 61 38 70 43 33 7 57 20 27 14 2 44 69 35 31 17 68 87 40 22 11 49 4 92 60 77 74 32 94 3 65 89 63 86 52 64 78 10 30 41 39 58 79 90 42 1 34 6 51 21 15 83 12 
12 23 18 97 85 67 82 96 88 48 13 46 25 54 100 55 29 53 47 66 91 24 8 26 56 84 72 71 80 93 36 50 37 73 76 95 59 9 99 5 81 19 45 62 75 16 28 98 61 38 70 43 33 7 57 20 27 14 2 44 69 35 31 17 68 87 40 22 11 49 4 92 60 77 74 32 94 3 65 89 63 86 52 64 78 10 30 41 39 58 79 90 42 1 34 6 51 21 15 83 
83 12 23 18 97 85 67 82 96 88 48 13 46 25 54 100 55 29 53 47 66 91 24 8 26 56 84 72 71 80 93 36 50 37 73 76 95 59 9 99 5 81 19 45 62 75 16 28 98 61 38 70 43 33 7 57 20 27 14 2 44 69 35 31 17 68 87 40 22 11 49 4 92 60 77 74 32 94 3 65 89 63 86 52 64 78 10 30 41 39 58 79 90 42 1 34 6 51 21 15 
15 83 12 23 18 97 85 67 82 96 88 48 13 46 25 54 100 55 29 53 47 66 91 24 8 26 56 84 72 71 80 93 36 50 37 73 76 95 59 9 99 5 81 19 45 62 75 16 28 98 61 38 70 43 33 7 57 20 27 14 2 44 69 35 31 17 68 87 40 22 11 49 4 92 60 77 74 32 94 3 65 89 63 86 52 64 78 10 30 41 39 58 79 90 42 1 34 6 51 21 
21 15 83 12 23 18 97 85 67 82 96 88 48 13 46 25 54 100 55 29 53 47 66 91 24 8 26 56 84 72 71 80 93 36 50 37 73 76 95 59 9 99 5 81 19 45 62 75 16 28 98 61 38 70 43 33 7 57 20 27 14 2 44 69 35 31 17 68 87 40 22 11 49 4 92 60 77 74 32 94 3 65 89 63 86 52 64 78 10 30 41 39 58 79 90 42 1 34 6 51 
51 21 15 83 12 23 18 97 85 67 82 96 88 48 13 46 25 54 100 55 29 53 47 66 91 24 8 26 56 84 72 71 80 93 36 50 37 73 76 95 59 9 99 5 81 19 45 62 75 16 28 98 61 38 70 43 33 7 57 20 27 14 2 44 69 35 31 17 68 87 40 22 11 49 4 92 60 77 74 32 94 3 65 89 63 86 52 64 78 10 30 41 39 58 79 90 42 1 34 6 
6 51 21 15 83 12 23 18 97 85 67 82 96 88 48 13 46 25 54 100 55 29 53 47 66 91 24 8 26 56 84 72 71 80 93 36 50 37 73 76 95 59 9 99 5 81 19 45 62 75 16 28 98 61 38 70 43 33 7 57 20 27 14 2 44 69 35 31 17 68 87 40 22 11 49 4 92 60 77 74 32 94 3 65 89 63 86 52 64 78 10 30 41 39 58 79 90 42 1 34 
34 6 51 21 15 83 12 23 18 97 85 67 82 96 88 48 13 46 25 54 100 55 29 53 47 66 91 24 8 26 56 84 72 71 80 93 36 50 37 73 76 95 59 9 99 5 81 19 45 62 75 16 28 98 61 38 70 43 33 7 57 20 27 14 2 44 69 35 31 17 68 87 40 22 11 49 4 92 60 77 74 32 94 3 65 89 63 86 52 64 78 10 30 41 39 58 79 90 42 1 
1 34 6 51 21 15 83 12 23 18 97 85 67 82 96 88 48 13 46 25 54 100 55 29 53 47 66 91 24 8 26 56 84 72 71 80 93 36 50 37 73 76 95 59 9 99 5 81 19 45 62 75 16 28 98 61 38 70 43 33 7 57 20 27 14 2 44 69 35 31 17 68 87 40 22 11 49 4 92 60 77 74 32 94 3 65 89 63 86 52 64 78 10 30 41 39 58 79 90 42 
42 1 34 6 51 21 15 83 12 23 18 97 85 67 82 96 88 48 13 46 25 54 100 55 29 53 47 66 91 24 8 26 56 84 72 71 80 93 36 50 37 73 76 95 59 9 99 5 81 19 45 62 75 16 28 98 61 38 70 43 33 7 57 20 27 14 2 44 69 35 31 17 68 87 40 22 11 49 4 92 60 77 74 32 94 3 65 89 63 86 52 64 78 10 30 41 39 58 79 90 
90 42 1 34 6 51 21 15 83 12 23 18 97 85 67 82 96 88 48 13 46 25 54 100 55 29 53 47 66 91 24 8 26 56 84 72 71 80 93 36 50 37 73 76 95 59 9 99 5 81 19 45 62 75 16 28 98 61 38 70 43 33 7 57 20 27 14 2 44 69 35 31 17 68 87 40 22 11 49 4 92 60 77 74 32 94 3 65 89 63 86 52 64 78 10 30 41 39 58 79 
79 90 42 1 34 6 51 21 15 83 12 23 18 97 85 67 82 96 88 48 13 46 25 54 100 55 29 53 47 66 91 24 8 26 56 84 72 71 80 93 36 50 37 73 76 95 59 9 99 5 81 19 45 62 75 16 28 98 61 38 70 43 33 7 57 20 27 14 2 44 69 35 31 17 68 87 40 22 11 49 4 92 60 77 74 32 94 3 65 89 63 86 52 64 78 10 30 41 39 58 
58 79 90 42 1 34 6 51 21 15 83 12 23 18 97 85 67 82 96 88 48 13 46 25 54 100 55 29 53 47 66 91 24 8 26 56 84 72 71 80 93 36 50 37 73 76 95 59 9 99 5 81 19 45 62 75 16 28 98 61 38 70 43 33 7 57 20 27 14 2 44 69 35 31 17 68 87 40 22 11 49 4 92 60 77 74 32 94 3 65 89 63 86 52 64 78 10 30 41 39 
39 58 79 90 42 1 34 6 51 21 15 83 12 23 18 97 85 67 82 96 88 48 13 46 25 54 100 55 29 53 47 66 91 24 8 26 56 84 72 71 80 93 36 50 37 73 76 95 59 9 99 5 81 19 45 62 75 16 28 98 61 38 70 43 33 7 57 20 27 14 2 44 69 35 31 17 68 87 40 22 11 49 4 92 60 77 74 32 94 3 65 89 63 86 52 64 78 10 30 41 
41 39 58 79 90 42 1 34 6 51 21 15 83 12 23 18 97 85 67 82 96 88 48 13 46 25 54 100 55 29 53 47 66 91 24 8 26 56 84 72 71 80 93 36 50 37 73 76 95 59 9 99 5 81 19 45 62 75 16 28 98 61 38 70 43 33 7 57 20 27 14 2 44 69 35 31 17 68 87 40 22 11 49 4 92 60 77 74 32 94 3 65 89 63 86 52 64 78 10 30 
30 41 39 58 79 90 42 1 34 6 51 21 15 83 12 23 18 97 85 67 82 96 88 48 13 46 25 54 100 55 29 53 47 66 91 24 8 26 56 84 72 71 80 93 36 50 37 73 76 95 59 9 99 5 81 19 45 62 75 16 28 98 61 38 70 43 33 7 57 20 27 14 2 44 69 35 31 17 68 87 40 22 11 49 4 92 60 77 74 32 94 3 65 89 63 86 52 64 78 10 
10 30 41 39 58 79 90 42 1 34 6 51 21 15 83 12 23 18 97 85 67 82 96 88 48 13 46 25 54 100 55 29 53 47 66 91 24 8 26 56 84 72 71 80 93 36 50 37 73 76 95 59 9 99 5 81 19 45 62 75 16 28 98 61 38 70 43 33 7 57 20 27 14 2 44 69 35 31 17 68 87 40 22 11 49 4 92 60 77 74 32 94 3 65 89 63 86 52 64 78 
78 10 30 41 39 58 79 90 42 1 34 6 51 21 15 83 12 23 18 97 85 67 82 96 88 48 13 46 25 54 100 55 29 53 47 66 91 24 8 26 56 84 72 71 80 93 36 50 37 73 76 95 59 9 99 5 81 19 45 62 75 16 28 98 61 38 70 43 33 7 57 20 27 14 2 44 69 35 31 17 68 87 40 22 11 49 4 92 60 77 74 32 94 3 65 89 63 86 52 64 
64 78 10 30 41 39 58 79 90 42 1 34 6 51 21 15 83 12 23 18 97 85 67 82 96 88 48 13 46 25 54 100 55 29 53 47 66 91 24 8 26 56 84 72 71 80 93 36 50 37 73 76 95 59 9 99 5 81 19 45 62 75 16 28 98 61 38 70 43 33 7 57 20 27 14 2 44 69 35 31 17 68 87 40 22 11 49 4 92 60 77 74 32 94 3 65 89 63 86 52 
52 64 78 10 30 41 39 58 79 90 42 1 34 6 51 21 15 83 12 23 18 97 85 67 82 96 88 48 13 46 25 54 100 55 29 53 47 66 91 24 8 26 56 84 72 71 80 93 36 50 37 73 76 95 59 9 99 5 81 19 45 62 75 16 28 98 61 38 70 43 33 7 57 20 27 14 2 44 69 35 31 17 68 87 40 22 11 49 4 92 60 77 74 32 94 3 65 89 63 86 
86 52 64 78 10 30 41 39 58 79 90 42 1 34 6 51 21 15 83 12 23 18 97 85 67 82 96 88 48 13 46 25 54 100 55 29 53 47 66 91 24 8 26 56 84 72 71 80 93 36 50 37 73 76 95 59 9 99 5 81 19 45 62 75 16 28 98 61 38 70 43 33 7 57 20 27 14 2 44 69 35 31 17 68 87 40 22 11 49 4 92 60 77 74 32 94 3 65 89 63 
63 86 52 64 78 10 30 41 39 58 79 90 42 1 34 6 51 21 15 83 12 23 18 97 85 67 82 96 88 48 13 46 25 54 100 55 29 53 47 66 91 24 8 26 56 84 72 71 80 93 36 50 37 73 76 95 59 9 99 5 81 19 45 62 75 16 28 98 61 38 70 43 33 7 57 20 27 14 2 44 69 35 31 17 68 87 40 22 11 49 4 92 60 77 74 32 94 3 65 89 
89 63 86 52 64 78 10 30 41 39 58 79 90 42 1 34 6 51 21 15 83 12 23 18 97 85 67 82 96 88 48 13 46 25 54 100 55 29 53 47 66 91 24 8 26 56 84 72 71 80 93 36 50 37 73 76 95 59 9 99 5 81 19 45 62 75 16 28 98 61 38 70 43 33 7 57 20 27 14 2 44 69 35 31 17 68 87 40 22 11 49 4 92 60 77 74 32 94 3 65 
65 89 63 86 52 64 78 10 30 41 39 58 79 90 42 1 34 6 51 21 15 83 12 23 18 97 85 67 82 96 88 48 13 46 25 54 100 55 29 53 47 66 91 24 8 26 56 84 72 71 80 93 36 50 37 73 76 95 59 9 99 5 81 19 45 62 75 16 28 98 61 38 70 43 33 7 57 20 27 14 2 44 69 35 31 17 68 87 40 22 11 49 4 92 60 77 74 32 94 3 
3 65 89 63 86 52 64 78 10 30 41 39 58 79 90 42 1 34 6 51 21 15 83 12 23 18 97 85 67 82 96 88 48 13 46 25 54 100 55 29 53 47 66 91 24 8 26 56 84 72 71 80 93 36 50 37 73 76 95 59 9 99 5 81 19 45 62 75 16 28 98 61 38 70 43 33 7 57 20 27 14 2 44 69 35 31 17 68 87 40 22 11 49 4 92 60 77 74 32 94 
94 3 65 89 63 86 52 64 78 10 30 41 39 58 79 90 42 1 34 6 51 21 15 83 12 23 18 97 85 67 82 96 88 48 13 46 25 54 100 55 29 53 47 66 91 24 8 26 56 84 72 71 80 93 36 50 37 73 76 95 59 9 99 5 81 19 45 62 75 16 28 98 61 38 70 43 33 7 57 20 27 14 2 44 69 35 31 17 68 87 40 22 11 49 4 92 60 77 74 32 
32 94 3 65 89 63 86 52 64 78 10 30 41 39 58 79 90 42 1 34 6 51 21 15 83 12 23 18 97 85 67 82 96 88 48 13 46 25 54 100 55 29 53 47 66 91 24 8 26 56 84 72 71 80 93 36 50 37 73 76 95 59 9 99 5 81 19 45 62 75 16 28 98 61 38 70 43 33 7 57 20 27 14 2 44 69 35 31 17 68 87 40 22 11 49 4 92 60 77 74 
74 32 94 3 65 89 63 86 52 64 78 10 30 41 39 58 79 90 42 1 34 6 51 21 15 83 12 23 18 97 85 67 82 96 88 48 13 46 25 54 100 55 29 53 47 66 91 24 8 26 56 84 72 71 80 93 36 50 37 73 76 95 59 9 99 5 81 19 45 62 75 16 28 98 61 38 70 43 33 7 57 20 27 14 2 44 69 35 31 17 68 87 40 22 11 49 4 92 60 77 
77 74 32 94 3 65 89 63 86 52 64 78 10 30 41 39 58 79 90 42 1 34 6 51 21 15 83 12 23 18 97 85 67 82 96 88 48 13 46 25 54 100 55 29 53 47 66 91 24 8 26 56 84 72 71 80 93 36 50 37 73 76 95 59 9 99 5 81 19 45 62 75 16 28 98 61 38 70 43 33 7 57 20 27 14 2 44 69 35 31 17 68 87 40 22 11 49 4 92 60 
60 77 74 32 94 3 65 89 63 86 52 64 78 10 30 41 39 58 79 90 42 1 34 6 51 21 15 83 12 23 18 97 85 67 82 96 88 48 13 46 25 54 100 55 29 53 47 66 91 24 8 26 56 84 72 71 80 93 36 50 37 73 76 95 59 9 99 5 81 19 45 62 75 16 28 98 61 38 70 43 33 7 57 20 27 14 2 44 69 35 31 17 68 87 40 22 11 49 4 92 
92 60 77 74 32 94 3 65 89 63 86 52 64 78 10 30 41 39 58 79 90 42 1 34 6 51 21 15 83 12 23 18 97 85 67 82 96 88 48 13 46 25 54 100 55 29 53 47 66 91 24 8 26 56 84 72 71 80 93 36 50 37 73 76 95 59 9 99 5 81 19 45 62 75 16 28 98 61 38 70 43 33 7 57 20 27 14 2 44 69 35 31 17 68 87 40 22 11 49 4 
4 92 60 77 74 32 94 3 65 89 63 86 52 64 78 10 30 41 39 58 79 90 42 1 34 6 51 21 15 83 12 23 18 97 85 67 82 96 88 48 13 46 25 54 100 55 29 53 47 66 91 24 8 26 56 84 72 71 80 93 36 50 37 73 76 95 59 9 99 5 81 19 45 62 75 16 28 98 61 38 70 43 33 7 57 20 27 14 2 44 69 35 31 17 68 87 40 22 11 49 
49 4 92 60 77 74 32 94 3 65 89 63 86 52 64 78 10 30 41 39 58 79 90 42 1 34 6 51 21 15 83 12 23 18 97 85 67 82 96 88 48 13 46 25 54 100 55 29 53 47 66 91 24 8 26 56 84 72 71 80 93 36 50 37 73 76 95 59 9 99 5 81 19 45 62 75 16 28 98 61 38 70 43 33 7 57 20 27 14 2 44 69 35 31 17 68 87 40 22 11 
11 49 4 92 60 77 74 32 94 3 65 89 63 86 52 64 78 10 30 41 39 58 79 90 42 1 34 6 51 21 15 83 12 23 18 97 85 67 82 96 88 48 13 46 25 54 100 55 29 53 47 66 91 24 8 26 56 84 72 71 80 93 36 50 37 73 76 95 59 9 99 5 81 19 45 62 75 16 28 98 61 38 70 43 33 7 57 20 27 14 2 44 69 35 31 17 68 87 40 22 
22 11 49 4 92 60 77 74 32 94 3 65 89 63 86 52 64 78 10 30 41 39 58 79 90 42 1 34 6 51 21 15 83 12 23 18 97 85 67 82 96 88 48 13 46 25 54 100 55 29 53 47 66 91 24 8 26 56 84 72 71 80 93 36 50 37 73 76 95 59 9 99 5 81 19 45 62 75 16 28 98 61 38 70 43 33 7 57 20 27 14 2 44 69 35 31 17 68 87 40 
40 22 11 49 4 92 60 77 74 32 94 3 65 89 63 86 52 64 78 10 30 41 39 58 79 90 42 1 34 6 51 21 15 83 12 23 18 97 85 67 82 96 88 48 13 46 25 54 100 55 29 53 47 66 91 24 8 26 56 84 72 71 80 93 36 50 37 73 76 95 59 9 99 5 81 19 45 62 75 16 28 98 61 38 70 43 33 7 57 20 27 14 2 44 69 35 31 17 68 87 
87 40 22 11 49 4 92 60 77 74 32 94 3 65 89 63 86 52 64 78 10 30 41 39 58 79 90 42 1 34 6 51 21 15 83 12 23 18 97 85 67 82 96 88 48 13 46 25 54 100 55 29 53 47 66 91 24 8 26 56 84 72 71 80 93 36 50 37 73 76 95 59 9 99 5 81 19 45 62 75 16 28 98 61 38 70 43 33 7 57 20 27 14 2 44 69 35 31 17 68 
68 87 40 22 11 49 4 92 60 77 74 32 94 3 65 89 63 86 52 64 78 10 30 41 39 58 79 90 42 1 34 6 51 21 15 83 12 23 18 97 85 67 82 96 88 48 13 46 25 54 100 55 29 53 47 66 91 24 8 26 56 84 72 71 80 93 36 50 37 73 76 95 59 9 99 5 81 19 45 62 75 16 28 98 61 38 70 43 33 7 57 20 27 14 2 44 69 35 31 17 
17 68 87 40 22 11 49 4 92 60 77 74 32 94 3 65 89 63 86 52 64 78 10 30 41 39 58 79 90 42 1 34 6 51 21 15 83 12 23 18 97 85 67 82 96 88 48 13 46 25 54 100 55 29 53 47 66 91 24 8 26 56 84 72 71 80 93 36 50 37 73 76 95 59 9 99 5 81 19 45 62 75 16 28 98 61 38 70 43 33 7 57 20 27 14 2 44 69 35 31 
31 17 68 87 40 22 11 49 4 92 60 77 74 32 94 3 65 89 63 86 52 64 78 10 30 41 39 58 79 90 42 1 34 6 51 21 15 83 12 23 18 97 85 67 82 96 88 48 13 46 25 54 100 55 29 53 47 66 91 24 8 26 56 84 72 71 80 93 36 50 37 73 76 95 59 9 99 5 81 19 45 62 75 16 28 98 61 38 70 43 33 7 57 20 27 14 2 44 69 35 
35 31 17 68 87 40 22 11 49 4 92 60 77 74 32 94 3 65 89 63 86 52 64 78 10 30 41 39 58 79 90 42 1 34 6 51 21 15 83 12 23 18 97 85 67 82 96 88 48 13 46 25 54 100 55 29 53 47 66 91 24 8 26 56 84 72 71 80 93 36 50 37 73 76 95 59 9 99 5 81 19 45 62 75 16 28 98 61 38 70 43 33 7 57 20 27 14 2 44 69 
69 35 31 17 68 87 40 22 11 49 4 92 60 77 74 32 94 3 65 89 63 86 52 64 78 10 30 41 39 58 79 90 42 1 34 6 51 21 15 83 12 23 18 97 85 67 82 96 88 48 13 46 25 54 100 55 29 53 47 66 91 24 8 26 56 84 72 71 80 93 36 50 37 73 76 95 59 9 99 5 81 19 45 62 75 16 28 98 61 38 70 43 33 7 57 20 27 14 2 44 
44 69 35 31 17 68 87 40 22 11 49 4 92 60 77 74 32 94 3 65 89 63 86 52 64 78 10 30 41 39 58 79 90 42 1 34 6 51 21 15 83 12 23 18 97 85 67 82 96 88 48 13 46 25 54 100 55 29 53 47 66 91 24 8 26 56 84 72 71 80 93 36 50 37 73 76 95 59 9 99 5 81 19 45 62 75 16 28 98 61 38 70 43 33 7 57 20 27 14 2 
2 44 69 35 31 17 68 87 40 22 11 49 4 92 60 77 74 32 94 3 65 89 63 86 52 64 78 10 30 41 39 58 79 90 42 1 34 6 51 21 15 83 12 23 18 97 85 67 82 96 88 48 13 46 25 54 100 55 29 53 47 66 91 24 8 26 56 84 72 71 80 93 36 50 37 73 76 95 59 9 99 5 81 19 45 62 75 16 28 98 61 38 70 43 33 7 57 20 27 14 
14 2 44 69 35 31 17 68 87 40 22 11 49 4 92 60 77 74 32 94 3 65 89 63 86 52 64 78 10 30 41 39 58 79 90 42 1 34 6 51 21 15 83 12 23 18 97 85 67 82 96 88 48 13 46 25 54 100 55 29 53 47 66 91 24 8 26 56 84 72 71 80 93 36 50 37 73 76 95 59 9 99 5 81 19 45 62 75 16 28 98 61 38 70 43 33 7 57 20 27 
27 14 2 44 69 35 31 17 68 87 40 22 11 49 4 92 60 77 74 32 94 3 65 89 63 86 52 64 78 10 30 41 39 58 79 90 42 1 34 6 51 21 15 83 12 23 18 97 85 67 82 96 88 48 13 46 25 54 100 55 29 53 47 66 91 24 8 26 56 84 72 71 80 93 36 50 37 73 76 95 59 9 99 5 81 19 45 62 75 16 28 98 61 38 70 43 33 7 57 20 
20 27 14 2 44 69 35 31 17 68 87 40 22 11 49 4 92 60 77 74 32 94 3 65 89 63 86 52 64 78 10 30 41 39 58 79 90 42 1 34 6 51 21 15 83 12 23 18 97 85 67 82 96 88 48 13 46 25 54 100 55 29 53 47 66 91 24 8 26 56 84 72 71 80 93 36 50 37 73 76 95 59 9 99 5 81 19 45 62 75 16 28 98 61 38 70 43 33 7 57 
57 20 27 14 2 44 69 35 31 17 68 87 40 22 11 49 4 92 60 77 74 32 94 3 65 89 63 86 52 64 78 10 30 41 39 58 79 90 42 1 34 6 51 21 15 83 12 23 18 97 85 67 82 96 88 48 13 46 25 54 100 55 29 53 47 66 91 24 8 26 56 84 72 71 80 93 36 50 37 73 76 95 59 9 99 5 81 19 45 62 75 16 28 98 61 38 70 43 33 7 
7 57 20 27 14 2 44 69 35 31 17 68 87 40 22 11 49 4 92 60 77 74 32 94 3 65 89 63 86 52 64 78 10 30 41 39 58 79 90 42 1 34 6 51 21 15 83 12 23 18 97 85 67 82 96 88 48 13 46 25 54 100 55 29 53 47 66 91 24 8 26 56 84 72 71 80 93 36 50 37 73 76 95 59 9 99 5 81 19 45 62 75 16 28 98 61 38 70 43 33 
33 7 57 20 27 14 2 44 69 35 31 17 68 87 40 22 11 49 4 92 60 77 74 32 94 3 65 89 63 86 52 64 78 10 30 41 39 58 79 90 42 1 34 6 51 21 15 83 12 23 18 97 85 67 82 96 88 48 13 46 25 54 100 55 29 53 47 66 91 24 8 26 56 84 72 71 80 93 36 50 37 73 76 95 59 9 99 5 81 19 45 62 75 16 28 98 61 38 70 43 
43 33 7 57 20 27 14 2 44 69 35 31 17 68 87 40 22 11 49 4 92 60 77 74 32 94 3 65 89 63 86 52 64 78 10 30 41 39 58 79 90 42 1 34 6 51 21 15 83 12 23 18 97 85 67 82 96 88 48 13 46 25 54 100 55 29 53 47 66 91 24 8 26 56 84 72 71 80 93 36 50 37 73 76 95 59 9 99 5 81 19 45 62 75 16 28 98 61 38 70 
70 43 33 7 57 20 27 14 2 44 69 35 31 17 68 87 40 22 11 49 4 92 60 77 74 32 94 3 65 89 63 86 52 64 78 10 30 41 39 58 79 90 42 1 34 6 51 21 15 83 12 23 18 97 85 67 82 96 88 48 13 46 25 54 100 55 29 53 47 66 91 24 8 26 56 84 72 71 80 93 36 50 37 73 76 95 59 9 99 5 81 19 45 62 75 16 28 98 61 38 
38 70 43 33 7 57 20 27 14 2 44 69 35 31 17 68 87 40 22 11 49 4 92 60 77 74 32 94 3 65 89 63 86 52 64 78 10 30 41 39 58 79 90 42 1 34 6 51 21 15 83 12 23 18 97 85 67 82 96 88 48 13 46 25 54 100 55 29 53 47 66 91 24 8 26 56 84 72 71 80 93 36 50 37 73 76 95 59 9 99 5 81 19 45 62 75 16 28 98 61 
61 38 70 43 33 7 57 20 27 14 2 44 69 35 31 17 68 87 40 22 11 49 4 92 60 77 74 32 94 3 65 89 63 86 52 64 78 10 30 41 39 58 79 90 42 1 34 6 51 21 15 83 12 23 18 97 85 67 82 96 88 48 13 46 25 54 100 55 29 53 47 66 91 24 8 26 56 84 72 71 80 93 36 50 37 73 76 95 59 9 99 5 81 19 45 62 75 16 28 98 
98 61 38 70 43 33 7 57 20 27 14 2 44 69 35 31 17 68 87 40 22 11 49 4 92 60 77 74 32 94 3 65 89 63 86 52 64 78 10 30 41 39 58 79 90 42 1 34 6 51 21 15 83 12 23 18 97 85 67 82 96 88 48 13 46 25 54 100 55 29 53 47 66 91 24 8 26 56 84 72 71 80 93 36 50 37 73 76 95 59 9 99 5 81 19 45 62 75 16 28 
28 98 61 38 70 43 33 7 57 20 27 14 2 44 69 35 31 17 68 87 40 22 11 49 4 92 60 77 74 32 94 3 65 89 63 86 52 64 78 10 30 41 39 58 79 90 42 1 34 6 51 21 15 83 12 23 18 97 85 67 82 96 88 48 13 46 25 54 100 55 29 53 47 66 91 24 8 26 56 84 72 71 80 93 36 50 37 73 76 95 59 9 99 5 81 19 45 62 75 16 
16 28 98 61 38 70 43 33 7 57 20 27 14 2 44 69 35 31 17 68 87 40 22 11 49 4 92 60 77 74 32 94 3 65 89 63 86 52 64 78 10 30 41 39 58 79 90 42 1 34 6 51 21 15 83 12 23 18 97 85 67 82 96 88 48 13 46 25 54 100 55 29 53 47 66 91 24 8 26 56 84 72 71 80 93 36 50 37 73 76 95 59 9 99 5 81 19 45 62 75 
75 16 28 98 61 38 70 43 33 7 57 20 27 14 2 44 69 35 31 17 68 87 40 22 11 49 4 92 60 77 74 32 94 3 65 89 63 86 52 64 78 10 30 41 39 58 79 90 42 1 34 6 51 21 15 83 12 23 18 97 85 67 82 96 88 48 13 46 25 54 100 55 29 53 47 66 91 24 8 26 56 84 72 71 80 93 36 50 37 73 76 95 59 9 99 5 81 19 45 62 
62 75 16 28 98 61 38 70 43 33 7 57 20 27 14 2 44 69 35 31 17 68 87 40 22 11 49 4 92 60 77 74 32 94 3 65 89 63 86 52 64 78 10 30 41 39 58 79 90 42 1 34 6 51 21 15 83 12 23 18 97 85 67 82 96 88 48 13 46 25 54 100 55 29 53 47 66 91 24 8 26 56 84 72 71 80 93 36 50 37 73 76 95 59 9 99 5 81 19 45 
45 62 75 16 28 98 61 38 70 43 33 7 57 20 27 14 2 44 69 35 31 17 68 87 40 22 11 49 4 92 60 77 74 32 94 3 65 89 63 86 52 64 78 10 30 41 39 58 79 90 42 1 34 6 51 21 15 83 12 23 18 97 85 67 82 96 88 48 13 46 25 54 100 55 29 53 47 66 91 24 8 26 56 84 72 71 80 93 36 50 37 73 76 95 59 9 99 5 81 19 
19 45 62 75 16 28 98 61 38 70 43 33 7 57 20 27 14 2 44 69 35 31 17 68 87 40 22 11 49 4 92 60 77 74 32 94 3 65 89 63 86 52 64 78 10 30 41 39 58 79 90 42 1 34 6 51 21 15 83 12 23 18 97 85 67 82 96 88 48 13 46 25 54 100 55 29 53 47 66 91 24 8 26 56 84 72 71 80 93 36 50 37 73 76 95 59 9 99 5 81 
