10000
100 100
2 70 51 60 26 93 22 16 83 66 54 46 19 100 43 87 72 48 12 81 21 76 35 84 63 73 29 4 15 71 89 92 11 65 50 14 67 36 25 44 17 37 97 74 13 79 10 88 85 62 53 38 5 64 77 61 20 31 68 47 32 55 96 91 42 3 33 24 52 49 39 95 30 8 9 45 41 27 57 23 34 6 56 80 86 82 7 94 98 99 28 78 40 18 69 58 90 1 75 59 
59 2 70 51 60 26 93 22 16 83 66 54 46 19 100 43 87 72 48 12 81 21 76 35 84 63 73 29 4 15 71 89 92 11 65 50 14 67 36 25 44 17 37 97 74 13 79 10 88 85 62 53 38 5 64 77 61 20 31 68 47 32 55 96 91 42 3 33 24 52 49 39 95 30 8 9 45 41 27 57 23 34 6 56 80 86 82 7 94 98 99 28 78 40 18 69 58 90 1 75 
75 59 2 70 51 60 26 93 22 16 83 66 54 46 19 100 43 87 72 48 12 81 21 76 35 84 63 73 29 4 15 71 89 92 11 65 50 14 67 36 25 44 17 37 97 74 13 79 10 88 85 62 53 38 5 64 77 61 20 31 68 47 32 55 96 91 42 3 33 24 52 49 39 95 30 8 9 45 41 27 57 23 34 6 56 80 86 82 7 94 98 99 28 78 40 18 69 58 90 1 
1 75 59 2 70 51 60 26 93 22 16 83 66 54 46 19 100 43 87 72 48 12 81 21 76 35 84 63 73 29 4 15 71 89 92 11 65 50 14 67 36 25 44 17 37 97 74 13 79 10 88 85 62 53 38 5 64 77 61 20 31 68 47 32 55 96 91 42 3 33 24 52 49 39 95 30 8 9 45 41 27 57 23 34 6 56 80 86 82 7 94 98 99 28 78 40 18 69 58 90 
90 1 75 59 2 70 51 60 26 93 22 16 83 66 54 46 19 100 43 87 72 48 12 81 21 76 35 84 63 73 29 4 15 71 89 92 11 65 50 14 67 36 25 44 17 37 97 74 13 79 10 88 85 62 53 38 5 64 77 61 20 31 68 47 32 55 96 91 42 3 33 24 52 49 39 95 30 8 9 45 41 27 57 23 34 6 56 80 86 82 7 94 98 99 28 78 40 18 69 58 
58 90 1 75 59 2 70 51 60 26 93 22 16 83 66 54 46 19 100 43 87 72 48 12 81 21 76 35 84 63 73 29 4 15 71 89 92 11 65 50 14 67 36 25 44 17 37 97 74 13 79 10 88 85 62 53 38 5 64 77 61 20 31 68 47 32 55 96 91 42 3 33 24 52 49 39 95 30 8 9 45 41 27 57 23 34 6 56 80 86 82 7 94 98 99 28 78 40 18 69 
69 58 90 1 75 59 2 70 51 60 26 93 22 16 83 66 54 46 19 100 43 87 72 48 12 81 21 76 35 84 63 73 29 4 15 71 89 92 11 65 50 14 67 36 25 44 17 37 97 74 13 79 10 88 85 62 53 38 5 64 77 61 20 31 68 47 32 55 96 91 42 3 33 24 52 49 39 95 30 8 9 45 41 27 57 23 34 6 56 80 86 82 7 94 98 99 28 78 40 18 
18 69 58 90 1 75 59 2 70 51 60 26 93 22 16 83 66 54 46 19 100 43 87 72 48 12 81 21 76 35 84 63 73 29 4 15 71 89 92 11 65 50 14 67 36 25 44 17 37 97 74 13 79 10 88 85 62 53 38 5 64 77 61 20 31 68 47 32 55 96 91 42 3 33 24 52 49 39 95 30 8 9 45 41 27 57 23 34 6 56 80 86 82 7 94 98 99 28 78 40 
40 18 69 58 90 1 75 59 2 70 51 60 26 93 22 16 83 66 54 46 19 100 43 87 72 48 12 81 21 76 35 84 63 73 29 4 15 71 89 92 11 65 50 14 67 36 25 44 17 37 97 74 13 79 10 88 85 62 53 38 5 64 77 61 20 31 68 47 32 55 96 91 42 3 33 24 52 49 39 95 30 8 9 45 41 27 57 23 34 6 56 80 86 82 7 94 98 99 28 78 
78 40 18 69 58 90 1 75 59 2 70 51 60 26 93 22 16 83 66 54 46 19 100 43 87 72 48 12 81 21 76 35 84 63 73 29 4 15 71 89 92 11 65 50 14 67 36 25 44 17 37 97 74 13 79 10 88 85 62 53 38 5 64 77 61 20 31 68 47 32 55 96 91 42 3 33 24 52 49 39 95 30 8 9 45 41 27 57 23 34 6 56 80 86 82 7 94 98 99 28 
28 78 40 18 69 58 90 1 75 59 2 70 51 60 26 93 22 16 83 66 54 46 19 100 43 87 72 48 12 81 21 76 35 84 63 73 29 4 15 71 89 92 11 65 50 14 67 36 25 44 17 37 97 74 13 79 10 88 85 62 53 38 5 64 77 61 20 31 68 47 32 55 96 91 42 3 33 24 52 49 39 95 30 8 9 45 41 27 57 23 34 6 56 80 86 82 7 94 98 99 
99 28 78 40 18 69 58 90 1 75 59 2 70 51 60 26 93 22 16 83 66 54 46 19 100 43 87 72 48 12 81 21 76 35 84 63 73 29 4 15 71 89 92 11 65 50 14 67 36 25 44 17 37 97 74 13 79 10 88 85 62 53 38 5 64 77 61 20 31 68 47 32 55 96 91 42 3 33 24 52 49 39 95 30 8 9 45 41 27 57 23 34 6 56 80 86 82 7 94 98 
98 99 28 78 40 18 69 58 90 1 75 59 2 70 51 60 26 93 22 16 83 66 54 46 19 100 43 87 72 48 12 81 21 76 35 84 63 73 29 4 15 71 89 92 11 65 50 14 67 36 25 44 17 37 97 74 13 79 10 88 85 62 53 38 5 64 77 61 20 31 68 47 32 55 96 91 42 3 33 24 52 49 39 95 30 8 9 45 41 27 57 23 34 6 56 80 86 82 7 94 
94 98 99 28 78 40 18 69 58 90 1 75 59 2 70 51 60 26 93 22 16 83 66 54 46 19 100 43 87 72 48 12 81 21 76 35 84 63 73 29 4 15 71 89 92 11 65 50 14 67 36 25 44 17 37 97 74 13 79 10 88 85 62 53 38 5 64 77 61 20 31 68 47 32 55 96 91 42 3 33 24 52 49 39 95 30 8 9 45 41 27 57 23 34 6 56 80 86 82 7 
7 94 98 99 28 78 40 18 69 58 90 1 75 59 2 70 51 60 26 93 22 16 83 66 54 46 19 100 43 87 72 48 12 81 21 76 35 84 63 73 29 4 15 71 89 92 11 65 50 14 67 36 25 44 17 37 97 74 13 79 10 88 85 62 53 38 5 64 77 61 20 31 68 47 32 55 96 91 42 3 33 24 52 49 39 95 30 8 9 45 41 27 57 23 34 6 56 80 86 82 
82 7 94 98 99 28 78 40 18 69 58 90 1 75 59 2 70 51 60 26 93 22 16 83 66 54 46 19 100 43 87 72 48 12 81 21 76 35 84 63 73 29 4 15 71 89 92 11 65 50 14 67 36 25 44 17 37 97 74 13 79 10 88 85 62 53 38 5 64 77 61 20 31 68 47 32 55 96 91 42 3 33 24 52 49 39 95 30 8 9 45 41 27 57 23 34 6 56 80 86 
86 82 7 94 98 99 28 78 40 18 69 58 90 1 75 59 2 70 51 60 26 93 22 16 83 66 54 46 19 100 43 87 72 48 12 81 21 76 35 84 63 73 29 4 15 71 89 92 11 65 50 14 67 36 25 44 17 37 97 74 13 79 10 88 85 62 53 38 5 64 77 61 20 31 68 47 32 55 96 91 42 3 33 24 52 49 39 95 30 8 9 45 41 27 57 23 34 6 56 80 
80 86 82 7 94 98 99 28 78 40 18 69 58 90 1 75 59 2 70 51 60 26 93 22 16 83 66 54 46 19 100 43 87 72 48 12 81 21 76 35 84 63 73 29 4 15 71 89 92 11 65 50 14 67 36 25 44 17 37 97 74 13 79 10 88 85 62 53 38 5 64 77 61 20 31 68 47 32 55 96 91 42 3 33 24 52 49 39 95 30 8 9 45 41 27 57 23 34 6 56 
56 80 86 82 7 94 98 99 28 78 40 18 69 58 90 1 75 59 2 70 51 60 26 93 22 16 83 66 54 46 19 100 43 87 72 48 12 81 21 76 35 84 63 73 29 4 15 71 89 92 11 65 50 14 67 36 25 44 17 37 97 74 13 79 10 88 85 62 53 38 5 64 77 61 20 31 68 47 32 55 96 91 42 3 33 24 52 49 39 95 30 8 9 45 41 27 57 23 34 6 
6 56 80 86 82 7 94 98 99 28 78 40 18 69 58 90 1 75 59 2 70 51 60 26 93 22 16 83 66 54 46 19 100 43 87 72 48 12 81 21 76 35 84 63 73 29 4 15 71 89 92 11 65 50 14 67 36 25 44 17 37 97 74 13 79 10 88 85 62 53 38 5 64 77 61 20 31 68 47 32 55 96 91 42 3 33 24 52 49 39 95 30 8 9 45 41 27 57 23 34 
34 6 56 80 86 82 7 94 98 99 28 78 40 18 69 58 90 1 75 59 2 70 51 60 26 93 22 16 83 66 54 46 19 100 43 87 72 48 12 81 21 76 35 84 63 73 29 4 15 71 89 92 11 65 50 14 67 36 25 44 17 37 97 74 13 79 10 88 85 62 53 38 5 64 77 61 20 31 68 47 32 55 96 91 42 3 33 24 52 49 39 95 30 8 9 45 41 27 57 23 
23 34 6 56 80 86 82 7 94 98 99 28 78 40 18 69 58 90 1 75 59 2 70 51 60 26 93 22 16 83 66 54 46 19 100 43 87 72 48 12 81 21 76 35 84 63 73 29 4 15 71 89 92 11 65 50 14 67 36 25 44 17 37 97 74 13 79 10 88 85 62 53 38 5 64 77 61 20 31 68 47 32 55 96 91 42 3 33 24 52 49 39 95 30 8 9 45 41 27 57 
57 23 34 6 56 80 86 82 7 94 98 99 28 78 40 18 69 58 90 1 75 59 2 70 51 60 26 93 22 16 83 66 54 46 19 100 43 87 72 48 12 81 21 76 35 84 63 73 29 4 15 71 89 92 11 65 50 14 67 36 25 44 17 37 97 74 13 79 10 88 85 62 53 38 5 64 77 61 20 31 68 47 32 55 96 91 42 3 33 24 52 49 39 95 30 8 9 45 41 27 
27 57 23 34 6 56 80 86 82 7 94 98 99 28 78 40 18 69 58 90 1 75 59 2 70 51 60 26 93 22 16 83 66 54 46 19 100 43 87 72 48 12 81 21 76 35 84 63 73 29 4 15 71 89 92 11 65 50 14 67 36 25 44 17 37 97 74 13 79 10 88 85 62 53 38 5 64 77 61 20 31 68 47 32 55 96 91 42 3 33 24 52 49 39 95 30 8 9 45 41 
41 27 57 23 34 6 56 80 86 82 7 94 98 99 28 78 40 18 69 58 90 1 75 59 2 70 51 60 26 93 22 16 83 66 54 46 19 100 43 87 72 48 12 81 21 76 35 84 63 73 29 4 15 71 89 92 11 65 50 14 67 36 25 44 17 37 97 74 13 79 10 88 85 62 53 38 5 64 77 61 20 31 68 47 32 55 96 91 42 3 33 24 52 49 39 95 30 8 9 45 
45 41 27 57 23 34 6 56 80 86 82 7 94 98 99 28 78 40 18 69 58 90 1 75 59 2 70 51 60 26 93 22 16 83 66 54 46 19 100 43 87 72 48 12 81 21 76 35 84 63 73 29 4 15 71 89 92 11 65 50 14 67 36 25 44 17 37 97 74 13 79 10 88 85 62 53 38 5 64 77 61 20 31 68 47 32 55 96 91 42 3 33 24 52 49 39 95 30 8 9 
9 45 41 27 57 23 34 6 56 80 86 82 7 94 98 99 28 78 40 18 69 58 90 1 75 59 2 70 51 60 26 93 22 16 83 66 54 46 19 100 43 87 72 48 12 81 21 76 35 84 63 73 29 4 15 71 89 92 11 65 50 14 67 36 25 44 17 37 97 74 13 79 10 88 85 62 53 38 5 64 77 61 20 31 68 47 32 55 96 91 42 3 33 24 52 49 39 95 30 8 
8 9 45 41 27 57 23 34 6 56 80 86 82 7 94 98 99 28 78 40 18 69 58 90 1 75 59 2 70 51 60 26 93 22 16 83 66 54 46 19 100 43 87 72 48 12 81 21 76 35 84 63 73 29 4 15 71 89 92 11 65 50 14 67 36 25 44 17 37 97 74 13 79 10 88 85 62 53 38 5 64 77 61 20 31 68 47 32 55 96 91 42 3 33 24 52 49 39 95 30 
30 8 9 45 41 27 57 23 34 6 56 80 86 82 7 94 98 99 28 78 40 18 69 58 90 1 75 59 2 70 51 60 26 93 22 16 83 66 54 46 19 100 43 87 72 48 12 81 21 76 35 84 63 73 29 4 15 71 89 92 11 65 50 14 67 36 25 44 17 37 97 74 13 79 10 88 85 62 53 38 5 64 77 61 20 31 68 47 32 55 96 91 42 3 33 24 52 49 39 95 
95 30 8 9 45 41 27 57 23 34 6 56 80 86 82 7 94 98 99 28 78 40 18 69 58 90 1 75 59 2 70 51 60 26 93 22 16 83 66 54 46 19 100 43 87 72 48 12 81 21 76 35 84 63 73 29 4 15 71 89 92 11 65 50 14 67 36 25 44 17 37 97 74 13 79 10 88 85 62 53 38 5 64 77 61 20 31 68 47 32 55 96 91 42 3 33 24 52 49 39 
39 95 30 8 9 45 41 27 57 23 34 6 56 80 86 82 7 94 98 99 28 78 40 18 69 58 90 1 75 59 2 70 51 60 26 93 22 16 83 66 54 46 19 100 43 87 72 48 12 81 21 76 35 84 63 73 29 4 15 71 89 92 11 65 50 14 67 36 25 44 17 37 97 74 13 79 10 88 85 62 53 38 5 64 77 61 20 31 68 47 32 55 96 91 42 3 33 24 52 49 
49 39 95 30 8 9 45 41 27 57 23 34 6 56 80 86 82 7 94 98 99 28 78 40 18 69 58 90 1 75 59 2 70 51 60 26 93 22 16 83 66 54 46 19 100 43 87 72 48 12 81 21 76 35 84 63 73 29 4 15 71 89 92 11 65 50 14 67 36 25 44 17 37 97 74 13 79 10 88 85 62 53 38 5 64 77 61 20 31 68 47 32 55 96 91 42 3 33 24 52 
52 49 39 95 30 8 9 45 41 27 57 23 34 6 56 80 86 82 7 94 98 99 28 78 40 18 69 58 90 1 75 59 2 70 51 60 26 93 22 16 83 66 54 46 19 100 43 87 72 48 12 81 21 76 35 84 63 73 29 4 15 71 89 92 11 65 50 14 67 36 25 44 17 37 97 74 13 79 10 88 85 62 53 38 5 64 77 61 20 31 68 47 32 55 96 91 42 3 33 24 
24 52 49 39 95 30 8 9 45 41 27 57 23 34 6 56 80 86 82 7 94 98 99 28 78 40 18 69 58 90 1 75 59 2 70 51 60 26 93 22 16 83 66 54 46 19 100 43 87 72 48 12 81 21 76 35 84 63 73 29 4 15 71 89 92 11 65 50 14 67 36 25 44 17 37 97 74 13 79 10 88 85 62 53 38 5 64 77 61 20 31 68 47 32 55 96 91 42 3 33 
33 24 52 49 39 95 30 8 9 45 41 27 57 23 34 6 56 80 86 82 7 94 98 99 28 78 40 18 69 58 90 1 75 59 2 70 51 60 26 93 22 16 83 66 54 46 19 100 43 87 72 48 12 81 21 76 35 84 63 73 29 4 15 71 89 92 11 65 50 14 67 36 25 44 17 37 97 74 13 79 10 88 85 62 53 38 5 64 77 61 20 31 68 47 32 55 96 91 42 3 
3 33 24 52 49 39 95 30 8 9 45 41 27 57 23 34 6 56 80 86 82 7 94 98 99 28 78 40 18 69 58 90 1 75 59 2 70 51 60 26 93 22 16 83 66 54 46 19 100 43 87 72 48 12 81 21 76 35 84 63 73 29 4 15 71 89 92 11 65 50 14 67 36 25 44 17 37 97 74 13 79 10 88 85 62 53 38 5 64 77 61 20 31 68 47 32 55 96 91 42 
42 3 33 24 52 49 39 95 30 8 9 45 41 27 57 23 34 6 56 80 86 82 7 94 98 99 28 78 40 18 69 58 90 1 75 59 2 70 51 60 26 93 22 16 83 66 54 46 19 100 43 87 72 48 12 81 21 76 35 84 63 73 29 4 15 71 89 92 11 65 50 14 67 36 25 44 17 37 97 74 13 79 10 88 85 62 53 38 5 64 77 61 20 31 68 47 32 55 96 91 
91 42 3 33 24 52 49 39 95 30 8 9 45 41 27 57 23 34 6 56 80 86 82 7 94 98 99 28 78 40 18 69 58 90 1 75 59 2 70 51 60 26 93 22 16 83 66 54 46 19 100 43 87 72 48 12 81 21 76 35 84 63 73 29 4 15 71 89 92 11 65 50 14 67 36 25 44 17 37 97 74 13 79 10 88 85 62 53 38 5 64 77 61 20 31 68 47 32 55 96 
96 91 42 3 33 24 52 49 39 95 30 8 9 45 41 27 57 23 34 6 56 80 86 82 7 94 98 99 28 78 40 18 69 58 90 1 75 59 2 70 51 60 26 93 22 16 83 66 54 46 19 100 43 87 72 48 12 81 21 76 35 84 63 73 29 4 15 71 89 92 11 65 50 14 67 36 25 44 17 37 97 74 13 79 10 88 85 62 53 38 5 64 77 61 20 31 68 47 32 55 
55 96 91 42 3 33 24 52 49 39 95 30 8 9 45 41 27 57 23 34 6 56 80 86 82 7 94 98 99 28 78 40 18 69 58 90 1 75 59 2 70 51 60 26 93 22 16 83 66 54 46 19 100 43 87 72 48 12 81 21 76 35 84 63 73 29 4 15 71 89 92 11 65 50 14 67 36 25 44 17 37 97 74 13 79 10 88 85 62 53 38 5 64 77 61 20 31 68 47 32 
32 55 96 91 42 3 33 24 52 49 39 95 30 8 9 45 41 27 57 23 34 6 56 80 86 82 7 94 98 99 28 78 40 18 69 58 90 1 75 59 2 70 51 60 26 93 22 16 83 66 54 46 19 100 43 87 72 48 12 81 21 76 35 84 63 73 29 4 15 71 89 92 11 65 50 14 67 36 25 44 17 37 97 74 13 79 10 88 85 62 53 38 5 64 77 61 20 31 68 47 
47 32 55 96 91 42 3 33 24 52 49 39 95 30 8 9 45 41 27 57 23 34 6 56 80 86 82 7 94 98 99 28 78 40 18 69 58 90 1 75 59 2 70 51 60 26 93 22 16 83 66 54 46 19 100 43 87 72 48 12 81 21 76 35 84 63 73 29 4 15 71 89 92 11 65 50 14 67 36 25 44 17 37 97 74 13 79 10 88 85 62 53 38 5 64 77 61 20 31 68 
68 47 32 55 96 91 42 3 33 24 52 49 39 95 30 8 9 45 41 27 57 23 34 6 56 80 86 82 7 94 98 99 28 78 40 18 69 58 90 1 75 59 2 70 51 60 26 93 22 16 83 66 54 46 19 100 43 87 72 48 12 81 21 76 35 84 63 73 29 4 15 71 89 92 11 65 50 14 67 36 25 44 17 37 97 74 13 79 10 88 85 62 53 38 5 64 77 61 20 31 
31 68 47 32 55 96 91 42 3 33 24 52 49 39 95 30 8 9 45 41 27 57 23 34 6 56 80 86 82 7 94 98 99 28 78 40 18 69 58 90 1 75 59 2 70 51 60 26 93 22 16 83 66 54 46 19 100 43 87 72 48 12 81 21 76 35 84 63 73 29 4 15 71 89 92 11 65 50 14 67 36 25 44 17 37 97 74 13 79 10 88 85 62 53 38 5 64 77 61 20 
20 31 68 47 32 55 96 91 42 3 33 24 52 49 39 95 30 8 9 45 41 27 57 23 34 6 56 80 86 82 7 94 98 99 28 78 40 18 69 58 90 1 75 59 2 70 51 60 26 93 22 16 83 66 54 46 19 100 43 87 72 48 12 81 21 76 35 84 63 73 29 4 15 71 89 92 11 65 50 14 67 36 25 44 17 37 97 74 13 79 10 88 85 62 53 38 5 64 77 61 
61 20 31 68 47 32 55 96 91 42 3 33 24 52 49 39 95 30 8 9 45 41 27 57 23 34 6 56 80 86 82 7 94 98 99 28 78 40 18 69 58 90 1 75 59 2 70 51 60 26 93 22 16 83 66 54 46 19 100 43 87 72 48 12 81 21 76 35 84 63 73 29 4 15 71 89 92 11 65 50 14 67 36 25 44 17 37 97 74 13 79 10 88 85 62 53 38 5 64 77 
77 61 20 31 68 47 32 55 96 91 42 3 33 24 52 49 39 95 30 8 9 45 41 27 57 23 34 6 56 80 86 82 7 94 98 99 28 78 40 18 69 58 90 1 75 59 2 70 51 60 26 93 22 16 83 66 54 46 19 100 43 87 72 48 12 81 21 76 35 84 63 73 29 4 15 71 89 92 11 65 50 14 67 36 25 44 17 37 97 74 13 79 10 88 85 62 53 38 5 64 
64 77 61 20 31 68 47 32 55 96 91 42 3 33 24 52 49 39 95 30 8 9 45 41 27 57 23 34 6 56 80 86 82 7 94 98 99 28 78 40 18 69 58 90 1 75 59 2 70 51 60 26 93 22 16 83 66 54 46 19 100 43 87 72 48 12 81 21 76 35 84 63 73 29 4 15 71 89 92 11 65 50 14 67 36 25 44 17 37 97 74 13 79 10 88 85 62 53 38 5 
5 64 77 61 20 31 68 47 32 55 96 91 42 3 33 24 52 49 39 95 30 8 9 45 41 27 57 23 34 6 56 80 86 82 7 94 98 99 28 78 40 18 69 58 90 1 75 59 2 70 51 60 26 93 22 16 83 66 54 46 19 100 43 87 72 48 12 81 21 76 35 84 63 73 29 4 15 71 89 92 11 65 50 14 67 36 25 44 17 37 97 74 13 79 10 88 85 62 53 38 
38 5 64 77 61 20 31 68 47 32 55 96 91 42 3 33 24 52 49 39 95 30 8 9 45 41 27 57 23 34 6 56 80 86 82 7 94 98 99 28 78 40 18 69 58 90 1 75 59 2 70 51 60 26 93 22 16 83 66 54 46 19 100 43 87 72 48 12 81 21 76 35 84 63 73 29 4 15 71 89 92 11 65 50 14 67 36 25 44 17 37 97 74 13 79 10 88 85 62 53 
53 38 5 64 77 61 20 31 68 47 32 55 96 91 42 3 33 24 52 49 39 95 30 8 9 45 41 27 57 23 34 6 56 80 86 82 7 94 98 99 28 78 40 18 69 58 90 1 75 59 2 70 51 60 26 93 22 16 83 66 54 46 19 100 43 87 72 48 12 81 21 76 35 84 63 73 29 4 15 71 89 92 11 65 50 14 67 36 25 44 17 37 97 74 13 79 10 88 85 62 
62 53 38 5 64 77 61 20 31 68 47 32 55 96 91 42 3 33 24 52 49 39 95 30 8 9 45 41 27 57 23 34 6 56 80 86 82 7 94 98 99 28 78 40 18 69 58 90 1 75 59 2 70 51 60 26 93 22 16 83 66 54 46 19 100 43 87 72 48 12 81 21 76 35 84 63 73 29 4 15 71 89 92 11 65 50 14 67 36 25 44 17 37 97 74 13 79 10 88 85 
85 62 53 38 5 64 77 61 20 31 68 47 32 55 96 91 42 3 33 24 52 49 39 95 30 8 9 45 41 27 57 23 34 6 56 80 86 82 7 94 98 99 28 78 40 18 69 58 90 1 75 59 2 70 51 60 26 93 22 16 83 66 54 46 19 100 43 87 72 48 12 81 21 76 35 84 63 73 29 4 15 71 89 92 11 65 50 14 67 36 25 44 17 37 97 74 13 79 10 88 
88 85 62 53 38 5 64 77 61 20 31 68 47 32 55 96 91 42 3 33 24 52 49 39 95 30 8 9 45 41 27 57 23 34 6 56 80 86 82 7 94 98 99 28 78 40 18 69 58 90 1 75 59 2 70 51 60 26 93 22 16 83 66 54 46 19 100 43 87 72 48 12 81 21 76 35 84 63 73 29 4 15 71 89 92 11 65 50 14 67 36 25 44 17 37 97 74 13 79 10 
10 88 85 62 53 38 5 64 77 61 20 31 68 47 32 55 96 91 42 3 33 24 52 49 39 95 30 8 9 45 41 27 57 23 34 6 56 80 86 82 7 94 98 99 28 78 40 18 69 58 90 1 75 59 2 70 51 60 26 93 22 16 83 66 54 46 19 100 43 87 72 48 12 81 21 76 35 84 63 73 29 4 15 71 89 92 11 65 50 14 67 36 25 44 17 37 97 74 13 79 
79 10 88 85 62 53 38 5 64 77 61 20 31 68 47 32 55 96 91 42 3 33 24 52 49 39 95 30 8 9 45 41 27 57 23 34 6 56 80 86 82 7 94 98 99 28 78 40 18 69 58 90 1 75 59 2 70 51 60 26 93 22 16 83 66 54 46 19 100 43 87 72 48 12 81 21 76 35 84 63 73 29 4 15 71 89 92 11 65 50 14 67 36 25 44 17 37 97 74 13 
13 79 10 88 85 62 53 38 5 64 77 61 20 31 68 47 32 55 96 91 42 3 33 24 52 49 39 95 30 8 9 45 41 27 57 23 34 6 56 80 86 82 7 94 98 99 28 78 40 18 69 58 90 1 75 59 2 70 51 60 26 93 22 16 83 66 54 46 19 100 43 87 72 48 12 81 21 76 35 84 63 73 29 4 15 71 89 92 11 65 50 14 67 36 25 44 17 37 97 74 
74 13 79 10 88 85 62 53 38 5 64 77 61 20 31 68 47 32 55 96 91 42 3 33 24 52 49 39 95 30 8 9 45 41 27 57 23 34 6 56 80 86 82 7 94 98 99 28 78 40 18 69 58 90 1 75 59 2 70 51 60 26 93 22 16 83 66 54 46 19 100 43 87 72 48 12 81 21 76 35 84 63 73 29 4 15 71 89 92 11 65 50 14 67 36 25 44 17 37 97 
97 74 13 79 10 88 85 62 53 38 5 64 77 61 20 31 68 47 32 55 96 91 42 3 33 24 52 49 39 95 30 8 9 45 41 27 57 23 34 6 56 80 86 82 7 94 98 99 28 78 40 18 69 58 90 1 75 59 2 70 51 60 26 93 22 16 83 66 54 46 19 100 43 87 72 48 12 81 21 76 35 84 63 73 29 4 15 71 89 92 11 65 50 14 67 36 25 44 17 37 
37 97 74 13 79 10 88 85 62 53 38 5 64 77 61 20 31 68 47 32 55 96 91 42 3 33 24 52 49 39 95 30 8 9 45 41 27 57 23 34 6 56 80 86 82 7 94 98 99 28 78 40 18 69 58 90 1 75 59 2 70 51 60 26 93 22 16 83 66 54 46 19 100 43 87 72 48 12 81 21 76 35 84 63 73 29 4 15 71 89 92 11 65 50 14 67 36 25 44 17 
17 37 97 74 13 79 10 88 85 62 53 38 5 64 77 61 20 31 68 47 32 55 96 91 42 3 33 24 52 49 39 95 30 8 9 45 41 27 57 23 34 6 56 80 86 82 7 94 98 99 28 78 40 18 69 58 90 1 75 59 2 70 51 60 26 93 22 16 83 66 54 46 19 100 43 87 72 48 12 81 21 76 35 84 63 73 29 4 15 71 89 92 11 65 50 14 67 36 25 44 
44 17 37 97 74 13 79 10 88 85 62 53 38 5 64 77 61 20 31 68 47 32 55 96 91 42 3 33 24 52 49 39 95 30 8 9 45 41 27 57 23 34 6 56 80 86 82 7 94 98 99 28 78 40 18 69 58 90 1 75 59 2 70 51 60 26 93 22 16 83 66 54 46 19 100 43 87 72 48 12 81 21 76 35 84 63 73 29 4 15 71 89 92 11 65 50 14 67 36 25 
25 44 17 37 97 74 13 79 10 88 85 62 53 38 5 64 77 61 20 31 68 47 32 55 96 91 42 3 33 24 52 49 39 95 30 8 9 45 41 27 57 23 34 6 56 80 86 82 7 94 98 99 28 78 40 18 69 58 90 1 75 59 2 70 51 60 26 93 22 16 83 66 54 46 19 100 43 87 72 48 12 81 21 76 35 84 63 73 29 4 15 71 89 92 11 65 50 14 67 36 
36 25 44 17 37 97 74 13 79 10 88 85 62 53 38 5 64 77 61 20 31 68 47 32 55 96 91 42 3 33 24 52 49 39 95 30 8 9 45 41 27 57 23 34 6 56 80 86 82 7 94 98 99 28 78 40 18 69 58 90 1 75 59 2 70 51 60 26 93 22 16 83 66 54 46 19 100 43 87 72 48 12 81 21 76 35 84 63 73 29 4 15 71 89 92 11 65 50 14 67 
67 36 25 44 17 37 97 74 13 79 10 88 85 62 53 38 5 64 77 61 20 31 68 47 32 55 96 91 42 3 33 24 52 49 39 95 30 8 9 45 41 27 57 23 34 6 56 80 86 82 7 94 98 99 28 78 40 18 69 58 90 1 75 59 2 70 51 60 26 93 22 16 83 66 54 46 19 100 43 87 72 48 12 81 21 76 35 84 63 73 29 4 15 71 89 92 11 65 50 14 
14 67 36 25 44 17 37 97 74 13 79 10 88 85 62 53 38 5 64 77 61 20 31 68 47 32 55 96 91 42 3 33 24 52 49 39 95 30 8 9 45 41 27 57 23 34 6 56 80 86 82 7 94 98 99 28 78 40 18 69 58 90 1 75 59 2 70 51 60 26 93 22 16 83 66 54 46 19 100 43 87 72 48 12 81 21 76 35 84 63 73 29 4 15 71 89 92 11 65 50 
50 14 67 36 25 44 17 37 97 74 13 79 10 88 85 62 53 38 5 64 77 61 20 31 68 47 32 55 96 91 42 3 33 24 52 49 39 95 30 8 9 45 41 27 57 23 34 6 56 80 86 82 7 94 98 99 28 78 40 18 69 58 90 1 75 59 2 70 51 60 26 93 22 16 83 66 54 46 19 100 43 87 72 48 12 81 21 76 35 84 63 73 29 4 15 71 89 92 11 65 
65 50 14 67 36 25 44 17 37 97 74 13 79 10 88 85 62 53 38 5 64 77 61 20 31 68 47 32 55 96 91 42 3 33 24 52 49 39 95 30 8 9 45 41 27 57 23 34 6 56 80 86 82 7 94 98 99 28 78 40 18 69 58 90 1 75 59 2 70 51 60 26 93 22 16 83 66 54 46 19 100 43 87 72 48 12 81 21 76 35 84 63 73 29 4 15 71 89 92 11 
11 65 50 14 67 36 25 44 17 37 97 74 13 79 10 88 85 62 53 38 5 64 77 61 20 31 68 47 32 55 96 91 42 3 33 24 52 49 39 95 30 8 9 45 41 27 57 23 34 6 56 80 86 82 7 94 98 99 28 78 40 18 69 58 90 1 75 59 2 70 51 60 26 93 22 16 83 66 54 46 19 100 43 87 72 48 12 81 21 76 35 84 63 73 29 4 15 71 89 92 
92 11 65 50 14 67 36 25 44 17 37 97 74 13 79 10 88 85 62 53 38 5 64 77 61 20 31 68 47 32 55 96 91 42 3 33 24 52 49 39 95 30 8 9 45 41 27 57 23 34 6 56 80 86 82 7 94 98 99 28 78 40 18 69 58 90 1 75 59 2 70 51 60 26 93 22 16 83 66 54 46 19 100 43 87 72 48 12 81 21 76 35 84 63 73 29 4 15 71 89 
89 92 11 65 50 14 67 36 25 44 17 37 97 74 13 79 10 88 85 62 53 38 5 64 77 61 20 31 68 47 32 55 96 91 42 3 33 24 52 49 39 95 30 8 9 45 41 27 57 23 34 6 56 80 86 82 7 94 98 99 28 78 40 18 69 58 90 1 75 59 2 70 51 60 26 93 22 16 83 66 54 46 19 100 43 87 72 48 12 81 21 76 35 84 63 73 29 4 15 71 
71 89 92 11 65 50 14 67 36 25 44 17 37 97 74 13 79 10 88 85 62 53 38 5 64 77 61 20 31 68 47 32 55 96 91 42 3 33 24 52 49 39 95 30 8 9 45 41 27 57 23 34 6 56 80 86 82 7 94 98 99 28 78 40 18 69 58 90 1 75 59 2 70 51 60 26 93 22 16 83 66 54 46 19 100 43 87 72 48 12 81 21 76 35 84 63 73 29 4 15 
15 71 89 92 11 65 50 14 67 36 25 44 17 37 97 74 13 79 10 88 85 62 53 38 5 64 77 61 20 31 68 47 32 55 96 91 42 3 33 24 52 49 39 95 30 8 9 45 41 27 57 23 34 6 56 80 86 82 7 94 98 99 28 78 40 18 69 58 90 1 75 59 2 70 51 60 26 93 22 16 83 66 54 46 19 100 43 87 72 48 12 81 21 76 35 84 63 73 29 4 
4 15 71 89 92 11 65 50 14 67 36 25 44 17 37 97 74 13 79 10 88 85 62 53 38 5 64 77 61 20 31 68 47 32 55 96 91 42 3 33 24 52 49 39 95 30 8 9 45 41 27 57 23 34 6 56 80 86 82 7 94 98 99 28 78 40 18 69 58 90 1 75 59 2 70 51 60 26 93 22 16 83 66 54 46 19 100 43 87 72 48 12 81 21 76 35 84 63 73 29 
29 4 15 71 89 92 11 65 50 14 67 36 25 44 17 37 97 74 13 79 10 88 85 62 53 38 5 64 77 61 20 31 68 47 32 55 96 91 42 3 33 24 52 49 39 95 30 8 9 45 41 27 57 23 34 6 56 80 86 82 7 94 98 99 28 78 40 18 69 58 90 1 75 59 2 70 51 60 26 93 22 16 83 66 54 46 19 100 43 87 72 48 12 81 21 76 35 84 63 73 
73 29 4 15 71 89 92 11 65 50 14 67 36 25 44 17 37 97 74 13 79 10 88 85 62 53 38 5 64 77 61 20 31 68 47 32 55 96 91 42 3 33 24 52 49 39 95 30 8 9 45 41 27 57 23 34 6 56 80 86 82 7 94 98 99 28 78 40 18 69 58 90 1 75 59 2 70 51 60 26 93 22 16 83 66 54 46 19 100 43 87 72 48 12 81 21 76 35 84 63 
63 73 29 4 15 71 89 92 11 65 50 14 67 36 25 44 17 37 97 74 13 79 10 88 85 62 53 38 5 64 77 61 20 31 68 47 32 55 96 91 42 3 33 24 52 49 39 95 30 8 9 45 41 27 57 23 34 6 56 80 86 82 7 94 98 99 28 78 40 18 69 58 90 1 75 59 2 70 51 60 26 93 22 16 83 66 54 46 19 100 43 87 72 48 12 81 21 76 35 84 
84 63 73 29 4 15 71 89 92 11 65 50 14 67 36 25 44 17 37 97 74 13 79 10 88 85 62 53 38 5 64 77 61 20 31 68 47 32 55 96 91 42 3 33 24 52 49 39 95 30 8 9 45 41 27 57 23 34 6 56 80 86 82 7 94 98 99 28 78 40 18 69 58 90 1 75 59 2 70 51 60 26 93 22 16 83 66 54 46 19 100 43 87 72 48 12 81 21 76 35 
35 84 63 73 29 4 15 71 89 92 11 65 50 14 67 36 25 44 17 37 97 74 13 79 10 88 85 62 53 38 5 64 77 61 20 31 68 47 32 55 96 91 42 3 33 24 52 49 39 95 30 8 9 45 41 27 57 23 34 6 56 80 86 82 7 94 98 99 28 78 40 18 69 58 90 1 75 59 2 70 51 60 26 93 22 16 83 66 54 46 19 100 43 87 72 48 12 81 21 76 
76 35 84 63 73 29 4 15 71 89 92 11 65 50 14 67 36 25 44 17 37 97 74 13 79 10 88 85 62 53 38 5 64 77 61 20 31 68 47 32 55 96 91 42 3 33 24 52 49 39 95 30 8 9 45 41 27 57 23 34 6 56 80 86 82 7 94 98 99 28 78 40 18 69 58 90 1 75 59 2 70 51 60 26 93 22 16 83 66 54 46 19 100 43 87 72 48 12 81 21 
21 76 35 84 63 73 29 4 15 71 89 92 11 65 50 14 67 36 25 44 17 37 97 74 13 79 10 88 85 62 53 38 5 64 77 61 20 31 68 47 32 55 96 91 42 3 33 24 52 49 39 95 30 8 9 45 41 27 57 23 34 6 56 80 86 82 7 94 98 99 28 78 40 18 69 58 90 1 75 59 2 70 51 60 26 93 22 16 83 66 54 46 19 100 43 87 72 48 12 81 
81 21 76 35 84 63 73 29 4 15 71 89 92 11 65 50 14 67 36 25 44 17 37 97 74 13 79 10 88 85 62 53 38 5 64 77 61 20 31 68 47 32 55 96 91 42 3 33 24 52 49 39 95 30 8 9 45 41 27 57 23 34 6 56 80 86 82 7 94 98 99 28 78 40 18 69 58 90 1 75 59 2 70 51 60 26 93 22 16 83 66 54 46 19 100 43 87 72 48 12 
12 81 21 76 35 84 63 73 29 4 15 71 89 92 11 65 50 14 67 36 25 44 17 37 97 74 13 79 10 88 85 62 53 38 5 64 77 61 20 31 68 47 32 55 96 91 42 3 33 24 52 49 39 95 30 8 9 45 41 27 57 23 34 6 56 80 86 82 7 94 98 99 28 78 40 18 69 58 90 1 75 59 2 70 51 60 26 93 22 16 83 66 54 46 19 100 43 87 72 48 
48 12 81 21 76 35 84 63 73 29 4 15 71 89 92 11 65 50 14 67 36 25 44 17 37 97 74 13 79 10 88 85 62 53 38 5 64 77 61 20 31 68 47 32 55 96 91 42 3 33 24 52 49 39 95 30 8 9 45 41 27 57 23 34 6 56 80 86 82 7 94 98 99 28 78 40 18 69 58 90 1 75 59 2 70 51 60 26 93 22 16 83 66 54 46 19 100 43 87 72 
72 48 12 81 21 76 35 84 63 73 29 4 15 71 89 92 11 65 50 14 67 36 25 44 17 37 97 74 13 79 10 88 85 62 53 38 5 64 77 61 20 31 68 47 32 55 96 91 42 3 33 24 52 49 39 95 30 8 9 45 41 27 57 23 34 6 56 80 86 82 7 94 98 99 28 78 40 18 69 58 90 1 75 59 2 70 51 60 26 93 22 16 83 66 54 46 19 100 43 87 
87 72 48 12 81 21 76 35 84 63 73 29 4 15 71 89 92 11 65 50 14 67 36 25 44 17 37 97 74 13 79 10 88 85 62 53 38 5 64 77 61 20 31 68 47 32 55 96 91 42 3 33 24 52 49 39 95 30 8 9 45 41 27 57 23 34 6 56 80 86 82 7 94 98 99 28 78 40 18 69 58 90 1 75 59 2 70 51 60 26 93 22 16 83 66 54 46 19 100 43 
43 87 72 48 12 81 21 76 35 84 63 73 29 4 15 71 89 92 11 65 50 14 67 36 25 44 17 37 97 74 13 79 10 88 85 62 53 38 5 64 77 61 20 31 68 47 32 55 96 91 42 3 33 24 52 49 39 95 30 8 9 45 41 27 57 23 34 6 56 80 86 82 7 94 98 99 28 78 40 18 69 58 90 1 75 59 2 70 51 60 26 93 22 16 83 66 54 46 19 100 
100 43 87 72 48 12 81 21 76 35 84 63 73 29 4 15 71 89 92 11 65 50 14 67 36 25 44 17 37 97 74 13 79 10 88 85 62 53 38 5 64 77 61 20 31 68 47 32 55 96 91 42 3 33 24 52 49 39 95 30 8 9 45 41 27 57 23 34 6 56 80 86 82 7 94 98 99 28 78 40 18 69 58 90 1 75 59 2 70 51 60 26 93 22 16 83 66 54 46 19 
19 100 43 87 72 48 12 81 21 76 35 84 63 73 29 4 15 71 89 92 11 65 50 14 67 36 25 44 17 37 97 74 13 79 10 88 85 62 53 38 5 64 77 61 20 31 68 47 32 55 96 91 42 3 33 24 52 49 39 95 30 8 9 45 41 27 57 23 34 6 56 80 86 82 7 94 98 99 28 78 40 18 69 58 90 1 75 59 2 70 51 60 26 93 22 16 83 66 54 46 
46 19 100 43 87 72 48 12 81 21 76 35 84 63 73 29 4 15 71 89 92 11 65 50 14 67 36 25 44 17 37 97 74 13 79 10 88 85 62 53 38 5 64 77 61 20 31 68 47 32 55 96 91 42 3 33 24 52 49 39 95 30 8 9 45 41 27 57 23 34 6 56 80 86 82 7 94 98 99 28 78 40 18 69 58 90 1 75 59 2 70 51 60 26 93 22 16 83 66 54 
54 46 19 100 43 87 72 48 12 81 21 76 35 84 63 73 29 4 15 71 89 92 11 65 50 14 67 36 25 44 17 37 97 74 13 79 10 88 85 62 53 38 5 64 77 61 20 31 68 47 32 55 96 91 42 3 33 24 52 49 39 95 30 8 9 45 41 27 57 23 34 6 56 80 86 82 7 94 98 99 28 78 40 18 69 58 90 1 75 59 2 70 51 60 26 93 22 16 83 66 
66 54 46 19 100 43 87 72 48 12 81 21 76 35 84 63 73 29 4 15 71 89 92 11 65 50 14 67 36 25 44 17 37 97 74 13 79 10 88 85 62 53 38 5 64 77 61 20 31 68 47 32 55 96 91 42 3 33 24 52 49 39 95 30 8 9 45 41 27 57 23 34 6 56 80 86 82 7 94 98 99 28 78 40 18 69 58 90 1 75 59 2 70 51 60 26 93 22 16 83 
83 66 54 46 19 100 43 87 72 48 12 81 21 76 35 84 63 73 29 4 15 71 89 92 11 65 50 14 67 36 25 44 17 37 97 74 13 79 10 88 85 62 53 38 5 64 77 61 20 31 68 47 32 55 96 91 42 3 33 24 52 49 39 95 30 8 9 45 41 27 57 23 34 6 56 80 86 82 7 94 98 99 28 78 40 18 69 58 90 1 75 59 2 70 51 60 26 93 22 16 
16 83 66 54 46 19 100 43 87 72 48 12 81 21 76 35 84 63 73 29 4 15 71 89 92 11 65 50 14 67 36 25 44 17 37 97 74 13 79 10 88 85 62 53 38 5 64 77 61 20 31 68 47 32 55 96 91 42 3 33 24 52 49 39 95 30 8 9 45 41 27 57 23 34 6 56 80 86 82 7 94 98 99 28 78 40 18 69 58 90 1 75 59 2 70 51 60 26 93 22 
22 16 83 66 54 46 19 100 43 87 72 48 12 81 21 76 35 84 63 73 29 4 15 71 89 92 11 65 50 14 67 36 25 44 17 37 97 74 13 79 10 88 85 62 53 38 5 64 77 61 20 31 68 47 32 55 96 91 42 3 33 24 52 49 39 95 30 8 9 45 41 27 57 23 34 6 56 80 86 82 7 94 98 99 28 78 40 18 69 58 90 1 75 59 2 70 51 60 26 93 
93 22 16 83 66 54 46 19 100 43 87 72 48 12 81 21 76 35 84 63 73 29 4 15 71 89 92 11 65 50 14 67 36 25 44 17 37 97 74 13 79 10 88 85 62 53 38 5 64 77 61 20 31 68 47 32 55 96 91 42 3 33 24 52 49 39 95 30 8 9 45 41 27 57 23 34 6 56 80 86 82 7 94 98 99 28 78 40 18 69 58 90 1 75 59 2 70 51 60 26 
26 93 22 16 83 66 54 46 19 100 43 87 72 48 12 81 21 76 35 84 63 73 29 4 15 71 89 92 11 65 50 14 67 36 25 44 17 37 97 74 13 79 10 88 85 62 53 38 5 64 77 61 20 31 68 47 32 55 96 91 42 3 33 24 52 49 39 95 30 8 9 45 41 27 57 23 34 6 56 80 86 82 7 94 98 99 28 78 40 18 69 58 90 1 75 59 2 70 51 60 
60 26 93 22 16 83 66 54 46 19 100 43 87 72 48 12 81 21 76 35 84 63 73 29 4 15 71 89 92 11 65 50 14 67 36 25 44 17 37 97 74 13 79 10 88 85 62 53 38 5 64 77 61 20 31 68 47 32 55 96 91 42 3 33 24 52 49 39 95 30 8 9 45 41 27 57 23 34 6 56 80 86 82 7 94 98 99 28 78 40 18 69 58 90 1 75 59 2 70 51 
51 60 26 93 22 16 83 66 54 46 19 100 43 87 72 48 12 81 21 76 35 84 63 73 29 4 15 71 89 92 11 65 50 14 67 36 25 44 17 37 97 74 13 79 10 88 85 62 53 38 5 64 77 61 20 31 68 47 32 55 96 91 42 3 33 24 52 49 39 95 30 8 9 45 41 27 57 23 34 6 56 80 86 82 7 94 98 99 28 78 40 18 69 58 90 1 75 59 2 70 
70 51 60 26 93 22 16 83 66 54 46 19 100 43 87 72 48 12 81 21 76 35 84 63 73 29 4 15 71 89 92 11 65 50 14 67 36 25 44 17 37 97 74 13 79 10 88 85 62 53 38 5 64 77 61 20 31 68 47 32 55 96 91 42 3 33 24 52 49 39 95 30 8 9 45 41 27 57 23 34 6 56 80 86 82 7 94 98 99 28 78 40 18 69 58 90 1 75 59 2 
