0
41575
115229
1201
16817
108904
119148
114791
137446
0
27984
160140
88600
137407
37623
45103
80462
148845
159835
0
24987
116871
91564
0
0
139397
39749
52704
167725
117794
41436
83084
138455
84984
29926
0
0
0
0
0
119236
10645
151335
0
62085
123305
151255
0
31413
0
0
159216
41393
39385
57884
56529
0
0
0
53846
149238
126136
64608
0
15195
20869
0
124395
109168
143286
0
0
84834
141425
0
101001
0
133375
48060
130246
0
71929
24732
0
42760
0
1201
0
62157
66272
107645
0
110696
64121
60463
0
0
50128
70996
126174
166838
87712
28541
0
132324
0
0
76014
0
25670
51467
93465
124058
142371
51304
0
113802
0
0
102105
78492
0
138008
49815
72670
156953
0
122495
40580
48154
0
0
18466
0
73872
29193
136326
127406
0
52655
96055
71568
35813
0
102780
80518
53488
31355
8677
16810
0
35821
74327
71266
132896
80873
79544
0
33380
90293
87828
86631
41821
143650
17848
151558
153734
0
27517
3825
64466
71335
111521
124109
94417
69652
55677
108530
149128
170898
0
168418
24447
98315
0
86323
84803
93778
182812
62939
119376
61785
134110
0
148985
2997
129848
56356
78425
0
76853
17968
65935
0
94528
121225
139260
81174
134523
0
0
70454
106212
115438
59622
146244
0
0
54212
17967
0
102093
0
0
63896
72786
52840
55228
50300
111243
148287
32417
104334
0
0
66014
0
48965
100849
132530
163412
38286
53516
78253
66396
0
30082
135854
162029
56846
137362
166449
0
0
137010
0
52535
133061
88091
73873
60522
83505
116012
0
65762
133655
114503
156441
49392
88379
0
0
0
102599
98797
97335
88297
0
0
117676
14988
151711
104006
113333
0
54497
0
60141
148442
0
48316
137510
104025
0
112276
156986
34221
78028
0
102997
67455
104744
7256
10813
55183
160030
69058
156096
70015
98624
16616
61610
28366
0
47242
35944
141010
83368
31677
124597
0
12705
122560
2800
0
103554
0
0
62550
0
6648
53563
0
54868
159240
55899
3891
112818
0
77799
91334
16316
55390
0
0
123113
151197
36568
0
0
0
0
0
64002
94507
96001
113145
0
30296
28075
0
163640
140635
30267
141926
0
110530
32464
0
0
83681
22763
97466
160755
0
14482
0
124805
129782
44673
150370
63492
81681
60265
51937
59327
140293
12665
72106
24708
15155
69614
0
0
131514
87615
0
162451
117976
33494
0
135687
8923
162735
126138
61129
121056
77336
0
113922
36098
161769
78288
150094
44469
105357
165842
144532
0
7722
120205
65493
23913
10161
67753
30728
103460
37016
55036
124093
11504
0
161183
60705
66092
45571
80347
19978
1201
0
22235
0
26139
90430
0
0
40498
41235
0
68223
137051
109092
106124
0
0
77311
161856
57864
115793
69892
77697
53828
119377
86076
0
166283
101066
118804
109531
120914
41079
0
117990
99181
25192
0
0
120504
32236
87280
140553
0
91831
44705
143671
0
90904
142990
0
56506
0
137742
159617
91100
5966
0
0
0
122602
120332
95239
10363
149427
95498
149052
108450
104293
132135
143453
101534
140959
49325
152925
71764
44030
0
33933
0
105673
97576
89935
0
117375
0
0
167113
30581
0
0
113420
85381
59882
131808
0
108636
0
80517
56074
66644
71266
110754
15312
109522
120054
0
143325
57780
0
51671
78767
14844
92672
0
95793
5523
83612
41172
23124
117008
109403
40268
62260
31982
66401
144866
0
0
33155
106343
61943
0
171164
0
150641
153251
109483
0
0
89288
112371
29940
0
13854
0
132600
117790
79034
0
30285
102777
158735
3601
18514
61892
87352
129231
116386
14689
33131
39055
124198
143264
3876
50751
95016
78814
148229
0
55018
114175
172549
31637
89804
162719
128093
0
104925
95080
89879
0
132304
24298
107743
0
178909
147268
109710
164599
138887
130477
124925
114608
0
126089
0
36523
2273
66315
45383
75839
102874
97152
160879
0
0
0
99391
40706
41212
0
108904
98308
70952
66481
123301
75699
0
0
166214
44810
94574
124267
122009
0
75649
0
119775
107831
100822
105589
26265
151469
35436
51721
0
121702
16443
108995
44038
175637
120971
157989
129781
57012
160467
184594
151004
0
64526
54328
0
85105
128792
94739
9194
137080
0
68660
124035
0
59086
112954
0
84804
67146
0
26628
0
107795
74668
86892
0
131802
5012
26371
66272
148353
156298
120421
165683
91963
0
118286
0
148597
157276
3680
0
152744
60170
112944
78972
123391
102428
16810
66770
100200
0
0
0
0
98989
24298
57876
80600
2197
0
41695
125226
96449
134602
138076
0
55534
137718
14044
129543
48493
133298
0
86136
0
0
0
14948
16909
123846
91482
48351
101443
67331
9605
163219
106013
58958
2800
71343
106435
0
131122
150123
0
79767
64964
142900
0
0
26265
65732
114351
46835
2273
126948
60132
79109
25309
35303
44639
13514
84781
19347
103099
0
64398
60818
30260
0
113903
0
0
34596
89592
139458
94947
0
109257
72931
46569
0
0
31294
76811
7678
42317
0
183712
0
0
63557
69367
157633
110164
52701
53629
47171
0
0
50400
61774
61326
142913
36832
72655
138551
95776
165245
106480
70632
61171
51022
0
0
0
105885
128435
145873
0
101968
34431
114907
88379
63069
74464
111769
0
163810
103291
0
82449
71897
142953
32585
15675
50078
139529
155842
17334
133462
66449
0
113930
32408
60732
96960
95546
70566
28075
0
93770
152366
112782
48194
126069
64730
0
134247
0
0
97008
71593
0
110696
0
0
0
133335
108994
168634
0
103239
72536
60303
121428
60315
39696
0
0
130720
0
0
8894
78777
124653
99221
78030
44619
157429
0
90291
0
73467
114683
2418
75368
145971
83476
0
31119
115124
62550
166193
99828
151598
55390
160162
125600
24694
0
0
92487
85948
96628
153606
35431
0
68757
164285
85463
130638
109680
135903
115920
4282
0
122199
147013
123917
73851
34565
148356
138708
103291
81392
0
73979
110463
0
0
76742
57827
48851
49273
72619
130549
57729
165180
102737
91338
112980
169664
54497
102140
84780
155659
0
111804
44433
110894
0
54922
93740
14844
55510
70927
164226
15691
0
0
21978
137351
40498
0
161350
56224
137217
97405
68938
0
43028
0
93770
124436
0
25772
131887
64449
19308
53488
106047
0
127294
96904
17872
78369
0
103598
161966
141747
54474
49654
141451
90554
64398
147558
0
163351
31826
132307
126464
86639
0
57309
0
102599
101000
140230
94472
0
119664
52667
116154
0
29234
41890
85586
36274
0
0
112656
2997
56506
0
73083
121689
0
106285
31916
64784
27607
8553
96359
126286
133936
0
119557
45295
162065
141926
0
163513
34596
43441
74134
115618
160915
137769
0
63524
55183
68485
98293
82804
86664
58238
75918
145671
41966
158274
54198
53488
63168
42847
0
97253
63669
47093
19366
68180
0
67221
0
0
0
0
80852
129897
165763
143524
72480
59097
2273
48134
63873
32757
107630
23791
0
0
0
0
148845
103179
68674
48972
158238
27006
159841
109339
169342
4802
93236
42884
76675
22136
73679
11216
133919
142781
140566
0
98310
0
17079
129164
33235
122885
166620
108975
0
81489
0
93782
0
44758
0
0
150023
0
36736
65483
37198
51314
24686
0
108201
51119
136856
83562
30602
73679
0
107291
69614
0
152497
25309
96977
31617
34431
88871
0
29037
85381
139458
74234
40507
16807
146265
110463
0
69329
113447
146740
14456
69268
0
25309
22750
69240
161331
102111
176691
133078
0
74056
42641
75257
46490
0
169976
144671
0
30354
0
84534
157961
4265
0
104725
41229
30720
81778
148046
70114
53978
0
155065
117178
130799
55794
67509
41904
72344
155193
18393
83527
0
103111
60465
144918
106353
112451
43832
0
52731
51928
137451
76450
150605
112215
0
117035
77544
167562
116604
0
70467
75414
48036
115291
94395
0
44979
36695
15305
13655
0
0
37490
67307
130755
0
38150
0
32854
142929
112867
34417
122662
74353
58194
0
59624
0
25921
49233
128308
79481
0
160732
0
39068
0
0
69785
27511
0
141493
0
76998
86122
44692
0
17955
133845
100793
65655
73944
0
149639
156672
13683
102389
62582
132364
157720
0
67891
0
0
165035
153508
0
68115
50933
64666
48878
132882
64803
0
38975
126727
77834
0
0
66137
119699
133887
0
33163
0
147428
27108
122815
46087
94343
0
0
149472
82156
131762
167428
64136
0
37193
150087
75814
0
139639
0
167353
40196
0
45412
93992
70927
49755
162483
135687
149501
0
0
0
0
0
86878
87533
84698
146135
50709
110918
60928
83032
150575
110780
74477
0
0
105518
5901
81721
129835
49849
27189
0
73708
100941
136281
0
81583
108743
152422
21603
154659
105849
127294
79865
28314
102671
14682
68132
167817
0
0
64299
54557
54517
0
115180
131571
29999
39055
23267
98488
123388
0
92600
26891
142811
79874
0
87243
105310
98033
34172
84891
126838
149914
82380
89147
0
89496
144364
0
153160
127078
46086
0
158743
37840
0
27537
0
156171
104546
0
23457
77560
127173
17848
164314
39749
121051
75189
15181
74861
75004
128109
48493
0
27156
50719
35436
73687
140566
19696
0
160724
85638
34678
69783
0
130665
136649
127232
29234
0
25309
107726
0
121330
0
42299
75202
154325
0
75560
47638
159380
30389
76680
89596
107239
78298
0
0
171488
22263
50143
34737
29234
0
101349
141873
83893
46333
61350
0
156150
0
135309
0
9484
163962
95206
91389
126760
40198
56888
102728
166214
133061
0
25360
0
107262
0
116604
111958
130142
0
81042
0
19688
108807
26138
0
136412
0
37810
126861
63368
0
117644
83433
21688
0
74428
0
132585
28599
122152
39121
159841
43222
38453
81446
150760
76002
0
132037
2418
73321
65850
135970
144060
0
44339
36098
171543
6438
0
66994
138852
55058
75752
112548
28076
94676
74403
0
64136
112072
104783
0
159054
124663
103826
0
0
135841
70754
98890
38953
73277
35976
140055
85860
164508
72477
0
68132
0
84795
15380
39749
132564
131479
85730
90433
37824
0
43397
58748
62856
71505
58335
95989
108521
109290
0
71067
144537
42019
103267
0
70263
0
20692
36255
26265
54063
129462
53846
68400
140408
131265
147378
168252
35470
119288
118669
0
121670
89149
25765
24108
78696
54021
92909
105555
157551
118890
18671
69031
151491
148928
128451
144631
0
29059
54419
43326
26371
43978
82003
91030
59974
118443
0
43700
0
17658
150199
146060
0
160884
16732
128269
0
58766
17848
90743
89643
123619
112451
8143
0
0
54463
140863
57006
84324
50557
76448
140029
78030
137939
12934
0
109346
132761
14098
121167
63470
109359
19783
96619
108898
27594
157608
6384
16431
26335
35648
80740
0
150113
37807
121941
58658
0
156837
53296
0
170143
44149
30973
89165
107594
67439
117397
0
49470
0
60656
28781
129338
0
128232
42649
158943
0
0
5402
118523
96909
120006
126918
81295
70631
80112
78703
125200
147596
93778
24319
0
58162
0
114585
0
0
22638
0
0
56141
65191
130846
50400
0
146452
119965
64177
78534
164163
66308
0
44654
116581
77889
154301
83199
110539
30631
36440
58741
0
61196
32585
57623
0
47489
7041
46348
27006
61990
158860
86520
0
94568
64132
0
60012
0
82366
143016
69694
85037
127794
65590
164512
0
95377
0
54959
33731
95750
120778
155379
118344
0
0
86670
90320
71343
28306
0
9245
57673
161139
113265
134695
158756
54808
109080
138069
64947
0
0
0
139540
0
150550
0
107888
0
130266
138122
30631
164242
158871
108508
122986
135643
0
138781
118563
63313
122725
105839
78594
0
0
127700
58813
39963
54612
42587
0
130672
128672
69584
0
163677
53862
91746
42854
34447
89273
0
87674
79013
53717
0
81376
41612
133951
31623
100807
0
0
14220
139178
40821
0
0
120195
172867
144819
69250
109115
42323
0
98644
97693
68502
0
0
0
161093
89629
61964
0
0
49642
102294
95689
154196
53656
24379
68963
2997
105029
120171
0
21519
31259
77331
60464
35576
0
117065
13149
23491
0
0
154618
118330
0
0
0
132456
106837
0
98105
0
65449
0
113983
28506
74749
42812
127674
0
46516
60594
0
116157
141182
0
45743
106341
28017
122492
45309
50463
0
0
52521
165379
86483
104086
94922
10971
22849
106345
69584
31320
88938
49654
107948
109605
8094
41687
72659
127367
0
54533
129674
0
683
0
19462
157850
41729
109256
4541
71369
46314
0
36109
109904
0
28928
84561
108773
144804
144005
83148
0
105480
90576
74294
43698
115313
0
38279
3825
123149
133902
73195
63249
95069
134262
126410
38633
15181
0
36782
0
0
134421
114660
0
0
81731
0
63221
127733
46182
108356
0
48799
110539
105472
0
84915
26139
49918
0
87768
45074
0
70258
94404
13243
86134
13533
26628
46638
163396
0
92778
27550
0
88133
46449
49229
0
61260
0
69999
33273
0
0
23644
77853
35077
114248
119964
21001
150415
0
60223
150497
153856
8143
64354
0
15896
8923
33155
0
69803
0
20171
71755
86909
0
149565
62391
129273
6104
127105
4802
131185
147824
175605
125762
99099
0
0
129550
30008
0
0
135441
34045
32757
0
55578
0
56151
124985
62461
13413
94670
107692
0
15675
139817
113579
76725
0
39772
65880
94092
125694
31329
67627
46409
102858
11371
162202
152572
0
119920
85275
124334
169061
110094
81310
54947
0
55548
74387
30270
0
75501
100547
102111
0
0
0
127284
66384
122618
91026
154161
115223
0
117245
0
0
68684
135643
15164
0
90857
0
124108
0
117234
0
64054
147089
153436
0
33292
90095
24323
0
0
94641
41429
0
0
121879
123846
93044
137769
104391
147552
74121
143224
136996
19201
50577
44937
86567
75658
43204
0
37107
0
113860
0
51909
15381
137354
33350
154403
115441
26260
93839
107581
81412
10982
125354
100850
88864
100296
76628
64484
97275
0
110878
0
33626
143233
14739
14689
72227
38121
0
44270
23309
36659
170176
20571
83654
36490
3137
55714
17384
67549
47493
0
0
37495
84561
133618
0
0
118470
69990
116561
166810
0
62456
0
0
51268
16508
129870
57842
50257
67495
106462
0
161366
0
113768
0
14254
104578
112588
51304
143102
0
0
0
88137
128300
0
0
46222
35813
0
0
0
117007
55559
3466
0
0
55157
0
70899
38960
66115
0
46543
24192
158588
109899
37674
0
38000
0
0
0
0
0
81471
37891
0
133394
46631
44393
38787
0
118285
37019
89941
12805
32938
142478
145142
0
36398
155938
17624
0
101419
0
0
96059
22235
68688
143047
101070
120831
90515
134952
80044
130905
21535
135006
0
108135
0
0
0
152987
18822
144220
110892
165472
88685
120770
161991
0
25772
104586
116891
114407
158274
55551
0
21677
106777
0
89816
0
99324
135049
96235
0
92140
0
0
103482
161841
99301
0
98257
0
70086
121683
156706
45314
36612
119075
159463
28208
108277
0
173146
0
114268
84244
51457
34915
0
70545
0
35813
71759
93357
86427
21087
94985
71280
157829
12665
34104
123706
0
37814
113982
165897
0
0
23987
151527
123773
125183
0
120426
0
27189
81269
0
65356
3818
97208
131572
123568
74611
6413
176639
102089
162275
110795
133267
15614
0
0
27836
15545
121428
0
127915
83745
114789
97632
37385
43295
65127
88352
41393
125123
145694
53862
0
54415
90867
82524
0
64718
0
136897
0
47846
0
123577
125919
0
0
158112
0
82767
28896
156721
125497
0
132656
84786
171327
80541
140009
167729
0
0
0
62947
38777
84026
147518
60565
20167
95941
97193
0
105891
144363
0
0
141127
62141
158522
84350
0
14254
84284
109723
62056
0
100850
165078
54082
35813
147489
88255
136622
0
141891
13683
46047
96076
66839
71610
62943
30963
142001
62157
152782
0
17658
13413
0
0
0
24668
0
125346
82719
22727
0
150713
0
149815
85445
12649
61607
103831
61570
93813
0
0
5950
6001
94279
0
134853
103954
128620
50295
85237
0
0
143525
77387
28658
14703
93799
123971
0
0
0
84853
102369
0
125218
59262
115883
104950
94929
0
36098
27493
98158
22888
110724
61171
167649
112064
37844
27663
0
148432
160703
135874
0
0
72136
72675
77489
24987
82100
61593
30354
91553
104391
0
55324
0
68161
11816
16996
56506
94836
144133
0
60017
0
138354
111564
45515
0
141467
0
80753
84440
71877
159735
132910
90915
0
38038
82322
113007
32978
123288
147842
11534
107706
30602
84402
0
0
43752
38975
0
39795
157830
151319
86862
20780
55394
25881
7424
98164
0
53487
0
21709
145530
139765
0
0
0
0
122223
140126
102686
139371
92431
41502
82650
0
27539
0
32236
0
121454
169347
0
52683
44149
52800
69684
28693
0
0
149878
71067
125112
48423
0
52692
0
0
76866
0
0
0
67027
36612
0
76656
116673
19090
132831
31219
0
94288
0
78995
0
30422
2179
0
0
154761
0
0
0
0
44065
49917
162705
0
15666
0
33009
118260
0
21653
0
0
0
107940
112019
95300
63288
48736
118203
150472
0
115928
100044
0
105439
0
35711
135477
73183
126440
37812
0
6028
32656
0
63521
45310
64173
124302
35284
56088
90528
0
139027
0
112997
0
146271
75703
60942
103874
19535
115163
71297
129682
70023
0
4141
161121
68770
0
38733
114606
0
116841
0
41883
64582
92073
0
86534
0
134143
31558
121016
0
80354
40063
55673
0
120597
88464
0
0
0
160076
77153
60928
78630
22418
0
75058
108720
53317
21210
162505
116493
50936
140338
0
0
0
0
6106
97863
71683
0
0
166594
0
140214
50075
104243
13301
0
0
59796
97556
128750
0
169595
43698
150650
119488
0
164746
0
10509
58845
0
72893
76057
82388
79071
0
133659
96380
57629
0
0
142136
97525
65366
0
39425
0
162720
146931
113172
132466
0
0
46420
71592
89081
154428
0
24375
138644
86157
73447
79923
0
121943
23154
132511
0
0
0
129699
56010
115220
52135
49026
64843
0
0
57978
0
0
47175
16797
120820
143525
85275
8677
0
72891
80323
74823
0
150190
0
102850
138978
76124
150258
9374
0
0
103134
0
44088
90493
12477
0
43060
129004
0
41211
0
144232
99371
76960
72918
166071
69795
161199
162350
26335
62984
13854
134586
14989
97139
63082
52754
0
89358
115622
0
68665
112505
0
88265
67355
136787
44349
52477
129
0
133287
0
108994
106549
48795
0
0
74465
10671
70359
69715
77695
67633
134782
0
38150
117558
0
0
143318
0
18671
138935
70100
0
0
0
8924
143748
73347
25330
0
96291
138956
158429
40448
11832
137309
0
78000
0
0
41321
32525
95982
0
116088
27195
122731
130453
99210
131146
154532
132882
94181
0
143628
0
26371
0
161861
17973
155660
0
138982
142483
23913
46738
0
127814
111790
63764
76065
59714
121824
20439
30285
0
98583
131132
0
116347
28170
132961
0
84064
0
141258
98252
0
15177
0
104146
145522
0
16797
104742
19406
155420
0
0
66580
88979
130726
108467
59023
0
58856
78058
55244
130809
57520
144995
0
126950
102711
61943
0
38968
0
3279
84532
152243
116036
107976
0
24939
63074
65452
132249
122496
19774
46248
0
35077
130024
0
92552
34981
18535
64086
35648
92153
113176
56782
0
107776
148523
80833
72209
117782
109770
158686
20209
146173
124541
8988
116692
0
79870
162029
34172
152360
0
100234
145901
79926
137160
66232
37539
45012
112451
59525
0
83369
24558
125526
38300
0
59217
129662
0
73551
96184
0
114886
0
88583
77180
49808
47068
42294
135464
98868
64677
86600
89766
37623
132971
0
5901
103127
120503
0
62027
66794
44790
0
65472
11871
117674
0
83517
0
0
77018
32396
116682
106956
96216
0
142741
102057
44382
46579
72108
73124
0
27232
66820
0
31169
126114
151068
58238
0
0
164816
18535
165857
148529
152391
81424
3825
0
0
41592
0
121722
0
0
0
25244
10982
0
0
68906
88507
0
0
80732
98586
0
0
48439
70769
0
110604
80844
144363
100284
0
146644
0
49002
17063
5531
11589
56572
93662
55070
159062
57163
138793
99646
18671
0
0
89178
0
0
89811
145876
0
51470
38315
62256
171559
105480
91597
67890
138627
167045
157995
139447
74485
0
129618
158077
34737
94392
47068
37421
72917
130376
0
104680
60851
0
43687
0
0
85794
82080
158628
38847
107594
43234
95571
83146
0
0
58709
1201
108315
24192
156305
125362
73189
0
41393
115251
78298
43978
77418
0
0
91172
42983
31473
10373
0
78963
96715
0
74649
107430
0
0
64027
22750
0
95822
42365
61779
0
37222
57421
109131
13743
35770
133409
90554
0
100476
126974
0
0
37831
83884
44744
95707
77392
101315
60630
68171
70408
138376
40338
0
0
25772
0
42553
60959
0
18495
92078
144115
22639
62756
32417
160348
153293
42587
90688
0
118688
81472
24371
148160
0
160935
77441
16146
0
0
103530
93043
32177
156392
0
0
117703
11504
144446
152371
0
0
0
12799
97148
151575
0
0
71568
0
0
106384
0
124783
80316
56237
76298
128383
23559
109704
93546
125529
0
0
0
55618
115790
174154
143239
73622
81055
0
0
107552
153849
123439
38728
0
54973
0
0
71476
167013
27192
46173
132915
78714
3680
85726
36395
169688
102603
38961
93009
98348
100559
34596
0
139315
82623
94707
42065
31075
78293
95444
0
0
12665
6438
42133
27006
144889
133309
63026
100393
61255
94597
83033
0
11534
0
123118
104855
0
27299
71410
0
6489
127682
0
115053
0
67919
0
0
70972
0
160161
0
68897
133532
0
114153
0
83158
84986
6223
71709
38266
0
156609
136811
18887
144194
104416
0
17790
103655
0
178518
96358
130879
85061
86497
0
0
89698
98014
0
148246
58592
0
22763
77391
0
156939
50381
39249
82119
125405
127806
134642
49856
155887
0
78975
96854
79191
91566
0
153085
106119
75810
156401
87178
120243
92654
0
127164
93307
0
0
136100
38319
0
121523
101099
102014
140562
27642
0
78259
33534
89592
44149
37544
0
43635
45160
0
112225
41406
87077
67935
0
0
51702
27666
107070
0
0
81777
0
57212
72262
0
127448
53148
17955
0
69260
0
91818
114728
74252
49016
27797
83919
0
78238
104756
31309
82973
68028
135159
0
0
81023
95274
145537
0
0
0
0
89608
0
44744
130219
160910
166652
58629
70927
14475
87498
99381
115346
91722
115018
0
30721
79735
136726
0
46568
63397
0
49220
83202
0
107077
118585
155598
31617
95307
28338
127119
137794
116913
16156
154488
104258
141241
155178
0
0
137446
41377
14933
151160
0
95791
163989
87044
2090
0
0
78303
122316
6562
94403
99234
22561
160496
77070
125878
152347
138387
0
0
64020
160557
99403
55534
95374
42211
158971
167613
31259
52200
68710
0
142913
83788
0
0
112893
25126
158968
131858
116300
0
57673
11938
136342
0
163774
0
141978
156205
81026
138210
63603
0
146323
57948
7416
172581
75711
159479
67138
150517
117217
4541
35247
83880
105449
32212
0
32353
78504
150745
174649
60944
0
30296
0
0
0
165739
0
92760
12005
144425
18069
131069
37385
163849
77143
147288
47536
19462
74934
29055
0
0
40338
67283
0
0
104402
58238
33697
128916
33840
0
0
40558
123753
115399
50078
0
112451
96082
0
148667
108038
81828
8202
0
0
123231
39248
30892
0
0
61049
128694
153185
9777
163564
0
0
96380
111441
42455
48120
0
0
0
0
68906
136940
152496
0
153472
77392
37569
71572
34285
0
132896
3680
37938
33670
122409
79984
133340
54930
102080
0
0
17923
103366
0
0
152817
56949
35245
0
54082
94263
132882
74990
67553
80857
0
0
0
126650
21603
47372
104361
78691
0
125697
68961
153484
143315
53717
174622
42155
0
87260
96120
19326
84589
139407
20636
0
78541
53283
61524
0
69900
47247
86343
104755
154792
122532
0
78571
0
80932
107734
0
77333
79755
10373
42774
58110
113275
33053
144968
84772
63223
42500
37973
0
50719
136491
92376
53807
94127
0
99965
54198
145203
60959
93489
10509
42654
166311
121679
136675
0
50725
121049
78986
0
94739
75318
151711
94587
39576
25010
20558
63087
0
0
130626
55534
153803
114128
104416
82901
164402
67932
59931
168693
117639
2666
0
122587
60707
152942
59758
134252
147000
127804
62384
0
164277
25408
39749
122180
74965
168982
69376
119510
6769
132044
102455
0
148076
60630
51119
0
37487
55354
123944
117054
128595
95941
145856
0
0
0
39425
115891
42672
0
131341
121966
19774
98771
128383
0
82984
0
54517
53276
61413
108696
18799
0
122774
68136
89286
45549
0
115940
0
99228
0
161413
88908
65656
130940
0
0
84781
170392
44374
0
81579
87650
64370
113254
90653
149247
66821
105181
41650
0
83490
0
0
0
0
53177
62702
85013
55146
134368
110198
119245
160247
0
58154
125843
55875
144394
131071
104341
91927
58802
0
11582
0
108744
11582
142558
0
151301
0
77799
0
0
104897
53527
94124
125988
0
123309
67728
26127
55586
89738
0
115974
121809
118027
79194
153047
0
0
21374
0
0
116032
150404
88641
97457
89020
0
0
61725
95584
174239
0
159650
0
52112
44728
0
77834
138871
0
154724
36293
147655
69845
11582
108607
114042
10813
148538
0
0
0
14219
46893
0
0
125370
148448
169148
3408
0
28316
144875
34417
120467
151126
87972
120161
141614
90567
0
126728
0
143269
61648
79039
110469
28658
133217
27664
107940
99004
123614
0
0
40641
112581
0
59306
3825
74337
0
36440
51985
24714
71312
124012
2273
107512
72564
150903
171436
29041
0
35397
91778
167274
0
152545
65586
0
70655
104524
32956
29658
36753
0
87893
61878
121417
109708
148418
63492
41764
138387
123729
32992
120581
137842
81580
144875
29930
0
74713
10276
31695
147033
0
45305
85373
134872
0
46987
82639
0
0
73962
141709
39304
52546
61326
85422
32980
119736
35135
162843
62194
69240
98311
170670
102548
61886
27745
166614
89288
127822
21509
114064
124592
144345
0
26272
59035
40306
71364
0
128912
140935
126214
111208
101619
56079
74189
78463
153140
124447
45590
81687
79109
40346
0
21951
0
104722
151108
150726
15751
0
29216
119060
160145
35906
22909
77915
120820
119707
0
22290
129064
72209
0
0
14098
10388
73612
119209
140955
16471
138031
64036
0
37891
166986
58676
48653
102202
0
102991
121911
31075
24714
0
43448
145277
120454
146867
77866
18535
21951
26633
119449
145532
70770
113007
46222
18490
136668
73635
47887
25349
176203
0
0
101912
11368
0
124371
18096
0
120648
0
0
67919
0
0
0
0
60508
0
48696
0
0
54411
114304
113522
162382
53961
110137
0
31894
132909
152400
38187
96856
89010
165779
91348
23309
88501
166406
0
76294
0
0
165308
0
0
111060
0
138565
146685
73018
66321
0
23267
106934
0
100471
155263
113976
47136
0
33494
138752
126440
92298
142159
40351
117185
114341
117234
79790
113958
127256
165321
109568
19683
110922
0
113185
155633
53855
67495
92670
122501
12579
37189
170057
59053
111560
0
0
63390
31453
76312
92203
141223
118990
56389
0
19318
0
2102
153311
69239
166118
134316
111223
0
59217
115577
0
133780
124198
0
0
35711
6001
0
0
96651
34172
0
0
156765
0
0
9220
72904
78346
0
53132
0
129250
75994
129251
135716
41467
86804
95927
83291
98631
50577
165078
30335
64843
116283
57972
140188
0
108271
137061
41493
0
71865
100339
107966
77262
0
54947
129216
140075
149728
104009
133577
0
173269
125507
96465
61319
28113
0
0
92666
111958
147978
53625
140739
109085
134704
74297
0
0
0
15073
86725
127677
14689
158256
4841
92735
0
63210
0
0
68161
53466
35813
0
0
180479
76815
33918
160656
75455
57821
86565
0
59295
58256
142811
0
36145
16616
0
0
0
0
18481
40528
122649
117766
0
102434
152643
0
146467
0
89707
0
35609
0
1707
78023
0
30285
42716
70408
73445
134961
0
131557
37190
20007
155885
85620
106274
134824
169991
0
112360
12934
105504
0
0
128787
0
104340
156666
21509
180642
74994
0
80579
0
0
0
115376
77164
117332
26115
80162
0
0
0
58317
33110
0
14220
161774
32623
144289
0
19278
11408
11972
0
67971
166343
0
27762
41337
165350
0
72992
134789
7687
138852
0
51389
74911
27108
138259
105885
0
23549
0
0
0
159859
0
121287
29255
0
26298
23669
152940
35976
122134
122239
42315
140180
124946
41283
63773
36832
158272
16316
96595
145632
0
146436
107710
163530
122139
64145
57141
85244
133489
68238
96981
69151
153465
150594
0
51389
68663
79056
36458
56202
64428
0
63523
97896
81604
160600
0
34015
20872
9309
23284
0
128360
149722
0
0
158824
94505
118906
0
0
0
0
100911
60072
16516
93285
0
35175
100205
58054
117547
184253
27006
83427
61956
131085
74837
9812
100005
73746
0
88552
138246
155302
0
52047
120849
163060
70978
118278
66330
0
17382
0
68105
153014
42837
137670
0
51773
0
1556
9605
31966
0
125873
113014
18064
86548
110682
0
43504
161554
0
0
107270
44092
44937
141094
0
0
31075
89054
105580
145717
150001
36329
121973
98388
127145
155287
183322
0
0
18822
42837
30851
88609
77078
64273
122777
21740
70220
57174
124249
59354
151602
39658
0
28578
122840
0
160912
0
106200
121808
147399
59994
35813
63789
31362
28366
110052
0
148449
79839
13037
0
139190
0
167124
93916
0
106068
68132
149049
135995
101364
0
89592
14184
0
51457
121979
68926
32699
0
0
36300
0
149791
130437
136802
49532
16042
137213
0
52341
0
43470
0
95309
167947
122009
32247
163920
44924
0
139916
76657
0
157341
79637
0
82567
92778
0
68615
113836
16710
143292
141190
113339
9144
33551
91939
150438
106699
0
76101
45731
64139
103465
31637
38019
142530
73167
7638
0
106278
30720
30728
76191
65494
39655
0
153117
55390
39272
74686
84497
126167
73775
152906
161754
0
114071
64138
0
0
116853
47853
35804
133257
0
8677
110725
2090
124035
0
22800
140272
0
79487
64787
164878
77590
0
37238
31623
24500
156930
111317
75451
0
15020
115039
168246
29259
97963
0
126375
0
50163
0
45592
56139
0
141357
0
91338
0
66661
33856
70688
53509
168218
83232
113927
139419
12934
44013
54988
66031
8417
87134
0
71062
2090
130651
32854
0
46431
38975
87533
116035
0
79172
0
48549
158766
0
67611
86491
58110
0
154154
129342
43501
131682
0
59653
86483
0
109492
101900
123204
0
0
97838
107447
81299
0
0
0
42452
0
79509
84155
115781
66990
80859
82484
156457
122681
77701
0
76868
40093
94835
0
0
108749
0
13854
99564
146133
114682
114157
20487
0
107064
132882
95096
22425
0
117036
144364
98324
175251
32736
90138
28213
74837
0
0
152328
119315
14155
129690
0
112060
0
85396
77454
28896
121877
0
0
0
14872
0
0
95735
50368
0
144905
0
168251
0
24704
95181
88878
155377
22750
0
0
159520
129801
57647
102838
127968
68102
0
59095
120719
30337
0
0
21437
0
86931
158640
0
70891
131773
0
44744
27299
160889
15224
26049
0
180562
163104
84329
102175
0
57511
70115
137926
82585
93123
37165
111056
171135
0
50816
100397
28655
113734
0
133887
0
131412
0
112213
171806
0
0
81092
0
138302
93963
9444
0
102978
133287
109898
35602
117114
43919
0
166198
0
90539
68758
74288
0
0
114241
0
130911
0
0
87275
113797
130199
67804
0
63346
0
166849
0
86892
2090
54427
145315
164908
83408
0
152841
106895
14375
161089
155864
95395
81991
102352
142579
0
166103
0
28555
0
33987
131998
1201
167592
18105
0
36987
65657
143542
118930
63230
56830
0
84572
18671
128938
27006
0
114534
118288
145625
165524
0
87005
54497
167480
114405
0
153947
0
102723
92482
55548
128534
107809
0
0
0
149795
56598
60050
57287
74166
98592
52507
51462
0
90539
91831
171345
27537
57095
0
0
0
126386
125247
109737
0
24389
0
134003
0
0
30296
137025
142500
46190
144570
133684
98172
143402
82430
94420
167325
0
64398
119479
53556
31073
81982
67176
159245
50912
100005
0
28055
116878
38290
63518
15305
72129
121853
0
78437
59301
142016
84503
74664
80345
0
48995
0
44308
24371
0
105616
33510
0
169782
101981
0
167616
52648
84960
0
27797
54941
37487
90077
158282
7046
0
139017
50442
54696
146567
162159
40987
112852
123797
117782
50632
68489
69738
73757
69585
62219
108169
0
86127
101305
96638
0
101761
63497
161581
14219
0
128369
114040
81019
69758
134747
83471
52647
161242
155320
102769
72276
70370
0
39563
30267
96997
111030
94474
0
106869
0
58877
44149
39272
0
117473
3891
123091
4661
56426
0
92602
90144
109297
113746
158802
33387
3680
95945
150914
61162
122526
45345
127569
73813
118074
1201
133912
0
0
21310
157527
75348
113256
0
0
105310
117805
97322
27737
0
0
0
0
122225
127333
67549
54969
97632
70891
107447
108969
132336
16993
5523
95299
47887
66695
43326
127775
87934
3825
111677
56393
91679
113560
60750
8923
139486
0
60586
54487
2273
99926
57453
99157
108247
0
146427
126820
0
0
75076
148609
63979
79081
115024
91075
86018
37518
104524
0
0
143542
167282
162450
148996
65026
104142
61270
0
133058
0
31426
0
92319
76709
90366
25610
70340
80340
0
25768
46141
119296
15791
66400
72780
0
67249
63087
33163
48920
128191
0
29982
0
101751
35233
0
0
0
15155
43925
0
0
42155
155823
25309
109721
135075
20439
24714
85344
48253
166487
47540
0
112272
106345
98436
26463
56988
30615
114989
0
40387
88133
0
34032
37896
28896
0
100044
162994
122330
48351
0
55052
146889
0
0
134754
0
107989
19253
0
0
101337
0
41659
10717
88600
41462
153495
0
0
174665
114844
44744
60393
0
80605
0
104590
137813
25933
58868
59772
131572
76301
118847
8988
0
0
0
107328
179579
76312
47111
59951
0
116579
0
0
12450
10717
14127
100583
0
59337
134010
145927
121209
99590
59761
167282
50725
71933
10330
0
0
0
0
0
66157
37870
45411
34044
123557
157083
64126
66664
0
37995
48700
95236
0
49646
115606
153511
136185
63384
132503
0
0
154154
122040
146853
0
128323
55036
0
131572
82614
11371
33110
85127
42281
45179
0
0
78484
0
29547
0
160255
0
98685
53017
0
18930
57434
91030
0
19959
162754
102005
78190
0
153185
0
82963
121364
141434
112661
0
121316
0
65429
103127
43214
62456
146698
57023
29424
0
91778
142958
35982
0
8143
136370
101388
24987
81838
72007
0
155116
29637
0
149976
134220
20582
19807
0
63488
27156
115836
86037
129688
0
19326
103275
0
136212
0
173089
0
47477
78866
62035
155039
135917
0
65578
114613
0
0
76101
136371
0
0
22411
20648
0
36418
130521
151010
0
120733
121374
120782
63074
158278
137417
70522
0
96031
128594
93776
158498
140319
41731
0
149699
117697
98355
5077
0
90191
70552
80656
163886
122376
135648
47781
151916
116032
39153
118721
141538
0
0
127822
0
27839
45412
169967
69980
3380
32487
0
62173
39459
147665
0
54180
146481
138604
157221
0
114874
101655
47307
117000
0
9415
66934
0
0
17334
91262
0
0
42042
0
25309
156206
37091
103838
9293
159613
155804
39276
21944
155987
119301
0
71233
137486
119260
72113
0
120784
0
0
158613
125633
0
0
47751
61027
21535
53458
124198
113425
25349
0
0
75162
150109
30078
8092
0
0
155738
120313
108272
0
85862
0
74214
54731
82662
125554
127829
137891
44592
0
121239
148450
70030
0
53232
68003
92315
0
111172
33731
107974
0
0
112828
129198
0
68860
105203
149606
166148
24714
146401
144331
122587
104635
80265
134367
39352
0
140589
0
0
59133
24323
51257
28068
119601
0
50368
114128
101389
154116
143066
101690
156364
0
7041
0
141277
138752
100819
50940
0
43344
0
31925
0
0
149413
0
124035
169918
25408
0
79543
152231
0
117922
90024
154689
65537
49199
139042
83884
145545
138233
43698
0
23492
0
0
29234
131960
149636
164273
99182
117722
100531
0
84087
0
120124
92778
92559
33735
0
97843
73008
109168
143154
103259
3408
146953
0
157062
76168
153099
68014
160822
18348
13488
0
0
114979
65843
72007
0
0
149457
157670
88718
123779
0
0
77647
59415
137941
124550
144150
36458
168542
127470
17500
29142
37891
115792
147251
11984
0
96457
115182
0
103598
0
0
124119
75693
0
0
63923
147429
140899
156150
43729
0
65740
0
104127
0
106075
91731
0
53460
27537
0
0
0
82767
94844
164728
82567
144640
129631
105791
0
0
145559
117722
176639
53516
161529
64520
172941
158423
0
135396
0
44083
12665
0
35581
43832
124793
32578
125007
44754
0
0
16993
0
34918
139952
0
115516
0
113560
89568
41962
49754
83935
153371
133077
115926
135585
0
0
0
13514
140240
55347
0
110266
0
105350
92049
141400
44686
43477
122798
43344
23317
49113
151868
76797
0
0
80113
124438
0
155441
122711
0
0
151297
105135
0
148668
76619
0
0
154119
0
47459
54961
166487
132612
0
43441
15155
88864
0
0
0
158444
92871
110010
0
135925
134645
101164
94418
53862
0
83093
151551
70890
116673
61779
85759
146330
59622
36083
0
36470
0
0
0
0
0
0
124994
2273
144764
131274
80894
121458
94418
81055
39606
55837
151771
49663
119471
0
34431
30176
138730
0
121191
91822
0
119121
94545
0
0
67935
92597
37240
0
106152
0
47576
145408
133077
0
57466
125910
46450
31677
148372
142158
125808
105475
39836
0
87085
106142
32793
102930
0
103127
39201
0
0
29142
96007
169446
0
89098
41485
106848
60357
144187
48791
104529
0
63082
88524
0
31677
0
0
102437
0
0
92374
93810
105516
132241
98186
65804
154824
72068
162690
123956
0
85956
0
40498
127993
71812
43702
0
57212
65889
2547
0
94609
59882
138090
79694
42033
0
48458
0
136577
121222
127451
129400
44469
0
143110
162306
122772
116708
0
101650
0
0
0
0
48761
76646
1201
26371
58161
0
0
0
70616
43818
20774
132988
107096
0
133960
0
0
85013
50493
56672
12993
129550
94579
91945
131330
40613
171236
110203
0
140092
118059
23951
11972
118831
106274
0
123020
71637
0
66014
140916
40660
0
47106
140793
113662
64947
145172
106749
36260
6079
128247
48986
134974
56349
71027
50936
0
0
0
116824
0
27537
80571
0
0
94511
153718
121826
56835
0
0
0
0
143102
0
31677
136238
144456
155962
163371
32542
61753
130138
0
0
63255
108978
96982
0
0
0
118186
38953
81070
53903
121344
127194
67455
133422
9309
0
101650
49273
82767
120951
0
81500
0
0
88091
0
148137
142691
7189
140699
0
0
65450
0
109641
0
103285
51052
141682
43562
62792
135141
124876
35455
71709
35077
75634
35770
130336
0
18221
42212
76170
0
41441
19278
0
82995
108320
48253
135234
12644
134122
28942
133458
0
0
0
88740
0
128300
28658
56454
0
50304
0
0
39504
0
102437
0
117375
147683
0
6106
64383
120313
109052
100326
0
34516
44772
112909
129675
95286
92445
104578
158948
112710
26048
109421
34638
52006
34389
96463
0
0
72379
167128
76323
76323
33004
47431
83341
79624
133347
125244
0
40641
15700
115695
142302
83532
139752
0
138563
24812
40528
0
113007
54548
69670
76018
50155
169897
28098
150769
0
55079
22362
117285
57913
111299
123288
81481
0
24620
58658
0
131265
0
134497
35362
129677
67534
132159
0
140738
0
8143
68102
67062
142726
111070
0
51800
121700
0
0
19308
179155
38579
43330
10671
102834
132606
74855
84052
103775
105996
0
79759
148633
51065
0
0
33598
76294
49729
123109
0
58588
52667
159739
0
0
0
161111
0
109360
44469
114716
158827
172945
67146
12962
91527
0
64536
126422
0
38075
0
168936
27167
157161
167598
0
0
36274
10276
92497
91716
153355
163111
160258
133855
41612
128825
121061
135850
104981
28599
58343
64724
98566
60101
0
0
49815
43698
55324
0
109904
128269
93195
0
72740
38597
65314
25881
0
0
172397
72698
69511
124277
99725
138170
51200
76598
114246
73858
56674
99559
114005
148621
0
0
67871
19730
26049
15027
139150
106212
60249
63438
93660
61026
43301
0
171206
124109
161331
74619
11966
0
127078
79411
27006
0
163706
72021
167128
58256
132362
33969
90658
153034
38565
104094
104361
102916
76398
0
160540
84482
129462
116397
97908
0
51800
23720
124820
66243
0
151212
37891
67596
53402
118498
113333
177125
0
22774
0
44277
0
59583
0
65494
16679
152293
62456
0
79624
159039
44810
40580
31441
107328
91721
0
38953
124595
156411
0
49668
92428
75878
0
59974
14703
66291
48434
14656
56598
130234
128996
133515
0
0
153388
0
131122
45077
116781
72442
124749
26628
92902
149068
80656
0
99965
8677
0
143143
91457
683
151571
70725
181414
74447
86459
58182
73397
66056
0
109490
27507
66507
28919
28017
0
132308
141344
128938
12770
0
0
78214
0
143408
0
52840
77336
56464
136958
122532
155474
147680
126302
77423
0
27088
151694
76876
0
157778
18324
17334
2418
34059
0
81371
116296
102356
0
65872
39836
53296
0
0
110896
110197
0
147423
89280
66107
133658
130638
0
115166
15181
164048
41994
163640
49951
128323
146115
121842
71928
45439
5568
0
164765
0
55618
71306
139168
0
0
134140
22184
0
79460
168418
88340
50833
57614
58335
30178
107561
0
0
47946
136081
58329
117144
46827
0
0
58748
0
0
24169
144761
59650
26265
79035
90724
116068
65336
90807
86528
147197
94945
159326
79228
101473
0
48234
88665
114103
92350
40387
154922
78635
131719
103622
74536
112698
99587
40335
0
26226
0
89521
94666
70705
0
141574
0
15672
147222
0
0
0
22505
38759
80716
21543
120046
34792
70014
116611
0
155060
26119
111243
19696
39429
86062
59921
8417
92132
151199
18889
114977
115669
0
0
11972
43293
20003
38075
0
22601
86088
163004
113289
106516
123305
124066
144805
69260
8143
0
93336
0
94453
122069
23267
20774
45502
120412
68267
121354
120795
147933
111232
33630
0
0
0
0
20312
0
0
0
34971
37295
64222
0
58114
11209
65101
167297
135085
96044
98334
96769
70256
81882
159464
146818
23272
0
112831
147088
47572
72303
18429
139974
40103
22003
57721
58460
42471
64021
87919
87897
0
36101
157353
25094
126888
125228
45722
159610
0
139229
60205
116600
136436
95793
60204
152552
0
171577
62847
0
118834
107328
113496
126903
78325
135009
100665
0
118106
0
72532
116012
0
84474
68121
0
156832
36845
18466
131482
46400
122473
35842
0
150297
161399
0
86862
0
105779
4484
0
71392
51857
0
62650
123611
90196
103369
0
82030
113304
0
118653
0
65625
43072
15385
0
98491
0
51330
132001
153376
126317
61312
0
106056
53502
36016
135821
137645
0
86127
88458
0
0
0
119135
116761
9415
34301
61794
133292
66031
0
120979
0
0
0
108994
0
52215
136267
53106
78166
0
124177
119806
65172
0
92340
110520
64949
87828
0
95198
69741
97479
151700
143825
28366
163013
0
0
0
8733
18064
0
71119
0
0
57932
20982
27299
51359
33735
13569
0
40448
155691
0
10223
163055
40060
52318
157716
2547
0
128222
0
97415
102486
76771
156915
100596
157876
104168
0
0
94885
57398
111699
90734
0
167982
163250
109639
106970
0
66107
141432
149791
79356
72814
136794
31677
85826
119245
129670
0
108309
0
166639
97124
133878
142626
60441
66514
139105
0
11534
0
149680
0
0
104850
141171
111296
139414
0
30138
148657
102759
132565
0
37165
155539
0
44744
69086
139450
168297
0
46448
137677
65523
0
88620
91086
47967
113285
0
0
143010
59519
36601
0
56457
0
22263
131764
71068
114396
137213
143338
0
143462
137742
0
0
60066
56529
57494
161850
56506
162395
43699
0
103902
92288
0
6001
138246
160838
127470
0
67090
0
151217
18393
93962
80514
85751
5901
51616
155951
53862
14110
39417
0
80489
0
31342
149083
0
66272
52326
91896
0
92642
77804
0
0
100476
111709
141598
0
0
118837
0
54617
14379
43913
122004
114801
124681
166621
87953
113813
147270
57932
0
0
36293
64376
0
0
85515
0
85506
0
82644
0
124523
154574
56516
87106
8585
0
40124
111751
0
163479
0
51324
83691
0
48083
46930
0
0
13573
113696
31426
50605
78482
147315
60634
11504
158671
106042
115612
165510
28935
56121
133652
135703
44136
119427
45456
138234
61648
57303
53546
61964
149484
0
30631
0
57725
115043
94177
0
84851
98853
18374
64036
0
98900
39696
107657
0
163020
0
8923
77307
0
0
0
0
86298
0
121784
65666
20537
63794
80814
140130
91689
97885
0
21200
33004
128838
0
84020
0
81202
10717
47302
119861
44308
98292
60997
8567
102866
55648
0
45632
150249
0
130670
55834
129267
0
72468
44206
119701
46431
0
17397
44577
139063
122807
165046
90543
57721
59580
0
0
103409
74520
60873
0
0
100733
0
92403
60508
26398
166300
110103
31075
153357
90430
60025
168836
153653
10089
100665
0
44269
0
132965
0
37025
35077
137481
50504
123266
50080
14042
2800
0
69153
0
97148
123567
37674
0
72201
102764
97631
84231
95793
136552
26604
71038
0
147115
62380
0
123885
37490
138928
0
119731
80520
0
113063
40387
77733
64087
125887
60556
14719
103783
69018
76398
0
88998
32346
0
135584
12644
0
0
138354
106200
94641
42455
31259
12649
39910
0
0
137037
41058
0
129
0
0
43744
0
23267
95857
140767
144243
0
10256
107476
92778
137687
9144
72031
105985
0
134078
0
100475
139066
104307
135595
9594
85514
114946
0
56429
161578
0
0
92645
84162
14682
0
87819
104755
108567
124877
19320
0
0
0
103238
69725
154079
0
146796
0
0
30720
18221
8143
54581
0
98536
51181
0
156795
102226
3279
135159
0
40477
0
22109
145408
88165
19730
84126
112959
127998
90893
42452
26716
149047
18393
59961
144761
83619
143797
0
51671
82411
66308
20080
0
84027
99204
130272
149292
159434
0
115376
129346
45989
35671
65241
0
125526
116561
114361
33638
35195
149215
136798
27642
0
137353
0
0
99833
0
75203
132969
0
27797
96550
144706
48965
0
165575
0
25563
34059
36832
102396
91209
75700
5077
136421
156831
128769
54497
141090
0
130969
0
66953
19807
0
39563
0
55220
0
0
50575
0
104341
164814
35798
105710
147229
77381
157904
65228
74976
70241
125088
0
52595
113762
0
61781
0
38591
27537
166016
39563
84542
59983
139901
89640
51021
0
94342
70560
85889
160840
0
60684
126860
109131
164245
126106
0
92503
73992
108750
50455
105344
102937
0
0
98535
16350
125248
153019
0
136569
135822
116629
0
64947
143548
133787
135067
31570
37879
160962
42756
131007
112045
80180
115623
55154
82209
47171
140853
46579
73383
0
83264
63249
0
33113
0
52048
27342
126082
108287
28696
135958
29900
0
51284
124192
52785
0
145149
0
68594
151509
26545
0
120332
0
158677
51875
56035
115690
131596
0
0
60214
12524
113058
0
151648
27248
0
0
53503
0
71568
117596
0
124788
0
60589
85237
96740
105487
167428
108575
82397
53502
109913
0
66358
0
0
129439
0
0
72623
9812
0
131362
0
9848
114658
12478
52353
0
48795
0
0
157093
0
73447
171060
155051
69699
134709
44916
3466
52318
0
0
147421
79597
31692
54743
165826
107966
46039
68003
168274
47876
0
27594
74166
86147
60738
31010
0
79556
119166
73580
116879
43329
18064
0
120751
33197
170762
0
180407
0
46638
6603
61951
128389
72060
155892
61432
119587
16797
63946
153205
71232
0
69431
42005
0
36950
20778
107338
40665
83711
22343
0
43433
83814
0
0
85564
128068
38480
0
0
64631
154561
120205
160579
98220
0
72399
45089
0
0
78298
36180
61300
0
0
55408
110454
116864
49194
90239
0
0
125160
136681
113376
0
168502
110922
78036
0
88527
123807
0
107571
138874
0
0
83220
130344
155926
0
48100
116945
132288
0
108567
47459
50675
0
0
54688
29547
0
105252
110015
26273
84275
30075
159074
65257
167239
79206
16919
0
55892
143727
116080
3408
0
12478
0
116673
149722
69674
27002
154432
0
149073
146213
0
91562
0
21603
0
0
55613
81890
111690
0
128471
76719
24063
0
27108
0
0
63527
115557
139366
155473
98074
29832
133402
140728
67156
113021
36440
0
0
78535
0
6497
0
26463
89425
0
98685
3825
109839
118310
154080
31558
81106
115054
0
0
0
45089
155552
97999
58774
46613
160214
0
105737
51284
0
0
129781
0
66856
0
149415
109538
131995
129433
87530
0
5901
128230
13175
151348
102437
13126
36832
46930
0
0
64685
46964
126728
154964
138780
27453
75937
51344
86317
42883
146897
0
121809
0
62713
0
140285
119903
7687
0
119816
106398
40216
135141
133144
0
144579
144969
28485
144735
82653
128430
80413
25394
141936
0
44490
38150
0
52525
61892
79297
81084
0
3825
139752
0
162275
0
27550
53336
58877
133380
151634
75796
15250
112855
5948
0
84991
79212
78763
51467
0
142211
121417
112661
45734
123632
44440
78483
5523
0
0
108793
0
0
0
74322
36469
74754
134154
0
69503
53802
0
107023
0
0
149359
39427
0
112831
100937
138725
97309
116965
45834
15693
51875
141956
0
132561
116015
20209
0
29721
30531
95926
117178
158552
106278
65185
106411
165526
54170
62797
31397
77846
47540
0
40807
139422
6043
93624
145326
58460
45735
0
96697
14689
90178
0
28444
120142
106888
111166
93660
53208
141667
0
43628
0
63886
59325
115067
73022
39795
92874
9812
0
0
143221
33534
0
42650
0
0
46381
0
124490
81384
52591
0
0
161867
152605
138970
6922
138517
161589
39381
22849
147114
72385
8677
55038
46291
0
74334
50083
0
0
0
0
106929
74299
29547
136435
0
159443
154158
81972
137838
86127
0
0
11972
112702
113574
151301
79465
58188
97860
0
65382
39658
0
51030
0
75703
53839
17658
135264
149098
76018
95414
41393
153371
105950
0
96810
28017
0
43204
126922
19807
11562
73636
39034
0
124523
37091
24818
62020
0
0
162952
109300
0
0
31441
0
162618
0
0
124589
113761
131752
68216
96330
43357
156986
70978
98995
127437
20778
107865
158266
0
138174
155770
27539
49861
105465
70201
38075
119683
0
0
116053
56902
0
130966
0
67244
79172
14192
145267
35505
114696
0
105632
55302
127488
0
37082
0
94138
0
0
98627
36687
33355
85759
0
43194
67176
0
118563
50551
0
33975
139868
156360
0
114064
105832
63368
146665
117041
111815
152128
29982
73168
102841
0
164626
118503
0
101106
130968
122409
0
51988
61656
137108
20982
61546
0
134979
0
162557
119623
139002
75324
18221
89002
0
0
83963
34283
31445
3453
90962
112068
42455
154772
134154
0
107197
126637
156215
38408
0
0
74477
113334
109503
75653
0
0
0
136264
0
30443
106402
135889
99425
153127
0
85860
39809
24063
130276
161199
0
42487
0
61923
50234
113785
55996
139079
134400
136487
170518
0
120845
51909
114215
51620
48659
0
38061
162694
0
55394
24316
79690
144701
128881
103318
73424
141359
8537
157228
93693
0
23080
48937
65185
0
51189
0
87732
0
107946
113146
83668
72691
115813
0
157721
70461
62628
140985
157312
5877
0
72731
114192
0
5901
150984
109339
93542
38266
0
40987
111907
0
93586
134640
65585
0
70645
125321
133624
0
131283
120180
74546
104630
115856
132671
30194
154824
122672
0
69135
22009
0
120873
147779
47304
0
86931
0
0
94825
105791
0
94821
96374
123966
155020
58075
103872
151907
0
63188
0
32793
105604
76960
0
24316
0
97859
104953
109655
137497
57775
167136
171061
145613
0
91202
79825
0
60570
82511
98907
89375
53054
98128
99003
0
84317
85542
75624
58989
48926
74399
101828
19738
109444
40334
59617
126934
0
66557
121545
111437
27006
75447
122409
0
106274
158375
14989
41124
61692
93529
149183
68485
0
42168
43698
42720
169828
20291
9605
0
100716
0
122645
70238
38150
92552
52800
81982
65194
136370
84952
0
21386
172432
134198
0
182285
87530
0
0
34381
168760
127174
89903
141552
6028
0
105776
16871
27797
26227
133701
22547
119149
85080
100366
129086
94947
95959
45350
133246
115095
124017
30851
0
0
8194
0
0
0
80580
50597
56846
16710
0
129065
0
120330
138948
42222
5901
112373
0
0
0
162326
135526
129535
0
34172
45116
40204
0
0
66331
110852
0
109173
139503
48653
82759
152563
72732
41212
44940
0
32089
0
84816
45925
63873
166267
70972
113487
0
141727
53148
151811
0
0
152917
0
0
82979
152315
82064
131762
157741
0
145080
59217
0
22820
0
34071
107416
0
51491
94257
0
30720
59499
104349
100600
162735
0
123491
39485
0
0
51563
53745
86592
69455
88081
144262
0
0
30282
0
0
0
28421
0
24668
67646
0
40169
0
111995
122449
63310
113330
22250
30389
113527
145367
0
11504
116290
81795
62371
148883
0
124237
110323
140818
169372
106479
131524
93192
19308
19308
0
46141
37902
138437
115618
114245
22005
49727
0
25355
109922
133527
56812
29982
0
134122
75785
125148
0
97192
0
0
77760
112686
0
0
114765
0
103120
81224
32417
30296
67731
155903
96366
0
117547
13683
61108
112403
41611
122473
0
91778
128672
93049
41172
68411
44584
56234
130246
0
0
131929
82470
53196
74849
118831
95629
72244
131507
0
55447
53732
0
50396
130730
41283
80128
4804
40204
29658
97208
0
0
84317
169126
111056
91417
49457
28676
0
135517
125648
72284
75396
50237
0
40145
108720
0
6603
88301
158560
116750
40703
57398
0
88908
0
0
157575
99939
41699
122134
161787
119602
0
59931
147449
60716
140918
81639
132756
81202
10645
0
114081
145694
169665
20145
43744
158333
121295
108425
172974
41033
50049
158687
36544
12478
107390
0
12478
66560
85598
169115
163211
0
67914
165128
131710
126005
47821
12962
0
164422
153754
144987
0
0
1201
79013
79194
0
18844
0
58370
111989
40265
94939
42720
0
142730
152843
86330
129
66357
152909
0
0
12478
129641
27006
0
98537
133588
17206
0
67778
101778
26171
125176
149502
26633
0
101290
11972
0
131306
69596
133640
27277
123556
116869
141470
135221
0
85132
93740
33188
107648
115785
130545
96705
148891
0
0
89705
0
25309
42294
39568
89687
101593
0
79069
42961
111327
0
0
0
73885
55390
106869
91245
19336
0
127775
32907
18709
0
118538
148107
67349
0
102576
47345
0
139540
33200
66283
70473
0
0
114351
104616
116424
0
140041
125500
0
70838
81549
170997
722
45989
0
0
127010
0
0
153915
0
0
0
157695
43790
32671
61618
111728
14042
0
0
54322
115263
147381
167114
63137
137330
54804
0
97891
128300
0
160445
61748
140408
162145
30892
112497
58747
46930
35231
0
90749
0
0
0
78298
58188
104666
44149
11504
14656
0
145203
0
96201
58345
0
159136
1707
0
0
38889
149863
66994
140094
160225
169082
97437
41138
119236
143548
0
0
0
0
126502
71210
149988
140864
50011
131754
77236
39209
0
69296
0
91322
147728
49635
163791
26049
96579
38953
144392
100397
0
63192
0
136281
139246
46680
141127
0
24116
9732
124082
0
0
0
17500
84261
54436
0
121552
68460
159339
31397
134732
0
0
71505
0
97401
0
134853
123950
119683
86274
76739
0
0
20487
126531
50400
104564
0
53456
0
82655
0
0
62824
166992
54244
105915
135897
103561
88386
0
109149
0
100614
73083
63619
73075
21143
0
0
70709
52545
0
84662
7559
81703
155209
0
56121
76101
0
73087
51351
0
2273
0
135529
0
85993
76607
83338
81530
141978
68665
50730
85600
100540
63409
115029
34381
80649
0
0
53419
71709
107340
107621
100802
120953
127535
0
109382
120300
0
73734
85201
0
0
0
139362
80967
150788
124681
0
138964
60694
0
119923
26764
133628
99065
70147
0
144918
54969
20458
53970
18330
43809
96430
0
17888
152817
96570
158074
22863
116593
139570
56769
93631
152563
176036
151033
128281
0
69758
0
88055
110619
76376
134965
110295
0
182437
132051
0
25933
91861
109562
116434
105536
85802
99983
151868
150020
152413
160480
26399
136547
98900
124922
6538
40528
168392
0
35286
0
35155
15951
34443
0
18613
135766
40580
113997
36406
0
158383
66396
0
32984
0
124382
58556
0
111802
120768
150543
0
0
131341
163432
13175
0
48128
97337
122381
157423
61371
158079
103001
0
120737
72312
19320
5448
72740
22184
100328
23385
112215
119298
144833
77819
0
158238
70833
29982
13514
97740
107880
0
126677
62511
77333
109257
0
115158
0
74890
159139
180176
0
119923
0
52112
122854
160447
82704
20050
45989
140711
0
48602
102777
0
32719
0
32956
0
0
16993
70870
0
28896
113579
52800
123835
0
37626
65121
164512
15505
122167
0
57908
0
0
0
0
143939
21649
67408
71369
96939
0
51773
84279
38921
134763
66458
32400
31637
0
144867
147270
0
116916
118747
0
16810
80580
64625
161335
100806
141177
128672
89201
82164
57183
0
0
40124
81789
0
0
97345
79436
111483
0
122984
0
29234
70473
0
0
45515
53415
0
87185
0
154713
150074
0
0
135385
46638
29658
151063
152148
77667
83489
97225
170556
0
5077
81870
119576
0
96526
118237
0
0
141709
84301
163621
0
132599
78975
39088
24138
37843
111539
0
114985
0
18001
0
0
156100
172197
138596
0
56197
38835
0
0
0
116598
72497
12477
106199
0
102366
45314
45157
69171
142354
73397
68488
0
127044
0
106114
117303
36490
63222
160279
102162
70733
121287
143511
155426
36690
64188
86904
80265
181460
0
69465
155003
44469
73179
86660
82964
121270
112245
44530
0
34529
0
89058
60491
38279
27088
18844
16810
34943
17178
0
0
22585
0
0
0
85353
0
128366
0
20960
135984
100326
19783
50382
121333
61943
90961
74633
0
117329
34015
155864
114874
11582
120080
146668
0
81884
165246
37848
79510
120884
69501
111270
90943
0
110287
62219
0
154309
108873
105583
113748
138871
56812
40242
125793
36145
0
156192
0
105013
46554
0
0
82830
0
22171
60204
27633
140025
83825
0
0
65382
38114
79102
131240
31430
24987
91891
43978
135114
115376
129432
113160
0
11323
72263
118635
161064
66902
0
65237
0
90943
157632
62127
86421
33534
32956
61966
0
56786
81299
100075
0
127162
77489
1201
134709
145567
34443
42299
70622
0
107323
83884
133257
154185
109531
67176
8848
0
97208
47015
34523
154648
0
66015
43459
0
42723
141104
62767
72483
86703
0
92228
46098
34172
43430
83604
153457
148629
72169
0
175653
139753
37487
102778
20109
48729
0
37335
93808
28017
0
99301
157038
51470
11122
92374
27006
0
0
0
85851
54328
122817
50598
78881
114435
129117
73886
77799
102060
39690
106125
87430
114351
82652
140035
150783
81500
69460
33049
0
161158
184873
137407
143042
99760
95173
0
98469
55425
56444
150687
101317
66857
141928
55770
50526
115397
0
22750
150650
43289
118424
168263
15033
21210
86434
0
0
8848
162342
165371
113539
124546
41393
0
0
0
54696
134011
118182
0
132448
40847
55078
108727
0
49751
48372
89449
44349
0
92588
0
0
125080
143600
0
0
142015
99371
0
81795
106531
0
116761
0
167150
0
138789
26363
52604
8585
42328
152961
139411
102820
40250
76035
0
133845
163272
71081
0
56748
48091
72220
150382
135836
20869
0
45388
121793
125000
157645
145052
125610
133263
112269
137213
128912
76119
0
42961
0
117902
68647
76764
87614
57011
15305
78777
0
0
0
67972
0
94334
130522
117339
0
0
0
103994
140124
120146
0
67065
72136
90548
20007
104368
25309
64993
38060
0
117171
84906
79102
83939
34417
97939
21688
112123
0
12412
85201
51555
68377
167697
0
0
126776
59726
0
0
128661
128459
86520
57586
159402
0
112447
65073
111388
0
27104
0
61579
100967
112451
31677
125145
158940
54481
92533
93910
71663
60191
3825
130077
94768
0
0
108727
8615
144532
161787
8178
164514
89685
15951
60441
149701
0
107192
48423
128300
16025
108258
30602
0
103862
38733
164919
155348
97419
0
158312
32585
44339
127628
149410
0
27167
0
56703
106619
33380
7722
64064
0
157744
153187
53415
36321
88998
150714
99130
0
148018
0
121689
85013
86725
73834
153481
21495
135754
0
43308
44083
0
36679
57141
28445
30082
48637
74458
47262
51132
150449
17795
27537
0
0
95517
50802
0
144182
0
113918
131948
138490
61481
125689
48423
12524
18748
40630
5523
43832
146149
0
31894
174208
69715
136407
0
76950
57507
155336
95587
121433
62445
165216
0
68354
56064
80041
0
0
132506
123819
38286
0
0
153430
116604
80968
75998
49115
86489
29439
154227
58238
132018
60019
0
0
120696
121466
82095
85176
152689
59715
35251
140560
111598
77866
70292
0
2273
110745
0
108282
108164
7722
0
3680
0
0
53032
117089
124597
33380
57091
0
0
722
131377
103981
93152
37674
170037
0
68592
40477
126531
0
38315
54298
109357
31355
40145
0
0
42084
0
0
45129
1556
165863
71479
127352
62847
115876
74534
85490
161636
0
153458
154644
24063
0
76154
66382
50028
0
74353
0
144911
121015
164514
0
162538
0
37039
71319
142013
59332
0
23272
114316
0
117858
149494
30502
103599
122317
106570
0
131394
108091
24436
58110
0
18330
0
13810
48224
60634
161520
178691
70440
135159
84862
81777
26371
53268
109797
154611
56298
0
108823
109785
117979
74553
102938
0
54294
33333
0
41277
72846
50757
169458
62734
95058
0
0
35898
60125
50575
162527
24447
60999
94169
0
49015
117725
80534
92203
137025
67914
133061
29583
143329
104334
126425
115261
54065
122160
112803
26227
80463
52556
0
165115
152056
146315
23961
33969
0
76619
88406
83628
90961
90433
172728
66071
0
102874
0
20800
11504
79210
164979
13528
0
151785
62565
163780
901
159737
35882
0
127659
115996
145100
133840
0
27453
55887
140709
159146
89712
0
0
0
12524
59931
158441
112477
0
109814
142295
59866
112979
0
41587
157728
0
0
0
130094
28676
102674
164307
137347
57644
67434
111339
39774
153208
0
161573
52325
0
90865
162618
94922
60206
63234
64901
0
0
0
63667
62461
0
85796
102671
0
45103
138649
25187
95690
97321
68070
71743
49061
145350
12644
62614
138287
35889
68187
159497
114801
63789
167728
33028
0
34015
32755
152798
126600
90802
115182
0
44766
0
0
131211
92030
122888
0
130204
41909
139843
0
74275
0
0
142530
0
72391
142545
149082
0
108430
41079
89381
0
75389
150785
163454
88122
161675
33653
78353
0
0
113068
58182
0
120650
13983
98404
109734
162834
14375
0
153466
115371
103746
129884
138596
132551
61444
0
0
164717
74416
106903
0
59843
149413
144537
78940
15155
25309
0
0
0
32656
53231
130019
142235
65514
119690
137499
0
122321
0
156517
49799
91562
133555
99841
40314
25242
119015
159892
88108
85328
23267
50478
0
163777
12412
152557
0
102236
46987
0
158492
70636
56269
0
60912
57033
0
37335
14860
40402
0
82013
171913
34782
84239
93526
0
0
173267
0
0
0
85201
0
101879
11504
133311
46054
0
69422
82256
128182
61947
0
0
59499
0
8094
45515
65158
58811
0
0
111088
90807
109184
60656
113648
70232
96908
158973
110053
0
31161
0
131989
96971
147383
10161
57235
44830
89035
34201
0
46151
134764
65862
68132
37674
25772
0
0
0
0
0
144096
138793
90224
135972
0
61696
0
19738
51755
0
10161
151319
108363
85700
103551
89232
41659
87034
96914
70785
165364
133913
93479
88418
69039
78990
0
134490
17658
156950
82342
54032
67971
0
51682
90336
40378
98454
9812
118831
48038
121338
125370
0
127183
68236
149650
117621
0
97202
0
123855
0
66689
160620
0
74474
155051
0
56362
0
116676
118035
83806
75263
135632
0
50285
0
105385
36374
0
16871
114335
77630
0
152961
131717
135272
169018
0
116893
121900
125458
33219
159502
131986
5608
0
0
13037
4661
64254
118877
171015
114846
0
61481
113698
58555
103981
65825
141154
154639
0
34557
67575
0
0
27230
87704
32475
43964
116095
112357
54211
89558
147291
56398
117706
0
0
38580
0
166647
68986
41242
0
0
159107
58402
39836
3825
85516
7305
0
109951
12228
107178
72740
134877
87492
0
156986
134547
112798
159632
0
123682
32475
55220
31355
31860
166281
0
0
163647
0
0
0
0
49984
75986
70372
157035
160960
81247
0
85635
158278
144966
0
34981
0
58814
89038
0
0
54870
36145
15365
44308
0
129070
96833
155047
160895
0
0
134645
0
48314
147405
150545
98894
0
91776
42496
63896
0
161949
41783
54452
49321
94678
0
39749
88962
0
0
111451
73382
114351
0
101574
80291
134190
57102
55113
82397
100014
92628
137466
47431
0
0
25748
63222
165364
11534
0
110897
176917
133578
129170
0
127791
0
133640
0
150196
75451
84413
0
105007
121844
49320
147845
153523
0
0
0
40314
79067
0
0
129566
0
31500
0
0
65382
47395
113610
132607
28575
0
36471
16993
0
20627
162312
96309
0
124788
171836
17672
66975
66261
113930
132942
44382
44597
0
59903
36554
0
96801
46638
87989
164299
3453
124494
0
6489
5608
117512
28849
27189
64466
0
142673
145124
97769
167100
128912
159809
65967
5950
102396
113267
23180
142219
0
126437
37198
64947
71527
151010
0
59795
63191
72429
21328
113579
64649
58589
72301
162754
82979
146257
93004
51044
0
6384
162029
0
90027
0
92351
138938
0
49328
155169
0
98331
29444
42299
122788
0
61255
102850
116052
0
119162
37645
0
0
144133
4882
29666
161592
49917
45590
0
70952
0
133417
0
0
48065
0
0
97214
30892
37770
132379
0
40613
71907
145592
78542
140124
19380
0
0
79790
96727
141189
89096
93034
46381
135207
48013
91334
0
109914
50166
42389
0
136185
83460
0
134400
104610
118845
0
0
133997
156098
0
91623
96954
48191
0
73720
79104
0
141400
166655
92440
121714
125843
18063
0
0
23267
42723
110272
0
0
165163
50715
44751
57296
0
98239
0
0
24447
121121
76742
46501
94020
67651
68421
60004
0
20853
85623
65107
168898
56960
0
41783
50605
84915
12005
46638
59485
95941
0
42538
98660
156962
58037
20527
92071
90281
133235
161806
94114
138208
78372
45590
55564
163822
131377
77044
0
0
128697
61622
124350
45989
156570
0
0
165233
10651
0
158044
16146
0
28655
127742
63122
84558
142378
119931
140967
0
129645
0
0
61589
34938
0
133284
69684
49079
62797
93743
0
44403
80244
26398
64728
129042
62259
65045
173848
0
0
64131
59794
165002
68897
123078
14254
22750
148412
153062
40198
65144
19783
118399
58040
65754
114527
169869
0
120818
0
147884
55558
0
0
0
0
62595
107793
152404
118874
0
108809
47653
114907
21736
102162
0
117137
135523
90665
151868
83146
26628
159578
102033
57473
35534
44896
0
0
131659
0
98022
66814
132716
72133
35820
49037
0
0
113339
83146
0
150477
0
58829
0
0
67562
68410
0
47209
0
119707
16993
113388
94964
120329
73568
154807
56164
128753
127322
0
0
160709
82113
127367
0
32336
145627
167541
110178
72818
95577
109346
151223
96655
0
47716
61615
30382
6698
178318
65369
129598
41769
106522
0
33242
116502
87759
28017
62431
129537
0
89671
158889
92706
0
66733
19320
79098
110340
27299
87781
44744
56234
170544
75795
138346
106842
49199
33829
126677
128227
169256
66092
14379
69579
128022
33241
0
0
144394
0
27550
0
35809
0
87107
79313
71184
36487
0
132631
44603
24148
0
0
118647
164225
0
0
58824
101790
103482
0
63989
99472
22750
138146
91431
31023
33841
0
32353
9374
82854
0
0
110323
33738
0
65777
115557
93403
162450
61716
0
150900
108672
16156
106410
39811
39102
0
160871
0
48939
61758
79161
39765
55408
36064
63065
112775
0
159152
42373
108381
0
0
51495
142392
169221
19802
10813
0
91046
0
141707
14044
177762
0
17334
0
74414
65237
158928
0
0
140898
0
5089
0
0
126954
0
44006
16797
129539
0
0
137140
119808
100178
111766
50048
28025
92689
116086
129203
29645
0
110353
47175
127893
125497
79408
33283
118074
129596
37198
145473
41163
0
68847
83369
131754
132723
103099
72106
35085
154639
106278
153030
28055
0
76647
0
91567
119264
85493
137108
0
36346
95459
105744
128791
25260
154442
38953
148960
106610
0
94981
10645
0
168299
38073
0
27649
29982
35982
0
72809
0
150161
160918
57646
87185
119424
76683
119675
36904
68407
179102
111283
144551
7041
113160
91039
38073
42760
108994
67146
0
30389
117922
86393
0
78288
0
125619
0
94930
0
0
60439
173304
0
135526
0
61979
32623
44332
14081
141245
104855
28896
113425
112575
28599
0
55618
0
0
60873
39114
168836
94518
61636
44490
141598
21603
99056
109357
0
87723
95862
0
51447
0
75506
76742
123385
74231
61016
0
46905
0
7189
0
42649
0
0
125489
134168
52775
164107
160418
119051
0
92437
115220
0
123209
0
21256
114090
0
137565
38975
149280
34407
146760
18393
128384
32353
0
128670
113007
0
36482
94025
0
137025
103134
156053
58840
0
0
18198
129084
0
121805
1556
70615
138013
135370
138851
0
3825
120331
33380
125704
76619
121316
84296
0
0
47773
79870
53502
133194
118196
142009
59499
66988
0
110245
149347
45989
55854
89038
86452
134511
148342
125489
14469
83519
79144
117385
0
127205
82637
0
124509
0
0
80432
148438
61251
50920
48731
0
148928
159538
60591
137159
0
160225
116952
0
13983
105590
108016
153015
8548
32077
22133
29620
123675
25772
0
0
74570
72320
45233
25280
65785
0
78995
98300
39055
6028
144910
0
162978
56237
161428
65708
82013
31637
52817
18495
84656
0
122413
124541
36383
110664
42294
0
0
0
72184
153160
0
0
124109
102603
0
37960
0
113478
140210
117017
60570
0
0
0
24697
53563
114851
54808
0
0
52492
63794
34123
94620
29234
16919
0
14872
0
30082
162387
0
0
138083
29439
50808
129791
38953
38329
24733
0
98022
69443
39836
101047
155374
45160
0
135889
9812
101000
0
89984
63147
166753
0
86043
76309
152987
0
0
0
0
10636
171061
60997
0
45004
107734
0
137727
149632
155617
53305
73185
35977
0
63700
157582
34638
0
0
160170
62721
58188
0
0
113560
151000
0
0
64608
0
28578
60704
90543
0
53076
139371
81555
131542
92200
0
65475
72610
28338
152356
61593
0
119890
61888
69684
38209
50143
129603
161944
113976
91714
138334
113496
155539
0
136865
0
111330
86491
121225
112651
16871
30422
15767
0
149352
84244
0
41592
30694
0
0
118937
32464
0
0
151503
81472
53910
90538
185797
98626
53828
0
152101
81991
87781
0
74870
131092
33985
98453
141499
132319
116817
140392
76336
1556
105472
27740
67331
54533
51251
32136
0
157043
94048
74435
36293
0
0
147596
61323
120269
77804
31075
87577
94777
0
136553
159143
0
132466
134522
152925
116387
137292
135151
139450
155582
86263
100773
99997
41474
81356
90967
125104
46638
0
39201
128688
43067
0
91416
0
151873
63001
12478
126567
124192
0
0
13213
0
128323
97049
164108
109785
75998
172794
18800
135778
74807
0
0
9812
0
0
18495
15609
44243
36129
0
0
94428
139583
80877
96139
20487
68015
105324
38547
104243
0
0
28896
102294
79834
72458
20527
3283
23446
71877
115617
40387
29234
5821
47117
105899
152493
121758
0
31918
0
96191
65968
120884
27006
53220
114975
162850
53316
122018
0
0
0
57722
96401
0
68632
66182
44308
86322
0
148200
88866
159399
36069
124986
64569
78054
124428
49918
147013
91663
141171
0
0
0
24819
133584
0
25260
69828
68515
0
8548
118275
85013
0
60940
115569
18333
0
0
53076
154957
0
0
0
0
137613
0
135612
139521
0
63193
10068
100324
0
0
38547
50751
137826
73637
90355
115478
129255
55324
10982
27540
0
0
124417
98265
62143
0
123348
65452
0
6001
105559
48924
151335
149606
80815
0
103041
80866
85575
158671
72947
110006
109704
115206
140765
62920
42084
135312
0
89643
0
0
20758
157559
162750
0
133043
11589
80155
99485
154974
83489
51937
119589
0
114349
97806
63289
0
69573
107399
34182
30894
32353
142003
0
49599
91180
93589
0
57790
45673
91193
39369
172665
121238
0
0
106035
115765
125526
69738
0
23591
77262
0
0
73768
90758
91131
0
33028
81788
53423
0
33188
41649
0
0
55021
85520
0
158003
40914
56953
46378
125258
103663
38713
62925
55104
111615
20693
47540
155878
139968
0
0
85083
55060
124492
0
52580
110103
68818
140025
73378
117970
7678
76622
113376
73473
0
154419
88740
90576
117766
100695
66415
0
0
0
0
42723
45487
0
128912
0
92831
0
21688
160827
0
0
129469
0
81309
66779
10813
65040
146648
0
41632
50292
140137
37870
158116
7778
168147
54873
168425
168220
122069
91896
147004
48493
0
127910
0
0
51795
0
0
0
131773
48799
147133
149033
32475
35135
147836
0
107048
127198
0
42155
0
107783
122654
39490
106325
0
0
117732
31175
58611
118275
21091
0
159264
722
155048
111906
112294
0
51427
0
165334
125949
54135
0
14254
31430
127015
151429
0
0
79690
48423
64947
55731
0
158977
139385
98703
0
107459
52545
50300
73447
86636
0
68075
60393
0
0
0
80882
0
168168
151319
31894
0
63991
124925
79064
70220
80859
0
60750
133299
44117
73208
100806
0
56812
76216
0
102142
69162
108662
48369
29937
47791
50399
32464
108282
67914
0
167605
37870
0
113797
118196
10256
27617
0
31290
0
57398
81070
153754
24530
51462
0
15672
135376
87833
174375
0
0
90832
62717
24135
17603
133722
32351
39836
85464
35336
161450
48434
0
0
136886
23951
45720
0
67841
56782
0
111906
31075
0
0
121099
84175
98404
18748
54469
140178
0
0
42281
113583
56990
80082
125233
0
0
0
75762
50294
93586
0
26464
143352
40402
18927
144078
54082
0
47479
0
39233
0
70440
24447
0
121889
0
86449
48434
66805
141876
0
114395
0
0
0
142101
59123
128898
142541
37095
0
136224
47209
0
0
122099
0
173622
145110
47638
35295
0
76607
135207
129481
30296
109723
111516
76282
0
93865
46945
36544
91401
168941
111065
0
98731
40498
0
128497
112496
26115
0
59111
82760
145274
12462
0
141291
0
0
60170
165916
119338
114210
46156
41369
146738
111549
157608
79228
116488
142947
0
107657
0
0
0
43184
0
155673
147052
0
143097
14383
0
28170
148499
55611
0
0
114093
97753
99640
124807
65521
124509
101433
0
0
102606
88641
0
142858
83446
163317
111511
69204
156602
158886
45103
73122
161589
67575
124045
0
0
99587
60204
143191
105910
0
135859
0
71821
71325
158567
121197
0
142211
0
170202
93144
54795
0
0
0
115211
64937
110172
97859
93851
0
1777
45218
0
155909
161825
0
147065
80223
28213
137896
38085
145028
90011
0
60523
133292
163581
145180
94347
131694
159325
143656
52864
0
0
4044
110754
63909
97939
0
62387
110203
0
27317
151010
0
109704
60046
0
0
66458
30894
152334
72209
0
37806
15896
24302
0
0
0
158197
0
153212
0
31618
111146
50272
46394
161536
121447
51998
43112
149457
5448
133698
0
53488
0
3891
0
40111
28578
18748
31342
0
76312
136765
0
141575
0
70440
83455
14160
0
111524
0
69780
93517
80128
0
0
96279
129376
127586
76758
20888
0
167187
81055
106708
118898
123001
0
156067
130599
6769
61260
141661
0
39836
54480
55208
91714
56045
0
0
161253
63716
64047
139503
0
152234
75681
129406
114128
71589
0
76923
79035
37544
125379
125122
15195
118275
0
54551
1201
122966
139938
0
0
17994
0
54232
40477
0
121900
97618
0
0
132096
98575
52139
73038
155598
126676
115700
22004
84629
30471
0
87617
0
0
100613
167720
69069
153622
111437
67395
0
15426
0
39709
131630
138461
52507
41946
167831
0
0
0
117487
105848
171966
59956
70146
77308
113860
169113
61680
46381
117017
162417
118558
103716
113133
102372
23492
155133
110539
166764
55503
0
52477
92861
83604
0
21619
0
2090
0
75191
96977
72556
61184
0
124724
28170
136403
0
156259
61801
43724
27006
165680
43640
19366
81328
157904
109785
167373
161852
152289
0
74589
49342
146920
0
86304
0
164002
0
142159
0
28599
46431
0
66854
24675
0
133410
170886
0
0
20869
0
37256
0
144761
0
44332
118831
64396
57721
86289
126728
104688
63297
128920
35326
124427
0
0
62305
156293
0
142413
0
0
0
25670
138142
73584
164877
70482
75668
0
104925
156375
62961
107744
143530
18481
111137
0
110795
0
102882
0
0
115193
167183
81500
0
88804
0
44444
156515
114681
0
74391
16107
17464
4141
0
50652
82285
0
75814
97355
150671
34172
149390
142650
24192
0
0
67321
0
165360
102294
18221
18221
74491
123486
0
0
0
129216
133257
137215
76019
67211
0
38597
14682
81084
71268
99456
683
63484
0
53177
9737
48194
41560
101440
135420
84270
142550
39272
102674
0
154558
87187
21111
104220
134784
0
155543
101407
113735
41762
126794
0
62301
177252
94127
44070
79313
144802
124362
70448
88986
157758
164767
131625
76034
0
0
35651
85604
0
121326
118647
0
108159
54497
181697
0
0
160087
32731
163401
38286
156706
46638
128770
100069
30285
0
132333
135721
167043
122662
41393
54713
28285
70343
61171
0
140626
99180
96758
0
41138
102491
61026
0
41653
48761
96567
119066
0
129819
90961
52112
84061
121877
0
61392
153801
61990
111884
65194
0
31075
0
67188
113669
0
48432
59818
161286
140431
161121
114550
59003
82140
150987
47257
0
49755
9949
8923
85598
43118
124221
3825
141127
24494
137838
59648
159302
144604
123823
44952
0
54082
73940
0
0
161554
0
110051
41393
130477
164996
0
91254
164088
48210
0
118182
38467
84637
132910
11966
66009
14983
131092
65945
32585
106502
80130
43080
106893
0
181222
177108
162202
124764
82054
142717
132305
102258
133334
0
132133
34653
0
85181
0
135526
0
38733
165739
76124
31110
0
80223
3811
119658
0
146432
132361
0
0
0
155728
165412
150687
0
138628
148412
23850
150815
75291
69404
64557
5448
0
0
0
131976
0
137393
56613
102851
28208
45997
13514
76764
56497
72320
0
87989
0
119704
144865
8143
140184
61751
0
23220
68674
150421
147147
102851
32149
67026
78283
32703
22750
168656
74017
68286
33712
0
74492
48636
123504
13019
0
35651
51956
0
26127
59879
143735
114276
0
55770
21210
132537
159309
70440
155777
0
0
0
109488
126076
0
0
170668
0
33110
67446
23283
0
0
52215
55085
133398
82767
76763
168760
31098
95229
16595
0
115669
123204
121208
66953
0
62301
11504
77595
0
81313
149313
102764
0
0
146200
0
34792
37985
0
154797
76525
0
0
6997
38266
56289
74861
0
0
5966
28068
90445
81899
56935
147112
0
140886
93595
0
135124
5523
0
45873
0
56673
0
115994
181108
34059
132936
119959
0
0
19320
114405
68665
24219
113376
0
72209
55208
90391
88501
110723
92209
27006
0
112997
0
155819
0
16207
120688
118257
0
93542
51359
87355
129650
90159
92203
0
57949
0
39109
137238
46700
164776
147540
0
69194
159030
59995
88674
0
53701
9812
94707
0
129867
0
0
80930
32565
68046
141180
47701
147602
49952
0
53909
64230
128806
129252
0
135936
74036
132530
89314
167490
0
0
0
104756
129570
143262
114441
84239
101318
2033
108156
64420
87193
116678
0
119148
65935
75008
85862
156067
2666
0
109080
79759
80287
123632
91009
0
64539
0
98334
90515
137848
143295
85751
0
123611
0
124932
121669
0
95314
40653
0
127733
101066
134773
143110
75681
31441
104635
36098
0
0
0
0
27537
94178
110122
88122
53464
0
89899
7559
36779
0
133951
49668
72765
56960
171204
22547
0
26371
26371
41610
0
41079
43326
0
0
87674
95876
138584
36177
33985
57254
64819
89338
159711
2800
0
0
0
135529
12005
0
112160
134110
17848
30851
167353
0
87890
141066
0
0
150159
0
119965
0
62883
136725
129183
0
71753
108201
148402
0
90843
96752
107430
167346
111635
0
62272
87615
0
33470
109186
161306
0
38204
36832
105996
0
80303
116711
69854
0
0
111647
18367
120595
0
121678
9245
0
15033
165833
0
0
0
75008
162604
0
130898
139278
109357
137623
45412
0
132689
49414
65705
36882
93012
151022
50226
138791
0
65127
89501
0
0
161549
0
9309
99500
136421
0
133950
0
125675
61034
56005
98884
82819
168918
82741
94824
45669
12321
142835
27862
0
0
141309
165749
94587
72977
116574
0
100995
0
65676
111433
70228
0
0
33028
52006
722
0
136601
165115
132241
19807
107340
83232
53153
147692
139684
0
901
27998
150815
0
31075
78000
163762
0
0
118655
31294
0
125155
60383
148893
83220
33380
132064
54605
132228
57599
88866
0
131185
48503
83525
97994
116720
82898
152128
0
163186
0
49023
0
166158
25189
152083
47003
119601
0
0
0
0
91562
66772
2033
69991
20171
143408
8984
0
161897
0
0
124739
0
99412
177715
47813
0
73851
14044
74214
70245
37665
0
44469
56197
0
68223
46638
179994
22981
140566
140431
129772
147911
42943
31180
169699
22359
142591
0
53054
6079
119320
107280
111512
37665
43962
146846
0
0
59525
21709
36904
56782
158752
81914
43978
0
65619
133892
28888
48920
72848
81679
64202
77694
0
69855
92981
0
80831
124135
0
43134
125437
32475
0
5531
53862
67100
102985
37452
125949
92980
120489
62157
0
91347
136085
107247
159520
150127
0
125248
34596
20888
34842
0
0
134523
116878
108135
0
145351
0
117057
55726
0
92178
23765
130971
14174
97129
154889
23606
49315
28166
0
134070
0
134512
143964
26336
67003
80303
0
44476
123829
24108
24371
147716
0
0
157317
70522
144804
0
0
101068
0
0
0
45578
0
0
48187
78969
138924
0
94207
122304
13533
47294
0
90094
87938
101469
143054
0
56116
32467
131427
62971
18221
0
110478
32149
57948
0
54696
96508
0
51565
75187
25010
39837
63836
163462
152026
131200
151558
20881
19015
0
84979
168496
50400
32177
0
0
0
0
108904
101594
118321
16524
0
161672
136572
128938
125526
0
130126
150250
0
82580
132519
0
0
117950
36203
41138
17699
119790
0
24613
52477
151332
0
80930
48688
121323
6413
174794
82423
69594
0
44433
104742
165753
0
19392
162527
103916
61338
149276
120039
82325
144262
129593
78535
0
0
67139
0
152544
40910
15921
127368
72977
146046
0
15159
32731
138556
0
32467
155582
35505
89847
41184
111958
111521
64303
72892
16223
84048
89476
30422
111630
0
100012
84162
23202
87156
171403
30866
0
0
117805
96581
30604
146274
99045
0
13175
38177
47508
149290
0
95527
147014
0
80275
81313
75160
47239
0
0
113750
117558
125592
62520
0
137811
139974
156793
0
160467
41699
62808
130928
30296
58571
87278
152822
47011
150194
134232
7678
0
84420
158638
137538
85577
0
119816
130081
38411
0
117397
144196
40624
20252
26226
83701
0
36115
163779
134645
66790
70340
65237
99472
37945
0
0
0
15484
26371
142158
160225
0
22750
104240
34935
85571
42212
0
153651
156240
33599
74604
120737
134571
131967
88865
150364
129897
152839
0
45894
62080
105849
101436
132260
0
91281
115124
0
107929
0
0
0
100644
59997
157251
182406
125088
120580
131093
62497
69260
64969
36832
22763
76966
39811
74763
92616
159479
118829
17000
76255
99051
15890
0
148740
0
58402
52775
102290
151377
98283
93260
45533
0
64737
102871
0
111790
11172
93712
29547
84477
123427
60065
140257
106026
93012
68968
92847
49839
152939
0
0
75815
0
49590
53961
0
133232
137879
0
0
114507
85657
60678
77915
0
112828
0
106749
81422
0
106882
0
146847
134426
0
91050
0
12605
126497
0
0
155217
88895
60616
162832
37147
0
132609
149931
103543
133794
48429
150113
49276
16950
0
0
722
27006
79966
100805
0
0
0
0
0
26188
16111
0
68028
0
28851
114528
87278
87145
110653
84625
132029
103790
0
99468
25265
117009
147471
118849
0
88866
23310
0
0
60092
80773
0
0
137855
33381
171896
90114
44243
161675
0
16076
141311
72210
0
0
76635
97670
93258
92938
20686
108271
0
91927
79678
150782
71081
111277
52800
0
20998
28700
21325
0
0
14375
112975
157109
0
16679
142870
46098
32165
75668
140712
67198
151323
128422
129086
22173
142331
166577
0
42212
0
135005
0
63251
27836
144129
0
35918
109016
0
70725
0
115505
70769
155998
124277
157490
133718
0
0
0
77485
42403
15767
98529
63457
99436
0
120620
161399
62859
54808
57978
11027
0
65356
0
174751
0
111599
63463
35743
117057
0
0
57903
33032
0
42453
0
0
115294
149214
82644
0
119831
55689
148636
0
0
133517
0
40092
136462
59422
60399
155583
64856
27212
0
96742
32475
0
114801
0
106531
0
102140
0
0
158802
153803
17079
97367
131556
44339
23611
6001
121316
0
92429
0
29792
57754
36124
84275
64477
87817
110672
151199
136083
135205
100482
79482
94733
137168
144445
120259
83001
0
16717
95004
0
63525
112361
84396
15381
103807
0
140066
52800
0
123581
0
63978
159339
32623
35898
105848
0
111056
183322
67778
65945
0
4802
119591
108994
24987
97827
113755
105299
115535
94406
136135
0
67743
0
111891
104506
55896
116673
42715
82637
0
120775
108814
0
14989
0
157953
127134
144634
21867
58658
142308
149525
129272
98636
54377
56102
72818
45515
0
107729
140812
70959
0
67581
132110
25535
79192
0
99155
158523
101834
31290
19263
0
5448
0
173269
0
152413
73549
80251
81123
123450
0
0
152373
6548
0
119162
68615
68423
63484
0
139188
132537
81313
22727
150714
73700
125993
144308
0
53605
150445
42926
53596
0
158842
0
115569
135822
94528
32257
90190
180505
0
65189
11504
0
0
71068
166148
46754
51616
0
0
151183
67321
140552
6489
96561
61888
77915
73524
28366
0
154965
154707
159461
76449
140052
140683
97000
0
85293
9687
42207
126528
56378
0
0
146753
39188
127480
16316
0
83998
74183
0
86520
24000
133803
66211
137420
60344
0
68174
0
67686
104391
68498
68407
66567
8585
0
153459
160640
0
0
165709
54829
104981
41041
126483
0
72758
118899
76887
71725
0
0
119477
0
89650
154266
170124
35187
102752
11504
147180
120928
81597
85164
17872
22076
8677
69604
71028
0
113832
0
125200
91950
38150
38223
149983
43071
11504
158495
3825
0
141426
0
166992
0
160928
61131
0
146841
127496
94803
153172
722
54368
0
29248
0
87187
133242
0
159234
74408
39049
33079
53574
139879
0
65526
120580
79743
112375
14682
138978
126707
75595
0
117631
81092
0
58748
0
0
80800
0
36568
0
10256
62040
125313
0
66583
0
0
103039
83720
0
14719
87649
0
39593
155837
156711
99863
121165
0
106904
0
122489
62098
161152
45314
164302
0
0
74634
90892
40624
80319
0
67277
22136
128230
0
64630
35326
42826
32736
49375
0
77422
42115
0
0
48012
28658
0
0
161815
78003
173321
83966
137618
151038
48194
0
55583
0
0
25860
161781
0
140272
23961
131396
134493
143853
180865
62157
0
96535
161598
0
39272
100775
137536
15377
53527
0
86718
134961
66908
53242
22547
20487
0
74428
51600
61295
0
165881
0
159674
84497
29834
145498
37382
0
0
97139
97696
149125
0
132390
145930
37018
72477
68377
126039
0
144361
0
75814
114463
99102
0
98942
109493
0
62688
108200
96273
0
62865
15397
17384
61147
153864
0
39749
27617
17112
131283
0
122360
128384
0
147634
0
91322
24319
88339
126683
35255
146703
104340
130145
72748
118804
0
97913
155469
135990
9812
0
72732
0
0
155391
43936
0
80916
8923
0
43687
131072
49755
0
45262
141493
142646
55416
91742
103655
121323
164940
0
0
14594
123480
0
0
135017
0
96300
0
30260
0
71532
51304
130665
34123
0
20445
164388
30459
120580
0
0
16679
67757
0
0
0
28068
132029
52211
0
56258
175341
53765
53446
40391
105530
44816
157233
88942
0
65382
66692
16316
44929
161979
136931
59354
41924
50286
160200
112853
0
66183
88397
130733
88994
144169
88727
0
155598
0
102777
0
26564
0
90199
40527
105849
108413
0
87140
89132
62089
147183
0
92979
88696
141380
67002
78220
145752
19322
83078
124390
74121
64608
38639
0
0
0
38212
0
122658
0
76851
27507
79278
59693
95443
41547
19426
0
25596
0
80830
0
20312
160656
161636
124428
37831
0
80415
165221
145253
57507
0
133624
62156
0
97740
123611
75829
0
79190
21188
96567
166786
69342
0
142721
0
125731
170695
0
117112
28055
35651
36293
73424
0
0
87545
108636
0
32013
0
0
73009
78028
48560
0
113256
40507
0
0
0
71818
103249
18466
86071
0
83502
0
60617
60982
81725
0
0
49290
59208
65930
101066
50415
0
143352
78887
65968
11966
107230
0
32505
126380
141277
56505
93517
98775
0
9812
0
0
56205
165544
153485
43887
158029
145875
107816
0
0
38597
38134
149403
0
8984
31243
116629
155909
139860
89258
87187
19461
27277
0
93589
140230
43698
0
38994
78325
170856
0
0
0
0
53910
0
157228
0
34172
117833
88246
42569
88358
143745
32166
141066
41966
124173
89643
154593
8194
72344
0
71193
0
0
59025
143934
55829
27051
106063
106749
117532
145492
0
0
0
84727
65898
0
104506
167404
110727
60849
124538
110180
0
50048
109080
15002
110582
136328
113980
33744
50504
101858
110763
94513
133912
0
62305
28485
44245
71679
121040
135935
130453
24484
87103
61184
0
123054
36109
24668
165874
113586
92704
153773
0
79687
134557
58365
142876
0
0
41972
79612
106777
3466
138338
0
31259
89116
36832
117086
43029
149195
66566
0
148503
0
153813
0
110696
47319
0
0
0
0
105452
0
0
131858
104374
62456
69715
137065
0
64860
90653
97309
123611
65389
0
121700
70220
117051
31121
38411
141380
128204
0
60997
0
38207
0
80492
0
116300
83559
34238
20007
104810
45624
126234
0
45198
57827
51457
160224
68648
0
83361
0
45886
104688
132701
0
53173
20080
67943
108715
12665
56812
61323
63518
8677
134755
0
59624
0
0
127017
151571
154914
0
104402
138127
113608
71231
32080
39844
28896
78646
95251
152085
100550
0
28240
128421
0
11966
82688
1201
70554
41393
109992
146644
126269
125873
132030
133803
75986
15312
22186
32652
96358
34686
160128
76938
0
37111
104630
178692
135148
96570
0
166405
0
106928
72306
47846
145401
148664
101665
98703
161520
0
80961
78568
45123
67003
93268
9594
122079
0
25563
61779
67287
106829
134487
127863
47302
126146
120609
79851
61009
108442
48546
162639
97792
0
101599
43640
169472
0
7678
31874
78535
82492
94178
81612
158034
0
0
88908
128359
0
0
64136
119777
112989
155841
70030
31073
0
0
116699
130564
102753
53717
0
174208
0
110106
9737
99636
47011
163015
0
49134
0
0
63211
54198
37520
41639
147872
84441
135560
136710
0
0
9194
104025
0
0
158207
0
114911
20050
156331
40156
12649
17384
0
9374
1201
163734
0
93806
0
0
120369
0
107880
0
81044
24371
78894
71100
152168
38266
106086
155042
79791
4411
0
0
148288
131615
26030
29276
89437
66814
157109
112069
91342
0
17438
81926
0
110292
71741
120443
135563
153925
109563
68236
0
0
158086
0
134704
123878
152895
95181
78904
0
146897
60712
0
102369
19535
53419
59035
119245
0
19326
76250
88952
0
91407
89983
98838
22689
142751
0
31999
31860
90824
115282
64345
11972
0
28599
8923
148202
31853
51462
146320
0
161193
0
165757
106016
132812
148501
43329
88264
9220
0
57398
0
130081
109295
23268
68725
0
81129
83212
159269
50351
43397
82039
58818
5089
130830
94609
168166
0
108512
46638
134886
40083
0
114906
0
0
53488
121366
117014
58489
20998
0
46094
57731
0
59182
48463
159454
141833
106608
35135
160275
123907
94476
0
0
162372
87166
134926
25355
36646
0
24836
0
136898
0
0
108079
78670
40216
0
23025
0
150370
47513
88352
63234
63578
120153
49863
0
171932
135729
38177
0
0
52318
0
46119
0
0
55192
109215
107830
57758
23678
103275
0
17955
106282
121167
109379
82436
112206
0
0
152567
145125
128078
48920
153553
0
96457
128384
84145
45310
30520
88466
0
133176
34275
0
164922
61085
121013
0
132340
0
41212
69075
61238
109488
0
0
82650
0
139339
26265
120142
30672
0
54834
72071
0
5608
14081
0
42207
68423
0
89449
124554
168336
83701
51892
152562
0
113888
134895
63700
0
0
74391
143851
67273
67273
0
50075
0
0
143009
58471
94525
42860
160877
0
84094
68688
112359
0
91939
31039
42786
147285
108135
125183
0
0
0
60570
137085
0
37487
37693
0
0
63625
74447
8923
6419
42760
149472
20644
0
38565
0
44831
0
57932
0
0
0
55324
48792
60193
76704
13175
61593
164634
11972
73825
100773
138825
