10000
100 100
82 29 24 85 35 30 34 54 67 12 62 72 78 95 3 56 53 32 23 45 21 19 86 13 73 28 9 93 87 7 70 33 42 100 89 51 74 68 16 52 48 77 38 98 22 94 40 27 4 80 71 36 37 15 11 6 76 39 64 58 57 43 5 49 14 75 50 88 18 20 97 96 41 55 47 81 91 90 63 66 92 2 25 84 83 44 31 10 69 65 61 26 99 60 59 8 17 79 1 46 
46 82 29 24 85 35 30 34 54 67 12 62 72 78 95 3 56 53 32 23 45 21 19 86 13 73 28 9 93 87 7 70 33 42 100 89 51 74 68 16 52 48 77 38 98 22 94 40 27 4 80 71 36 37 15 11 6 76 39 64 58 57 43 5 49 14 75 50 88 18 20 97 96 41 55 47 81 91 90 63 66 92 2 25 84 83 44 31 10 69 65 61 26 99 60 59 8 17 79 1 
1 46 82 29 24 85 35 30 34 54 67 12 62 72 78 95 3 56 53 32 23 45 21 19 86 13 73 28 9 93 87 7 70 33 42 100 89 51 74 68 16 52 48 77 38 98 22 94 40 27 4 80 71 36 37 15 11 6 76 39 64 58 57 43 5 49 14 75 50 88 18 20 97 96 41 55 47 81 91 90 63 66 92 2 25 84 83 44 31 10 69 65 61 26 99 60 59 8 17 79 
79 1 46 82 29 24 85 35 30 34 54 67 12 62 72 78 95 3 56 53 32 23 45 21 19 86 13 73 28 9 93 87 7 70 33 42 100 89 51 74 68 16 52 48 77 38 98 22 94 40 27 4 80 71 36 37 15 11 6 76 39 64 58 57 43 5 49 14 75 50 88 18 20 97 96 41 55 47 81 91 90 63 66 92 2 25 84 83 44 31 10 69 65 61 26 99 60 59 8 17 
17 79 1 46 82 29 24 85 35 30 34 54 67 12 62 72 78 95 3 56 53 32 23 45 21 19 86 13 73 28 9 93 87 7 70 33 42 100 89 51 74 68 16 52 48 77 38 98 22 94 40 27 4 80 71 36 37 15 11 6 76 39 64 58 57 43 5 49 14 75 50 88 18 20 97 96 41 55 47 81 91 90 63 66 92 2 25 84 83 44 31 10 69 65 61 26 99 60 59 8 
8 17 79 1 46 82 29 24 85 35 30 34 54 67 12 62 72 78 95 3 56 53 32 23 45 21 19 86 13 73 28 9 93 87 7 70 33 42 100 89 51 74 68 16 52 48 77 38 98 22 94 40 27 4 80 71 36 37 15 11 6 76 39 64 58 57 43 5 49 14 75 50 88 18 20 97 96 41 55 47 81 91 90 63 66 92 2 25 84 83 44 31 10 69 65 61 26 99 60 59 
59 8 17 79 1 46 82 29 24 85 35 30 34 54 67 12 62 72 78 95 3 56 53 32 23 45 21 19 86 13 73 28 9 93 87 7 70 33 42 100 89 51 74 68 16 52 48 77 38 98 22 94 40 27 4 80 71 36 37 15 11 6 76 39 64 58 57 43 5 49 14 75 50 88 18 20 97 96 41 55 47 81 91 90 63 66 92 2 25 84 83 44 31 10 69 65 61 26 99 60 
60 59 8 17 79 1 46 82 29 24 85 35 30 34 54 67 12 62 72 78 95 3 56 53 32 23 45 21 19 86 13 73 28 9 93 87 7 70 33 42 100 89 51 74 68 16 52 48 77 38 98 22 94 40 27 4 80 71 36 37 15 11 6 76 39 64 58 57 43 5 49 14 75 50 88 18 20 97 96 41 55 47 81 91 90 63 66 92 2 25 84 83 44 31 10 69 65 61 26 99 
99 60 59 8 17 79 1 46 82 29 24 85 35 30 34 54 67 12 62 72 78 95 3 56 53 32 23 45 21 19 86 13 73 28 9 93 87 7 70 33 42 100 89 51 74 68 16 52 48 77 38 98 22 94 40 27 4 80 71 36 37 15 11 6 76 39 64 58 57 43 5 49 14 75 50 88 18 20 97 96 41 55 47 81 91 90 63 66 92 2 25 84 83 44 31 10 69 65 61 26 
26 99 60 59 8 17 79 1 46 82 29 24 85 35 30 34 54 67 12 62 72 78 95 3 56 53 32 23 45 21 19 86 13 73 28 9 93 87 7 70 33 42 100 89 51 74 68 16 52 48 77 38 98 22 94 40 27 4 80 71 36 37 15 11 6 76 39 64 58 57 43 5 49 14 75 50 88 18 20 97 96 41 55 47 81 91 90 63 66 92 2 25 84 83 44 31 10 69 65 61 
61 26 99 60 59 8 17 79 1 46 82 29 24 85 35 30 34 54 67 12 62 72 78 95 3 56 53 32 23 45 21 19 86 13 73 28 9 93 87 7 70 33 42 100 89 51 74 68 16 52 48 77 38 98 22 94 40 27 4 80 71 36 37 15 11 6 76 39 64 58 57 43 5 49 14 75 50 88 18 20 97 96 41 55 47 81 91 90 63 66 92 2 25 84 83 44 31 10 69 65 
65 61 26 99 60 59 8 17 79 1 46 82 29 24 85 35 30 34 54 67 12 62 72 78 95 3 56 53 32 23 45 21 19 86 13 73 28 9 93 87 7 70 33 42 100 89 51 74 68 16 52 48 77 38 98 22 94 40 27 4 80 71 36 37 15 11 6 76 39 64 58 57 43 5 49 14 75 50 88 18 20 97 96 41 55 47 81 91 90 63 66 92 2 25 84 83 44 31 10 69 
69 65 61 26 99 60 59 8 17 79 1 46 82 29 24 85 35 30 34 54 67 12 62 72 78 95 3 56 53 32 23 45 21 19 86 13 73 28 9 93 87 7 70 33 42 100 89 51 74 68 16 52 48 77 38 98 22 94 40 27 4 80 71 36 37 15 11 6 76 39 64 58 57 43 5 49 14 75 50 88 18 20 97 96 41 55 47 81 91 90 63 66 92 2 25 84 83 44 31 10 
10 69 65 61 26 99 60 59 8 17 79 1 46 82 29 24 85 35 30 34 54 67 12 62 72 78 95 3 56 53 32 23 45 21 19 86 13 73 28 9 93 87 7 70 33 42 100 89 51 74 68 16 52 48 77 38 98 22 94 40 27 4 80 71 36 37 15 11 6 76 39 64 58 57 43 5 49 14 75 50 88 18 20 97 96 41 55 47 81 91 90 63 66 92 2 25 84 83 44 31 
31 10 69 65 61 26 99 60 59 8 17 79 1 46 82 29 24 85 35 30 34 54 67 12 62 72 78 95 3 56 53 32 23 45 21 19 86 13 73 28 9 93 87 7 70 33 42 100 89 51 74 68 16 52 48 77 38 98 22 94 40 27 4 80 71 36 37 15 11 6 76 39 64 58 57 43 5 49 14 75 50 88 18 20 97 96 41 55 47 81 91 90 63 66 92 2 25 84 83 44 
44 31 10 69 65 61 26 99 60 59 8 17 79 1 46 82 29 24 85 35 30 34 54 67 12 62 72 78 95 3 56 53 32 23 45 21 19 86 13 73 28 9 93 87 7 70 33 42 100 89 51 74 68 16 52 48 77 38 98 22 94 40 27 4 80 71 36 37 15 11 6 76 39 64 58 57 43 5 49 14 75 50 88 18 20 97 96 41 55 47 81 91 90 63 66 92 2 25 84 83 
83 44 31 10 69 65 61 26 99 60 59 8 17 79 1 46 82 29 24 85 35 30 34 54 67 12 62 72 78 95 3 56 53 32 23 45 21 19 86 13 73 28 9 93 87 7 70 33 42 100 89 51 74 68 16 52 48 77 38 98 22 94 40 27 4 80 71 36 37 15 11 6 76 39 64 58 57 43 5 49 14 75 50 88 18 20 97 96 41 55 47 81 91 90 63 66 92 2 25 84 
84 83 44 31 10 69 65 61 26 99 60 59 8 17 79 1 46 82 29 24 85 35 30 34 54 67 12 62 72 78 95 3 56 53 32 23 45 21 19 86 13 73 28 9 93 87 7 70 33 42 100 89 51 74 68 16 52 48 77 38 98 22 94 40 27 4 80 71 36 37 15 11 6 76 39 64 58 57 43 5 49 14 75 50 88 18 20 97 96 41 55 47 81 91 90 63 66 92 2 25 
25 84 83 44 31 10 69 65 61 26 99 60 59 8 17 79 1 46 82 29 24 85 35 30 34 54 67 12 62 72 78 95 3 56 53 32 23 45 21 19 86 13 73 28 9 93 87 7 70 33 42 100 89 51 74 68 16 52 48 77 38 98 22 94 40 27 4 80 71 36 37 15 11 6 76 39 64 58 57 43 5 49 14 75 50 88 18 20 97 96 41 55 47 81 91 90 63 66 92 2 
2 25 84 83 44 31 10 69 65 61 26 99 60 59 8 17 79 1 46 82 29 24 85 35 30 34 54 67 12 62 72 78 95 3 56 53 32 23 45 21 19 86 13 73 28 9 93 87 7 70 33 42 100 89 51 74 68 16 52 48 77 38 98 22 94 40 27 4 80 71 36 37 15 11 6 76 39 64 58 57 43 5 49 14 75 50 88 18 20 97 96 41 55 47 81 91 90 63 66 92 
92 2 25 84 83 44 31 10 69 65 61 26 99 60 59 8 17 79 1 46 82 29 24 85 35 30 34 54 67 12 62 72 78 95 3 56 53 32 23 45 21 19 86 13 73 28 9 93 87 7 70 33 42 100 89 51 74 68 16 52 48 77 38 98 22 94 40 27 4 80 71 36 37 15 11 6 76 39 64 58 57 43 5 49 14 75 50 88 18 20 97 96 41 55 47 81 91 90 63 66 
66 92 2 25 84 83 44 31 10 69 65 61 26 99 60 59 8 17 79 1 46 82 29 24 85 35 30 34 54 67 12 62 72 78 95 3 56 53 32 23 45 21 19 86 13 73 28 9 93 87 7 70 33 42 100 89 51 74 68 16 52 48 77 38 98 22 94 40 27 4 80 71 36 37 15 11 6 76 39 64 58 57 43 5 49 14 75 50 88 18 20 97 96 41 55 47 81 91 90 63 
63 66 92 2 25 84 83 44 31 10 69 65 61 26 99 60 59 8 17 79 1 46 82 29 24 85 35 30 34 54 67 12 62 72 78 95 3 56 53 32 23 45 21 19 86 13 73 28 9 93 87 7 70 33 42 100 89 51 74 68 16 52 48 77 38 98 22 94 40 27 4 80 71 36 37 15 11 6 76 39 64 58 57 43 5 49 14 75 50 88 18 20 97 96 41 55 47 81 91 90 
90 63 66 92 2 25 84 83 44 31 10 69 65 61 26 99 60 59 8 17 79 1 46 82 29 24 85 35 30 34 54 67 12 62 72 78 95 3 56 53 32 23 45 21 19 86 13 73 28 9 93 87 7 70 33 42 100 89 51 74 68 16 52 48 77 38 98 22 94 40 27 4 80 71 36 37 15 11 6 76 39 64 58 57 43 5 49 14 75 50 88 18 20 97 96 41 55 47 81 91 
91 90 63 66 92 2 25 84 83 44 31 10 69 65 61 26 99 60 59 8 17 79 1 46 82 29 24 85 35 30 34 54 67 12 62 72 78 95 3 56 53 32 23 45 21 19 86 13 73 28 9 93 87 7 70 33 42 100 89 51 74 68 16 52 48 77 38 98 22 94 40 27 4 80 71 36 37 15 11 6 76 39 64 58 57 43 5 49 14 75 50 88 18 20 97 96 41 55 47 81 
81 91 90 63 66 92 2 25 84 83 44 31 10 69 65 61 26 99 60 59 8 17 79 1 46 82 29 24 85 35 30 34 54 67 12 62 72 78 95 3 56 53 32 23 45 21 19 86 13 73 28 9 93 87 7 70 33 42 100 89 51 74 68 16 52 48 77 38 98 22 94 40 27 4 80 71 36 37 15 11 6 76 39 64 58 57 43 5 49 14 75 50 88 18 20 97 96 41 55 47 
47 81 91 90 63 66 92 2 25 84 83 44 31 10 69 65 61 26 99 60 59 8 17 79 1 46 82 29 24 85 35 30 34 54 67 12 62 72 78 95 3 56 53 32 23 45 21 19 86 13 73 28 9 93 87 7 70 33 42 100 89 51 74 68 16 52 48 77 38 98 22 94 40 27 4 80 71 36 37 15 11 6 76 39 64 58 57 43 5 49 14 75 50 88 18 20 97 96 41 55 
55 47 81 91 90 63 66 92 2 25 84 83 44 31 10 69 65 61 26 99 60 59 8 17 79 1 46 82 29 24 85 35 30 34 54 67 12 62 72 78 95 3 56 53 32 23 45 21 19 86 13 73 28 9 93 87 7 70 33 42 100 89 51 74 68 16 52 48 77 38 98 22 94 40 27 4 80 71 36 37 15 11 6 76 39 64 58 57 43 5 49 14 75 50 88 18 20 97 96 41 
41 55 47 81 91 90 63 66 92 2 25 84 83 44 31 10 69 65 61 26 99 60 59 8 17 79 1 46 82 29 24 85 35 30 34 54 67 12 62 72 78 95 3 56 53 32 23 45 21 19 86 13 73 28 9 93 87 7 70 33 42 100 89 51 74 68 16 52 48 77 38 98 22 94 40 27 4 80 71 36 37 15 11 6 76 39 64 58 57 43 5 49 14 75 50 88 18 20 97 96 
96 41 55 47 81 91 90 63 66 92 2 25 84 83 44 31 10 69 65 61 26 99 60 59 8 17 79 1 46 82 29 24 85 35 30 34 54 67 12 62 72 78 95 3 56 53 32 23 45 21 19 86 13 73 28 9 93 87 7 70 33 42 100 89 51 74 68 16 52 48 77 38 98 22 94 40 27 4 80 71 36 37 15 11 6 76 39 64 58 57 43 5 49 14 75 50 88 18 20 97 
97 96 41 55 47 81 91 90 63 66 92 2 25 84 83 44 31 10 69 65 61 26 99 60 59 8 17 79 1 46 82 29 24 85 35 30 34 54 67 12 62 72 78 95 3 56 53 32 23 45 21 19 86 13 73 28 9 93 87 7 70 33 42 100 89 51 74 68 16 52 48 77 38 98 22 94 40 27 4 80 71 36 37 15 11 6 76 39 64 58 57 43 5 49 14 75 50 88 18 20 
20 97 96 41 55 47 81 91 90 63 66 92 2 25 84 83 44 31 10 69 65 61 26 99 60 59 8 17 79 1 46 82 29 24 85 35 30 34 54 67 12 62 72 78 95 3 56 53 32 23 45 21 19 86 13 73 28 9 93 87 7 70 33 42 100 89 51 74 68 16 52 48 77 38 98 22 94 40 27 4 80 71 36 37 15 11 6 76 39 64 58 57 43 5 49 14 75 50 88 18 
18 20 97 96 41 55 47 81 91 90 63 66 92 2 25 84 83 44 31 10 69 65 61 26 99 60 59 8 17 79 1 46 82 29 24 85 35 30 34 54 67 12 62 72 78 95 3 56 53 32 23 45 21 19 86 13 73 28 9 93 87 7 70 33 42 100 89 51 74 68 16 52 48 77 38 98 22 94 40 27 4 80 71 36 37 15 11 6 76 39 64 58 57 43 5 49 14 75 50 88 
88 18 20 97 96 41 55 47 81 91 90 63 66 92 2 25 84 83 44 31 10 69 65 61 26 99 60 59 8 17 79 1 46 82 29 24 85 35 30 34 54 67 12 62 72 78 95 3 56 53 32 23 45 21 19 86 13 73 28 9 93 87 7 70 33 42 100 89 51 74 68 16 52 48 77 38 98 22 94 40 27 4 80 71 36 37 15 11 6 76 39 64 58 57 43 5 49 14 75 50 
50 88 18 20 97 96 41 55 47 81 91 90 63 66 92 2 25 84 83 44 31 10 69 65 61 26 99 60 59 8 17 79 1 46 82 29 24 85 35 30 34 54 67 12 62 72 78 95 3 56 53 32 23 45 21 19 86 13 73 28 9 93 87 7 70 33 42 100 89 51 74 68 16 52 48 77 38 98 22 94 40 27 4 80 71 36 37 15 11 6 76 39 64 58 57 43 5 49 14 75 
75 50 88 18 20 97 96 41 55 47 81 91 90 63 66 92 2 25 84 83 44 31 10 69 65 61 26 99 60 59 8 17 79 1 46 82 29 24 85 35 30 34 54 67 12 62 72 78 95 3 56 53 32 23 45 21 19 86 13 73 28 9 93 87 7 70 33 42 100 89 51 74 68 16 52 48 77 38 98 22 94 40 27 4 80 71 36 37 15 11 6 76 39 64 58 57 43 5 49 14 
14 75 50 88 18 20 97 96 41 55 47 81 91 90 63 66 92 2 25 84 83 44 31 10 69 65 61 26 99 60 59 8 17 79 1 46 82 29 24 85 35 30 34 54 67 12 62 72 78 95 3 56 53 32 23 45 21 19 86 13 73 28 9 93 87 7 70 33 42 100 89 51 74 68 16 52 48 77 38 98 22 94 40 27 4 80 71 36 37 15 11 6 76 39 64 58 57 43 5 49 
49 14 75 50 88 18 20 97 96 41 55 47 81 91 90 63 66 92 2 25 84 83 44 31 10 69 65 61 26 99 60 59 8 17 79 1 46 82 29 24 85 35 30 34 54 67 12 62 72 78 95 3 56 53 32 23 45 21 19 86 13 73 28 9 93 87 7 70 33 42 100 89 51 74 68 16 52 48 77 38 98 22 94 40 27 4 80 71 36 37 15 11 6 76 39 64 58 57 43 5 
5 49 14 75 50 88 18 20 97 96 41 55 47 81 91 90 63 66 92 2 25 84 83 44 31 10 69 65 61 26 99 60 59 8 17 79 1 46 82 29 24 85 35 30 34 54 67 12 62 72 78 95 3 56 53 32 23 45 21 19 86 13 73 28 9 93 87 7 70 33 42 100 89 51 74 68 16 52 48 77 38 98 22 94 40 27 4 80 71 36 37 15 11 6 76 39 64 58 57 43 
43 5 49 14 75 50 88 18 20 97 96 41 55 47 81 91 90 63 66 92 2 25 84 83 44 31 10 69 65 61 26 99 60 59 8 17 79 1 46 82 29 24 85 35 30 34 54 67 12 62 72 78 95 3 56 53 32 23 45 21 19 86 13 73 28 9 93 87 7 70 33 42 100 89 51 74 68 16 52 48 77 38 98 22 94 40 27 4 80 71 36 37 15 11 6 76 39 64 58 57 
57 43 5 49 14 75 50 88 18 20 97 96 41 55 47 81 91 90 63 66 92 2 25 84 83 44 31 10 69 65 61 26 99 60 59 8 17 79 1 46 82 29 24 85 35 30 34 54 67 12 62 72 78 95 3 56 53 32 23 45 21 19 86 13 73 28 9 93 87 7 70 33 42 100 89 51 74 68 16 52 48 77 38 98 22 94 40 27 4 80 71 36 37 15 11 6 76 39 64 58 
58 57 43 5 49 14 75 50 88 18 20 97 96 41 55 47 81 91 90 63 66 92 2 25 84 83 44 31 10 69 65 61 26 99 60 59 8 17 79 1 46 82 29 24 85 35 30 34 54 67 12 62 72 78 95 3 56 53 32 23 45 21 19 86 13 73 28 9 93 87 7 70 33 42 100 89 51 74 68 16 52 48 77 38 98 22 94 40 27 4 80 71 36 37 15 11 6 76 39 64 
64 58 57 43 5 49 14 75 50 88 18 20 97 96 41 55 47 81 91 90 63 66 92 2 25 84 83 44 31 10 69 65 61 26 99 60 59 8 17 79 1 46 82 29 24 85 35 30 34 54 67 12 62 72 78 95 3 56 53 32 23 45 21 19 86 13 73 28 9 93 87 7 70 33 42 100 89 51 74 68 16 52 48 77 38 98 22 94 40 27 4 80 71 36 37 15 11 6 76 39 
39 64 58 57 43 5 49 14 75 50 88 18 20 97 96 41 55 47 81 91 90 63 66 92 2 25 84 83 44 31 10 69 65 61 26 99 60 59 8 17 79 1 46 82 29 24 85 35 30 34 54 67 12 62 72 78 95 3 56 53 32 23 45 21 19 86 13 73 28 9 93 87 7 70 33 42 100 89 51 74 68 16 52 48 77 38 98 22 94 40 27 4 80 71 36 37 15 11 6 76 
76 39 64 58 57 43 5 49 14 75 50 88 18 20 97 96 41 55 47 81 91 90 63 66 92 2 25 84 83 44 31 10 69 65 61 26 99 60 59 8 17 79 1 46 82 29 24 85 35 30 34 54 67 12 62 72 78 95 3 56 53 32 23 45 21 19 86 13 73 28 9 93 87 7 70 33 42 100 89 51 74 68 16 52 48 77 38 98 22 94 40 27 4 80 71 36 37 15 11 6 
6 76 39 64 58 57 43 5 49 14 75 50 88 18 20 97 96 41 55 47 81 91 90 63 66 92 2 25 84 83 44 31 10 69 65 61 26 99 60 59 8 17 79 1 46 82 29 24 85 35 30 34 54 67 12 62 72 78 95 3 56 53 32 23 45 21 19 86 13 73 28 9 93 87 7 70 33 42 100 89 51 74 68 16 52 48 77 38 98 22 94 40 27 4 80 71 36 37 15 11 
11 6 76 39 64 58 57 43 5 49 14 75 50 88 18 20 97 96 41 55 47 81 91 90 63 66 92 2 25 84 83 44 31 10 69 65 61 26 99 60 59 8 17 79 1 46 82 29 24 85 35 30 34 54 67 12 62 72 78 95 3 56 53 32 23 45 21 19 86 13 73 28 9 93 87 7 70 33 42 100 89 51 74 68 16 52 48 77 38 98 22 94 40 27 4 80 71 36 37 15 
15 11 6 76 39 64 58 57 43 5 49 14 75 50 88 18 20 97 96 41 55 47 81 91 90 63 66 92 2 25 84 83 44 31 10 69 65 61 26 99 60 59 8 17 79 1 46 82 29 24 85 35 30 34 54 67 12 62 72 78 95 3 56 53 32 23 45 21 19 86 13 73 28 9 93 87 7 70 33 42 100 89 51 74 68 16 52 48 77 38 98 22 94 40 27 4 80 71 36 37 
37 15 11 6 76 39 64 58 57 43 5 49 14 75 50 88 18 20 97 96 41 55 47 81 91 90 63 66 92 2 25 84 83 44 31 10 69 65 61 26 99 60 59 8 17 79 1 46 82 29 24 85 35 30 34 54 67 12 62 72 78 95 3 56 53 32 23 45 21 19 86 13 73 28 9 93 87 7 70 33 42 100 89 51 74 68 16 52 48 77 38 98 22 94 40 27 4 80 71 36 
36 37 15 11 6 76 39 64 58 57 43 5 49 14 75 50 88 18 20 97 96 41 55 47 81 91 90 63 66 92 2 25 84 83 44 31 10 69 65 61 26 99 60 59 8 17 79 1 46 82 29 24 85 35 30 34 54 67 12 62 72 78 95 3 56 53 32 23 45 21 19 86 13 73 28 9 93 87 7 70 33 42 100 89 51 74 68 16 52 48 77 38 98 22 94 40 27 4 80 71 
71 36 37 15 11 6 76 39 64 58 57 43 5 49 14 75 50 88 18 20 97 96 41 55 47 81 91 90 63 66 92 2 25 84 83 44 31 10 69 65 61 26 99 60 59 8 17 79 1 46 82 29 24 85 35 30 34 54 67 12 62 72 78 95 3 56 53 32 23 45 21 19 86 13 73 28 9 93 87 7 70 33 42 100 89 51 74 68 16 52 48 77 38 98 22 94 40 27 4 80 
80 71 36 37 15 11 6 76 39 64 58 57 43 5 49 14 75 50 88 18 20 97 96 41 55 47 81 91 90 63 66 92 2 25 84 83 44 31 10 69 65 61 26 99 60 59 8 17 79 1 46 82 29 24 85 35 30 34 54 67 12 62 72 78 95 3 56 53 32 23 45 21 19 86 13 73 28 9 93 87 7 70 33 42 100 89 51 74 68 16 52 48 77 38 98 22 94 40 27 4 
4 80 71 36 37 15 11 6 76 39 64 58 57 43 5 49 14 75 50 88 18 20 97 96 41 55 47 81 91 90 63 66 92 2 25 84 83 44 31 10 69 65 61 26 99 60 59 8 17 79 1 46 82 29 24 85 35 30 34 54 67 12 62 72 78 95 3 56 53 32 23 45 21 19 86 13 73 28 9 93 87 7 70 33 42 100 89 51 74 68 16 52 48 77 38 98 22 94 40 27 
27 4 80 71 36 37 15 11 6 76 39 64 58 57 43 5 49 14 75 50 88 18 20 97 96 41 55 47 81 91 90 63 66 92 2 25 84 83 44 31 10 69 65 61 26 99 60 59 8 17 79 1 46 82 29 24 85 35 30 34 54 67 12 62 72 78 95 3 56 53 32 23 45 21 19 86 13 73 28 9 93 87 7 70 33 42 100 89 51 74 68 16 52 48 77 38 98 22 94 40 
40 27 4 80 71 36 37 15 11 6 76 39 64 58 57 43 5 49 14 75 50 88 18 20 97 96 41 55 47 81 91 90 63 66 92 2 25 84 83 44 31 10 69 65 61 26 99 60 59 8 17 79 1 46 82 29 24 85 35 30 34 54 67 12 62 72 78 95 3 56 53 32 23 45 21 19 86 13 73 28 9 93 87 7 70 33 42 100 89 51 74 68 16 52 48 77 38 98 22 94 
94 40 27 4 80 71 36 37 15 11 6 76 39 64 58 57 43 5 49 14 75 50 88 18 20 97 96 41 55 47 81 91 90 63 66 92 2 25 84 83 44 31 10 69 65 61 26 99 60 59 8 17 79 1 46 82 29 24 85 35 30 34 54 67 12 62 72 78 95 3 56 53 32 23 45 21 19 86 13 73 28 9 93 87 7 70 33 42 100 89 51 74 68 16 52 48 77 38 98 22 
22 94 40 27 4 80 71 36 37 15 11 6 76 39 64 58 57 43 5 49 14 75 50 88 18 20 97 96 41 55 47 81 91 90 63 66 92 2 25 84 83 44 31 10 69 65 61 26 99 60 59 8 17 79 1 46 82 29 24 85 35 30 34 54 67 12 62 72 78 95 3 56 53 32 23 45 21 19 86 13 73 28 9 93 87 7 70 33 42 100 89 51 74 68 16 52 48 77 38 98 
98 22 94 40 27 4 80 71 36 37 15 11 6 76 39 64 58 57 43 5 49 14 75 50 88 18 20 97 96 41 55 47 81 91 90 63 66 92 2 25 84 83 44 31 10 69 65 61 26 99 60 59 8 17 79 1 46 82 29 24 85 35 30 34 54 67 12 62 72 78 95 3 56 53 32 23 45 21 19 86 13 73 28 9 93 87 7 70 33 42 100 89 51 74 68 16 52 48 77 38 
38 98 22 94 40 27 4 80 71 36 37 15 11 6 76 39 64 58 57 43 5 49 14 75 50 88 18 20 97 96 41 55 47 81 91 90 63 66 92 2 25 84 83 44 31 10 69 65 61 26 99 60 59 8 17 79 1 46 82 29 24 85 35 30 34 54 67 12 62 72 78 95 3 56 53 32 23 45 21 19 86 13 73 28 9 93 87 7 70 33 42 100 89 51 74 68 16 52 48 77 
77 38 98 22 94 40 27 4 80 71 36 37 15 11 6 76 39 64 58 57 43 5 49 14 75 50 88 18 20 97 96 41 55 47 81 91 90 63 66 92 2 25 84 83 44 31 10 69 65 61 26 99 60 59 8 17 79 1 46 82 29 24 85 35 30 34 54 67 12 62 72 78 95 3 56 53 32 23 45 21 19 86 13 73 28 9 93 87 7 70 33 42 100 89 51 74 68 16 52 48 
48 77 38 98 22 94 40 27 4 80 71 36 37 15 11 6 76 39 64 58 57 43 5 49 14 75 50 88 18 20 97 96 41 55 47 81 91 90 63 66 92 2 25 84 83 44 31 10 69 65 61 26 99 60 59 8 17 79 1 46 82 29 24 85 35 30 34 54 67 12 62 72 78 95 3 56 53 32 23 45 21 19 86 13 73 28 9 93 87 7 70 33 42 100 89 51 74 68 16 52 
52 48 77 38 98 22 94 40 27 4 80 71 36 37 15 11 6 76 39 64 58 57 43 5 49 14 75 50 88 18 20 97 96 41 55 47 81 91 90 63 66 92 2 25 84 83 44 31 10 69 65 61 26 99 60 59 8 17 79 1 46 82 29 24 85 35 30 34 54 67 12 62 72 78 95 3 56 53 32 23 45 21 19 86 13 73 28 9 93 87 7 70 33 42 100 89 51 74 68 16 
16 52 48 77 38 98 22 94 40 27 4 80 71 36 37 15 11 6 76 39 64 58 57 43 5 49 14 75 50 88 18 20 97 96 41 55 47 81 91 90 63 66 92 2 25 84 83 44 31 10 69 65 61 26 99 60 59 8 17 79 1 46 82 29 24 85 35 30 34 54 67 12 62 72 78 95 3 56 53 32 23 45 21 19 86 13 73 28 9 93 87 7 70 33 42 100 89 51 74 68 
68 16 52 48 77 38 98 22 94 40 27 4 80 71 36 37 15 11 6 76 39 64 58 57 43 5 49 14 75 50 88 18 20 97 96 41 55 47 81 91 90 63 66 92 2 25 84 83 44 31 10 69 65 61 26 99 60 59 8 17 79 1 46 82 29 24 85 35 30 34 54 67 12 62 72 78 95 3 56 53 32 23 45 21 19 86 13 73 28 9 93 87 7 70 33 42 100 89 51 74 
74 68 16 52 48 77 38 98 22 94 40 27 4 80 71 36 37 15 11 6 76 39 64 58 57 43 5 49 14 75 50 88 18 20 97 96 41 55 47 81 91 90 63 66 92 2 25 84 83 44 31 10 69 65 61 26 99 60 59 8 17 79 1 46 82 29 24 85 35 30 34 54 67 12 62 72 78 95 3 56 53 32 23 45 21 19 86 13 73 28 9 93 87 7 70 33 42 100 89 51 
51 74 68 16 52 48 77 38 98 22 94 40 27 4 80 71 36 37 15 11 6 76 39 64 58 57 43 5 49 14 75 50 88 18 20 97 96 41 55 47 81 91 90 63 66 92 2 25 84 83 44 31 10 69 65 61 26 99 60 59 8 17 79 1 46 82 29 24 85 35 30 34 54 67 12 62 72 78 95 3 56 53 32 23 45 21 19 86 13 73 28 9 93 87 7 70 33 42 100 89 
89 51 74 68 16 52 48 77 38 98 22 94 40 27 4 80 71 36 37 15 11 6 76 39 64 58 57 43 5 49 14 75 50 88 18 20 97 96 41 55 47 81 91 90 63 66 92 2 25 84 83 44 31 10 69 65 61 26 99 60 59 8 17 79 1 46 82 29 24 85 35 30 34 54 67 12 62 72 78 95 3 56 53 32 23 45 21 19 86 13 73 28 9 93 87 7 70 33 42 100 
100 89 51 74 68 16 52 48 77 38 98 22 94 40 27 4 80 71 36 37 15 11 6 76 39 64 58 57 43 5 49 14 75 50 88 18 20 97 96 41 55 47 81 91 90 63 66 92 2 25 84 83 44 31 10 69 65 61 26 99 60 59 8 17 79 1 46 82 29 24 85 35 30 34 54 67 12 62 72 78 95 3 56 53 32 23 45 21 19 86 13 73 28 9 93 87 7 70 33 42 
42 100 89 51 74 68 16 52 48 77 38 98 22 94 40 27 4 80 71 36 37 15 11 6 76 39 64 58 57 43 5 49 14 75 50 88 18 20 97 96 41 55 47 81 91 90 63 66 92 2 25 84 83 44 31 10 69 65 61 26 99 60 59 8 17 79 1 46 82 29 24 85 35 30 34 54 67 12 62 72 78 95 3 56 53 32 23 45 21 19 86 13 73 28 9 93 87 7 70 33 
33 42 100 89 51 74 68 16 52 48 77 38 98 22 94 40 27 4 80 71 36 37 15 11 6 76 39 64 58 57 43 5 49 14 75 50 88 18 20 97 96 41 55 47 81 91 90 63 66 92 2 25 84 83 44 31 10 69 65 61 26 99 60 59 8 17 79 1 46 82 29 24 85 35 30 34 54 67 12 62 72 78 95 3 56 53 32 23 45 21 19 86 13 73 28 9 93 87 7 70 
70 33 42 100 89 51 74 68 16 52 48 77 38 98 22 94 40 27 4 80 71 36 37 15 11 6 76 39 64 58 57 43 5 49 14 75 50 88 18 20 97 96 41 55 47 81 91 90 63 66 92 2 25 84 83 44 31 10 69 65 61 26 99 60 59 8 17 79 1 46 82 29 24 85 35 30 34 54 67 12 62 72 78 95 3 56 53 32 23 45 21 19 86 13 73 28 9 93 87 7 
7 70 33 42 100 89 51 74 68 16 52 48 77 38 98 22 94 40 27 4 80 71 36 37 15 11 6 76 39 64 58 57 43 5 49 14 75 50 88 18 20 97 96 41 55 47 81 91 90 63 66 92 2 25 84 83 44 31 10 69 65 61 26 99 60 59 8 17 79 1 46 82 29 24 85 35 30 34 54 67 12 62 72 78 95 3 56 53 32 23 45 21 19 86 13 73 28 9 93 87 
87 7 70 33 42 100 89 51 74 68 16 52 48 77 38 98 22 94 40 27 4 80 71 36 37 15 11 6 76 39 64 58 57 43 5 49 14 75 50 88 18 20 97 96 41 55 47 81 91 90 63 66 92 2 25 84 83 44 31 10 69 65 61 26 99 60 59 8 17 79 1 46 82 29 24 85 35 30 34 54 67 12 62 72 78 95 3 56 53 32 23 45 21 19 86 13 73 28 9 93 
93 87 7 70 33 42 100 89 51 74 68 16 52 48 77 38 98 22 94 40 27 4 80 71 36 37 15 11 6 76 39 64 58 57 43 5 49 14 75 50 88 18 20 97 96 41 55 47 81 91 90 63 66 92 2 25 84 83 44 31 10 69 65 61 26 99 60 59 8 17 79 1 46 82 29 24 85 35 30 34 54 67 12 62 72 78 95 3 56 53 32 23 45 21 19 86 13 73 28 9 
9 93 87 7 70 33 42 100 89 51 74 68 16 52 48 77 38 98 22 94 40 27 4 80 71 36 37 15 11 6 76 39 64 58 57 43 5 49 14 75 50 88 18 20 97 96 41 55 47 81 91 90 63 66 92 2 25 84 83 44 31 10 69 65 61 26 99 60 59 8 17 79 1 46 82 29 24 85 35 30 34 54 67 12 62 72 78 95 3 56 53 32 23 45 21 19 86 13 73 28 
28 9 93 87 7 70 33 42 100 89 51 74 68 16 52 48 77 38 98 22 94 40 27 4 80 71 36 37 15 11 6 76 39 64 58 57 43 5 49 14 75 50 88 18 20 97 96 41 55 47 81 91 90 63 66 92 2 25 84 83 44 31 10 69 65 61 26 99 60 59 8 17 79 1 46 82 29 24 85 35 30 34 54 67 12 62 72 78 95 3 56 53 32 23 45 21 19 86 13 73 
73 28 9 93 87 7 70 33 42 100 89 51 74 68 16 52 48 77 38 98 22 94 40 27 4 80 71 36 37 15 11 6 76 39 64 58 57 43 5 49 14 75 50 88 18 20 97 96 41 55 47 81 91 90 63 66 92 2 25 84 83 44 31 10 69 65 61 26 99 60 59 8 17 79 1 46 82 29 24 85 35 30 34 54 67 12 62 72 78 95 3 56 53 32 23 45 21 19 86 13 
13 73 28 9 93 87 7 70 33 42 100 89 51 74 68 16 52 48 77 38 98 22 94 40 27 4 80 71 36 37 15 11 6 76 39 64 58 57 43 5 49 14 75 50 88 18 20 97 96 41 55 47 81 91 90 63 66 92 2 25 84 83 44 31 10 69 65 61 26 99 60 59 8 17 79 1 46 82 29 24 85 35 30 34 54 67 12 62 72 78 95 3 56 53 32 23 45 21 19 86 
86 13 73 28 9 93 87 7 70 33 42 100 89 51 74 68 16 52 48 77 38 98 22 94 40 27 4 80 71 36 37 15 11 6 76 39 64 58 57 43 5 49 14 75 50 88 18 20 97 96 41 55 47 81 91 90 63 66 92 2 25 84 83 44 31 10 69 65 61 26 99 60 59 8 17 79 1 46 82 29 24 85 35 30 34 54 67 12 62 72 78 95 3 56 53 32 23 45 21 19 
19 86 13 73 28 9 93 87 7 70 33 42 100 89 51 74 68 16 52 48 77 38 98 22 94 40 27 4 80 71 36 37 15 11 6 76 39 64 58 57 43 5 49 14 75 50 88 18 20 97 96 41 55 47 81 91 90 63 66 92 2 25 84 83 44 31 10 69 65 61 26 99 60 59 8 17 79 1 46 82 29 24 85 35 30 34 54 67 12 62 72 78 95 3 56 53 32 23 45 21 
21 19 86 13 73 28 9 93 87 7 70 33 42 100 89 51 74 68 16 52 48 77 38 98 22 94 40 27 4 80 71 36 37 15 11 6 76 39 64 58 57 43 5 49 14 75 50 88 18 20 97 96 41 55 47 81 91 90 63 66 92 2 25 84 83 44 31 10 69 65 61 26 99 60 59 8 17 79 1 46 82 29 24 85 35 30 34 54 67 12 62 72 78 95 3 56 53 32 23 45 
45 21 19 86 13 73 28 9 93 87 7 70 33 42 100 89 51 74 68 16 52 48 77 38 98 22 94 40 27 4 80 71 36 37 15 11 6 76 39 64 58 57 43 5 49 14 75 50 88 18 20 97 96 41 55 47 81 91 90 63 66 92 2 25 84 83 44 31 10 69 65 61 26 99 60 59 8 17 79 1 46 82 29 24 85 35 30 34 54 67 12 62 72 78 95 3 56 53 32 23 
23 45 21 19 86 13 73 28 9 93 87 7 70 33 42 100 89 51 74 68 16 52 48 77 38 98 22 94 40 27 4 80 71 36 37 15 11 6 76 39 64 58 57 43 5 49 14 75 50 88 18 20 97 96 41 55 47 81 91 90 63 66 92 2 25 84 83 44 31 10 69 65 61 26 99 60 59 8 17 79 1 46 82 29 24 85 35 30 34 54 67 12 62 72 78 95 3 56 53 32 
32 23 45 21 19 86 13 73 28 9 93 87 7 70 33 42 100 89 51 74 68 16 52 48 77 38 98 22 94 40 27 4 80 71 36 37 15 11 6 76 39 64 58 57 43 5 49 14 75 50 88 18 20 97 96 41 55 47 81 91 90 63 66 92 2 25 84 83 44 31 10 69 65 61 26 99 60 59 8 17 79 1 46 82 29 24 85 35 30 34 54 67 12 62 72 78 95 3 56 53 
53 32 23 45 21 19 86 13 73 28 9 93 87 7 70 33 42 100 89 51 74 68 16 52 48 77 38 98 22 94 40 27 4 80 71 36 37 15 11 6 76 39 64 58 57 43 5 49 14 75 50 88 18 20 97 96 41 55 47 81 91 90 63 66 92 2 25 84 83 44 31 10 69 65 61 26 99 60 59 8 17 79 1 46 82 29 24 85 35 30 34 54 67 12 62 72 78 95 3 56 
56 53 32 23 45 21 19 86 13 73 28 9 93 87 7 70 33 42 100 89 51 74 68 16 52 48 77 38 98 22 94 40 27 4 80 71 36 37 15 11 6 76 39 64 58 57 43 5 49 14 75 50 88 18 20 97 96 41 55 47 81 91 90 63 66 92 2 25 84 83 44 31 10 69 65 61 26 99 60 59 8 17 79 1 46 82 29 24 85 35 30 34 54 67 12 62 72 78 95 3 
3 56 53 32 23 45 21 19 86 13 73 28 9 93 87 7 70 33 42 100 89 51 74 68 16 52 48 77 38 98 22 94 40 27 4 80 71 36 37 15 11 6 76 39 64 58 57 43 5 49 14 75 50 88 18 20 97 96 41 55 47 81 91 90 63 66 92 2 25 84 83 44 31 10 69 65 61 26 99 60 59 8 17 79 1 46 82 29 24 85 35 30 34 54 67 12 62 72 78 95 
95 3 56 53 32 23 45 21 19 86 13 73 28 9 93 87 7 70 33 42 100 89 51 74 68 16 52 48 77 38 98 22 94 40 27 4 80 71 36 37 15 11 6 76 39 64 58 57 43 5 49 14 75 50 88 18 20 97 96 41 55 47 81 91 90 63 66 92 2 25 84 83 44 31 10 69 65 61 26 99 60 59 8 17 79 1 46 82 29 24 85 35 30 34 54 67 12 62 72 78 
78 95 3 56 53 32 23 45 21 19 86 13 73 28 9 93 87 7 70 33 42 100 89 51 74 68 16 52 48 77 38 98 22 94 40 27 4 80 71 36 37 15 11 6 76 39 64 58 57 43 5 49 14 75 50 88 18 20 97 96 41 55 47 81 91 90 63 66 92 2 25 84 83 44 31 10 69 65 61 26 99 60 59 8 17 79 1 46 82 29 24 85 35 30 34 54 67 12 62 72 
72 78 95 3 56 53 32 23 45 21 19 86 13 73 28 9 93 87 7 70 33 42 100 89 51 74 68 16 52 48 77 38 98 22 94 40 27 4 80 71 36 37 15 11 6 76 39 64 58 57 43 5 49 14 75 50 88 18 20 97 96 41 55 47 81 91 90 63 66 92 2 25 84 83 44 31 10 69 65 61 26 99 60 59 8 17 79 1 46 82 29 24 85 35 30 34 54 67 12 62 
62 72 78 95 3 56 53 32 23 45 21 19 86 13 73 28 9 93 87 7 70 33 42 100 89 51 74 68 16 52 48 77 38 98 22 94 40 27 4 80 71 36 37 15 11 6 76 39 64 58 57 43 5 49 14 75 50 88 18 20 97 96 41 55 47 81 91 90 63 66 92 2 25 84 83 44 31 10 69 65 61 26 99 60 59 8 17 79 1 46 82 29 24 85 35 30 34 54 67 12 
12 62 72 78 95 3 56 53 32 23 45 21 19 86 13 73 28 9 93 87 7 70 33 42 100 89 51 74 68 16 52 48 77 38 98 22 94 40 27 4 80 71 36 37 15 11 6 76 39 64 58 57 43 5 49 14 75 50 88 18 20 97 96 41 55 47 81 91 90 63 66 92 2 25 84 83 44 31 10 69 65 61 26 99 60 59 8 17 79 1 46 82 29 24 85 35 30 34 54 67 
67 12 62 72 78 95 3 56 53 32 23 45 21 19 86 13 73 28 9 93 87 7 70 33 42 100 89 51 74 68 16 52 48 77 38 98 22 94 40 27 4 80 71 36 37 15 11 6 76 39 64 58 57 43 5 49 14 75 50 88 18 20 97 96 41 55 47 81 91 90 63 66 92 2 25 84 83 44 31 10 69 65 61 26 99 60 59 8 17 79 1 46 82 29 24 85 35 30 34 54 
54 67 12 62 72 78 95 3 56 53 32 23 45 21 19 86 13 73 28 9 93 87 7 70 33 42 100 89 51 74 68 16 52 48 77 38 98 22 94 40 27 4 80 71 36 37 15 11 6 76 39 64 58 57 43 5 49 14 75 50 88 18 20 97 96 41 55 47 81 91 90 63 66 92 2 25 84 83 44 31 10 69 65 61 26 99 60 59 8 17 79 1 46 82 29 24 85 35 30 34 
34 54 67 12 62 72 78 95 3 56 53 32 23 45 21 19 86 13 73 28 9 93 87 7 70 33 42 100 89 51 74 68 16 52 48 77 38 98 22 94 40 27 4 80 71 36 37 15 11 6 76 39 64 58 57 43 5 49 14 75 50 88 18 20 97 96 41 55 47 81 91 90 63 66 92 2 25 84 83 44 31 10 69 65 61 26 99 60 59 8 17 79 1 46 82 29 24 85 35 30 
30 34 54 67 12 62 72 78 95 3 56 53 32 23 45 21 19 86 13 73 28 9 93 87 7 70 33 42 100 89 51 74 68 16 52 48 77 38 98 22 94 40 27 4 80 71 36 37 15 11 6 76 39 64 58 57 43 5 49 14 75 50 88 18 20 97 96 41 55 47 81 91 90 63 66 92 2 25 84 83 44 31 10 69 65 61 26 99 60 59 8 17 79 1 46 82 29 24 85 35 
35 30 34 54 67 12 62 72 78 95 3 56 53 32 23 45 21 19 86 13 73 28 9 93 87 7 70 33 42 100 89 51 74 68 16 52 48 77 38 98 22 94 40 27 4 80 71 36 37 15 11 6 76 39 64 58 57 43 5 49 14 75 50 88 18 20 97 96 41 55 47 81 91 90 63 66 92 2 25 84 83 44 31 10 69 65 61 26 99 60 59 8 17 79 1 46 82 29 24 85 
85 35 30 34 54 67 12 62 72 78 95 3 56 53 32 23 45 21 19 86 13 73 28 9 93 87 7 70 33 42 100 89 51 74 68 16 52 48 77 38 98 22 94 40 27 4 80 71 36 37 15 11 6 76 39 64 58 57 43 5 49 14 75 50 88 18 20 97 96 41 55 47 81 91 90 63 66 92 2 25 84 83 44 31 10 69 65 61 26 99 60 59 8 17 79 1 46 82 29 24 
24 85 35 30 34 54 67 12 62 72 78 95 3 56 53 32 23 45 21 19 86 13 73 28 9 93 87 7 70 33 42 100 89 51 74 68 16 52 48 77 38 98 22 94 40 27 4 80 71 36 37 15 11 6 76 39 64 58 57 43 5 49 14 75 50 88 18 20 97 96 41 55 47 81 91 90 63 66 92 2 25 84 83 44 31 10 69 65 61 26 99 60 59 8 17 79 1 46 82 29 
29 24 85 35 30 34 54 67 12 62 72 78 95 3 56 53 32 23 45 21 19 86 13 73 28 9 93 87 7 70 33 42 100 89 51 74 68 16 52 48 77 38 98 22 94 40 27 4 80 71 36 37 15 11 6 76 39 64 58 57 43 5 49 14 75 50 88 18 20 97 96 41 55 47 81 91 90 63 66 92 2 25 84 83 44 31 10 69 65 61 26 99 60 59 8 17 79 1 46 82 
