10000
100 100
82 24 34 95 70 58 57 87 43 5 3 7 64 76 93 39 37 35 78 9 15 11 28 6 36 72 73 80 71 46 13 4 1 79 27 17 59 29 30 62 86 94 8 60 40 99 26 19 98 61 65 22 69 31 67 21 77 10 44 38 84 83 45 52 25 92 48 2 66 85 12 53 16 63 90 68 91 81 32 74 47 55 51 96 41 54 23 100 97 20 89 18 88 56 42 75 50 33 14 49 
24 34 95 70 58 57 87 43 5 3 7 64 76 93 39 37 35 78 9 15 11 28 6 36 72 73 80 71 46 13 4 1 79 27 17 59 29 30 62 86 94 8 60 40 99 26 19 98 61 65 22 69 31 67 21 77 10 44 38 84 83 45 52 25 92 48 2 66 85 12 53 16 63 90 68 91 81 32 74 47 55 51 96 41 54 23 100 97 20 89 18 88 56 42 75 50 33 14 49 82 
34 95 70 58 57 87 43 5 3 7 64 76 93 39 37 35 78 9 15 11 28 6 36 72 73 80 71 46 13 4 1 79 27 17 59 29 30 62 86 94 8 60 40 99 26 19 98 61 65 22 69 31 67 21 77 10 44 38 84 83 45 52 25 92 48 2 66 85 12 53 16 63 90 68 91 81 32 74 47 55 51 96 41 54 23 100 97 20 89 18 88 56 42 75 50 33 14 49 82 24 
95 70 58 57 87 43 5 3 7 64 76 93 39 37 35 78 9 15 11 28 6 36 72 73 80 71 46 13 4 1 79 27 17 59 29 30 62 86 94 8 60 40 99 26 19 98 61 65 22 69 31 67 21 77 10 44 38 84 83 45 52 25 92 48 2 66 85 12 53 16 63 90 68 91 81 32 74 47 55 51 96 41 54 23 100 97 20 89 18 88 56 42 75 50 33 14 49 82 24 34 
70 58 57 87 43 5 3 7 64 76 93 39 37 35 78 9 15 11 28 6 36 72 73 80 71 46 13 4 1 79 27 17 59 29 30 62 86 94 8 60 40 99 26 19 98 61 65 22 69 31 67 21 77 10 44 38 84 83 45 52 25 92 48 2 66 85 12 53 16 63 90 68 91 81 32 74 47 55 51 96 41 54 23 100 97 20 89 18 88 56 42 75 50 33 14 49 82 24 34 95 
58 57 87 43 5 3 7 64 76 93 39 37 35 78 9 15 11 28 6 36 72 73 80 71 46 13 4 1 79 27 17 59 29 30 62 86 94 8 60 40 99 26 19 98 61 65 22 69 31 67 21 77 10 44 38 84 83 45 52 25 92 48 2 66 85 12 53 16 63 90 68 91 81 32 74 47 55 51 96 41 54 23 100 97 20 89 18 88 56 42 75 50 33 14 49 82 24 34 95 70 
57 87 43 5 3 7 64 76 93 39 37 35 78 9 15 11 28 6 36 72 73 80 71 46 13 4 1 79 27 17 59 29 30 62 86 94 8 60 40 99 26 19 98 61 65 22 69 31 67 21 77 10 44 38 84 83 45 52 25 92 48 2 66 85 12 53 16 63 90 68 91 81 32 74 47 55 51 96 41 54 23 100 97 20 89 18 88 56 42 75 50 33 14 49 82 24 34 95 70 58 
87 43 5 3 7 64 76 93 39 37 35 78 9 15 11 28 6 36 72 73 80 71 46 13 4 1 79 27 17 59 29 30 62 86 94 8 60 40 99 26 19 98 61 65 22 69 31 67 21 77 10 44 38 84 83 45 52 25 92 48 2 66 85 12 53 16 63 90 68 91 81 32 74 47 55 51 96 41 54 23 100 97 20 89 18 88 56 42 75 50 33 14 49 82 24 34 95 70 58 57 
43 5 3 7 64 76 93 39 37 35 78 9 15 11 28 6 36 72 73 80 71 46 13 4 1 79 27 17 59 29 30 62 86 94 8 60 40 99 26 19 98 61 65 22 69 31 67 21 77 10 44 38 84 83 45 52 25 92 48 2 66 85 12 53 16 63 90 68 91 81 32 74 47 55 51 96 41 54 23 100 97 20 89 18 88 56 42 75 50 33 14 49 82 24 34 95 70 58 57 87 
5 3 7 64 76 93 39 37 35 78 9 15 11 28 6 36 72 73 80 71 46 13 4 1 79 27 17 59 29 30 62 86 94 8 60 40 99 26 19 98 61 65 22 69 31 67 21 77 10 44 38 84 83 45 52 25 92 48 2 66 85 12 53 16 63 90 68 91 81 32 74 47 55 51 96 41 54 23 100 97 20 89 18 88 56 42 75 50 33 14 49 82 24 34 95 70 58 57 87 43 
3 7 64 76 93 39 37 35 78 9 15 11 28 6 36 72 73 80 71 46 13 4 1 79 27 17 59 29 30 62 86 94 8 60 40 99 26 19 98 61 65 22 69 31 67 21 77 10 44 38 84 83 45 52 25 92 48 2 66 85 12 53 16 63 90 68 91 81 32 74 47 55 51 96 41 54 23 100 97 20 89 18 88 56 42 75 50 33 14 49 82 24 34 95 70 58 57 87 43 5 
7 64 76 93 39 37 35 78 9 15 11 28 6 36 72 73 80 71 46 13 4 1 79 27 17 59 29 30 62 86 94 8 60 40 99 26 19 98 61 65 22 69 31 67 21 77 10 44 38 84 83 45 52 25 92 48 2 66 85 12 53 16 63 90 68 91 81 32 74 47 55 51 96 41 54 23 100 97 20 89 18 88 56 42 75 50 33 14 49 82 24 34 95 70 58 57 87 43 5 3 
64 76 93 39 37 35 78 9 15 11 28 6 36 72 73 80 71 46 13 4 1 79 27 17 59 29 30 62 86 94 8 60 40 99 26 19 98 61 65 22 69 31 67 21 77 10 44 38 84 83 45 52 25 92 48 2 66 85 12 53 16 63 90 68 91 81 32 74 47 55 51 96 41 54 23 100 97 20 89 18 88 56 42 75 50 33 14 49 82 24 34 95 70 58 57 87 43 5 3 7 
76 93 39 37 35 78 9 15 11 28 6 36 72 73 80 71 46 13 4 1 79 27 17 59 29 30 62 86 94 8 60 40 99 26 19 98 61 65 22 69 31 67 21 77 10 44 38 84 83 45 52 25 92 48 2 66 85 12 53 16 63 90 68 91 81 32 74 47 55 51 96 41 54 23 100 97 20 89 18 88 56 42 75 50 33 14 49 82 24 34 95 70 58 57 87 43 5 3 7 64 
93 39 37 35 78 9 15 11 28 6 36 72 73 80 71 46 13 4 1 79 27 17 59 29 30 62 86 94 8 60 40 99 26 19 98 61 65 22 69 31 67 21 77 10 44 38 84 83 45 52 25 92 48 2 66 85 12 53 16 63 90 68 91 81 32 74 47 55 51 96 41 54 23 100 97 20 89 18 88 56 42 75 50 33 14 49 82 24 34 95 70 58 57 87 43 5 3 7 64 76 
39 37 35 78 9 15 11 28 6 36 72 73 80 71 46 13 4 1 79 27 17 59 29 30 62 86 94 8 60 40 99 26 19 98 61 65 22 69 31 67 21 77 10 44 38 84 83 45 52 25 92 48 2 66 85 12 53 16 63 90 68 91 81 32 74 47 55 51 96 41 54 23 100 97 20 89 18 88 56 42 75 50 33 14 49 82 24 34 95 70 58 57 87 43 5 3 7 64 76 93 
37 35 78 9 15 11 28 6 36 72 73 80 71 46 13 4 1 79 27 17 59 29 30 62 86 94 8 60 40 99 26 19 98 61 65 22 69 31 67 21 77 10 44 38 84 83 45 52 25 92 48 2 66 85 12 53 16 63 90 68 91 81 32 74 47 55 51 96 41 54 23 100 97 20 89 18 88 56 42 75 50 33 14 49 82 24 34 95 70 58 57 87 43 5 3 7 64 76 93 39 
35 78 9 15 11 28 6 36 72 73 80 71 46 13 4 1 79 27 17 59 29 30 62 86 94 8 60 40 99 26 19 98 61 65 22 69 31 67 21 77 10 44 38 84 83 45 52 25 92 48 2 66 85 12 53 16 63 90 68 91 81 32 74 47 55 51 96 41 54 23 100 97 20 89 18 88 56 42 75 50 33 14 49 82 24 34 95 70 58 57 87 43 5 3 7 64 76 93 39 37 
78 9 15 11 28 6 36 72 73 80 71 46 13 4 1 79 27 17 59 29 30 62 86 94 8 60 40 99 26 19 98 61 65 22 69 31 67 21 77 10 44 38 84 83 45 52 25 92 48 2 66 85 12 53 16 63 90 68 91 81 32 74 47 55 51 96 41 54 23 100 97 20 89 18 88 56 42 75 50 33 14 49 82 24 34 95 70 58 57 87 43 5 3 7 64 76 93 39 37 35 
9 15 11 28 6 36 72 73 80 71 46 13 4 1 79 27 17 59 29 30 62 86 94 8 60 40 99 26 19 98 61 65 22 69 31 67 21 77 10 44 38 84 83 45 52 25 92 48 2 66 85 12 53 16 63 90 68 91 81 32 74 47 55 51 96 41 54 23 100 97 20 89 18 88 56 42 75 50 33 14 49 82 24 34 95 70 58 57 87 43 5 3 7 64 76 93 39 37 35 78 
15 11 28 6 36 72 73 80 71 46 13 4 1 79 27 17 59 29 30 62 86 94 8 60 40 99 26 19 98 61 65 22 69 31 67 21 77 10 44 38 84 83 45 52 25 92 48 2 66 85 12 53 16 63 90 68 91 81 32 74 47 55 51 96 41 54 23 100 97 20 89 18 88 56 42 75 50 33 14 49 82 24 34 95 70 58 57 87 43 5 3 7 64 76 93 39 37 35 78 9 
11 28 6 36 72 73 80 71 46 13 4 1 79 27 17 59 29 30 62 86 94 8 60 40 99 26 19 98 61 65 22 69 31 67 21 77 10 44 38 84 83 45 52 25 92 48 2 66 85 12 53 16 63 90 68 91 81 32 74 47 55 51 96 41 54 23 100 97 20 89 18 88 56 42 75 50 33 14 49 82 24 34 95 70 58 57 87 43 5 3 7 64 76 93 39 37 35 78 9 15 
28 6 36 72 73 80 71 46 13 4 1 79 27 17 59 29 30 62 86 94 8 60 40 99 26 19 98 61 65 22 69 31 67 21 77 10 44 38 84 83 45 52 25 92 48 2 66 85 12 53 16 63 90 68 91 81 32 74 47 55 51 96 41 54 23 100 97 20 89 18 88 56 42 75 50 33 14 49 82 24 34 95 70 58 57 87 43 5 3 7 64 76 93 39 37 35 78 9 15 11 
6 36 72 73 80 71 46 13 4 1 79 27 17 59 29 30 62 86 94 8 60 40 99 26 19 98 61 65 22 69 31 67 21 77 10 44 38 84 83 45 52 25 92 48 2 66 85 12 53 16 63 90 68 91 81 32 74 47 55 51 96 41 54 23 100 97 20 89 18 88 56 42 75 50 33 14 49 82 24 34 95 70 58 57 87 43 5 3 7 64 76 93 39 37 35 78 9 15 11 28 
36 72 73 80 71 46 13 4 1 79 27 17 59 29 30 62 86 94 8 60 40 99 26 19 98 61 65 22 69 31 67 21 77 10 44 38 84 83 45 52 25 92 48 2 66 85 12 53 16 63 90 68 91 81 32 74 47 55 51 96 41 54 23 100 97 20 89 18 88 56 42 75 50 33 14 49 82 24 34 95 70 58 57 87 43 5 3 7 64 76 93 39 37 35 78 9 15 11 28 6 
72 73 80 71 46 13 4 1 79 27 17 59 29 30 62 86 94 8 60 40 99 26 19 98 61 65 22 69 31 67 21 77 10 44 38 84 83 45 52 25 92 48 2 66 85 12 53 16 63 90 68 91 81 32 74 47 55 51 96 41 54 23 100 97 20 89 18 88 56 42 75 50 33 14 49 82 24 34 95 70 58 57 87 43 5 3 7 64 76 93 39 37 35 78 9 15 11 28 6 36 
73 80 71 46 13 4 1 79 27 17 59 29 30 62 86 94 8 60 40 99 26 19 98 61 65 22 69 31 67 21 77 10 44 38 84 83 45 52 25 92 48 2 66 85 12 53 16 63 90 68 91 81 32 74 47 55 51 96 41 54 23 100 97 20 89 18 88 56 42 75 50 33 14 49 82 24 34 95 70 58 57 87 43 5 3 7 64 76 93 39 37 35 78 9 15 11 28 6 36 72 
80 71 46 13 4 1 79 27 17 59 29 30 62 86 94 8 60 40 99 26 19 98 61 65 22 69 31 67 21 77 10 44 38 84 83 45 52 25 92 48 2 66 85 12 53 16 63 90 68 91 81 32 74 47 55 51 96 41 54 23 100 97 20 89 18 88 56 42 75 50 33 14 49 82 24 34 95 70 58 57 87 43 5 3 7 64 76 93 39 37 35 78 9 15 11 28 6 36 72 73 
71 46 13 4 1 79 27 17 59 29 30 62 86 94 8 60 40 99 26 19 98 61 65 22 69 31 67 21 77 10 44 38 84 83 45 52 25 92 48 2 66 85 12 53 16 63 90 68 91 81 32 74 47 55 51 96 41 54 23 100 97 20 89 18 88 56 42 75 50 33 14 49 82 24 34 95 70 58 57 87 43 5 3 7 64 76 93 39 37 35 78 9 15 11 28 6 36 72 73 80 
46 13 4 1 79 27 17 59 29 30 62 86 94 8 60 40 99 26 19 98 61 65 22 69 31 67 21 77 10 44 38 84 83 45 52 25 92 48 2 66 85 12 53 16 63 90 68 91 81 32 74 47 55 51 96 41 54 23 100 97 20 89 18 88 56 42 75 50 33 14 49 82 24 34 95 70 58 57 87 43 5 3 7 64 76 93 39 37 35 78 9 15 11 28 6 36 72 73 80 71 
13 4 1 79 27 17 59 29 30 62 86 94 8 60 40 99 26 19 98 61 65 22 69 31 67 21 77 10 44 38 84 83 45 52 25 92 48 2 66 85 12 53 16 63 90 68 91 81 32 74 47 55 51 96 41 54 23 100 97 20 89 18 88 56 42 75 50 33 14 49 82 24 34 95 70 58 57 87 43 5 3 7 64 76 93 39 37 35 78 9 15 11 28 6 36 72 73 80 71 46 
4 1 79 27 17 59 29 30 62 86 94 8 60 40 99 26 19 98 61 65 22 69 31 67 21 77 10 44 38 84 83 45 52 25 92 48 2 66 85 12 53 16 63 90 68 91 81 32 74 47 55 51 96 41 54 23 100 97 20 89 18 88 56 42 75 50 33 14 49 82 24 34 95 70 58 57 87 43 5 3 7 64 76 93 39 37 35 78 9 15 11 28 6 36 72 73 80 71 46 13 
1 79 27 17 59 29 30 62 86 94 8 60 40 99 26 19 98 61 65 22 69 31 67 21 77 10 44 38 84 83 45 52 25 92 48 2 66 85 12 53 16 63 90 68 91 81 32 74 47 55 51 96 41 54 23 100 97 20 89 18 88 56 42 75 50 33 14 49 82 24 34 95 70 58 57 87 43 5 3 7 64 76 93 39 37 35 78 9 15 11 28 6 36 72 73 80 71 46 13 4 
79 27 17 59 29 30 62 86 94 8 60 40 99 26 19 98 61 65 22 69 31 67 21 77 10 44 38 84 83 45 52 25 92 48 2 66 85 12 53 16 63 90 68 91 81 32 74 47 55 51 96 41 54 23 100 97 20 89 18 88 56 42 75 50 33 14 49 82 24 34 95 70 58 57 87 43 5 3 7 64 76 93 39 37 35 78 9 15 11 28 6 36 72 73 80 71 46 13 4 1 
27 17 59 29 30 62 86 94 8 60 40 99 26 19 98 61 65 22 69 31 67 21 77 10 44 38 84 83 45 52 25 92 48 2 66 85 12 53 16 63 90 68 91 81 32 74 47 55 51 96 41 54 23 100 97 20 89 18 88 56 42 75 50 33 14 49 82 24 34 95 70 58 57 87 43 5 3 7 64 76 93 39 37 35 78 9 15 11 28 6 36 72 73 80 71 46 13 4 1 79 
17 59 29 30 62 86 94 8 60 40 99 26 19 98 61 65 22 69 31 67 21 77 10 44 38 84 83 45 52 25 92 48 2 66 85 12 53 16 63 90 68 91 81 32 74 47 55 51 96 41 54 23 100 97 20 89 18 88 56 42 75 50 33 14 49 82 24 34 95 70 58 57 87 43 5 3 7 64 76 93 39 37 35 78 9 15 11 28 6 36 72 73 80 71 46 13 4 1 79 27 
59 29 30 62 86 94 8 60 40 99 26 19 98 61 65 22 69 31 67 21 77 10 44 38 84 83 45 52 25 92 48 2 66 85 12 53 16 63 90 68 91 81 32 74 47 55 51 96 41 54 23 100 97 20 89 18 88 56 42 75 50 33 14 49 82 24 34 95 70 58 57 87 43 5 3 7 64 76 93 39 37 35 78 9 15 11 28 6 36 72 73 80 71 46 13 4 1 79 27 17 
29 30 62 86 94 8 60 40 99 26 19 98 61 65 22 69 31 67 21 77 10 44 38 84 83 45 52 25 92 48 2 66 85 12 53 16 63 90 68 91 81 32 74 47 55 51 96 41 54 23 100 97 20 89 18 88 56 42 75 50 33 14 49 82 24 34 95 70 58 57 87 43 5 3 7 64 76 93 39 37 35 78 9 15 11 28 6 36 72 73 80 71 46 13 4 1 79 27 17 59 
30 62 86 94 8 60 40 99 26 19 98 61 65 22 69 31 67 21 77 10 44 38 84 83 45 52 25 92 48 2 66 85 12 53 16 63 90 68 91 81 32 74 47 55 51 96 41 54 23 100 97 20 89 18 88 56 42 75 50 33 14 49 82 24 34 95 70 58 57 87 43 5 3 7 64 76 93 39 37 35 78 9 15 11 28 6 36 72 73 80 71 46 13 4 1 79 27 17 59 29 
62 86 94 8 60 40 99 26 19 98 61 65 22 69 31 67 21 77 10 44 38 84 83 45 52 25 92 48 2 66 85 12 53 16 63 90 68 91 81 32 74 47 55 51 96 41 54 23 100 97 20 89 18 88 56 42 75 50 33 14 49 82 24 34 95 70 58 57 87 43 5 3 7 64 76 93 39 37 35 78 9 15 11 28 6 36 72 73 80 71 46 13 4 1 79 27 17 59 29 30 
86 94 8 60 40 99 26 19 98 61 65 22 69 31 67 21 77 10 44 38 84 83 45 52 25 92 48 2 66 85 12 53 16 63 90 68 91 81 32 74 47 55 51 96 41 54 23 100 97 20 89 18 88 56 42 75 50 33 14 49 82 24 34 95 70 58 57 87 43 5 3 7 64 76 93 39 37 35 78 9 15 11 28 6 36 72 73 80 71 46 13 4 1 79 27 17 59 29 30 62 
94 8 60 40 99 26 19 98 61 65 22 69 31 67 21 77 10 44 38 84 83 45 52 25 92 48 2 66 85 12 53 16 63 90 68 91 81 32 74 47 55 51 96 41 54 23 100 97 20 89 18 88 56 42 75 50 33 14 49 82 24 34 95 70 58 57 87 43 5 3 7 64 76 93 39 37 35 78 9 15 11 28 6 36 72 73 80 71 46 13 4 1 79 27 17 59 29 30 62 86 
8 60 40 99 26 19 98 61 65 22 69 31 67 21 77 10 44 38 84 83 45 52 25 92 48 2 66 85 12 53 16 63 90 68 91 81 32 74 47 55 51 96 41 54 23 100 97 20 89 18 88 56 42 75 50 33 14 49 82 24 34 95 70 58 57 87 43 5 3 7 64 76 93 39 37 35 78 9 15 11 28 6 36 72 73 80 71 46 13 4 1 79 27 17 59 29 30 62 86 94 
60 40 99 26 19 98 61 65 22 69 31 67 21 77 10 44 38 84 83 45 52 25 92 48 2 66 85 12 53 16 63 90 68 91 81 32 74 47 55 51 96 41 54 23 100 97 20 89 18 88 56 42 75 50 33 14 49 82 24 34 95 70 58 57 87 43 5 3 7 64 76 93 39 37 35 78 9 15 11 28 6 36 72 73 80 71 46 13 4 1 79 27 17 59 29 30 62 86 94 8 
40 99 26 19 98 61 65 22 69 31 67 21 77 10 44 38 84 83 45 52 25 92 48 2 66 85 12 53 16 63 90 68 91 81 32 74 47 55 51 96 41 54 23 100 97 20 89 18 88 56 42 75 50 33 14 49 82 24 34 95 70 58 57 87 43 5 3 7 64 76 93 39 37 35 78 9 15 11 28 6 36 72 73 80 71 46 13 4 1 79 27 17 59 29 30 62 86 94 8 60 
99 26 19 98 61 65 22 69 31 67 21 77 10 44 38 84 83 45 52 25 92 48 2 66 85 12 53 16 63 90 68 91 81 32 74 47 55 51 96 41 54 23 100 97 20 89 18 88 56 42 75 50 33 14 49 82 24 34 95 70 58 57 87 43 5 3 7 64 76 93 39 37 35 78 9 15 11 28 6 36 72 73 80 71 46 13 4 1 79 27 17 59 29 30 62 86 94 8 60 40 
26 19 98 61 65 22 69 31 67 21 77 10 44 38 84 83 45 52 25 92 48 2 66 85 12 53 16 63 90 68 91 81 32 74 47 55 51 96 41 54 23 100 97 20 89 18 88 56 42 75 50 33 14 49 82 24 34 95 70 58 57 87 43 5 3 7 64 76 93 39 37 35 78 9 15 11 28 6 36 72 73 80 71 46 13 4 1 79 27 17 59 29 30 62 86 94 8 60 40 99 
19 98 61 65 22 69 31 67 21 77 10 44 38 84 83 45 52 25 92 48 2 66 85 12 53 16 63 90 68 91 81 32 74 47 55 51 96 41 54 23 100 97 20 89 18 88 56 42 75 50 33 14 49 82 24 34 95 70 58 57 87 43 5 3 7 64 76 93 39 37 35 78 9 15 11 28 6 36 72 73 80 71 46 13 4 1 79 27 17 59 29 30 62 86 94 8 60 40 99 26 
98 61 65 22 69 31 67 21 77 10 44 38 84 83 45 52 25 92 48 2 66 85 12 53 16 63 90 68 91 81 32 74 47 55 51 96 41 54 23 100 97 20 89 18 88 56 42 75 50 33 14 49 82 24 34 95 70 58 57 87 43 5 3 7 64 76 93 39 37 35 78 9 15 11 28 6 36 72 73 80 71 46 13 4 1 79 27 17 59 29 30 62 86 94 8 60 40 99 26 19 
61 65 22 69 31 67 21 77 10 44 38 84 83 45 52 25 92 48 2 66 85 12 53 16 63 90 68 91 81 32 74 47 55 51 96 41 54 23 100 97 20 89 18 88 56 42 75 50 33 14 49 82 24 34 95 70 58 57 87 43 5 3 7 64 76 93 39 37 35 78 9 15 11 28 6 36 72 73 80 71 46 13 4 1 79 27 17 59 29 30 62 86 94 8 60 40 99 26 19 98 
65 22 69 31 67 21 77 10 44 38 84 83 45 52 25 92 48 2 66 85 12 53 16 63 90 68 91 81 32 74 47 55 51 96 41 54 23 100 97 20 89 18 88 56 42 75 50 33 14 49 82 24 34 95 70 58 57 87 43 5 3 7 64 76 93 39 37 35 78 9 15 11 28 6 36 72 73 80 71 46 13 4 1 79 27 17 59 29 30 62 86 94 8 60 40 99 26 19 98 61 
22 69 31 67 21 77 10 44 38 84 83 45 52 25 92 48 2 66 85 12 53 16 63 90 68 91 81 32 74 47 55 51 96 41 54 23 100 97 20 89 18 88 56 42 75 50 33 14 49 82 24 34 95 70 58 57 87 43 5 3 7 64 76 93 39 37 35 78 9 15 11 28 6 36 72 73 80 71 46 13 4 1 79 27 17 59 29 30 62 86 94 8 60 40 99 26 19 98 61 65 
69 31 67 21 77 10 44 38 84 83 45 52 25 92 48 2 66 85 12 53 16 63 90 68 91 81 32 74 47 55 51 96 41 54 23 100 97 20 89 18 88 56 42 75 50 33 14 49 82 24 34 95 70 58 57 87 43 5 3 7 64 76 93 39 37 35 78 9 15 11 28 6 36 72 73 80 71 46 13 4 1 79 27 17 59 29 30 62 86 94 8 60 40 99 26 19 98 61 65 22 
31 67 21 77 10 44 38 84 83 45 52 25 92 48 2 66 85 12 53 16 63 90 68 91 81 32 74 47 55 51 96 41 54 23 100 97 20 89 18 88 56 42 75 50 33 14 49 82 24 34 95 70 58 57 87 43 5 3 7 64 76 93 39 37 35 78 9 15 11 28 6 36 72 73 80 71 46 13 4 1 79 27 17 59 29 30 62 86 94 8 60 40 99 26 19 98 61 65 22 69 
67 21 77 10 44 38 84 83 45 52 25 92 48 2 66 85 12 53 16 63 90 68 91 81 32 74 47 55 51 96 41 54 23 100 97 20 89 18 88 56 42 75 50 33 14 49 82 24 34 95 70 58 57 87 43 5 3 7 64 76 93 39 37 35 78 9 15 11 28 6 36 72 73 80 71 46 13 4 1 79 27 17 59 29 30 62 86 94 8 60 40 99 26 19 98 61 65 22 69 31 
21 77 10 44 38 84 83 45 52 25 92 48 2 66 85 12 53 16 63 90 68 91 81 32 74 47 55 51 96 41 54 23 100 97 20 89 18 88 56 42 75 50 33 14 49 82 24 34 95 70 58 57 87 43 5 3 7 64 76 93 39 37 35 78 9 15 11 28 6 36 72 73 80 71 46 13 4 1 79 27 17 59 29 30 62 86 94 8 60 40 99 26 19 98 61 65 22 69 31 67 
77 10 44 38 84 83 45 52 25 92 48 2 66 85 12 53 16 63 90 68 91 81 32 74 47 55 51 96 41 54 23 100 97 20 89 18 88 56 42 75 50 33 14 49 82 24 34 95 70 58 57 87 43 5 3 7 64 76 93 39 37 35 78 9 15 11 28 6 36 72 73 80 71 46 13 4 1 79 27 17 59 29 30 62 86 94 8 60 40 99 26 19 98 61 65 22 69 31 67 21 
10 44 38 84 83 45 52 25 92 48 2 66 85 12 53 16 63 90 68 91 81 32 74 47 55 51 96 41 54 23 100 97 20 89 18 88 56 42 75 50 33 14 49 82 24 34 95 70 58 57 87 43 5 3 7 64 76 93 39 37 35 78 9 15 11 28 6 36 72 73 80 71 46 13 4 1 79 27 17 59 29 30 62 86 94 8 60 40 99 26 19 98 61 65 22 69 31 67 21 77 
44 38 84 83 45 52 25 92 48 2 66 85 12 53 16 63 90 68 91 81 32 74 47 55 51 96 41 54 23 100 97 20 89 18 88 56 42 75 50 33 14 49 82 24 34 95 70 58 57 87 43 5 3 7 64 76 93 39 37 35 78 9 15 11 28 6 36 72 73 80 71 46 13 4 1 79 27 17 59 29 30 62 86 94 8 60 40 99 26 19 98 61 65 22 69 31 67 21 77 10 
38 84 83 45 52 25 92 48 2 66 85 12 53 16 63 90 68 91 81 32 74 47 55 51 96 41 54 23 100 97 20 89 18 88 56 42 75 50 33 14 49 82 24 34 95 70 58 57 87 43 5 3 7 64 76 93 39 37 35 78 9 15 11 28 6 36 72 73 80 71 46 13 4 1 79 27 17 59 29 30 62 86 94 8 60 40 99 26 19 98 61 65 22 69 31 67 21 77 10 44 
84 83 45 52 25 92 48 2 66 85 12 53 16 63 90 68 91 81 32 74 47 55 51 96 41 54 23 100 97 20 89 18 88 56 42 75 50 33 14 49 82 24 34 95 70 58 57 87 43 5 3 7 64 76 93 39 37 35 78 9 15 11 28 6 36 72 73 80 71 46 13 4 1 79 27 17 59 29 30 62 86 94 8 60 40 99 26 19 98 61 65 22 69 31 67 21 77 10 44 38 
83 45 52 25 92 48 2 66 85 12 53 16 63 90 68 91 81 32 74 47 55 51 96 41 54 23 100 97 20 89 18 88 56 42 75 50 33 14 49 82 24 34 95 70 58 57 87 43 5 3 7 64 76 93 39 37 35 78 9 15 11 28 6 36 72 73 80 71 46 13 4 1 79 27 17 59 29 30 62 86 94 8 60 40 99 26 19 98 61 65 22 69 31 67 21 77 10 44 38 84 
45 52 25 92 48 2 66 85 12 53 16 63 90 68 91 81 32 74 47 55 51 96 41 54 23 100 97 20 89 18 88 56 42 75 50 33 14 49 82 24 34 95 70 58 57 87 43 5 3 7 64 76 93 39 37 35 78 9 15 11 28 6 36 72 73 80 71 46 13 4 1 79 27 17 59 29 30 62 86 94 8 60 40 99 26 19 98 61 65 22 69 31 67 21 77 10 44 38 84 83 
52 25 92 48 2 66 85 12 53 16 63 90 68 91 81 32 74 47 55 51 96 41 54 23 100 97 20 89 18 88 56 42 75 50 33 14 49 82 24 34 95 70 58 57 87 43 5 3 7 64 76 93 39 37 35 78 9 15 11 28 6 36 72 73 80 71 46 13 4 1 79 27 17 59 29 30 62 86 94 8 60 40 99 26 19 98 61 65 22 69 31 67 21 77 10 44 38 84 83 45 
25 92 48 2 66 85 12 53 16 63 90 68 91 81 32 74 47 55 51 96 41 54 23 100 97 20 89 18 88 56 42 75 50 33 14 49 82 24 34 95 70 58 57 87 43 5 3 7 64 76 93 39 37 35 78 9 15 11 28 6 36 72 73 80 71 46 13 4 1 79 27 17 59 29 30 62 86 94 8 60 40 99 26 19 98 61 65 22 69 31 67 21 77 10 44 38 84 83 45 52 
92 48 2 66 85 12 53 16 63 90 68 91 81 32 74 47 55 51 96 41 54 23 100 97 20 89 18 88 56 42 75 50 33 14 49 82 24 34 95 70 58 57 87 43 5 3 7 64 76 93 39 37 35 78 9 15 11 28 6 36 72 73 80 71 46 13 4 1 79 27 17 59 29 30 62 86 94 8 60 40 99 26 19 98 61 65 22 69 31 67 21 77 10 44 38 84 83 45 52 25 
48 2 66 85 12 53 16 63 90 68 91 81 32 74 47 55 51 96 41 54 23 100 97 20 89 18 88 56 42 75 50 33 14 49 82 24 34 95 70 58 57 87 43 5 3 7 64 76 93 39 37 35 78 9 15 11 28 6 36 72 73 80 71 46 13 4 1 79 27 17 59 29 30 62 86 94 8 60 40 99 26 19 98 61 65 22 69 31 67 21 77 10 44 38 84 83 45 52 25 92 
2 66 85 12 53 16 63 90 68 91 81 32 74 47 55 51 96 41 54 23 100 97 20 89 18 88 56 42 75 50 33 14 49 82 24 34 95 70 58 57 87 43 5 3 7 64 76 93 39 37 35 78 9 15 11 28 6 36 72 73 80 71 46 13 4 1 79 27 17 59 29 30 62 86 94 8 60 40 99 26 19 98 61 65 22 69 31 67 21 77 10 44 38 84 83 45 52 25 92 48 
66 85 12 53 16 63 90 68 91 81 32 74 47 55 51 96 41 54 23 100 97 20 89 18 88 56 42 75 50 33 14 49 82 24 34 95 70 58 57 87 43 5 3 7 64 76 93 39 37 35 78 9 15 11 28 6 36 72 73 80 71 46 13 4 1 79 27 17 59 29 30 62 86 94 8 60 40 99 26 19 98 61 65 22 69 31 67 21 77 10 44 38 84 83 45 52 25 92 48 2 
85 12 53 16 63 90 68 91 81 32 74 47 55 51 96 41 54 23 100 97 20 89 18 88 56 42 75 50 33 14 49 82 24 34 95 70 58 57 87 43 5 3 7 64 76 93 39 37 35 78 9 15 11 28 6 36 72 73 80 71 46 13 4 1 79 27 17 59 29 30 62 86 94 8 60 40 99 26 19 98 61 65 22 69 31 67 21 77 10 44 38 84 83 45 52 25 92 48 2 66 
12 53 16 63 90 68 91 81 32 74 47 55 51 96 41 54 23 100 97 20 89 18 88 56 42 75 50 33 14 49 82 24 34 95 70 58 57 87 43 5 3 7 64 76 93 39 37 35 78 9 15 11 28 6 36 72 73 80 71 46 13 4 1 79 27 17 59 29 30 62 86 94 8 60 40 99 26 19 98 61 65 22 69 31 67 21 77 10 44 38 84 83 45 52 25 92 48 2 66 85 
53 16 63 90 68 91 81 32 74 47 55 51 96 41 54 23 100 97 20 89 18 88 56 42 75 50 33 14 49 82 24 34 95 70 58 57 87 43 5 3 7 64 76 93 39 37 35 78 9 15 11 28 6 36 72 73 80 71 46 13 4 1 79 27 17 59 29 30 62 86 94 8 60 40 99 26 19 98 61 65 22 69 31 67 21 77 10 44 38 84 83 45 52 25 92 48 2 66 85 12 
16 63 90 68 91 81 32 74 47 55 51 96 41 54 23 100 97 20 89 18 88 56 42 75 50 33 14 49 82 24 34 95 70 58 57 87 43 5 3 7 64 76 93 39 37 35 78 9 15 11 28 6 36 72 73 80 71 46 13 4 1 79 27 17 59 29 30 62 86 94 8 60 40 99 26 19 98 61 65 22 69 31 67 21 77 10 44 38 84 83 45 52 25 92 48 2 66 85 12 53 
63 90 68 91 81 32 74 47 55 51 96 41 54 23 100 97 20 89 18 88 56 42 75 50 33 14 49 82 24 34 95 70 58 57 87 43 5 3 7 64 76 93 39 37 35 78 9 15 11 28 6 36 72 73 80 71 46 13 4 1 79 27 17 59 29 30 62 86 94 8 60 40 99 26 19 98 61 65 22 69 31 67 21 77 10 44 38 84 83 45 52 25 92 48 2 66 85 12 53 16 
90 68 91 81 32 74 47 55 51 96 41 54 23 100 97 20 89 18 88 56 42 75 50 33 14 49 82 24 34 95 70 58 57 87 43 5 3 7 64 76 93 39 37 35 78 9 15 11 28 6 36 72 73 80 71 46 13 4 1 79 27 17 59 29 30 62 86 94 8 60 40 99 26 19 98 61 65 22 69 31 67 21 77 10 44 38 84 83 45 52 25 92 48 2 66 85 12 53 16 63 
68 91 81 32 74 47 55 51 96 41 54 23 100 97 20 89 18 88 56 42 75 50 33 14 49 82 24 34 95 70 58 57 87 43 5 3 7 64 76 93 39 37 35 78 9 15 11 28 6 36 72 73 80 71 46 13 4 1 79 27 17 59 29 30 62 86 94 8 60 40 99 26 19 98 61 65 22 69 31 67 21 77 10 44 38 84 83 45 52 25 92 48 2 66 85 12 53 16 63 90 
91 81 32 74 47 55 51 96 41 54 23 100 97 20 89 18 88 56 42 75 50 33 14 49 82 24 34 95 70 58 57 87 43 5 3 7 64 76 93 39 37 35 78 9 15 11 28 6 36 72 73 80 71 46 13 4 1 79 27 17 59 29 30 62 86 94 8 60 40 99 26 19 98 61 65 22 69 31 67 21 77 10 44 38 84 83 45 52 25 92 48 2 66 85 12 53 16 63 90 68 
81 32 74 47 55 51 96 41 54 23 100 97 20 89 18 88 56 42 75 50 33 14 49 82 24 34 95 70 58 57 87 43 5 3 7 64 76 93 39 37 35 78 9 15 11 28 6 36 72 73 80 71 46 13 4 1 79 27 17 59 29 30 62 86 94 8 60 40 99 26 19 98 61 65 22 69 31 67 21 77 10 44 38 84 83 45 52 25 92 48 2 66 85 12 53 16 63 90 68 91 
32 74 47 55 51 96 41 54 23 100 97 20 89 18 88 56 42 75 50 33 14 49 82 24 34 95 70 58 57 87 43 5 3 7 64 76 93 39 37 35 78 9 15 11 28 6 36 72 73 80 71 46 13 4 1 79 27 17 59 29 30 62 86 94 8 60 40 99 26 19 98 61 65 22 69 31 67 21 77 10 44 38 84 83 45 52 25 92 48 2 66 85 12 53 16 63 90 68 91 81 
74 47 55 51 96 41 54 23 100 97 20 89 18 88 56 42 75 50 33 14 49 82 24 34 95 70 58 57 87 43 5 3 7 64 76 93 39 37 35 78 9 15 11 28 6 36 72 73 80 71 46 13 4 1 79 27 17 59 29 30 62 86 94 8 60 40 99 26 19 98 61 65 22 69 31 67 21 77 10 44 38 84 83 45 52 25 92 48 2 66 85 12 53 16 63 90 68 91 81 32 
47 55 51 96 41 54 23 100 97 20 89 18 88 56 42 75 50 33 14 49 82 24 34 95 70 58 57 87 43 5 3 7 64 76 93 39 37 35 78 9 15 11 28 6 36 72 73 80 71 46 13 4 1 79 27 17 59 29 30 62 86 94 8 60 40 99 26 19 98 61 65 22 69 31 67 21 77 10 44 38 84 83 45 52 25 92 48 2 66 85 12 53 16 63 90 68 91 81 32 74 
55 51 96 41 54 23 100 97 20 89 18 88 56 42 75 50 33 14 49 82 24 34 95 70 58 57 87 43 5 3 7 64 76 93 39 37 35 78 9 15 11 28 6 36 72 73 80 71 46 13 4 1 79 27 17 59 29 30 62 86 94 8 60 40 99 26 19 98 61 65 22 69 31 67 21 77 10 44 38 84 83 45 52 25 92 48 2 66 85 12 53 16 63 90 68 91 81 32 74 47 
51 96 41 54 23 100 97 20 89 18 88 56 42 75 50 33 14 49 82 24 34 95 70 58 57 87 43 5 3 7 64 76 93 39 37 35 78 9 15 11 28 6 36 72 73 80 71 46 13 4 1 79 27 17 59 29 30 62 86 94 8 60 40 99 26 19 98 61 65 22 69 31 67 21 77 10 44 38 84 83 45 52 25 92 48 2 66 85 12 53 16 63 90 68 91 81 32 74 47 55 
96 41 54 23 100 97 20 89 18 88 56 42 75 50 33 14 49 82 24 34 95 70 58 57 87 43 5 3 7 64 76 93 39 37 35 78 9 15 11 28 6 36 72 73 80 71 46 13 4 1 79 27 17 59 29 30 62 86 94 8 60 40 99 26 19 98 61 65 22 69 31 67 21 77 10 44 38 84 83 45 52 25 92 48 2 66 85 12 53 16 63 90 68 91 81 32 74 47 55 51 
41 54 23 100 97 20 89 18 88 56 42 75 50 33 14 49 82 24 34 95 70 58 57 87 43 5 3 7 64 76 93 39 37 35 78 9 15 11 28 6 36 72 73 80 71 46 13 4 1 79 27 17 59 29 30 62 86 94 8 60 40 99 26 19 98 61 65 22 69 31 67 21 77 10 44 38 84 83 45 52 25 92 48 2 66 85 12 53 16 63 90 68 91 81 32 74 47 55 51 96 
54 23 100 97 20 89 18 88 56 42 75 50 33 14 49 82 24 34 95 70 58 57 87 43 5 3 7 64 76 93 39 37 35 78 9 15 11 28 6 36 72 73 80 71 46 13 4 1 79 27 17 59 29 30 62 86 94 8 60 40 99 26 19 98 61 65 22 69 31 67 21 77 10 44 38 84 83 45 52 25 92 48 2 66 85 12 53 16 63 90 68 91 81 32 74 47 55 51 96 41 
23 100 97 20 89 18 88 56 42 75 50 33 14 49 82 24 34 95 70 58 57 87 43 5 3 7 64 76 93 39 37 35 78 9 15 11 28 6 36 72 73 80 71 46 13 4 1 79 27 17 59 29 30 62 86 94 8 60 40 99 26 19 98 61 65 22 69 31 67 21 77 10 44 38 84 83 45 52 25 92 48 2 66 85 12 53 16 63 90 68 91 81 32 74 47 55 51 96 41 54 
100 97 20 89 18 88 56 42 75 50 33 14 49 82 24 34 95 70 58 57 87 43 5 3 7 64 76 93 39 37 35 78 9 15 11 28 6 36 72 73 80 71 46 13 4 1 79 27 17 59 29 30 62 86 94 8 60 40 99 26 19 98 61 65 22 69 31 67 21 77 10 44 38 84 83 45 52 25 92 48 2 66 85 12 53 16 63 90 68 91 81 32 74 47 55 51 96 41 54 23 
97 20 89 18 88 56 42 75 50 33 14 49 82 24 34 95 70 58 57 87 43 5 3 7 64 76 93 39 37 35 78 9 15 11 28 6 36 72 73 80 71 46 13 4 1 79 27 17 59 29 30 62 86 94 8 60 40 99 26 19 98 61 65 22 69 31 67 21 77 10 44 38 84 83 45 52 25 92 48 2 66 85 12 53 16 63 90 68 91 81 32 74 47 55 51 96 41 54 23 100 
20 89 18 88 56 42 75 50 33 14 49 82 24 34 95 70 58 57 87 43 5 3 7 64 76 93 39 37 35 78 9 15 11 28 6 36 72 73 80 71 46 13 4 1 79 27 17 59 29 30 62 86 94 8 60 40 99 26 19 98 61 65 22 69 31 67 21 77 10 44 38 84 83 45 52 25 92 48 2 66 85 12 53 16 63 90 68 91 81 32 74 47 55 51 96 41 54 23 100 97 
89 18 88 56 42 75 50 33 14 49 82 24 34 95 70 58 57 87 43 5 3 7 64 76 93 39 37 35 78 9 15 11 28 6 36 72 73 80 71 46 13 4 1 79 27 17 59 29 30 62 86 94 8 60 40 99 26 19 98 61 65 22 69 31 67 21 77 10 44 38 84 83 45 52 25 92 48 2 66 85 12 53 16 63 90 68 91 81 32 74 47 55 51 96 41 54 23 100 97 20 
18 88 56 42 75 50 33 14 49 82 24 34 95 70 58 57 87 43 5 3 7 64 76 93 39 37 35 78 9 15 11 28 6 36 72 73 80 71 46 13 4 1 79 27 17 59 29 30 62 86 94 8 60 40 99 26 19 98 61 65 22 69 31 67 21 77 10 44 38 84 83 45 52 25 92 48 2 66 85 12 53 16 63 90 68 91 81 32 74 47 55 51 96 41 54 23 100 97 20 89 
88 56 42 75 50 33 14 49 82 24 34 95 70 58 57 87 43 5 3 7 64 76 93 39 37 35 78 9 15 11 28 6 36 72 73 80 71 46 13 4 1 79 27 17 59 29 30 62 86 94 8 60 40 99 26 19 98 61 65 22 69 31 67 21 77 10 44 38 84 83 45 52 25 92 48 2 66 85 12 53 16 63 90 68 91 81 32 74 47 55 51 96 41 54 23 100 97 20 89 18 
56 42 75 50 33 14 49 82 24 34 95 70 58 57 87 43 5 3 7 64 76 93 39 37 35 78 9 15 11 28 6 36 72 73 80 71 46 13 4 1 79 27 17 59 29 30 62 86 94 8 60 40 99 26 19 98 61 65 22 69 31 67 21 77 10 44 38 84 83 45 52 25 92 48 2 66 85 12 53 16 63 90 68 91 81 32 74 47 55 51 96 41 54 23 100 97 20 89 18 88 
42 75 50 33 14 49 82 24 34 95 70 58 57 87 43 5 3 7 64 76 93 39 37 35 78 9 15 11 28 6 36 72 73 80 71 46 13 4 1 79 27 17 59 29 30 62 86 94 8 60 40 99 26 19 98 61 65 22 69 31 67 21 77 10 44 38 84 83 45 52 25 92 48 2 66 85 12 53 16 63 90 68 91 81 32 74 47 55 51 96 41 54 23 100 97 20 89 18 88 56 
75 50 33 14 49 82 24 34 95 70 58 57 87 43 5 3 7 64 76 93 39 37 35 78 9 15 11 28 6 36 72 73 80 71 46 13 4 1 79 27 17 59 29 30 62 86 94 8 60 40 99 26 19 98 61 65 22 69 31 67 21 77 10 44 38 84 83 45 52 25 92 48 2 66 85 12 53 16 63 90 68 91 81 32 74 47 55 51 96 41 54 23 100 97 20 89 18 88 56 42 
50 33 14 49 82 24 34 95 70 58 57 87 43 5 3 7 64 76 93 39 37 35 78 9 15 11 28 6 36 72 73 80 71 46 13 4 1 79 27 17 59 29 30 62 86 94 8 60 40 99 26 19 98 61 65 22 69 31 67 21 77 10 44 38 84 83 45 52 25 92 48 2 66 85 12 53 16 63 90 68 91 81 32 74 47 55 51 96 41 54 23 100 97 20 89 18 88 56 42 75 
33 14 49 82 24 34 95 70 58 57 87 43 5 3 7 64 76 93 39 37 35 78 9 15 11 28 6 36 72 73 80 71 46 13 4 1 79 27 17 59 29 30 62 86 94 8 60 40 99 26 19 98 61 65 22 69 31 67 21 77 10 44 38 84 83 45 52 25 92 48 2 66 85 12 53 16 63 90 68 91 81 32 74 47 55 51 96 41 54 23 100 97 20 89 18 88 56 42 75 50 
14 49 82 24 34 95 70 58 57 87 43 5 3 7 64 76 93 39 37 35 78 9 15 11 28 6 36 72 73 80 71 46 13 4 1 79 27 17 59 29 30 62 86 94 8 60 40 99 26 19 98 61 65 22 69 31 67 21 77 10 44 38 84 83 45 52 25 92 48 2 66 85 12 53 16 63 90 68 91 81 32 74 47 55 51 96 41 54 23 100 97 20 89 18 88 56 42 75 50 33 
49 82 24 34 95 70 58 57 87 43 5 3 7 64 76 93 39 37 35 78 9 15 11 28 6 36 72 73 80 71 46 13 4 1 79 27 17 59 29 30 62 86 94 8 60 40 99 26 19 98 61 65 22 69 31 67 21 77 10 44 38 84 83 45 52 25 92 48 2 66 85 12 53 16 63 90 68 91 81 32 74 47 55 51 96 41 54 23 100 97 20 89 18 88 56 42 75 50 33 14 
