0
0
0
87372
0
47154
0
70119
0
0
0
0
0
0
48418
58763
0
0
0
0
99468
24408
0
46906
117389
0
0
0
0
100441
0
0
0
0
0
0
0
0
60218
0
0
0
0
0
0
0
0
0
0
116851
0
0
79406
0
0
0
0
0
0
41096
0
0
0
0
0
0
0
0
127058
0
0
0
0
0
0
0
52296
107531
0
0
0
96074
0
0
63187
0
32924
0
111932
125969
0
0
0
0
0
0
119514
0
0
75856
0
0
0
35638
0
0
0
0
0
0
0
0
0
0
55722
0
110663
84836
0
0
0
0
85534
0
0
108785
0
0
0
0
0
0
51984
0
0
0
116835
0
71972
118292
90074
85883
62067
0
0
0
0
68106
0
88240
119249
0
0
75428
88300
0
116535
0
56681
0
0
0
0
0
0
51760
0
0
0
0
0
0
0
43141
121800
0
69417
126446
115068
0
96397
0
0
121807
0
0
0
0
125223
0
71276
0
0
0
0
0
70120
0
61999
59064
0
0
0
0
0
0
0
36507
0
117878
0
0
0
129490
0
0
0
121012
0
116112
0
0
56389
0
0
0
0
0
0
61411
0
70965
0
0
0
0
0
0
0
0
0
0
0
0
62942
0
63963
0
0
0
0
0
0
0
118143
0
0
0
0
0
0
0
69125
67449
0
43275
0
94175
0
0
0
41988
0
123802
0
0
81746
0
0
0
0
0
0
0
0
0
0
0
89759
0
0
0
0
0
0
0
38484
0
0
0
70298
84001
0
0
0
0
0
0
0
0
82775
124511
0
0
0
0
0
7465
0
48698
97364
101143
94919
0
0
0
0
74092
0
0
0
0
0
0
0
0
0
126589
76738
0
0
0
0
0
65781
0
86307
0
0
0
118909
72020
0
113106
0
124906
0
59212
102619
0
0
36822
0
0
0
0
0
0
0
0
0
89510
0
0
120494
0
59602
0
103816
0
0
0
0
0
0
0
0
0
0
0
0
0
0
0
62145
32220
0
0
0
0
0
0
86825
0
51830
0
0
0
100295
0
91933
0
0
0
0
0
0
0
31000
71796
88683
0
0
0
0
114734
28766
0
0
0
0
0
0
0
57626
0
0
0
0
0
0
0
0
0
0
0
0
78495
0
0
0
0
120756
0
0
0
0
0
0
0
0
53966
0
0
0
0
0
110858
63531
0
0
0
0
0
0
68891
0
0
0
0
0
0
0
0
0
93560
0
0
0
0
59238
0
0
0
0
0
0
0
0
0
0
0
0
0
60962
0
115430
0
55899
0
0
0
0
0
23117
89947
0
118112
0
0
125807
0
0
0
0
0
0
97704
119154
0
0
0
0
50803
0
0
0
0
0
0
0
0
0
0
86788
47164
65778
0
0
85323
35452
0
0
0
68089
0
0
0
0
0
110788
0
110947
0
0
0
0
0
0
0
0
76546
0
0
0
66502
78091
85553
0
109825
0
0
0
0
0
0
120518
0
121039
0
0
0
0
123053
124438
116100
0
0
0
0
0
0
0
57972
66966
0
0
0
70908
0
0
0
107578
0
0
0
0
0
108100
0
0
0
0
0
0
0
0
0
0
0
0
0
0
0
0
118589
0
0
0
0
0
0
0
78897
78354
0
0
0
0
72216
0
0
89522
0
117292
0
92252
0
49959
59146
0
105323
121689
0
0
0
60327
126473
53730
0
0
45730
0
0
92450
0
0
124631
102292
0
0
0
120265
0
49812
129865
0
0
0
0
0
0
130243
0
78198
123471
97793
114147
0
0
88895
0
0
0
0
0
0
0
0
0
0
67520
0
0
0
0
0
98321
83539
0
0
62187
0
91170
0
0
94319
60256
0
0
0
0
0
27527
0
0
0
0
0
0
0
0
0
0
0
0
120879
0
0
0
0
103435
0
117209
0
0
37480
0
0
0
109883
0
0
0
0
0
0
0
0
0
0
0
0
0
0
0
0
33084
92362
0
0
52242
0
0
0
0
21099
0
0
0
0
0
60095
0
0
44707
0
0
0
71744
0
122827
48412
50835
0
0
0
0
0
48499
104335
0
0
0
0
0
0
0
0
0
50372
96673
0
0
0
0
0
0
0
0
0
0
121969
0
0
0
0
64623
0
112325
0
0
31873
0
0
0
58138
0
0
119013
110323
119829
0
0
0
108237
0
52130
0
0
0
0
0
0
0
75802
0
88893
0
0
0
111434
39550
0
0
71935
0
0
0
129393
0
124578
119608
0
51830
0
0
0
0
0
0
0
0
0
0
0
0
108696
0
0
0
0
93193
0
0
0
0
0
107814
102520
67511
0
0
0
0
0
0
73027
122005
58010
0
0
0
0
0
54977
0
105073
0
0
110666
0
128110
0
0
0
0
0
118348
74748
39644
0
96097
0
51040
0
0
0
106151
0
0
0
0
112936
79184
0
132353
0
0
0
0
52934
0
0
64115
0
0
0
0
104848
0
0
0
0
119345
0
0
0
114906
0
0
0
0
0
0
0
110414
111917
0
31000
0
0
0
0
0
0
51400
121833
0
0
0
93259
0
0
0
0
0
121500
59676
0
0
35673
31545
0
0
0
0
0
0
78717
0
120180
50670
0
0
0
0
0
99120
0
0
0
0
0
0
0
0
0
36367
0
115814
0
95026
0
0
0
0
0
0
0
80472
0
0
43775
0
0
0
0
120015
0
93458
0
53449
0
0
0
0
52426
0
86440
68945
23302
0
110355
64582
0
0
0
124236
0
0
0
0
0
0
0
0
0
113195
120209
0
54815
0
0
0
0
88040
0
0
0
0
0
111195
0
111884
0
0
67413
0
0
0
0
50916
0
111260
0
84315
0
0
121279
0
0
0
0
0
32175
0
0
0
0
0
78354
0
0
0
0
0
99839
122076
0
0
0
63454
130683
0
0
0
0
0
0
0
0
0
30472
0
0
108688
0
0
112157
0
0
0
74954
0
0
0
0
0
0
109799
61516
0
0
86682
72929
0
0
0
0
66424
105500
64252
0
0
0
0
0
0
0
58083
0
69573
103895
0
117478
0
67371
0
0
0
0
0
0
0
92763
0
0
113029
86516
0
0
0
0
0
0
0
0
0
0
32896
0
0
0
0
83250
0
0
0
0
0
0
0
59383
0
0
0
0
0
0
0
72806
57896
0
0
69499
0
0
0
0
0
0
0
0
0
67630
0
0
0
0
0
119467
0
0
54939
0
116079
0
0
129426
78681
0
0
0
0
0
33122
0
0
68996
115427
112722
0
0
0
0
64414
87921
0
0
0
0
0
0
0
119152
0
0
52396
0
0
0
0
0
0
0
0
0
0
123537
0
0
0
0
0
117162
126335
0
0
0
95024
89754
0
0
0
0
0
81558
0
0
0
0
0
126119
0
0
0
0
54898
64124
0
0
70542
0
0
69190
0
0
0
110802
0
0
0
0
0
57421
0
0
54714
0
0
0
115821
0
0
0
0
0
124365
0
0
0
83759
0
125109
35297
88018
0
109834
0
0
51656
0
0
0
52062
0
0
0
0
0
117627
0
0
0
0
0
0
61902
0
0
0
0
0
85236
0
120112
0
0
0
0
0
51671
130675
0
0
53405
0
0
0
0
53944
0
0
0
104071
0
0
101752
0
75755
0
86380
0
0
66101
0
0
0
0
0
0
0
0
29466
60324
0
72461
96306
123129
115669
0
0
58848
0
0
0
59151
0
0
0
0
0
0
0
0
0
0
0
0
129366
44044
0
0
0
52655
91954
81889
0
0
31827
0
0
0
0
39416
0
0
0
0
0
0
0
0
18753
0
0
0
0
0
0
125343
0
0
0
108022
114256
0
0
0
0
0
0
132359
87477
0
114385
0
105445
0
0
0
114493
0
23919
117114
0
126145
0
0
0
108795
22161
95486
0
0
0
0
0
76907
0
118681
79076
58209
0
82332
124101
0
51010
115468
0
0
0
103399
106284
120629
68695
0
29466
0
0
60397
93772
0
0
0
121305
0
0
0
0
0
0
0
0
129241
0
0
0
121724
74268
0
86345
0
111761
33875
0
0
0
0
0
0
0
0
104154
54382
0
72612
0
0
0
0
111687
0
116207
0
76921
0
0
0
0
83602
0
0
0
0
0
0
42360
0
0
0
0
0
0
0
0
104913
0
0
0
0
0
0
0
0
0
0
0
0
0
0
128429
0
0
0
0
122200
0
0
0
0
0
104239
113573
0
112493
95543
0
0
115409
0
0
0
0
0
113503
0
116985
78869
0
0
0
62437
0
90125
118197
0
0
0
0
0
0
0
0
0
0
0
57592
0
0
0
55370
36507
122342
0
0
77003
0
0
46561
0
31517
61566
0
0
0
0
0
0
48252
0
0
0
0
0
114725
0
0
0
108424
0
128991
0
37809
0
0
0
0
0
0
0
0
0
0
21021
0
107839
0
0
58180
0
0
0
0
0
0
0
0
20344
0
0
95874
0
77649
0
51012
129703
0
0
0
0
0
0
0
0
0
0
64262
111891
0
0
0
0
113005
0
0
0
0
0
0
0
0
0
0
23691
0
0
0
0
0
0
0
0
117114
0
0
0
0
0
0
0
0
86201
0
0
0
113490
0
0
64172
0
112520
0
0
0
32921
0
0
0
0
86201
0
110816
59922
0
112902
0
75470
0
30709
0
0
0
0
0
0
113282
0
115062
0
0
0
0
0
0
0
0
0
71370
0
0
76095
127080
0
0
55722
0
0
78734
50536
107644
0
0
69827
116349
0
123881
114561
0
101092
0
0
112558
0
35202
0
0
0
0
0
39597
0
0
0
0
120175
0
0
75264
49898
0
0
0
0
63273
0
87758
54334
0
0
0
108590
0
0
0
0
0
0
0
57411
0
0
0
0
0
67290
0
116697
19116
0
0
0
88810
58520
0
91507
111032
0
0
0
0
0
94834
0
0
0
0
0
0
0
97516
115128
72252
0
86066
107085
0
0
0
0
0
0
0
72195
0
72317
0
0
0
0
0
64435
0
78333
0
129017
0
0
115163
0
0
0
70461
0
0
0
0
33055
0
0
118780
0
50726
67462
42740
0
0
111777
0
0
0
0
0
0
0
0
0
0
0
0
0
0
0
0
0
105912
0
0
0
0
0
0
0
0
78935
0
122311
126428
0
56049
0
107499
84787
0
67123
0
0
0
0
29576
0
0
50969
0
0
84260
0
118445
0
47966
0
108321
74748
0
0
78754
0
0
89466
81218
81680
0
0
0
0
127722
0
0
61545
0
114018
0
0
0
0
0
0
124503
0
0
0
69945
92787
0
0
106379
0
0
0
0
0
0
87049
87944
0
0
0
121237
22831
0
0
0
0
0
108276
0
0
0
95510
0
0
100781
0
0
0
113610
0
0
0
60709
0
0
39457
61932
0
0
0
0
102384
0
58942
0
0
0
0
0
0
0
111789
0
0
0
0
126119
0
0
0
73234
0
0
0
0
109074
61737
0
0
0
0
80433
0
0
62942
0
0
0
0
0
0
122904
0
0
0
98401
0
0
126487
108688
0
0
0
0
0
0
0
72506
0
0
0
127448
129481
0
0
0
0
0
0
0
0
0
0
0
66779
0
0
0
88405
0
0
61984
64430
119781
0
43018
116484
0
0
0
0
0
0
0
0
115050
52148
0
114031
0
0
39283
0
0
0
85035
0
0
0
28652
60564
0
0
52945
112351
0
0
0
0
0
0
121931
54632
0
0
0
0
0
0
0
0
0
0
0
0
121505
0
0
0
0
0
0
0
0
123712
0
0
0
0
0
0
0
56020
31197
86746
0
0
58473
124026
0
0
68309
0
0
0
0
124299
0
123622
0
0
0
0
0
0
0
0
56114
32080
0
0
0
0
0
0
0
0
0
0
0
0
0
0
0
0
0
0
0
55586
0
0
0
0
93120
0
0
0
0
35384
55224
48632
0
115376
0
0
0
114111
0
0
112227
121958
0
0
93894
124314
0
0
80338
0
0
0
0
0
0
0
0
0
0
0
0
0
0
0
0
90044
50772
70989
0
0
127301
0
0
0
109855
0
37102
59157
0
0
43275
27746
0
0
122571
0
0
0
114354
0
89280
111679
0
0
0
0
0
0
0
0
106871
0
36676
0
0
72612
0
68388
0
0
0
125585
0
87708
0
0
39873
0
0
81705
0
0
0
0
0
0
86582
0
0
0
0
0
0
0
0
0
0
72654
0
74302
0
0
0
126254
118155
21720
80945
0
0
0
0
68963
74970
0
86986
120977
103115
0
0
83956
0
0
0
30405
62199
80062
91116
0
0
0
0
0
0
0
0
0
0
0
90969
0
0
0
91989
0
0
0
0
78578
0
77353
0
0
0
0
0
0
87863
0
39750
0
0
55128
0
0
0
0
0
118342
68963
0
0
0
0
0
0
78202
0
0
0
0
108899
0
0
0
0
0
110927
125935
0
0
0
0
0
0
0
56284
0
0
0
0
131634
0
0
127817
0
0
0
0
0
0
0
0
0
0
115646
0
0
122149
0
0
0
0
0
0
0
63464
126471
68468
0
0
0
0
0
0
0
0
107546
0
0
0
0
71175
0
104779
69276
0
0
0
0
0
0
0
0
0
0
3424
0
87765
0
0
0
0
0
0
31713
0
0
0
0
101541
57218
121233
0
0
117495
0
0
0
0
0
0
0
0
0
89201
0
0
117867
0
61808
5461
0
0
87504
0
0
103762
80647
97564
64172
0
0
46242
61367
74159
0
0
0
39423
111742
0
94183
105818
0
0
118322
125860
0
44422
120068
113840
0
0
0
0
130615
0
0
0
112689
0
0
68403
0
0
0
36232
0
112321
0
0
0
0
0
120989
104732
27335
0
0
0
107422
0
0
0
0
118199
0
0
0
0
94364
0
0
0
82876
21877
0
0
0
124783
0
0
0
0
0
0
0
0
0
0
0
128409
0
0
87813
0
0
97307
58762
96397
0
64382
0
0
0
30405
0
0
0
112344
0
0
0
68392
0
95610
0
0
0
0
0
0
0
121552
0
0
0
77498
0
0
0
0
0
0
0
0
0
0
0
0
0
0
53208
0
109518
0
0
33751
0
90654
8948
0
0
0
0
0
0
0
0
0
0
0
116142
0
68345
55285
0
0
0
0
0
0
115094
125003
0
119089
0
0
0
0
0
117462
0
0
0
0
0
117597
0
0
0
0
0
56389
0
0
26171
0
69397
0
77106
0
0
0
0
115551
0
0
0
81559
0
0
0
0
0
35357
0
0
0
0
0
0
0
0
0
0
0
0
0
0
0
129327
0
117292
0
46639
0
0
0
0
0
46927
0
76175
0
0
119099
59023
0
0
0
0
0
0
0
0
0
0
0
0
0
113794
0
0
0
0
56971
114794
71753
0
0
0
0
0
0
0
0
61371
84624
122937
0
0
63754
0
0
0
0
0
0
0
0
0
0
0
0
0
0
0
0
0
0
81741
0
0
0
0
0
0
0
0
0
87651
0
0
0
0
125494
0
120294
0
0
70461
113528
0
0
0
0
0
68862
0
76237
0
129945
0
113331
0
0
0
0
106919
0
111482
61075
0
0
0
129865
0
0
0
0
0
124943
0
90452
0
0
0
0
0
0
0
0
47965
0
0
0
0
0
0
80282
101732
78195
0
0
65701
0
0
0
0
7073
0
0
0
129295
0
63597
113185
0
0
0
0
54972
0
0
0
0
0
117719
93128
89002
0
0
0
94445
0
0
70792
0
0
0
0
0
64750
0
40340
0
0
55292
0
79432
0
0
0
0
0
0
0
0
0
75809
0
43855
0
0
75273
115291
0
117284
0
0
82273
0
0
0
12589
69022
93462
69768
117372
0
0
0
0
0
0
0
0
0
0
0
0
0
0
0
0
64192
33382
0
0
85990
0
0
0
31884
0
0
0
0
0
34568
62122
0
126427
0
0
0
0
118774
0
0
0
0
57826
63301
0
0
112170
91036
0
0
0
0
42476
0
0
0
0
0
0
0
0
0
76603
0
0
0
0
0
0
0
0
0
0
0
0
0
0
54788
0
0
0
54128
0
0
92353
0
0
50032
0
105415
116429
0
0
0
0
128343
0
0
0
0
121747
120861
0
103219
0
0
0
0
0
0
0
0
0
0
85149
109271
0
0
57186
0
0
0
0
0
0
0
128571
68887
120706
68025
0
0
67540
0
0
0
0
81894
0
0
0
0
0
0
0
0
86816
0
0
79465
0
114405
0
0
0
117052
0
62818
40065
32567
0
0
78168
0
0
0
123513
0
0
0
97769
122807
0
0
116964
0
0
26702
0
0
0
130141
0
73831
0
0
65415
0
0
0
0
51136
0
0
0
0
127487
0
0
0
0
0
0
0
0
0
0
0
49773
0
0
0
0
0
0
0
117051
114297
0
0
0
0
0
0
0
0
0
0
0
123136
0
0
0
112967
127100
114801
129714
0
0
0
0
95201
0
0
0
0
100979
84723
0
0
0
96965
65317
0
0
72494
122695
96253
0
120544
33369
0
0
56494
124537
0
93537
111872
0
0
22328
0
0
0
107192
0
0
0
0
0
0
0
115965
0
0
120484
0
0
0
0
0
0
0
0
0
0
94141
123689
65754
0
0
0
0
32200
0
0
31356
0
0
131471
0
0
0
116384
0
0
0
0
105719
0
0
0
0
0
0
0
0
0
125109
0
73490
0
0
0
0
123362
23246
47518
0
112350
0
0
0
0
0
0
0
0
0
124159
106012
0
0
0
0
112842
0
73909
0
0
0
0
0
0
0
0
70190
80018
76320
64480
0
0
63375
113889
0
0
0
0
0
0
0
120015
61027
124054
0
103880
112178
0
0
0
0
0
0
0
0
0
0
0
0
81444
0
118023
0
0
82611
30472
0
0
0
0
87851
83370
0
0
111551
0
37480
0
0
0
0
0
0
0
39405
0
0
0
0
0
0
0
76714
0
80981
0
0
0
0
0
0
0
3424
0
72354
0
0
91622
0
0
0
0
0
0
0
0
0
31733
0
0
0
103796
61595
0
0
0
0
0
0
0
0
0
0
0
65090
0
51100
31451
0
0
83741
0
116089
85609
0
0
0
0
91214
116008
0
0
0
0
0
0
0
0
0
0
0
123497
0
0
62970
113032
0
93922
83740
61552
0
0
107637
0
0
91825
0
0
0
78870
41505
0
0
113978
0
0
0
0
0
0
0
0
0
0
0
0
0
0
0
0
63077
0
50670
0
0
0
0
0
84438
0
0
0
118692
0
0
0
79993
0
51927
0
0
124741
0
0
0
0
0
0
0
0
86727
0
0
0
75405
0
114189
0
127695
0
0
0
103418
0
0
0
0
0
85980
0
0
113733
0
0
116491
0
0
0
0
0
0
0
43377
120395
0
104239
0
0
0
0
0
0
125628
119089
0
107818
94006
0
0
30578
0
0
0
113555
52091
0
0
0
24768
55774
0
0
58040
0
96114
83262
0
0
111826
55683
0
0
0
70461
0
0
0
0
65472
51167
117116
0
55438
0
121472
108736
0
93669
121465
0
78515
0
0
23348
117473
0
0
0
81235
0
125718
0
0
0
0
0
0
0
102108
0
0
0
0
0
0
0
0
0
65628
0
0
36475
0
0
92062
90626
0
127951
0
120511
51424
0
116118
0
0
124892
118722
64430
0
0
82439
0
0
0
101541
54714
80476
0
0
0
0
62514
0
0
56420
0
116079
0
105790
99863
0
116254
0
102534
0
0
0
37180
0
0
0
0
0
0
102873
65464
75279
0
0
0
90329
0
120180
0
0
0
0
0
0
0
0
106833
77197
54994
0
0
0
118692
0
0
0
0
0
0
0
0
0
0
128518
0
0
0
0
0
0
0
0
0
0
0
0
0
0
0
0
0
39312
0
0
0
0
72364
0
0
0
0
90632
0
0
0
0
121260
0
0
0
0
73493
89666
103187
117530
0
0
0
87727
0
0
117597
64215
0
0
0
0
0
49554
0
100593
0
128262
0
34274
0
74549
115184
0
0
0
115062
0
0
0
0
0
0
0
78474
0
0
0
0
79184
0
112039
31683
123712
0
118937
114930
0
0
0
60312
0
0
0
0
0
0
0
0
0
0
124662
0
0
0
0
0
0
0
0
0
0
0
60722
44321
84787
76339
0
91252
54135
0
119518
108057
0
0
88012
117856
0
0
0
0
0
0
0
0
70345
0
0
94183
0
0
0
93856
102740
0
63738
122562
33312
0
0
0
0
0
127032
0
118786
0
88551
0
125436
0
0
0
0
0
0
0
119082
114122
117639
0
0
0
45153
0
0
0
0
0
0
116074
0
0
126169
0
0
0
0
0
0
76784
0
0
126018
62007
109661
125972
0
0
0
0
0
0
0
0
102172
81262
114754
0
0
0
41838
0
0
0
0
0
33432
0
106527
0
0
0
0
0
34217
0
0
0
0
0
0
0
0
0
0
0
110461
0
0
0
117051
0
0
103672
0
0
0
126216
0
0
53554
120405
0
0
0
0
0
0
0
0
0
0
0
0
0
0
0
0
122256
0
100991
0
71102
0
0
0
0
0
0
106943
0
0
23348
102367
0
0
0
0
0
0
0
0
87755
0
74469
0
0
0
0
0
0
119062
0
63799
0
65026
0
0
0
0
32844
0
0
0
85511
0
0
67750
0
0
0
0
0
0
0
0
0
75264
0
89631
0
0
0
0
75944
0
0
0
0
115409
0
125390
124242
0
0
59040
0
114538
0
0
105207
0
0
0
125824
0
86634
93976
67366
81746
0
61616
87144
0
0
0
0
31844
0
109735
0
0
0
0
0
0
0
0
0
34260
0
0
0
0
0
0
97260
0
93511
29072
0
129141
0
0
0
0
115835
0
0
0
0
50876
0
0
0
0
61160
129772
115169
0
77300
0
0
0
0
0
0
0
0
69417
0
0
0
34867
90627
0
0
0
0
115662
0
0
0
0
0
71963
0
0
0
0
72621
58267
103779
0
91350
0
0
0
0
0
0
0
0
123915
22896
0
0
0
0
79076
0
0
0
0
44438
0
99539
85436
128100
0
0
64959
0
0
0
0
83188
0
0
0
116484
0
0
0
0
55319
0
51894
0
0
0
0
0
0
0
0
0
0
0
114752
0
0
0
0
0
0
0
0
59934
0
0
0
0
82615
113673
0
62269
0
0
36886
88683
0
0
0
0
0
0
0
0
56158
0
132044
0
0
0
0
0
0
0
0
40848
50892
0
0
0
0
84672
91480
0
74504
119755
0
0
72268
73046
0
0
74882
0
0
58540
85834
0
0
93508
0
56020
0
0
0
0
49886
0
0
0
0
0
0
79409
0
0
0
82646
0
0
0
112063
0
66969
62407
0
0
0
100424
0
0
0
0
0
0
125383
100256
0
0
123029
0
111425
79289
0
0
0
0
0
0
0
0
22566
0
0
0
0
57989
0
0
0
0
0
0
0
0
0
0
0
0
43112
0
0
69237
0
0
0
0
73735
0
0
0
0
0
0
0
0
0
0
106627
112769
0
0
0
0
0
0
0
0
0
22503
0
0
0
0
0
0
0
0
55504
0
0
86342
0
33952
72588
0
124958
0
71566
69508
0
0
0
102963
0
0
0
0
0
94399
0
0
0
90320
0
77346
60092
0
0
43527
0
0
64782
0
94750
0
0
0
0
0
0
0
0
72312
0
0
0
0
0
0
0
74933
0
0
0
0
0
0
0
0
45814
0
93469
0
0
0
0
0
0
0
0
0
0
101941
81512
0
0
43719
0
100574
0
0
0
0
0
0
0
0
0
118575
0
0
0
0
0
0
0
0
0
38367
0
0
0
0
0
0
0
0
0
0
0
0
68103
0
0
0
0
0
0
102593
0
0
0
0
0
0
0
0
0
0
58083
0
0
67189
0
0
0
0
0
0
0
0
0
0
0
82337
0
131394
0
0
0
68948
0
75569
0
0
0
0
0
0
0
91481
0
80898
0
0
83942
0
0
0
0
0
0
59281
0
0
61094
0
0
0
0
0
93842
113312
0
0
0
0
0
121557
0
0
0
0
0
0
0
0
0
101672
86648
0
0
0
0
0
76632
0
0
120112
0
0
96232
0
0
80127
0
0
0
32328
0
0
0
0
69077
0
0
0
0
0
0
0
130437
63648
118479
0
56570
74320
109018
0
95335
25181
0
0
0
0
0
0
0
0
0
0
0
0
0
0
123533
0
0
0
109109
0
0
0
0
0
87156
0
0
0
0
0
0
0
0
0
0
0
0
117938
110962
68741
0
0
100007
0
0
31451
0
0
62602
0
0
105982
0
0
0
80671
0
0
0
0
75958
0
0
0
0
0
0
126428
0
0
0
0
67025
0
0
0
0
0
69756
0
56072
47409
0
0
0
106225
0
93772
0
0
0
0
0
106598
0
0
0
0
0
0
0
0
0
0
0
0
0
0
0
122105
0
0
0
0
0
0
0
118257
71068
0
0
0
0
0
60736
27247
0
0
0
0
0
0
0
0
0
0
0
0
0
0
0
0
92890
0
126439
0
0
0
108801
0
0
0
0
123563
0
119082
0
0
0
0
0
0
0
0
0
0
0
0
30772
0
0
0
0
51400
0
0
0
0
0
84236
0
0
21108
0
129688
87028
0
0
0
0
0
130465
0
0
0
0
38060
0
0
0
0
0
0
0
121246
0
0
29986
0
0
0
0
69251
0
0
106448
80322
0
0
0
0
0
71083
0
0
91604
0
0
89510
118604
0
0
91769
0
0
0
46999
53069
0
0
0
125089
108568
0
0
0
101714
0
0
0
0
45184
0
93974
113761
44755
53558
89731
0
0
0
0
0
115062
76267
51326
0
111528
109535
0
70566
0
0
0
0
97235
0
0
0
85359
0
0
0
0
0
30425
0
0
0
59312
0
0
57165
0
56150
0
0
0
83157
0
0
0
0
0
115011
0
22612
0
0
0
0
0
126371
0
0
0
0
0
0
0
0
66265
112287
0
0
0
0
0
0
117367
0
0
0
0
27293
75482
0
0
115544
33773
0
0
0
0
0
0
63559
32200
51520
90824
0
0
0
0
0
87000
0
72072
0
0
0
94576
0
0
0
0
0
128594
0
0
0
0
0
0
0
114771
0
0
0
0
0
0
0
59499
115956
0
0
0
0
116759
0
0
93466
95646
0
0
0
0
129195
0
0
0
0
0
0
117460
0
0
0
93587
0
116732
0
0
0
0
126947
0
0
0
49345
131975
0
0
0
123423
101602
87836
0
0
0
0
0
0
99092
0
32567
0
0
0
0
82639
0
45534
0
0
0
0
0
77180
0
0
44897
127256
0
0
0
0
117552
0
0
0
0
112852
0
0
47116
0
0
0
95995
0
0
117528
0
0
37767
0
0
85745
108410
95135
0
0
0
0
0
0
0
84607
0
0
33333
69106
0
0
0
0
0
0
0
0
95155
21834
0
0
0
0
0
0
0
0
0
0
85476
0
98311
0
0
0
0
0
105655
0
0
0
76484
0
0
0
0
0
0
77486
0
0
0
0
0
53830
0
0
108617
112352
91264
80647
0
84581
69397
0
0
0
112124
73271
118538
120952
68104
0
132186
121878
0
0
0
0
0
0
0
68557
0
0
0
0
82400
0
0
0
0
0
0
0
0
53274
110132
0
0
0
0
0
0
101541
126335
86738
54043
0
0
61730
52501
43014
23025
118481
42226
0
0
0
112777
0
0
0
0
0
32200
0
0
105706
0
108131
0
0
0
0
111904
0
0
0
0
0
0
0
0
0
95303
33105
0
69478
0
0
0
72341
0
0
125260
120544
0
0
0
0
0
115616
0
0
0
0
128468
0
32889
0
110171
58196
0
0
0
0
0
58851
54259
0
88100
0
0
0
0
114937
0
0
123165
0
64268
0
0
0
0
117710
0
0
0
0
0
0
0
0
0
0
0
0
0
0
116381
121308
67189
0
81218
0
109500
0
0
0
0
0
0
0
0
0
109333
0
0
64058
0
0
0
0
0
0
0
0
0
0
112749
0
0
66051
0
109285
0
60666
0
0
78052
0
115374
0
0
57198
0
0
0
0
122628
0
104771
0
0
0
0
32567
69050
68237
0
94985
0
0
0
0
0
116182
101325
92934
0
0
0
85704
0
0
69723
0
0
0
66766
0
0
0
0
0
0
81719
0
0
74398
0
121571
117811
0
97505
0
0
0
0
0
0
126821
0
0
0
0
0
0
0
127100
127328
0
0
0
0
33432
0
0
73730
0
0
0
0
0
113985
0
125761
0
0
0
80619
0
0
0
0
128508
0
123871
0
0
0
0
0
46825
0
0
0
0
0
120878
0
0
41209
0
111575
0
0
0
117879
0
0
0
100163
87071
0
0
117838
0
0
55577
0
0
0
0
0
0
0
0
125616
0
0
0
0
0
0
0
105841
0
0
0
0
0
0
0
0
0
0
0
88017
0
0
0
0
0
0
0
0
0
114265
0
104396
0
124432
0
0
0
0
0
97617
77446
0
0
96306
0
0
113195
77880
0
0
0
0
0
0
105655
0
0
0
0
51861
0
0
0
0
0
0
99984
0
112955
0
0
0
83177
0
0
0
72211
0
0
0
0
0
0
74074
0
118042
0
0
0
0
0
99615
0
0
80127
0
121406
0
107250
0
42674
0
0
0
0
116309
116836
0
0
0
0
0
0
0
56459
0
0
0
0
0
0
0
0
0
0
0
0
27325
0
30871
0
0
86823
0
32924
74933
0
0
0
113173
126581
0
0
0
72106
0
0
0
0
0
65283
0
0
0
92054
0
0
0
0
76560
0
0
0
0
0
0
0
0
0
82044
84680
0
106737
104745
0
81529
0
120646
0
82190
0
0
93642
86656
0
0
0
0
0
61654
9831
0
0
88160
0
0
128747
0
0
0
0
83341
0
0
0
0
37808
81635
0
117694
130891
0
76907
123513
0
0
0
94537
0
0
0
0
22831
36663
127507
0
30405
0
53449
0
102797
84035
107686
0
0
107303
0
127722
0
0
0
0
0
0
0
116788
0
0
0
0
55285
0
0
0
0
0
0
80793
0
61161
0
0
91263
103744
0
0
0
0
0
0
105774
0
84132
0
0
0
66371
13074
0
0
0
0
0
33519
0
46517
0
89043
0
118347
0
0
0
0
0
0
101726
0
0
0
78713
0
0
0
43512
0
0
0
112410
0
0
0
70595
0
0
0
0
0
0
0
0
0
0
0
117879
0
0
29954
0
63490
0
123082
113933
0
0
0
0
0
0
41569
0
0
0
0
0
0
85883
0
0
0
0
82946
0
110663
0
111629
0
0
116185
52622
0
0
0
114700
101463
0
0
0
0
115409
91943
0
0
0
123834
0
0
0
126139
0
0
0
0
0
0
0
0
0
120515
0
0
0
0
73206
0
0
0
0
0
0
77342
0
0
109209
0
0
0
0
0
0
0
0
0
0
0
0
35891
0
125685
0
52805
0
0
0
0
0
0
0
0
0
0
74107
85476
0
0
0
0
0
0
0
121445
0
0
0
0
0
0
0
0
102384
0
0
0
0
0
106672
0
88516
0
74728
0
56662
0
0
37480
104144
0
0
0
124790
0
0
0
37738
0
0
0
61886
0
0
0
114106
76582
0
0
0
0
0
0
0
0
0
0
0
0
0
0
119999
0
54708
0
112422
0
0
0
0
0
0
0
0
108615
0
0
0
0
0
0
0
0
0
101955
0
0
0
0
0
0
110008
72843
0
0
0
0
110893
0
0
0
115127
124481
67590
32200
74613
0
0
0
77799
0
0
0
112271
0
72569
96718
0
0
0
0
0
0
0
0
0
0
0
82431
0
0
0
0
74978
0
130255
0
0
0
0
14407
86823
118813
0
0
0
0
0
0
122784
0
0
0
0
0
0
0
0
55856
117016
111854
76835
0
113322
117380
0
0
0
0
0
53900
0
0
0
0
0
90825
5394
72841
54788
106478
0
114702
0
0
0
74022
104266
0
0
0
0
0
0
0
0
0
126473
0
0
0
79255
0
124573
121621
0
121106
0
0
0
0
0
0
0
111246
0
0
0
83126
0
0
0
28748
128773
0
0
0
0
0
0
115787
60190
0
0
0
122959
0
0
106176
0
0
88484
0
0
0
0
0
0
60369
63895
0
0
25093
35624
0
0
0
0
0
0
0
0
0
0
0
114031
0
83680
0
0
0
93152
0
89532
0
108688
0
0
0
63725
0
0
0
93458
100094
0
40071
125552
0
0
114541
57462
0
96897
0
0
0
0
0
0
0
0
0
0
0
0
0
0
0
0
0
0
0
116209
0
0
0
0
0
0
90050
0
0
109738
0
0
52811
0
72830
0
0
0
105284
44416
0
126736
0
0
0
0
0
50372
36340
0
60566
77045
0
53438
0
76273
0
87848
0
0
0
0
107679
69276
0
0
0
0
0
0
0
123232
0
0
0
0
0
0
51290
0
123371
0
0
0
0
0
0
80472
0
87245
102927
0
0
0
111994
0
114717
0
60510
0
0
116384
0
59513
0
79604
117925
0
100781
0
0
0
0
0
0
128176
118255
121981
0
0
0
84312
0
0
0
0
115933
0
105394
54654
0
20373
0
0
0
55516
0
0
101759
0
112199
120051
0
0
0
0
0
89379
103693
0
0
128676
73553
0
32452
0
0
118110
0
0
0
0
62199
0
92108
0
114243
0
0
0
111471
33572
0
0
0
83863
115309
0
0
34740
0
0
0
124382
0
86136
0
0
0
11078
0
0
46248
0
0
0
0
0
0
0
0
0
0
0
0
117919
0
83331
0
0
0
124261
0
0
46289
0
78300
108871
0
0
95531
0
0
71582
0
0
0
0
91907
0
0
0
0
0
39486
0
54259
0
0
0
108772
0
0
0
103133
98073
0
58651
0
0
0
0
0
0
72847
0
0
0
0
0
0
117470
0
51834
0
0
0
0
0
0
0
0
0
0
0
0
97121
0
0
0
0
0
0
0
0
0
0
110691
0
0
0
0
0
0
0
0
0
0
0
0
107889
0
85451
0
108250
0
31777
51927
0
0
120142
0
0
0
0
0
0
0
0
59403
0
0
0
46079
0
0
0
5841
0
0
0
0
0
0
0
0
3424
0
0
0
0
0
85110
0
0
0
0
0
0
0
77021
25181
0
0
0
0
0
0
116492
0
0
0
110130
0
0
109150
0
0
0
0
0
0
115659
0
0
0
115979
0
73786
0
0
0
0
0
50718
131077
0
111474
0
0
0
0
126605
0
0
41938
0
89209
0
129115
0
111369
89067
101297
0
0
0
0
0
0
74776
120610
58260
73271
0
0
0
0
0
124432
0
0
0
0
0
0
110316
0
0
0
0
0
0
0
0
63804
29487
0
0
0
0
0
0
0
0
0
47254
0
0
0
0
0
0
0
0
0
0
0
0
124130
0
0
0
0
0
0
68779
0
108507
0
111354
0
0
0
63230
109417
33379
57466
21099
0
119085
0
0
0
0
0
73873
0
95607
0
0
49947
53684
0
0
0
0
60813
102786
82753
0
0
0
0
0
0
0
85991
99603
0
0
0
89862
0
0
0
0
0
0
56284
0
56023
0
0
119741
0
0
0
0
0
0
83580
40661
0
0
58528
78763
0
77555
113361
0
0
117704
0
0
54885
0
113788
0
65553
0
0
0
0
0
116941
0
0
0
0
0
0
0
33568
107408
0
85423
55692
0
71942
0
117460
0
0
0
97430
0
0
91950
0
0
83406
70062
124198
117695
0
0
0
0
0
0
0
0
0
0
85445
0
0
0
0
0
0
0
0
0
0
0
0
0
0
0
0
0
0
0
115439
0
63995
0
0
0
0
0
0
0
0
0
0
0
87528
0
0
0
0
0
0
0
0
0
128502
0
0
0
0
0
59972
0
0
64750
0
92510
0
0
106497
0
0
0
0
0
0
0
0
0
0
0
0
0
30838
0
118632
94828
122904
0
0
0
0
79105
0
0
0
61812
0
0
36765
0
0
0
107181
0
0
0
58888
0
0
117314
0
0
66671
0
115981
0
0
74055
91610
102352
87159
0
0
114395
76338
0
0
65930
27669
0
90437
0
0
0
42540
0
0
49093
116928
0
0
0
0
0
0
0
0
0
0
0
0
0
118853
0
0
0
0
0
129237
107237
108877
0
0
0
0
0
0
0
0
0
0
22896
34036
0
0
0
0
0
0
0
0
115785
0
83060
0
57876
0
0
0
71712
79649
114493
71919
0
0
0
121962
114820
0
0
0
0
0
0
67679
0
0
94471
0
0
115011
87144
90632
0
130688
0
0
0
0
0
0
0
0
0
0
87554
0
0
0
25181
0
0
0
0
0
0
112955
0
0
0
0
0
73491
0
0
0
0
0
0
0
0
0
34867
113978
87960
0
0
0
71753
0
0
22508
0
0
0
0
116100
0
7844
0
0
0
0
0
126162
109956
0
0
92322
0
0
0
0
92610
0
62900
0
0
0
0
63548
0
113665
76905
115965
0
0
0
86611
0
0
119859
115959
0
0
88740
112433
32889
0
78660
0
0
0
0
0
0
0
114009
0
0
0
77038
122168
54654
0
0
0
0
0
37391
0
0
0
0
0
0
63664
0
66351
0
87863
0
0
0
23025
0
0
0
92662
76237
73613
0
0
0
0
0
0
0
0
0
53324
0
0
86730
73280
0
0
0
0
0
65077
0
0
0
75130
0
0
20492
0
0
0
0
101506
0
0
54370
0
85830
0
0
0
110010
0
0
0
0
0
0
0
70647
0
0
0
0
126738
115766
0
0
0
0
0
0
117187
0
128975
0
0
0
0
0
0
0
0
0
89767
0
0
93071
0
86730
0
0
0
0
99027
0
0
0
120511
0
0
0
109543
0
0
0
0
34107
0
123688
0
0
0
0
0
0
0
118652
0
0
0
0
113977
0
0
0
0
63758
0
91367
0
0
122817
0
58473
0
0
71846
0
124724
0
105677
0
0
114387
0
0
0
0
0
0
49886
0
0
0
0
0
81501
0
27173
114561
0
0
31310
0
72830
0
0
0
0
0
0
105544
73543
0
0
0
0
126736
85359
0
0
81717
121834
0
24371
0
0
0
0
0
116381
0
0
0
0
0
105599
0
0
0
0
0
0
0
0
109738
0
0
0
0
0
125771
0
0
0
0
0
0
0
80238
34006
61100
106079
0
0
0
0
0
0
0
106470
0
0
61915
82927
0
0
0
0
0
0
0
56686
110858
0
0
0
129160
119174
62806
0
0
0
0
0
0
0
0
123921
0
71822
0
0
0
0
0
0
107085
0
0
84553
0
58302
51010
0
85862
42637
65534
0
0
0
0
0
0
0
0
0
85650
0
0
0
0
0
0
0
0
20344
112152
0
0
108207
0
0
0
0
0
0
0
0
0
0
114514
0
84723
0
0
0
0
0
0
0
104539
0
83481
0
0
0
0
0
0
0
0
58927
115450
0
0
0
0
0
0
0
120405
53651
81433
0
0
105982
0
0
50670
30405
0
57815
0
0
114799
0
0
0
0
0
103253
0
84129
0
70852
0
19847
129015
0
0
0
0
81192
0
0
0
0
62547
0
0
0
0
0
0
0
0
19966
0
0
0
79869
0
0
0
0
60403
0
0
19966
65854
0
0
0
130525
0
0
59146
0
0
0
0
0
0
0
0
0
0
0
81992
0
0
89078
0
0
0
0
0
0
0
0
0
0
110805
83724
0
0
0
74378
0
0
0
0
122385
124494
0
0
0
0
124500
0
0
0
118624
69056
0
0
78775
0
112059
0
0
75966
33808
0
0
0
0
0
45464
0
0
0
72650
0
0
0
0
55319
94757
0
98776
0
0
0
0
25420
109577
0
0
0
0
0
0
0
50372
0
105376
0
25282
0
0
0
122237
0
87064
114101
75620
125882
0
0
0
0
0
0
0
0
0
52856
0
0
0
117669
0
0
74466
119680
49564
94546
0
0
0
0
76427
0
57186
0
0
0
0
0
22863
0
0
0
74159
74107
89422
36535
0
0
0
51133
0
0
0
25541
105790
0
0
0
0
0
0
0
0
0
0
0
0
0
91044
0
0
44214
0
0
0
0
0
0
0
110711
113969
107686
0
0
0
0
0
0
70908
0
124328
0
0
89659
0
0
111260
0
0
87337
0
98003
0
116016
0
0
0
0
71567
0
0
106424
0
75268
119188
79622
103272
0
0
0
112321
52282
0
58721
0
0
0
47564
0
0
0
126353
0
122835
0
0
0
88552
57578
0
0
130342
0
91610
0
0
70473
73502
0
0
0
0
123112
0
121958
31310
116974
0
58000
0
77439
0
47834
0
0
0
0
0
0
0
79023
47104
120952
0
33991
0
50946
98444
0
126821
32357
0
0
0
0
121428
0
50032
0
0
0
0
37016
103091
0
0
0
0
0
0
0
0
0
0
0
0
49722
0
0
0
0
0
0
0
0
0
0
0
109027
0
0
0
0
0
122343
0
104794
0
0
0
0
0
51964
0
0
24553
0
67971
0
0
0
74873
120977
74944
0
0
0
0
0
0
0
0
0
0
0
0
0
30888
0
0
0
0
0
0
0
115835
0
0
0
0
0
0
0
0
115123
0
8384
0
0
31289
87554
0
0
0
0
0
67404
0
0
0
0
0
0
0
71526
34268
48666
0
0
0
0
0
0
0
0
0
0
0
130564
0
115078
130209
0
0
0
0
0
0
0
129670
0
0
0
0
109983
0
0
61577
22447
0
78224
26458
0
0
0
0
0
0
0
70543
0
0
0
121899
0
0
60510
0
0
0
62014
0
53830
0
0
0
117521
0
0
0
0
0
0
0
0
110931
0
35384
0
0
129787
0
0
31066
0
0
105672
89482
91768
0
92322
0
52262
101382
0
0
0
0
0
0
0
0
0
85745
0
125389
0
0
69077
0
0
0
0
59241
0
0
0
93988
0
0
0
0
0
0
0
0
0
117714
0
0
113063
0
101960
0
57411
0
0
0
0
36830
0
0
121085
0
0
0
41326
0
0
0
0
0
0
0
33084
0
0
0
0
0
0
0
0
72909
102835
0
0
0
0
0
0
0
0
0
0
0
0
0
0
0
0
0
121800
78815
103821
0
0
0
106978
0
0
0
95789
97206
0
0
0
29888
103481
122653
0
0
120757
0
0
0
0
0
79710
0
0
0
0
84588
0
38836
96656
0
0
0
24148
120727
0
69573
0
41802
122388
0
0
0
0
35779
0
22863
0
93994
70947
80836
0
103543
0
34719
0
0
128235
0
0
0
0
0
0
0
37870
0
0
0
0
0
122563
0
0
0
126545
0
0
0
0
0
0
0
0
0
37464
0
0
0
0
88870
0
0
0
79166
0
0
61651
0
73169
79253
0
0
107004
59062
0
0
0
0
0
0
0
124608
118239
93915
0
0
0
26656
60914
0
0
0
110846
120283
5841
0
0
0
0
113710
0
0
56773
0
97879
0
123471
0
0
0
0
124531
0
0
0
0
104154
0
69167
0
0
0
0
19847
0
57702
0
0
0
48018
0
0
0
0
0
78015
0
0
0
0
0
0
0
0
93669
0
0
95928
26702
0
0
0
0
42302
0
77166
0
123998
0
81804
0
0
0
0
77167
0
65943
0
0
0
120827
0
0
0
29307
0
120352
0
0
98828
0
0
0
0
94444
0
69202
0
0
0
30405
0
0
61540
0
0
0
0
0
0
122125
0
0
0
0
0
0
0
0
0
0
0
0
0
112041
0
0
0
0
0
0
21099
0
84017
0
0
0
0
0
0
0
0
0
0
0
0
0
0
125049
32401
0
68665
0
0
103421
0
0
0
116484
0
65009
0
0
0
0
96304
0
0
26903
66321
0
0
104958
0
92083
0
0
0
117905
0
124868
0
0
0
99769
0
0
0
0
75088
0
126128
0
0
0
0
0
0
0
0
0
0
0
0
0
0
0
107377
125761
0
0
0
116457
0
0
0
0
0
0
116599
0
61751
0
92099
0
66366
64078
0
72312
0
91324
0
0
0
0
72847
0
0
94006
68931
0
0
0
0
129653
0
71796
0
37391
117407
0
84118
0
0
0
0
0
0
0
0
0
120756
0
0
0
0
122277
0
50670
0
0
0
0
0
0
0
0
0
94203
85265
0
0
118825
0
0
0
0
0
0
0
108406
0
0
0
0
0
0
0
0
0
84848
0
0
0
0
0
129373
0
0
37251
0
0
65927
0
0
0
54141
61872
0
126714
99325
0
0
0
0
0
70099
0
0
0
70667
56321
0
0
0
0
0
0
0
130209
0
0
0
0
0
0
44229
0
0
32711
0
0
0
0
67971
0
0
37414
0
0
0
0
0
101481
0
123068
0
0
0
0
0
0
0
0
0
0
58266
0
0
0
82188
0
0
84169
0
0
0
0
0
0
0
0
0
0
81879
0
0
0
0
94332
0
0
0
111315
0
0
131318
0
0
108507
0
83855
0
86611
21099
0
0
41569
0
0
0
0
0
0
119637
0
0
0
70105
0
0
123029
0
33432
0
0
0
0
108290
0
0
0
78088
120399
0
30078
112976
125628
0
0
0
130672
91666
0
0
119121
0
38955
0
0
60140
98700
0
0
0
116451
0
69109
0
0
0
0
103974
0
32407
0
0
0
0
0
127563
0
0
90558
0
56292
74768
0
0
0
101855
122692
0
0
0
0
0
0
0
0
46079
0
0
0
0
0
0
102292
0
0
0
120273
0
0
94202
0
0
104595
0
125289
101377
0
0
0
0
68024
0
50748
47380
0
0
89854
0
109283
113479
51286
0
0
59747
0
0
0
52409
0
0
0
0
0
0
0
0
0
0
0
0
0
0
0
0
62830
0
0
0
0
0
126004
0
69522
78745
79105
0
54423
0
70327
90732
0
0
82504
90092
0
65270
0
53314
106161
0
0
0
110176
0
78660
0
0
0
58401
0
0
0
0
122552
0
0
0
0
91125
116748
0
0
117930
0
0
31289
0
31844
0
0
0
0
55692
0
0
0
0
107088
55128
0
0
0
0
111065
0
0
21834
121781
0
0
0
0
0
0
0
130076
102502
72746
81030
59322
0
33808
0
0
0
0
64959
118437
0
81543
0
0
0
0
0
0
120209
0
0
122937
31844
0
0
0
0
0
0
0
66770
0
0
0
0
0
59157
70316
0
0
0
0
0
0
0
0
0
0
0
0
32732
0
0
57113
103435
98327
0
43204
0
62050
0
130342
0
62827
0
0
0
109969
0
0
0
101898
0
0
0
24818
69574
0
49511
0
0
0
0
0
104582
90624
0
89452
0
59972
71736
114111
0
0
0
0
82593
118538
0
0
0
112869
0
82732
0
0
0
0
114890
0
113539
0
0
0
0
0
91684
0
33382
0
120375
0
0
0
96198
0
0
0
79228
0
63769
0
0
0
0
0
0
0
0
0
46199
0
0
0
0
0
84125
0
0
0
72092
0
0
0
0
0
0
60369
0
0
0
0
0
0
0
57526
0
0
0
0
0
24158
111211
0
0
39113
0
0
0
0
0
117862
0
0
62067
119208
0
0
0
0
0
0
38528
0
0
0
0
0
0
0
0
0
0
0
0
74853
0
0
0
89071
0
0
0
0
0
0
0
81603
75656
84860
0
0
44008
0
57809
0
127557
0
0
0
0
0
0
0
0
0
105536
0
0
86859
0
0
0
57916
90249
79175
0
128007
0
0
0
0
0
83576
0
0
0
70782
0
0
13074
0
0
101139
0
0
125772
0
0
0
0
0
0
0
48354
90049
0
0
50226
0
0
0
0
0
34527
0
0
0
32320
0
0
0
0
100862
0
0
0
0
0
0
0
0
0
0
50670
0
0
0
0
74179
0
0
98938
0
124014
0
0
0
54712
0
31289
0
26171
124299
0
0
0
0
0
112449
0
0
0
0
0
0
0
43874
74512
0
71822
0
0
0
0
0
0
0
0
0
45089
0
0
0
0
0
0
114278
112101
0
0
0
51927
0
0
0
0
0
79639
0
0
0
0
91116
0
0
0
0
0
69234
0
0
0
115814
0
0
79092
0
0
0
0
0
69375
0
51480
103562
0
0
115994
0
0
0
0
0
0
21657
0
0
0
0
0
0
89114
127580
0
122823
73613
0
0
0
0
0
0
121109
0
0
0
0
0
77315
0
0
0
0
0
81437
0
0
0
0
0
0
16137
0
0
0
0
0
0
0
0
0
0
0
67767
0
0
0
0
0
0
0
0
110559
0
0
0
0
0
0
35458
118199
0
0
96441
0
0
84860
0
0
0
0
0
0
0
23962
0
0
0
99463
32661
127032
82431
0
0
0
0
0
0
0
0
0
0
86024
0
0
0
0
21330
0
0
0
0
0
0
0
0
0
0
0
0
0
0
113871
109258
0
0
0
0
0
0
0
0
22863
33572
0
0
39750
86401
0
0
0
108625
0
0
0
0
0
0
0
0
0
0
0
31683
97897
0
0
121121
0
0
0
0
0
0
0
81875
122562
125256
0
0
0
0
120802
0
0
0
0
58588
0
0
0
0
84514
67286
47810
0
87959
0
49722
0
0
0
0
75179
86702
0
0
0
0
85436
0
55475
0
0
113040
0
79610
0
0
0
65927
75819
118057
66752
0
0
0
0
30196
33679
0
115163
0
0
115414
0
88825
106284
0
0
125553
126718
0
0
0
0
0
122244
122866
0
110866
0
0
55402
0
0
120907
0
0
0
0
0
86937
0
0
0
94934
0
0
0
92750
0
0
57660
0
100855
0
48865
0
0
0
0
5461
24148
0
0
0
78757
0
0
73551
0
90969
0
108697
0
70965
0
0
0
116089
0
78340
0
78141
83382
0
0
0
0
0
125784
0
0
106522
0
0
0
0
0
49757
0
58649
0
54152
0
0
0
0
0
0
0
97426
0
117735
0
0
107892
0
0
0
85767
0
0
54642
0
0
0
0
127958
0
0
102824
0
0
0
51420
111163
73745
0
0
0
0
0
118286
0
0
0
0
69459
0
130175
0
73949
0
0
0
0
0
0
0
0
0
125452
0
38662
0
0
77738
0
121733
0
0
0
0
28414
0
0
0
0
0
117314
0
0
0
0
0
114590
0
0
0
0
0
0
0
61358
54788
0
0
0
0
0
129229
0
0
0
85434
113710
82978
59208
0
0
119918
0
0
0
60980
121673
0
0
82575
0
0
0
0
0
124973
64782
0
0
0
0
0
51390
0
0
89002
0
0
0
0
111026
0
0
0
0
55382
0
0
0
0
100013
0
0
0
113040
0
0
0
131263
0
0
0
113516
0
64124
0
0
0
0
132044
68665
33891
0
77768
0
0
78044
0
0
0
88250
0
0
0
0
0
0
73332
0
0
103739
0
0
126076
65999
0
0
0
0
73440
0
0
0
0
64098
0
0
0
0
0
0
0
0
0
0
0
0
0
0
0
0
0
0
0
0
120563
118361
122385
0
0
122904
0
0
0
0
0
129195
0
0
0
75467
0
95873
0
0
0
0
0
0
0
0
0
0
89308
125807
88066
0
0
0
0
0
69625
0
0
0
0
0
0
0
0
0
0
65402
117398
0
0
0
130342
0
0
58926
0
0
0
8948
0
0
0
59652
0
0
0
55672
0
0
0
0
0
0
112265
0
125109
0
0
55341
0
115739
0
0
0
0
74944
45838
0
0
0
0
0
0
0
0
0
0
45750
0
0
0
0
0
0
102362
0
0
0
66278
0
0
0
0
58722
118813
34540
0
0
95432
0
0
0
0
93510
0
0
56363
0
113730
0
0
0
124070
0
0
0
0
0
0
0
34867
62941
74378
0
58210
82447
0
0
110010
0
59208
0
0
0
115252
0
0
0
0
0
0
52849
0
0
0
116793
0
0
111733
112848
0
103355
0
0
0
0
0
120610
0
0
0
0
119538
0
0
119290
0
0
67895
0
84287
116212
0
0
0
0
0
0
0
0
0
114031
0
102642
0
118604
31468
0
0
0
93998
52975
0
0
0
0
128985
0
0
0
0
68240
0
0
0
0
78354
0
0
0
0
0
0
73383
60816
0
0
0
0
0
0
61737
0
0
0
0
79076
0
0
0
0
0
0
0
0
0
0
0
0
54885
0
0
75130
113361
0
0
0
87757
0
0
0
28652
0
58598
23348
0
0
129250
0
0
90628
29576
119641
0
44466
0
0
0
0
0
0
0
65590
103711
0
0
77300
24315
0
0
45631
0
0
0
0
124491
0
0
0
0
0
0
103272
0
0
0
0
0
0
0
0
0
0
0
107563
0
0
0
0
0
0
0
0
0
0
0
0
101567
128021
19609
0
24376
0
0
0
22328
0
0
0
0
0
0
0
0
0
0
0
22036
0
67757
0
63336
0
0
96178
0
70810
0
61546
0
0
0
0
0
0
0
0
55958
0
0
0
0
0
0
0
0
0
118298
0
0
0
0
0
0
0
0
0
0
0
79902
0
0
0
103568
0
0
0
80314
0
114380
28676
0
0
0
0
0
0
71442
0
111545
0
0
0
0
0
39879
0
0
0
109526
58375
0
0
116207
45288
0
0
53740
31260
0
0
0
0
0
127468
0
0
0
0
0
0
60914
59355
0
81332
0
116265
123571
72909
0
0
0
0
0
0
0
0
0
0
67393
0
0
0
97793
0
87757
0
129490
0
0
0
112404
0
0
0
0
0
129237
0
122634
0
0
106458
0
0
0
0
82528
0
0
0
0
0
0
94013
0
95053
19722
0
127800
0
0
0
0
0
0
67404
0
0
129489
0
0
0
0
0
0
0
0
0
118008
0
0
0
0
130141
40224
0
0
0
62165
0
59032
78783
0
114215
0
0
0
66692
0
0
0
13801
0
0
0
0
0
0
0
0
0
0
0
129346
0
0
72267
0
125109
0
0
51604
0
0
0
0
0
0
0
64232
0
0
0
0
0
0
0
0
0
0
99853
0
0
0
80971
82131
0
0
103087
0
0
0
0
125395
110526
0
0
0
0
0
0
0
24445
48694
83854
0
0
0
0
108084
0
0
123037
0
0
0
0
0
0
0
0
0
103508
57354
73781
0
0
0
0
0
0
0
104108
0
0
0
58722
41365
0
0
0
0
0
0
0
0
0
129336
0
72354
0
94990
0
76989
62900
0
0
0
0
121586
0
123881
0
89568
0
52704
0
0
128571
0
0
0
0
0
0
122109
0
0
0
0
60409
0
0
0
0
119992
74093
0
0
28029
0
0
75376
0
128050
0
75405
90046
0
0
0
0
0
0
0
0
0
0
0
0
0
0
0
117604
0
0
0
0
0
0
111814
0
107687
0
123666
0
0
0
0
0
0
0
0
0
0
78013
0
0
92409
0
0
92194
0
0
0
0
0
0
86342
0
60289
68923
0
0
0
0
0
122251
0
114145
0
0
0
0
0
0
68708
0
0
0
0
0
0
0
0
0
0
0
0
0
0
0
0
0
0
0
86597
0
58422
0
0
30405
0
0
95357
0
0
104806
0
0
0
0
0
0
92486
0
0
0
124183
105354
0
0
0
75410
85938
0
0
0
0
0
47608
0
93818
73506
0
0
0
97364
0
109833
0
0
0
0
0
0
70839
120395
0
0
0
83406
0
0
108358
0
0
0
0
0
0
0
0
96088
0
113863
0
0
119683
0
76142
0
82953
116129
0
0
0
0
0
65009
0
0
0
0
38662
98872
0
0
0
0
0
0
0
62163
105146
0
0
0
0
125046
0
0
0
35201
72595
0
29466
0
0
0
0
105424
0
0
33084
122652
0
0
122962
0
0
0
34867
0
0
0
0
113130
77106
0
0
99914
0
0
103795
33432
0
0
82801
0
0
0
61145
0
75307
0
0
83565
0
113159
0
0
0
0
0
68962
0
26961
92950
0
0
0
0
89729
0
0
109769
0
0
0
0
76777
0
0
0
0
0
0
84023
71455
0
33262
44241
0
0
0
0
67969
0
22161
0
0
66715
120936
0
114498
0
72783
0
0
121813
103585
0
115450
0
0
0
86262
0
0
0
0
102778
0
0
0
0
0
81871
0
90877
0
0
55504
116463
0
0
0
0
0
0
0
0
0
0
0
0
0
47928
0
0
0
122736
0
0
21099
129680
35644
75424
0
119099
0
0
0
0
0
0
60959
0
0
122442
0
81464
0
30078
0
0
0
0
0
0
0
0
70157
115378
0
0
22611
49270
0
0
0
73094
46289
25114
0
0
0
0
0
0
0
0
70420
0
0
0
95633
0
0
85420
0
18062
124045
52097
84787
80728
0
0
0
0
113869
57506
0
0
0
94628
0
0
110343
0
0
0
80057
0
0
0
0
0
85167
0
0
0
33679
30785
0
81879
109213
0
0
0
0
0
0
0
0
0
86825
125937
0
58517
0
0
0
119917
117929
120598
125906
95422
0
83868
115769
0
0
81929
89524
0
0
0
33382
0
59965
0
114058
0
78461
0
56292
0
0
0
30192
0
0
66225
0
0
0
0
0
0
0
0
0
0
0
0
100783
0
0
0
0
0
0
112110
0
0
87944
0
0
0
0
0
0
0
0
0
0
0
53650
0
0
0
49008
0
129463
0
0
106133
0
115966
0
59392
98726
0
0
0
0
0
92353
0
0
0
0
73035
70868
109606
66267
0
0
116596
46079
0
0
88310
115473
0
0
0
0
0
0
109446
109285
0
0
49813
127597
0
89423
0
33773
0
116792
0
114208
0
0
127023
0
0
0
0
0
0
0
0
34867
0
0
0
87236
0
0
0
0
95950
0
0
115468
0
0
0
0
0
0
130297
0
0
93851
0
125935
68104
0
0
0
0
35097
0
0
0
0
0
84118
0
0
0
0
78277
0
69397
0
0
73506
0
57466
0
0
30700
0
0
0
0
129322
27716
0
5394
0
32666
0
77033
0
0
113673
0
0
125946
0
0
0
0
0
0
0
0
86611
0
41042
55064
53180
0
0
0
0
0
58848
51490
0
0
0
0
0
0
0
74833
118450
0
0
70510
0
108223
22831
0
0
80081
0
0
0
0
0
32504
0
0
67199
0
0
0
49681
0
0
107791
58088
0
120428
0
0
0
75130
0
0
0
0
0
0
123937
0
0
0
0
0
0
0
0
0
0
0
99957
43536
0
0
0
0
0
0
0
0
0
0
0
0
0
0
78701
0
0
0
112535
99668
55955
0
0
0
0
0
0
26975
0
0
0
0
96460
0
0
71696
0
0
0
0
37619
0
0
0
0
0
0
76000
0
0
0
0
82659
0
115391
0
0
0
75747
0
0
0
0
0
0
0
0
0
32865
0
19839
0
0
0
80720
0
125125
0
0
0
0
124707
119017
0
0
0
0
59157
0
0
0
0
0
83541
107965
0
95031
0
0
0
67860
0
59417
0
0
127733
0
109241
0
0
24827
0
0
0
0
124072
0
0
0
0
131116
0
70108
0
0
0
0
60306
0
0
0
0
0
0
55722
0
0
0
109943
0
0
0
22224
123590
0
0
0
0
0
110599
123136
0
0
0
30774
0
0
105628
57506
0
0
35388
0
0
125628
0
0
0
87244
131458
0
57218
82746
0
0
0
0
0
69304
0
0
0
0
0
0
0
0
0
0
35568
0
0
23030
0
0
0
0
0
0
0
0
0
0
0
74622
88451
0
28556
0
106657
0
0
0
0
88067
50226
0
114974
0
0
96000
0
0
0
0
0
0
0
0
0
0
0
0
0
0
0
13801
58163
0
0
0
0
113544
83468
0
0
0
115719
0
0
0
0
0
31196
0
69305
0
61401
0
0
129036
0
0
0
0
0
99237
0
0
0
0
115994
0
0
0
0
127023
0
0
90306
0
62831
0
0
122293
0
118068
121355
91625
95452
0
61153
0
0
0
0
0
0
0
0
0
0
0
0
0
63781
0
0
0
47819
110317
85632
118187
0
50670
0
0
72114
117694
55856
0
54135
105974
0
0
123786
0
0
0
0
0
0
0
0
0
0
0
91773
0
0
0
0
0
43527
124724
120567
0
0
80108
126527
0
0
0
36296
0
0
117950
0
0
61247
0
0
59278
82929
0
50114
0
26151
0
0
0
0
0
0
63417
0
87006
0
0
0
60365
0
87635
73962
76947
57071
0
109456
106141
89422
0
0
0
0
0
0
0
0
68817
0
0
0
0
0
80847
0
0
0
0
0
0
0
0
0
0
0
0
117866
0
0
0
0
0
0
82837
0
0
0
0
0
0
0
52595
114805
0
101665
0
0
0
0
0
113063
0
0
0
36671
0
19966
0
0
0
115986
0
0
0
0
0
0
0
0
0
0
0
0
0
0
0
0
0
0
72134
0
0
113583
0
111616
0
69151
0
0
51760
55313
120494
125761
0
83715
71050
123957
0
0
0
0
0
0
0
118057
119347
0
0
114493
110880
87854
0
0
0
0
0
0
0
0
115328
114219
57372
57525
0
0
0
0
0
0
0
0
0
77342
0
78819
0
0
88956
70615
0
0
0
130116
0
0
0
0
0
0
0
0
86801
0
33591
0
68942
0
0
124166
62830
0
59170
0
118588
0
0
115050
0
0
0
62232
0
0
0
39644
0
0
0
0
118052
0
0
0
115739
0
27325
0
49946
0
0
0
109373
0
0
118852
0
0
70539
0
60483
71773
0
63231
0
0
32278
0
0
0
0
0
0
0
128611
0
86170
0
0
122409
50442
0
0
0
0
0
5845
0
57193
24237
120352
0
60596
0
0
115551
0
51357
0
0
0
0
0
0
0
0
0
0
60303
0
93505
0
0
0
0
0
0
0
0
0
0
0
0
73045
0
0
0
0
0
0
124409
0
127674
0
0
104562
120266
0
0
0
0
0
0
0
0
36342
0
70879
0
0
0
0
0
105970
0
0
0
0
0
0
0
0
0
0
0
123069
35357
0
0
0
33389
0
0
0
0
0
0
0
0
0
30584
0
96460
0
62134
0
0
0
0
0
0
0
0
0
0
125430
105430
114771
0
119984
0
0
127606
79994
0
56400
55218
0
0
0
127177
84064
87880
52185
0
0
123053
73896
0
103571
0
83201
0
0
0
0
0
0
0
0
91639
115605
0
0
52262
0
0
0
117225
0
0
0
33084
22374
0
0
0
0
0
0
26151
116398
0
0
0
0
61898
0
0
5461
0
125428
0
59846
32372
0
0
0
58562
0
125797
120405
0
0
0
0
0
0
0
122866
0
76174
0
0
0
123513
114476
0
0
0
39873
0
60185
70522
0
0
0
98563
0
0
30405
0
117502
74649
120970
0
97356
73613
0
75428
0
0
0
0
0
0
0
0
0
33432
123275
0
0
0
58260
0
70461
0
0
0
0
94722
0
0
0
0
0
0
0
0
0
0
0
41072
0
0
0
0
116964
0
42353
0
24827
0
0
92993
0
0
0
0
0
0
0
0
0
0
0
0
0
61026
99139
0
111545
0
61311
0
114936
0
115049
0
0
0
0
0
0
0
0
0
0
112998
0
0
56873
0
66422
122081
0
0
0
0
57841
0
0
0
116769
41305
0
70984
0
118339
0
0
0
0
84199
0
0
71938
0
121813
0
69403
0
73611
87815
0
26458
0
0
0
0
0
0
0
0
0
0
0
50226
0
0
0
0
0
94289
60403
45935
127566
117034
33304
0
103621
26940
0
103928
0
0
88466
0
0
0
53438
0
0
0
88420
0
114243
0
0
0
0
55446
111821
0
0
0
0
0
48560
0
0
0
0
19609
0
0
107104
0
0
0
0
0
0
0
0
0
0
0
0
0
0
0
62206
0
0
0
0
0
0
0
0
0
0
104568
55438
0
0
0
0
59909
0
0
102650
71567
0
0
0
0
0
70647
111049
22831
0
0
33262
0
0
0
127820
0
0
110041
0
0
0
0
0
0
0
0
0
0
0
0
0
114666
0
0
0
83101
62327
0
0
67279
120640
69809
0
63004
0
0
0
0
0
53008
0
84115
0
0
22831
0
118724
0
0
0
0
116078
0
0
0
113246
0
0
0
0
0
102916
0
127900
83400
0
0
0
0
0
0
103932
0
0
0
0
128718
103122
0
0
47819
0
0
0
0
92453
0
0
69276
0
78034
0
76018
88174
0
0
0
38462
126174
0
0
0
0
0
0
0
0
0
23566
56773
0
0
0
0
0
62435
0
0
0
0
0
0
119544
0
0
0
0
0
0
0
0
21330
0
0
0
0
0
0
0
0
78600
0
126162
44887
0
0
0
0
0
0
0
0
0
24426
0
80253
0
0
87703
0
0
122812
0
0
0
0
0
0
73140
0
0
0
0
0
23520
118599
0
0
0
26961
0
129680
0
116737
0
0
0
0
0
115618
29938
0
0
0
0
115094
0
0
0
0
0
0
0
0
0
67113
0
0
0
128409
0
0
69625
0
74119
75145
93814
0
0
0
0
116709
0
0
0
0
27229
0
0
0
0
115649
0
0
0
0
85511
0
0
0
0
117652
0
0
0
0
0
0
0
0
108478
0
0
0
87099
113503
0
93851
0
69682
0
0
0
0
0
0
65070
0
33952
33369
127256
120480
0
0
0
0
0
129346
118852
120848
0
75236
0
0
0
0
0
0
0
0
0
0
0
0
0
0
0
0
124649
0
0
0
0
0
0
0
0
81107
115404
0
0
0
62067
0
119047
0
0
0
0
0
0
0
0
0
0
116636
0
0
109799
0
0
0
0
0
0
0
0
117281
67709
74301
0
54844
0
0
0
0
0
0
0
0
0
0
0
0
0
0
0
0
0
0
117239
49003
0
57028
0
0
0
124830
0
0
0
54128
72770
86540
0
128915
0
0
113889
108590
0
0
0
0
0
0
0
0
0
0
0
0
0
0
0
0
63769
59743
0
0
0
119782
32661
0
0
125630
29308
0
8948
0
0
76669
0
0
0
31853
0
0
0
72267
0
0
119341
0
0
34263
75264
102753
74351
0
0
0
0
0
102845
0
24772
0
0
0
0
0
0
0
0
111159
113426
0
0
88664
0
0
0
121500
0
0
0
0
116709
0
0
42603
0
0
0
0
0
0
54043
0
0
0
125260
0
0
0
0
78533
129734
104572
0
0
0
0
37290
73388
58010
0
0
0
0
0
126947
0
0
0
0
118303
0
60687
0
116430
0
0
89209
109602
89666
0
0
114382
0
0
0
0
0
0
0
88924
0
0
59819
0
0
0
80994
0
0
0
0
108625
70595
0
0
0
0
78301
0
0
103869
0
0
0
0
117367
0
91399
0
0
0
0
0
0
0
0
0
0
0
75348
0
0
37226
93288
0
0
0
42807
0
0
0
0
0
0
74605
0
0
0
0
94071
0
0
0
60823
0
0
0
0
0
0
0
0
0
0
0
0
0
71878
106895
0
0
0
58266
63852
116142
0
0
0
0
0
95680
0
0
0
106456
0
0
0
85613
0
0
0
70120
0
0
0
0
33105
0
0
0
0
0
33432
0
0
120584
81047
0
0
0
0
0
64078
43555
0
130288
0
0
0
0
0
0
0
0
61367
0
0
0
0
0
0
0
0
124430
0
111535
0
118509
0
0
0
0
0
0
0
0
0
0
0
0
0
115163
0
0
0
56013
128340
0
0
52225
0
49722
0
0
51880
0
0
0
45487
0
0
112769
0
0
0
86477
0
0
0
0
126326
22603
63210
0
0
114919
0
0
0
0
0
129772
92453
0
0
0
81920
0
0
0
32400
96306
123749
0
0
0
68106
0
0
0
0
122232
90530
0
0
100925
0
0
73810
0
0
0
0
0
86930
31755
0
0
0
0
0
25659
56681
0
0
0
117432
0
115147
0
0
66062
0
0
0
0
0
112515
0
0
0
0
75748
0
0
0
13801
0
56999
74352
66247
0
0
105698
0
0
117879
0
0
74159
85661
0
0
0
0
0
0
0
0
0
0
76560
0
0
0
0
0
0
122205
37931
0
0
0
0
62830
117538
124952
0
0
0
0
119649
91401
0
0
0
0
0
121003
0
128940
0
0
5845
0
0
0
0
0
97816
0
0
0
125359
0
0
0
0
0
63747
0
115933
0
0
71050
0
0
0
0
0
0
29816
0
0
0
25326
0
55288
0
0
106958
0
0
0
0
0
0
21834
113954
86823
0
0
0
0
0
0
0
71049
0
0
58587
0
0
53254
0
0
76248
0
0
0
0
0
65720
88782
0
0
47960
25093
0
0
0
0
0
0
0
0
0
0
0
0
112759
0
0
0
79042
0
103114
0
0
98343
0
0
0
0
96150
0
0
0
0
0
0
117930
0
0
0
98841
0
0
0
72275
0
0
0
0
0
130308
0
79184
0
0
0
0
0
0
112658
131193
0
0
130156
0
52431
0
0
52324
0
0
44620
0
123281
0
0
0
99726
0
0
58327
0
115904
0
85835
129798
0
0
92099
91041
0
59051
123709
0
0
99429
0
105280
0
0
0
0
0
94423
0
0
21834
0
0
0
71566
111248
0
0
78218
0
0
53388
0
0
114937
0
0
35813
0
122125
57650
54883
123881
76636
0
0
89510
0
115787
55352
124026
57423
0
0
0
123847
0
74708
0
0
0
0
0
0
0
14384
0
0
0
0
0
0
0
0
0
82941
0
0
0
0
0
0
0
0
0
0
0
0
6250
0
0
0
37158
120834
111526
0
0
0
0
0
93980
100536
0
0
0
0
95277
0
0
0
0
0
83633
0
0
0
0
0
0
0
58320
120173
0
0
0
0
0
0
73094
0
0
0
0
0
0
0
0
0
78660
0
0
0
0
0
65133
13074
0
0
0
0
0
0
0
0
0
0
0
0
106640
0
0
0
93029
0
0
0
0
0
0
0
0
0
0
33127
58653
0
0
0
0
0
0
63034
0
0
66692
0
0
0
0
0
0
0
0
0
0
0
102431
0
0
0
0
110479
115367
0
86529
0
0
105376
99726
0
0
0
8948
0
74918
0
99845
0
68935
0
52225
0
86317
0
0
0
54546
0
0
0
0
0
0
84902
0
0
0
91769
61221
0
0
0
0
0
0
0
116716
0
0
59047
40654
0
0
0
0
0
0
0
0
0
0
0
0
0
0
55934
0
0
93749
0
0
101545
0
0
0
0
0
0
0
0
47290
57809
0
0
0
0
0
31260
0
0
31985
0
92691
0
0
0
0
0
0
0
0
103951
0
114795
0
48322
0
0
0
0
0
0
0
0
0
0
0
130921
114336
115096
107437
0
0
66068
0
0
68551
59512
0
0
0
0
0
0
0
0
110549
0
0
0
8948
0
0
39242
88432
47390
0
117057
0
0
0
0
60274
0
91194
0
0
0
0
0
0
0
0
0
60542
76785
0
0
0
22603
0
0
0
0
64754
21877
0
0
0
0
86914
89904
97764
119489
64295
100256
83293
0
0
0
0
0
0
89484
59572
0
88481
0
0
74954
0
0
0
0
0
109592
74611
0
0
102343
0
0
23422
0
0
0
0
0
0
0
0
0
83222
69305
32745
0
0
0
0
0
0
0
119460
99149
88664
61107
0
0
83817
0
75044
0
129386
61311
0
0
63593
0
0
0
0
0
0
0
54504
0
97322
0
0
0
0
0
0
114111
0
0
117771
0
0
0
0
0
31777
118939
12589
0
106769
0
0
0
0
0
0
57990
0
121183
0
53770
0
0
0
0
84596
0
0
66685
0
0
62830
0
21877
0
0
17860
129860
0
0
51100
0
125109
74310
0
0
0
0
77718
0
0
93894
124432
0
0
0
0
0
0
0
0
0
21099
0
0
0
0
0
0
54170
0
0
113105
0
0
0
0
0
0
0
0
60076
0
0
0
0
0
115007
0
85984
110660
105636
124884
0
80279
0
95030
0
0
125917
0
0
0
0
0
0
0
30472
0
0
0
0
50946
0
0
0
0
0
120086
0
29270
0
0
96710
0
0
0
79053
0
0
46999
0
0
113301
0
0
0
88299
121445
0
0
0
110151
0
0
82419
0
0
0
0
50226
0
0
62700
84237
0
0
21554
129772
0
0
0
40503
0
79104
0
0
63428
44228
0
114005
0
110359
0
0
0
0
0
0
0
0
0
94722
0
0
117811
0
86985
0
0
0
0
0
0
0
116088
91295
0
0
119741
0
105115
119824
0
0
0
0
0
46199
0
119188
79465
0
0
0
27852
0
0
0
0
0
0
0
0
128826
110010
115437
0
0
0
0
0
0
0
0
0
78961
0
0
0
131096
54164
0
22831
45708
0
0
0
0
109917
129847
0
0
0
0
0
0
0
0
118992
0
68309
0
0
0
0
131116
0
0
90335
0
114122
59550
0
83675
0
123881
24408
0
57726
0
117284
0
0
0
0
0
0
0
0
0
0
0
0
0
0
0
0
0
0
0
33850
0
0
31101
0
0
0
0
0
0
0
0
108565
0
98516
0
0
119520
0
45193
0
0
0
106099
0
0
0
0
0
0
0
125998
0
124299
0
0
0
0
120086
91728
0
0
0
121045
60389
58649
0
85237
0
0
0
0
0
0
0
0
0
126821
0
0
90579
0
0
0
0
0
0
92359
0
0
74933
0
0
40756
0
0
84171
0
97203
107585
0
0
0
0
0
122168
64355
83262
0
114675
0
0
0
93738
116154
0
0
68817
0
0
0
108932
0
0
0
0
0
108131
0
0
0
95844
0
0
0
0
34740
0
98630
0
0
0
0
0
0
0
0
0
0
0
117544
0
0
0
0
0
0
0
0
0
0
0
112151
0
0
0
0
0
0
0
0
0
68646
0
0
30933
95350
0
0
0
0
0
0
0
0
0
82825
99853
0
103366
0
0
62561
23303
0
0
0
98532
0
0
84496
0
0
0
0
120757
0
0
52718
122148
0
0
0
0
0
0
0
0
0
0
0
0
0
0
0
0
0
0
0
85767
0
0
36759
89045
79957
0
0
0
0
0
0
0
0
0
0
0
67575
115050
0
0
0
54624
0
84955
0
75470
0
0
0
0
0
0
0
0
105676
120360
0
0
0
0
0
0
24092
113436
0
0
0
0
117051
123053
0
54301
0
103407
0
0
0
59419
90962
0
0
0
0
110863
124724
0
0
80899
0
0
0
0
77795
0
0
0
0
0
0
124868
0
0
0
0
0
0
0
58354
0
114666
27199
0
0
0
0
0
0
0
0
0
128620
87557
77338
0
0
0
0
78736
120922
0
0
0
0
0
110640
0
0
51577
0
0
0
0
0
0
105284
0
0
117193
110660
109482
0
0
0
0
0
74107
0
0
0
0
0
0
0
114111
0
102323
115953
0
0
0
0
59208
0
61908
0
85682
0
0
114793
0
0
0
107270
0
0
0
0
0
0
0
0
102889
0
0
0
0
98816
117863
0
0
113455
0
0
0
0
110526
0
0
65152
0
77779
0
0
32178
0
0
33633
0
0
59506
0
0
0
0
0
54538
73280
0
90299
0
83498
0
0
0
109420
70730
0
116397
0
103951
0
0
0
0
0
0
0
63374
0
0
0
0
0
0
0
0
30144
0
0
116512
0
0
69446
118292
0
0
0
0
124880
78783
111985
52929
41122
0
47465
120907
0
0
0
81797
0
0
91366
0
0
0
0
0
0
0
0
0
90238
0
0
31517
0
0
40459
0
0
0
57506
0
0
69596
82203
29816
85071
85911
0
0
105970
0
0
0
0
64512
0
0
0
94317
93721
124221
0
0
0
129714
115250
0
0
0
0
0
0
89659
0
0
122010
0
88967
0
0
87923
30772
0
0
0
95286
128902
0
0
126669
0
0
0
0
80821
82674
100132
0
0
0
0
0
58004
0
114971
0
0
56236
0
0
71663
0
0
0
105642
0
0
89666
0
0
0
58733
0
105780
0
0
0
0
0
0
0
21099
125701
0
0
0
0
0
0
0
0
0
0
122801
51764
0
0
0
59584
0
0
0
62941
0
0
0
0
119154
0
0
0
0
0
0
0
0
0
109209
77598
0
0
0
87635
0
0
109496
111754
49197
0
0
0
90222
0
0
0
0
54486
0
42217
65876
60510
0
62241
0
100276
0
0
0
0
0
0
0
0
102292
0
0
0
0
0
0
0
0
0
84651
0
0
0
0
0
0
0
0
68622
41012
69362
65349
0
66969
0
0
0
125628
0
0
0
0
0
0
84877
0
0
0
0
0
0
0
0
0
0
0
0
0
0
0
0
0
0
0
0
0
0
0
0
0
123886
120563
0
127222
0
0
116384
0
0
115598
0
0
0
0
0
88961
0
0
0
125630
0
0
0
0
0
0
0
0
124392
32988
0
0
0
65390
0
0
93300
0
0
0
0
0
0
123847
33529
81588
115923
0
0
56828
24898
0
0
92046
0
0
0
0
0
0
0
92890
59819
37273
0
0
40516
0
0
0
121586
63387
0
115861
0
0
74428
0
0
0
0
0
0
0
81046
0
0
97364
0
0
128571
0
0
105719
62713
75661
0
0
45477
0
0
0
0
59686
121800
51256
124432
0
0
0
0
0
116748
0
0
0
0
0
0
0
88551
0
0
0
0
0
0
0
0
0
0
0
0
0
0
55955
0
0
0
0
0
0
0
0
0
0
0
0
124325
0
0
75410
0
0
0
118460
0
115227
117369
0
0
0
0
0
86051
84312
121122
40636
0
0
94764
0
114863
0
0
0
119679
0
0
33432
0
0
77707
43845
0
0
0
0
0
0
79763
0
110585
27554
0
0
0
0
0
0
0
120815
0
129722
0
0
0
0
0
0
0
31987
0
0
0
35458
0
25541
0
0
56036
0
0
0
115126
0
0
127312
0
33428
0
0
0
46254
0
0
0
0
57565
0
0
0
0
0
0
0
62561
0
68980
122443
0
0
0
64201
0
57262
0
0
0
0
0
0
0
0
34719
0
79573
55285
0
121439
115544
0
0
0
0
83468
125681
69399
0
0
33312
0
0
0
0
130076
0
0
0
0
0
127953
0
124655
0
0
72003
0
0
0
85434
0
0
0
73611
0
65628
104338
0
0
53883
0
0
60418
68240
0
121358
0
0
124765
0
56389
0
0
0
0
0
0
0
0
0
41224
0
0
0
37391
0
111486
0
0
0
123946
0
0
0
0
0
0
0
0
0
0
0
0
67009
0
0
0
0
33550
0
106432
0
45893
0
126947
46079
0
0
62940
0
0
117762
0
110450
0
0
0
0
0
84720
107258
60066
0
0
0
0
0
0
80667
0
0
0
0
0
0
0
0
0
0
0
0
0
0
0
0
0
0
81035
0
0
0
0
0
0
130507
116759
0
58651
0
0
0
71878
0
105629
0
0
0
91324
74505
57289
0
0
0
0
0
0
0
82561
0
0
0
68757
0
0
0
0
0
0
0
0
0
0
0
0
94842
0
0
83158
0
0
51554
0
120232
101618
0
0
0
0
0
87049
0
0
116464
105818
131634
80134
122248
74387
0
0
69695
0
0
0
85301
123563
0
75018
0
0
0
0
0
0
21657
128387
57947
0
0
0
0
0
129714
0
0
122703
57320
0
117322
60005
0
0
0
0
0
0
0
0
0
0
0
0
0
69234
0
0
103539
0
0
0
0
114548
117529
0
0
0
0
0
0
0
0
0
114920
0
0
0
0
0
0
0
0
0
86682
0
0
90205
119641
0
0
44177
52934
0
0
0
65060
0
0
0
117895
0
119520
0
0
0
0
0
0
0
0
115602
0
109183
0
0
0
0
0
54138
0
0
0
83400
0
12945
74385
0
0
0
0
0
0
0
0
91778
0
91763
0
0
110981
0
0
0
0
0
0
0
0
115617
0
123946
0
0
0
0
0
0
0
0
126439
5461
0
83187
121144
127999
105073
0
0
0
0
0
0
0
0
0
0
0
0
126427
0
48719
0
0
0
0
0
0
0
126265
0
0
0
131763
73873
0
0
0
66165
0
72195
0
0
0
0
0
0
0
0
24685
0
0
0
64488
0
71303
0
0
0
0
0
0
0
0
0
81282
0
0
127757
0
89638
0
0
0
0
0
101454
0
0
0
0
0
0
69894
0
0
0
0
0
0
0
0
63303
0
112622
0
0
0
0
0
0
0
0
0
0
0
61200
0
0
78340
113733
0
0
0
0
0
99811
0
28627
92871
109577
0
0
0
0
119682
0
61539
0
0
88588
0
0
0
0
0
0
0
0
0
0
118024
114771
0
0
0
0
0
0
62456
0
111567
47902
0
71453
0
0
24426
30838
0
0
0
0
87635
0
0
0
0
0
121542
0
0
0
0
110802
0
0
0
0
0
0
0
0
80568
75297
0
99158
0
0
0
0
0
0
0
72412
0
0
0
0
0
0
0
0
0
0
0
0
0
124190
0
51088
0
0
58000
0
0
0
75986
127080
0
0
116812
0
51997
83727
0
0
0
0
23008
0
89343
0
0
0
115412
0
74641
0
0
103028
0
114111
93723
0
0
59589
0
0
0
0
122878
0
0
0
0
0
105661
88964
0
0
0
0
0
21834
0
116166
0
0
0
0
98438
0
0
0
80282
0
0
0
87315
0
63077
0
0
0
111468
45681
110895
85681
117549
0
0
0
0
0
0
36275
0
0
0
0
0
0
126714
121971
0
0
0
124778
0
0
0
0
79005
0
0
0
77486
63620
0
0
0
28383
0
0
0
0
0
0
0
0
0
0
0
26363
0
0
0
69914
0
116835
52051
93720
0
0
0
120163
0
0
35779
0
0
0
33368
0
0
0
88324
0
117171
101759
0
0
0
0
0
0
0
72569
63781
0
0
0
0
0
23184
0
0
0
0
0
0
0
0
0
0
122266
0
0
128278
82914
0
115685
0
0
0
118171
0
0
0
0
0
0
0
0
0
0
0
90955
0
0
116563
0
113907
52215
0
0
73079
0
114890
0
0
122866
0
0
0
0
82130
0
0
0
37358
5461
0
0
0
0
82357
0
0
0
6250
64800
0
0
0
0
0
0
0
0
0
0
0
0
0
0
119538
0
72608
0
0
0
64884
0
93257
0
0
122409
104056
0
120915
0
110262
98134
37391
0
0
0
0
0
60608
0
0
0
0
0
0
0
112349
0
0
95995
62129
0
0
0
0
0
0
0
0
0
0
0
0
0
0
0
0
0
0
0
0
115409
0
0
0
0
0
63651
0
0
0
0
0
124716
0
0
113849
0
0
0
0
0
125674
0
111271
120996
0
73745
0
0
132452
0
0
111330
22566
0
0
0
0
0
119730
0
74882
0
0
93079
53966
119076
0
117879
0
0
0
0
0
0
56892
0
0
0
0
0
0
0
0
0
0
0
132334
69573
0
122801
65887
0
0
66402
0
0
0
0
0
0
0
0
115233
0
127630
0
0
0
0
0
0
0
116662
0
102767
0
0
0
0
0
0
0
87216
0
0
75298
0
116989
0
0
0
113195
42465
0
0
0
0
0
0
0
85824
0
0
61680
0
61371
36531
0
0
0
0
0
0
0
0
0
34260
0
130426
87200
0
0
0
0
56019
0
119355
0
0
0
44466
0
0
0
63985
101287
0
0
0
0
0
0
90453
0
0
0
62417
55885
114561
28029
0
128902
0
0
0
38375
0
0
68962
0
33736
0
90044
0
0
0
0
0
0
0
101726
0
0
0
0
0
91341
0
0
0
0
70919
0
0
0
0
0
0
0
0
0
0
0
0
0
0
0
0
0
0
62002
0
0
51894
112450
0
83539
0
112063
0
0
0
32969
0
0
0
127743
0
0
0
0
0
0
0
0
0
80472
0
117460
86903
0
61738
0
0
0
0
0
74671
0
54848
0
114250
63397
100162
85754
0
0
0
0
0
0
0
75847
69049
0
0
0
0
82146
58580
0
0
0
0
0
72830
125481
0
0
0
0
0
0
82304
58898
0
115511
0
0
0
0
0
112334
0
0
0
117162
0
0
0
124366
0
93505
0
0
0
78354
0
0
0
0
0
0
0
0
0
67895
0
0
69682
0
0
0
78488
0
28039
0
0
0
0
0
0
0
0
0
115538
0
0
0
0
0
0
50675
0
112115
0
0
0
0
54834
0
0
0
0
0
111711
0
0
115426
89171
0
0
0
70452
0
0
109514
0
0
0
0
0
0
0
0
0
0
0
0
0
0
0
115436
0
0
0
0
0
0
0
121557
0
0
121638
0
45618
0
0
0
0
0
72474
0
114777
0
0
107324
0
0
0
0
120618
0
72998
0
0
0
0
0
0
0
0
126670
106657
0
64033
0
114759
0
84952
0
128670
0
0
118588
0
93976
0
0
101573
76528
0
0
0
65933
101885
90664
0
0
75966
0
0
89482
0
78340
0
0
46587
112673
0
0
113555
0
0
62794
0
0
113106
0
74268
0
123053
0
0
0
0
0
115991
89970
0
0
0
0
0
0
58703
0
0
24893
103580
0
0
49202
0
0
61487
37876
77431
0
0
0
0
0
87988
79604
0
0
0
0
0
0
120300
0
0
0
115235
0
0
127533
0
0
0
0
0
114428
0
0
71018
62122
0
56940
31683
0
106021
0
0
0
25335
0
0
102843
125784
0
0
0
0
0
0
0
0
0
0
0
0
0
0
0
0
0
0
0
0
0
0
72211
0
63715
0
0
0
0
0
0
0
0
0
0
97920
0
23673
0
0
0
113874
0
0
0
0
0
0
0
0
121863
0
0
0
0
0
0
0
0
0
0
0
0
0
0
0
0
0
116915
0
50916
0
0
0
0
0
0
27038
0
0
0
0
0
26363
0
0
0
75958
0
0
56389
0
0
0
0
0
0
0
73490
0
0
0
121039
97616
105428
0
0
0
131944
0
0
0
83891
0
0
0
113656
0
0
0
0
0
0
0
0
0
0
0
0
97252
0
0
119417
0
0
0
0
0
0
0
0
0
0
0
0
0
0
0
0
51604
0
0
89570
116842
0
0
0
0
0
109593
0
0
0
0
0
64529
0
0
52251
0
0
0
0
114780
0
0
0
0
0
0
44897
0
123982
0
112955
0
115751
101850
0
123925
0
0
67632
115686
126887
100195
0
0
0
126320
60324
0
116877
0
0
0
0
0
0
107423
103220
108746
0
123136
0
0
0
113583
0
0
0
0
82538
126351
107117
111610
0
0
0
0
0
0
0
29053
0
0
0
0
0
73497
39416
0
0
94417
58683
0
62437
0
0
0
0
101806
0
57576
0
0
46686
0
0
126520
88683
0
0
90660
0
76547
0
0
117563
0
113766
0
63313
65356
0
113649
0
113588
0
0
0
0
0
0
0
116738
0
0
87239
0
125116
0
0
0
0
116339
73354
0
0
0
0
0
0
0
0
96655
0
0
0
0
65985
0
119730
0
0
0
0
0
0
0
85170
28910
0
71477
0
0
0
0
68779
0
55441
0
0
66632
0
0
71287
67575
0
0
0
0
0
0
0
0
0
0
128968
0
0
0
0
117919
0
0
0
0
0
0
0
96946
0
68240
110075
89423
59782
0
0
120119
0
84098
83779
116836
0
0
31291
0
0
0
0
0
0
0
104389
0
0
0
0
64114
0
0
0
0
0
0
0
0
0
126900
0
0
0
0
121856
56442
0
121852
0
0
0
0
104906
0
0
0
0
0
69633
82385
45915
0
107540
0
0
0
0
0
0
0
116144
0
0
0
0
0
0
88096
0
0
0
0
22603
0
0
26702
94149
71615
0
0
0
0
0
0
0
0
109347
59686
0
0
0
0
0
0
0
0
83617
0
0
58548
0
55722
0
0
0
0
0
0
0
93718
0
90867
0
76284
76636
0
0
0
0
0
0
0
109637
26903
0
0
0
0
102053
0
55155
0
0
121103
0
0
0
80994
0
0
67511
0
0
0
0
64943
0
0
0
0
0
0
0
0
0
99604
0
0
0
0
0
0
0
0
52644
29308
0
0
0
0
0
0
0
0
0
66420
0
0
0
113634
0
0
0
0
0
120769
126362
74197
0
0
0
111746
124464
0
76247
117562
0
0
70510
0
108930
0
27527
61716
0
94337
0
82746
0
0
0
0
0
0
0
61817
0
108568
0
127722
0
0
0
125349
0
0
119910
0
75087
65701
0
0
0
0
0
0
0
0
0
0
59367
0
0
0
0
0
0
0
71828
131245
0
0
0
109565
0
59435
0
0
0
0
0
0
58696
97154
0
113380
0
0
0
107314
74199
0
0
0
0
33913
0
0
129960
96842
0
0
0
29888
0
29308
100340
0
0
119822
0
0
0
0
0
0
0
0
0
0
0
0
0
70298
0
0
0
0
0
0
32200
0
0
0
0
62738
83727
0
0
0
0
0
102476
0
0
132017
0
0
0
0
0
0
103869
116978
0
0
0
0
0
0
0
0
97485
6317
0
0
0
0
0
0
50032
76054
69306
126933
100978
0
0
0
0
0
103523
111824
0
0
0
117114
75420
0
0
0
0
114243
0
0
59922
0
0
0
0
85701
0
77018
0
0
71919
0
0
0
0
56344
0
0
109291
0
0
0
0
0
0
0
0
0
59909
0
79611
0
44777
118992
0
0
0
0
0
0
62078
0
0
0
129514
0
0
78406
48190
0
0
0
0
0
92562
83314
0
68571
0
0
0
0
0
0
72494
0
0
0
0
0
65120
0
76969
0
0
0
0
0
120679
130883
0
0
0
0
0
0
0
0
60786
0
0
0
58221
0
0
0
0
107015
0
0
0
0
0
0
0
114523
0
0
0
67757
0
0
0
110683
0
0
51357
0
0
0
0
0
0
0
106522
65654
0
124128
92083
0
87172
0
0
0
0
89114
123471
0
0
0
0
0
54994
0
0
0
128409
0
0
0
0
0
0
0
111923
0
0
35568
0
0
0
0
0
0
57501
77258
0
0
131576
0
69744
46079
0
0
0
0
0
0
85423
59945
0
64069
0
72439
0
0
51894
0
0
0
122634
0
0
0
0
0
0
0
0
0
0
0
0
0
37368
0
0
105464
0
0
75409
51420
0
0
0
113157
0
0
0
90143
0
0
0
128316
52945
0
0
0
0
70566
0
0
0
111015
0
111024
64878
0
0
0
0
0
0
0
50372
115736
103127
0
0
0
0
0
0
0
0
0
0
108876
0
0
0
99853
0
0
50988
0
105818
0
0
0
0
0
0
0
0
0
88782
0
0
0
0
114300
0
0
0
122501
70753
124624
0
64192
0
73440
0
0
0
0
0
0
0
62786
0
120051
0
0
0
0
73687
117034
0
0
0
73354
0
0
0
107698
0
42862
0
0
0
83885
0
0
109073
0
74649
0
0
0
0
89698
0
0
0
0
0
0
105588
87537
0
121111
0
0
0
0
0
0
0
0
0
0
38367
0
0
113996
0
92461
110794
0
0
57468
114215
0
83004
0
0
114451
0
115961
0
58831
0
98294
0
0
121800
126670
0
0
0
0
0
0
0
0
0
0
0
0
0
0
0
0
0
0
91367
0
0
0
0
0
0
0
0
60383
0
118350
118616
0
0
93801
0
0
0
32373
0
0
0
0
59040
95896
0
0
0
124130
57528
117672
0
69305
0
0
123921
0
0
73521
0
79265
0
32661
0
0
25708
0
0
0
0
0
0
60609
0
66180
54301
81663
50373
97996
36268
0
0
113441
31950
0
0
0
0
0
0
0
0
117281
0
106442
82930
67686
0
0
0
0
0
80720
0
70961
0
0
0
127113
81680
0
0
0
27219
119223
0
0
0
0
55722
124130
100768
0
0
126566
0
0
0
0
0
0
0
0
0
82579
115655
27746
0
0
0
0
0
0
0
0
110468
0
0
0
130015
0
0
71092
0
0
0
0
0
0
0
78224
0
0
0
0
0
0
118419
113636
0
0
0
51579
0
64823
0
106766
0
0
0
88280
98392
63226
0
0
0
29270
0
0
0
0
0
0
0
0
26515
125216
0
0
0
50372
82131
0
102390
0
0
0
0
73611
84275
0
0
0
0
0
102522
0
0
50536
0
0
0
0
0
0
0
0
31289
0
0
124908
0
0
0
0
110970
0
0
0
0
0
0
53813
0
0
0
0
81875
0
0
0
0
0
0
0
101423
0
107436
110597
0
0
64943
0
0
0
0
0
79741
0
0
0
0
105724
0
0
121500
0
0
87817
0
0
79104
73947
109232
0
0
0
0
0
61832
0
0
0
101400
0
0
0
0
33572
0
0
0
0
0
0
108410
0
0
72848
0
0
0
0
117034
0
0
0
0
0
0
0
75787
76823
0
0
0
0
0
0
0
64160
0
0
56244
0
0
57681
0
72003
0
0
0
0
0
106398
29487
0
0
0
0
0
73425
0
0
0
0
80741
0
6250
0
118307
0
98311
67187
0
118128
0
61287
102062
0
0
99246
89928
0
0
0
32666
0
0
0
0
0
0
0
0
90131
127123
0
0
0
53715
58452
0
0
0
116876
0
87471
0
0
0
0
0
0
0
0
0
22508
0
0
59365
122552
0
0
0
0
0
34719
0
0
29656
0
0
0
0
0
88516
29053
0
0
110075
0
0
0
0
0
0
0
124332
0
0
0
0
0
0
0
0
0
0
109183
38979
0
0
0
0
0
0
0
0
0
44638
0
0
109620
0
31289
0
22863
0
0
73169
0
0
29308
0
0
86017
0
48035
0
78485
69839
0
0
0
122148
0
0
0
0
0
97462
0
0
0
0
120175
117474
105235
0
0
127572
72832
0
0
0
0
0
0
0
0
0
0
90298
0
70202
0
102535
112848
0
0
82447
0
57920
0
0
0
0
0
0
123718
0
0
75256
0
0
98861
125999
49564
116825
0
102502
0
0
128064
126223
0
0
36735
0
128670
0
52975
121513
0
32917
0
0
0
0
0
0
113645
0
0
0
0
43996
0
58982
0
0
78565
0
0
0
0
0
53069
0
0
0
73136
0
0
32567
88194
0
81238
0
0
0
0
0
0
0
0
0
0
0
126093
0
0
0
0
0
0
0
89731
0
0
0
0
93317
99746
0
0
0
33312
115435
0
54043
0
26656
30870
0
0
57562
0
0
0
0
79253
0
33225
0
0
0
0
0
0
86626
0
0
0
0
0
0
74933
0
0
0
0
0
0
0
0
0
0
94781
0
0
0
0
0
0
0
0
0
0
0
84411
99718
0
0
0
0
114875
26525
0
94059
20344
0
94596
0
0
0
93539
0
0
0
83445
0
0
0
121673
0
0
0
0
0
0
123078
0
0
0
0
0
0
0
0
121355
0
0
0
49008
0
125533
0
0
74179
84836
0
0
0
0
126050
0
0
0
0
0
0
0
0
0
69808
0
0
0
115008
106475
84407
0
0
0
0
121483
0
0
0
0
0
0
0
115217
0
0
100228
0
83550
0
0
0
58965
0
0
0
0
0
0
0
0
0
0
0
0
95156
0
0
119520
107113
52230
0
75833
0
0
0
0
0
0
0
0
0
0
73971
0
0
0
0
0
0
66230
0
0
92972
0
81249
0
75116
0
127958
0
0
0
57836
0
0
0
0
0
124538
0
0
0
0
128050
0
0
0
0
0
0
0
0
0
63476
0
0
118200
107836
0
0
0
0
0
28708
0
0
91956
0
0
0
0
0
102444
0
129019
0
0
0
0
0
61027
60068
122020
0
0
56813
0
0
67518
90654
67348
0
0
0
0
0
0
122005
0
0
0
56584
0
0
80994
124447
0
0
0
0
0
0
0
128352
0
0
82431
115861
0
112531
0
0
0
0
0
0
0
0
0
0
0
55274
56183
0
52633
0
0
0
0
115329
0
0
0
0
0
0
0
0
106522
0
0
50032
0
0
0
0
0
0
0
0
0
0
0
0
0
93676
0
49722
0
0
0
0
0
0
30409
0
0
0
54897
119709
0
0
94566
0
0
0
0
0
0
0
0
0
62128
0
0
0
0
63548
119559
106387
0
101644
0
0
0
0
0
0
105518
39416
0
0
0
118202
0
0
0
0
0
0
108282
0
0
0
0
0
0
0
0
0
113071
0
0
0
56628
112413
0
0
0
0
0
0
0
121023
0
0
0
0
0
0
116793
39108
103593
0
79105
53180
0
0
0
123112
66110
0
34085
74302
0
0
0
0
0
0
0
0
0
0
125256
23348
0
92229
0
89247
89862
112349
0
113610
0
0
0
0
0
0
0
0
0
0
129075
0
0
0
0
0
0
123852
0
0
86976
82130
0
0
0
0
0
0
0
0
0
42205
115376
59685
0
0
0
55856
59346
0
0
0
0
83453
87651
0
0
0
0
97846
0
111172
63150
0
0
0
0
100886
0
88174
119031
0
0
0
0
106382
58868
0
130141
0
75409
116999
0
93894
0
0
64588
0
0
119290
105875
0
0
91324
0
101122
0
0
126097
0
0
0
0
123862
0
0
0
0
0
0
0
0
129237
0
0
0
0
0
99326
0
22224
0
0
0
126251
0
0
0
0
0
0
0
109577
104599
127757
0
121807
0
0
93536
76784
0
114106
127256
0
0
0
0
0
0
0
0
0
0
0
99555
0
0
0
0
0
0
0
0
0
0
0
0
0
0
0
0
0
110181
0
0
0
0
60841
28972
117934
0
0
0
0
0
0
70501
0
0
0
0
0
0
0
0
107190
0
115853
0
0
0
106376
0
0
0
73896
0
0
0
0
0
0
120200
0
0
0
0
0
0
0
0
0
116516
0
0
0
108410
0
0
23919
0
0
0
91870
103623
0
0
0
0
0
0
0
0
0
120834
0
30871
0
107967
0
0
0
0
0
0
0
0
123041
0
0
0
116702
30078
54994
0
0
0
114113
28460
106672
0
0
66267
0
0
0
0
0
0
0
0
0
0
0
0
0
0
0
92194
0
0
0
0
0
0
0
0
0
0
0
122873
59744
0
0
76679
0
108148
0
0
0
0
129489
0
37995
0
0
94417
0
0
0
123821
0
0
0
0
119608
58139
0
0
0
0
128877
0
0
0
0
0
0
0
0
0
76484
0
119550
0
0
56878
0
0
115010
0
123281
0
113978
0
75999
0
0
0
0
126119
0
119610
82066
72783
34241
0
0
63487
0
110623
0
0
0
0
0
29656
0
0
122006
0
0
0
118956
0
0
39108
0
111462
0
64959
0
0
0
0
0
0
0
102623
111330
0
77738
0
0
0
0
0
0
82861
41231
0
94606
100659
86766
0
0
128276
62837
0
0
0
0
0
0
0
0
59712
111688
0
0
0
0
0
0
0
0
69625
0
0
0
0
0
0
0
0
40829
122020
0
62952
0
0
122563
0
0
0
0
0
0
0
0
0
0
0
0
0
0
0
0
0
0
0
0
126288
0
113610
32745
42157
107393
0
0
0
0
86100
71838
0
0
0
0
0
0
29466
116074
0
0
0
0
0
0
107898
0
78485
121355
0
0
0
60730
0
19609
59328
0
0
0
0
0
0
0
0
0
0
57642
83942
0
0
50876
83602
0
0
0
0
0
0
85062
0
0
0
129445
0
0
0
26553
0
0
0
0
0
