0
0
86249
0
0
0
107737
0
0
0
0
80568
0
0
0
0
0
121589
0
0
0
0
0
0
116243
50965
34383
0
0
0
0
0
0
0
0
93771
0
0
99493
0
115477
0
106490
0
0
0
0
0
0
84762
65400
0
75982
0
70014
0
79136
25642
0
0
0
0
111197
0
113411
0
0
60880
96510
50965
0
0
0
0
0
107746
0
132044
103499
0
0
0
134006
0
92445
90109
0
113875
0
34645
0
0
114351
0
0
0
0
0
39616
0
0
0
100787
0
0
0
108674
0
0
0
111948
0
0
0
0
0
92459
0
0
34658
0
0
0
0
0
0
0
0
0
0
78769
0
0
71431
0
16184
0
0
35452
0
96318
0
0
0
0
67138
0
114068
0
94103
0
0
0
112009
0
0
0
121230
0
61515
0
115537
0
0
121882
92752
0
127015
99340
0
0
0
0
132424
0
99852
0
0
0
0
0
0
114423
79311
0
0
0
0
0
0
0
0
0
0
0
0
0
0
0
0
0
0
111538
79954
0
0
0
52747
0
0
0
0
73552
0
0
103607
0
0
0
0
0
56596
57688
0
0
0
0
107911
0
0
0
29099
0
0
0
0
0
0
0
0
72014
0
0
123749
0
0
0
0
124323
0
0
0
0
82986
0
64255
0
0
0
56132
0
0
96454
0
0
0
13931
107707
42772
15984
0
0
0
0
0
0
0
54243
57191
0
0
0
83117
0
112368
0
69573
907
0
0
0
108003
0
97992
63105
0
0
57516
0
0
59116
112055
0
0
0
0
42170
0
131936
0
118235
0
0
81896
0
110660
42008
0
0
0
0
0
124483
0
0
0
0
0
0
76406
0
125907
107880
0
117870
0
0
0
0
0
109923
0
0
0
0
0
0
0
0
0
0
0
67140
0
0
96695
0
0
0
108674
0
0
94445
0
0
0
0
0
0
66622
0
0
0
0
0
0
0
0
0
0
0
0
0
0
44659
0
0
0
0
0
126445
0
0
85744
122647
0
0
0
0
0
111486
0
129577
24833
123759
0
0
54884
40472
0
0
47555
35617
138028
72670
0
0
0
0
116115
0
70128
0
66902
0
0
0
0
0
0
0
0
35301
0
0
107815
0
0
34159
0
0
0
98836
54166
0
0
0
0
0
0
0
127518
0
0
66875
0
0
0
86285
0
0
0
0
0
0
0
72664
0
0
0
99742
0
0
0
0
0
0
0
0
0
0
0
0
89812
0
88729
65156
106636
0
0
0
0
0
0
0
0
0
0
0
0
0
0
0
0
0
0
0
27274
0
0
0
0
0
0
0
0
0
0
0
0
78203
0
0
0
0
107560
0
0
0
0
64290
0
120218
0
0
34687
0
103613
101742
0
0
0
132861
54243
0
0
59063
62198
0
27262
78836
0
104200
0
0
0
0
0
0
131863
0
85924
94963
0
115599
0
0
0
0
0
82692
0
64357
101560
0
0
0
0
0
0
78841
0
0
12674
0
0
128108
110437
82053
0
0
0
105254
0
0
108778
0
115149
0
116103
104188
0
0
112917
32275
76378
0
0
124171
0
0
0
0
118283
0
0
0
79079
0
0
0
0
0
0
0
69504
0
42361
0
0
0
82586
0
102631
0
0
0
0
0
0
0
0
0
0
0
0
125137
0
0
0
0
0
0
84584
0
0
0
0
0
0
108028
0
0
0
105497
77352
97422
0
0
0
67377
0
0
0
0
0
26386
0
0
0
0
0
0
0
0
112910
0
0
39339
0
0
0
114711
87319
0
0
28472
101073
0
96424
52747
0
0
0
61492
77397
79952
0
0
0
0
0
0
133220
0
88714
109661
104193
0
0
0
0
0
93311
0
0
36323
0
0
0
0
0
0
134024
81487
0
0
0
98983
0
0
0
0
77229
0
120428
0
59544
0
0
0
28720
103432
0
0
0
0
0
78289
0
0
0
105858
62169
82119
114532
0
0
58591
0
0
0
0
0
0
0
0
0
0
0
0
0
0
0
0
0
0
0
0
0
0
0
0
0
62198
0
0
0
0
0
0
0
119986
0
92723
76312
0
0
120674
104150
0
0
0
108117
0
97875
0
0
119381
0
32954
0
0
121498
123079
0
0
130732
0
0
60631
0
0
64995
0
115955
0
0
0
0
0
0
0
0
0
97818
0
116076
24347
0
0
120592
91407
138331
82540
0
64562
0
91676
0
130429
0
0
0
100277
115609
0
126247
0
0
0
0
0
0
0
0
0
0
0
113411
0
0
70892
0
0
0
50682
0
0
57516
0
0
0
30235
0
138161
60997
0
0
53561
0
0
0
94724
76843
0
0
118036
73210
0
0
0
0
0
0
0
0
0
0
0
84661
0
0
0
132879
0
0
59348
0
0
0
0
0
80872
0
0
0
123860
0
120112
0
0
0
0
53964
0
0
75738
0
85479
0
0
62804
0
0
112101
0
0
121688
0
0
0
0
0
129315
25732
0
105630
0
111106
0
0
0
0
0
0
116580
120404
24347
0
0
37788
41173
0
0
0
0
122670
0
96598
0
115298
0
0
0
0
0
0
71225
0
64962
0
0
74974
0
0
0
0
0
0
95371
0
68487
0
0
0
0
56669
0
0
108795
0
0
0
0
0
0
0
0
0
0
0
75011
53561
0
0
0
0
117383
0
0
0
0
0
0
0
0
0
0
101678
0
0
35105
0
0
64852
128791
0
0
64290
0
0
96160
0
0
0
0
88332
67895
0
0
0
0
109087
0
0
0
106583
0
73681
0
0
0
0
0
0
67263
0
59610
0
0
0
0
0
0
0
0
0
0
0
0
0
0
0
0
0
0
0
0
0
73921
0
114637
0
0
0
0
0
0
0
59984
0
0
0
0
77077
0
0
0
55616
0
0
0
57274
0
0
0
0
0
0
73071
51549
0
1676
0
52958
0
0
0
99149
0
0
122219
0
0
0
0
0
0
0
0
82412
0
128373
0
0
0
0
0
0
64995
0
0
134271
0
73191
0
74662
0
59400
0
0
126312
0
100280
113879
18664
0
0
111304
0
0
0
0
0
0
109319
0
0
0
0
0
89922
0
0
0
0
0
0
0
0
133903
0
0
117988
65177
111330
0
0
0
0
0
0
129629
0
0
0
123318
114444
0
49529
0
72628
0
0
103445
0
105781
0
0
0
102902
0
0
0
0
0
0
0
0
0
37875
65187
99490
0
79073
118230
0
0
71272
0
0
0
0
0
0
0
0
0
0
0
128791
0
0
108569
115082
0
0
0
0
0
104841
19050
0
45020
0
0
99628
0
0
0
55031
0
0
0
0
0
0
0
86736
89354
0
122146
56080
0
0
0
0
0
85744
0
0
0
0
0
0
0
89624
0
73725
0
57655
0
0
0
0
0
102463
0
0
104079
0
0
0
0
120599
0
86521
80432
0
0
0
0
0
0
0
0
0
0
0
0
0
0
0
0
0
0
72014
0
96731
120129
82451
125220
0
0
0
0
117294
0
0
79408
0
0
88212
0
0
0
0
0
0
0
0
112421
122657
0
0
108997
0
117919
0
0
0
0
0
0
52540
0
0
105148
0
0
83089
0
0
0
0
0
0
0
0
85237
0
0
0
0
0
74822
0
0
122061
111562
76701
0
0
0
0
0
72136
0
0
0
0
0
0
0
0
15401
0
0
0
0
0
23203
0
0
0
134461
0
0
0
65491
0
0
0
0
124717
0
0
0
94411
0
0
0
0
117219
0
0
54979
0
0
0
109659
0
0
0
0
0
125197
86498
0
88976
0
101529
0
40646
0
0
0
0
0
37994
0
0
115304
90449
0
0
0
0
0
0
98551
0
0
0
0
0
0
0
0
114347
0
0
72298
0
0
0
58937
0
0
0
0
0
93544
0
0
0
0
0
0
0
0
123584
0
0
109248
0
0
117697
100963
0
0
0
0
0
0
63408
0
0
0
0
109536
0
0
0
0
84234
71550
0
0
101851
0
0
0
37174
0
0
0
0
0
0
0
97731
70861
70596
121456
0
66105
0
0
0
0
0
0
117769
0
73467
0
61700
0
0
0
42391
32823
0
44372
0
0
0
0
76406
0
55185
0
109827
0
0
0
0
0
0
111101
0
0
0
0
0
90767
0
0
0
116319
109086
0
0
0
78784
0
76085
0
0
0
0
0
0
0
51873
0
0
0
0
0
0
0
0
16184
0
0
0
0
95779
0
0
96276
0
0
96832
0
0
0
0
0
88054
5839
0
0
83360
0
0
106474
0
104407
120122
114162
0
118132
0
0
0
0
102304
38355
0
63107
0
0
0
0
0
0
0
0
66267
0
111677
0
0
0
0
0
0
0
0
0
85654
0
0
0
0
0
0
92257
0
0
0
0
108928
0
0
0
0
0
0
0
0
0
0
0
0
0
0
59774
106397
0
0
0
0
125197
0
0
0
0
0
0
0
0
0
0
0
0
135276
0
0
0
0
119244
86148
0
0
31815
105540
0
0
0
0
0
0
0
0
0
113829
110885
0
0
0
0
52540
0
0
0
122599
0
122304
0
0
0
57274
55397
94970
0
0
98462
42859
0
0
83828
22108
0
0
0
0
0
109248
0
0
60361
128041
65048
0
0
131043
94014
0
0
0
0
101201
0
0
0
0
0
0
0
119267
0
61040
0
0
32734
0
0
0
0
0
59955
0
0
0
0
0
0
0
0
0
0
0
136114
42639
0
0
100237
0
0
0
71413
0
123540
0
0
101203
0
0
0
51805
74096
0
0
104151
0
82501
80915
0
0
113228
100967
0
0
0
120431
0
40896
0
48136
0
0
81778
80845
61898
0
0
0
0
0
0
0
0
135656
111260
0
119927
0
63322
0
0
0
0
0
0
112262
0
122062
44172
0
0
0
0
104081
102610
0
0
0
131609
103363
0
0
0
0
125277
0
0
0
0
0
0
0
113546
0
0
0
0
78673
0
111357
0
0
0
0
0
0
0
0
0
89452
60126
0
0
0
0
0
94819
0
86732
0
0
0
75096
0
97709
0
0
0
0
0
0
0
84300
50221
64932
0
0
0
0
0
92321
0
61768
74242
106850
0
54445
0
66622
0
0
0
73799
120337
0
110489
0
0
0
0
0
0
0
84058
0
0
62785
0
0
0
97591
0
0
118863
0
0
0
0
0
68416
0
0
0
29431
0
0
0
0
120919
0
0
0
131082
0
0
0
0
0
101203
0
76249
115913
0
0
0
0
81590
0
0
0
80031
98268
0
116491
57889
0
0
0
75386
0
110905
0
0
0
0
129963
0
0
0
125926
53335
0
0
0
0
0
104567
0
0
0
0
0
0
113046
0
0
0
0
98607
0
82193
0
0
0
0
0
0
0
0
97211
82685
11783
0
0
0
0
84339
0
93350
36323
0
130733
0
0
0
0
0
0
0
0
0
0
0
119288
0
0
0
89395
0
114212
0
0
0
93076
127496
0
0
80329
100626
0
0
57989
0
0
88970
0
0
0
111876
114423
0
0
0
112245
0
21795
0
0
126863
0
90718
103481
0
0
0
116527
0
103500
110378
0
0
0
0
0
0
123512
0
0
0
0
0
0
0
0
0
0
95853
101591
0
100684
0
0
0
0
0
0
0
0
0
0
0
64697
0
0
0
0
0
122110
0
86337
59190
0
0
0
0
0
0
0
0
0
80851
0
0
0
0
0
54180
0
114580
0
0
73681
0
114082
0
0
0
0
0
0
0
90277
0
108848
0
0
117992
125170
0
92027
121882
0
0
0
108547
18704
0
0
0
0
56757
0
0
0
0
0
0
0
0
64962
0
0
0
0
0
0
0
0
0
64159
0
0
120494
0
23273
0
0
0
0
51688
0
102052
0
0
0
0
0
0
0
0
0
35082
0
0
0
0
0
75167
0
0
0
111890
0
0
0
0
99340
99427
0
0
87493
0
0
0
0
0
111915
0
105894
82825
87015
0
0
7339
0
0
0
0
0
0
67931
0
0
0
0
0
104553
0
114626
0
0
0
0
58647
0
66790
72237
77865
0
38881
0
0
6968
0
0
0
76587
0
120702
0
0
0
0
0
0
0
0
0
0
0
0
0
0
0
0
0
68954
0
0
0
71673
0
0
0
0
48497
80339
0
0
0
0
66987
0
0
0
0
0
0
0
0
0
82002
0
0
0
59046
0
0
36601
0
0
0
0
0
0
0
0
0
123877
0
0
0
72565
0
114114
73709
76058
114379
0
0
62058
110335
0
0
0
0
0
0
69024
0
114403
55559
89762
0
0
121841
0
96327
0
0
0
0
30475
82804
76987
1676
0
99055
35879
110846
0
0
0
88592
0
0
58174
0
96102
71926
55505
0
0
0
0
0
0
0
127367
0
104371
0
0
0
0
0
81115
0
0
83938
0
98223
0
66267
0
0
0
0
0
34383
0
0
0
129315
0
0
0
0
0
0
0
127159
118207
0
0
0
0
0
0
0
0
83015
0
82231
112596
0
0
0
0
0
0
0
0
130995
0
0
0
0
0
88325
82060
0
0
0
63135
0
0
0
0
0
0
0
0
66731
0
0
0
0
0
0
0
0
0
71202
0
0
89560
0
0
0
0
79724
0
0
0
96454
0
0
0
0
0
73569
48146
49684
0
94478
0
0
0
0
0
0
0
0
92685
0
0
0
0
0
0
0
0
0
0
0
123019
0
0
66092
0
127332
0
0
0
0
61995
0
0
0
0
0
0
83216
0
0
0
0
0
0
90914
0
44798
51666
0
129881
0
76976
0
0
0
0
0
58555
0
54696
0
0
0
0
0
0
0
0
0
0
0
98128
0
91663
0
0
0
0
0
0
0
130251
5070
101322
0
0
0
0
107024
0
127125
0
0
0
0
0
0
0
40485
0
0
0
0
0
0
0
0
0
86822
130273
0
0
0
104477
0
0
0
0
0
0
121656
0
132876
117991
82448
0
0
107733
0
0
86421
0
0
0
0
115674
0
0
0
0
0
0
0
0
0
0
0
0
61348
0
0
0
0
0
0
85051
36391
0
0
0
74214
0
127101
0
0
0
0
0
0
0
0
0
77505
110220
0
0
0
0
0
0
111419
70483
0
0
0
0
0
0
0
0
0
87632
122409
117810
91565
0
0
0
114704
0
0
0
79470
0
112335
109536
0
131264
73677
0
0
85551
20720
61621
0
0
0
24833
0
115000
0
0
0
0
0
0
0
58174
87810
47406
66272
0
0
0
0
102581
0
0
0
0
0
0
0
0
0
0
0
89093
85050
0
0
0
79207
61621
0
0
0
0
0
0
117538
0
26916
0
0
0
129796
0
0
0
0
0
0
102652
0
0
0
0
0
0
0
63408
61357
0
0
0
0
100465
0
0
0
0
0
0
126182
0
0
118132
0
0
0
67882
0
87488
0
125083
0
0
0
14672
0
0
0
0
0
0
0
0
102210
0
0
0
123122
104026
0
0
86190
103462
122136
0
52214
0
58937
0
0
0
0
90543
85648
137440
0
0
0
0
0
0
0
0
0
122662
0
0
0
0
0
0
53075
0
113810
86497
0
0
0
0
0
117055
72741
20925
108918
0
0
118060
114345
0
0
75201
0
0
104151
0
0
0
0
0
0
0
0
0
118809
0
0
131462
0
76490
73004
0
0
103327
0
0
80210
0
0
0
0
0
0
0
0
0
0
98621
116418
0
0
130367
0
0
0
122951
86088
65036
0
0
0
0
0
0
0
72442
16908
0
0
0
0
0
0
0
79677
115531
0
0
0
0
0
0
0
79291
0
128965
0
129081
0
109154
0
0
0
0
0
82133
0
0
112356
63118
0
0
128355
0
0
0
0
0
0
0
61864
0
0
0
0
0
0
96275
0
0
0
0
0
111259
0
0
108192
0
0
0
0
0
0
75899
0
0
0
0
110129
0
0
74641
0
74988
69536
0
105864
59939
78451
0
0
23160
0
0
55400
65068
126031
0
31938
0
0
0
0
0
0
102207
0
0
0
0
60001
0
0
0
78784
120628
58217
0
56196
0
0
0
0
0
63985
0
0
34957
120858
0
96413
0
0
0
0
0
102400
122058
0
0
0
0
0
129118
0
0
0
102333
0
0
61331
125834
0
67954
0
0
53591
0
0
0
0
0
0
105633
0
111322
0
0
67862
88850
0
0
0
0
108902
0
0
0
0
0
0
75446
0
0
0
0
103361
0
0
0
0
100144
107667
77869
0
0
0
0
0
106294
0
0
0
0
119484
101597
0
31544
53603
135022
0
0
0
0
0
0
27911
0
39096
0
90236
0
0
0
54234
61318
97239
0
0
118643
80989
0
76834
106355
106257
0
0
0
0
0
74703
51383
0
0
0
0
0
0
99148
123925
35280
0
66363
0
0
0
129151
0
0
0
0
0
0
0
0
0
79010
22923
0
0
0
78286
106592
0
130923
0
0
0
27274
0
0
120429
72047
0
0
0
0
0
67377
0
123913
0
0
43560
88579
0
80443
0
30326
0
77668
0
0
0
72939
0
0
0
0
0
89687
0
107111
0
0
0
34678
0
0
59210
0
0
0
0
103438
0
0
0
0
0
117845
0
0
0
0
0
130499
0
0
109525
0
0
0
0
0
0
0
0
0
54183
0
0
124791
81896
0
0
0
0
0
105979
128526
0
0
111903
0
0
0
0
0
0
0
0
0
0
0
84989
31901
62533
0
0
88071
81450
0
0
128436
0
0
0
0
83317
0
64290
40971
0
106931
82292
0
98804
0
104022
0
0
0
0
0
0
21570
0
0
103131
54639
81261
0
0
38421
0
114777
115916
0
0
101238
0
0
0
0
0
0
0
80280
0
27351
0
0
86014
29297
0
0
0
0
72137
59749
0
0
0
0
0
0
0
0
0
0
0
0
72405
113288
0
0
0
0
112135
0
51172
0
0
0
0
31514
0
123995
0
0
0
0
0
0
0
0
0
108182
0
90237
0
0
0
0
0
0
0
118993
0
0
0
104151
0
0
117052
21512
0
0
76500
0
0
0
117439
0
0
0
0
0
121262
0
90084
0
57473
119192
0
0
0
0
77238
58880
24833
0
70406
66560
0
0
0
105059
0
0
0
0
0
99628
12674
0
86023
0
0
0
0
0
0
0
0
36842
85623
96213
0
0
100077
0
0
113312
0
110122
0
0
0
122700
0
0
0
73614
81575
0
0
0
0
0
0
0
106210
59425
0
0
0
0
104986
116480
0
0
101877
96956
0
0
85893
96826
0
94819
0
111452
0
0
104926
0
0
0
0
0
0
92541
0
0
122473
0
0
0
131437
59087
74383
0
0
97475
0
0
0
0
110382
0
0
0
0
120992
0
0
0
0
0
0
0
0
0
0
0
0
122914
0
110431
71349
0
0
81261
58174
0
0
80813
76976
0
0
0
0
0
0
0
0
0
0
0
0
106402
0
0
0
0
0
0
0
0
38107
0
0
0
0
0
0
0
0
0
0
95098
0
0
0
0
0
0
0
78358
0
94104
136307
135943
0
48410
0
0
36231
0
0
0
0
0
115062
81843
0
0
0
127809
0
0
68841
0
0
0
0
0
0
94180
0
0
114601
0
0
0
0
59412
107319
50472
116892
111847
0
59210
0
43723
120550
0
116193
0
0
0
0
0
0
0
114885
0
0
0
0
0
0
0
0
0
0
0
110811
128542
0
0
0
0
0
0
0
0
0
0
0
94380
39554
0
0
0
0
113989
65713
0
0
0
0
0
0
0
64357
0
112262
0
0
118128
0
0
88468
37174
0
68063
0
0
0
0
0
0
120991
0
58937
0
43029
0
0
0
0
0
0
0
0
0
0
0
0
0
0
0
125131
0
0
0
0
0
0
0
58121
0
0
0
0
0
120251
0
0
103819
0
92461
0
0
0
0
0
111349
91882
0
0
6968
0
93724
0
0
0
0
0
8934
128662
38590
62872
0
0
39211
112977
70111
0
0
0
0
0
0
87454
0
75937
0
93928
0
0
0
0
0
0
0
50115
0
102787
0
0
0
127735
0
0
106716
87623
0
0
0
0
0
0
0
130823
0
0
44614
101560
0
127314
0
0
0
0
0
0
71769
0
0
0
61452
96229
0
84491
117154
0
0
0
0
0
84361
0
0
0
0
0
0
0
75782
0
0
54702
0
0
95936
0
0
0
0
87297
0
126047
0
101904
52591
0
58425
0
0
71810
0
0
106982
0
0
0
0
0
79980
0
23231
0
0
117456
62750
0
0
0
39661
0
87179
77727
0
0
0
0
0
124366
0
0
0
106048
0
0
0
98513
0
62437
0
0
0
0
99820
0
132016
0
0
0
0
0
128565
0
0
0
95239
22844
0
0
0
60403
0
0
89955
0
0
0
0
0
0
0
0
0
77355
0
78036
113155
0
0
0
0
42170
0
51967
0
0
0
0
0
0
0
123333
0
62702
0
0
0
0
0
0
0
67755
90396
0
0
0
0
0
0
134667
0
33119
20742
0
0
86389
107559
0
0
0
64728
0
127362
0
0
0
0
0
0
119480
0
0
0
44401
0
0
0
0
78417
116203
0
110329
0
0
75798
0
0
0
0
0
0
0
0
0
86410
0
0
0
94919
0
0
0
0
0
0
105876
0
55838
0
0
0
0
0
0
0
104150
55465
0
0
0
66926
117698
0
128185
73309
0
0
0
0
0
0
124694
0
0
0
0
0
0
0
0
0
0
0
49947
30747
0
0
0
40055
123496
67140
0
24647
0
130884
0
0
115236
81562
0
0
70759
0
0
87149
0
0
0
0
0
0
0
81651
122941
0
0
0
0
0
0
0
111602
127276
0
0
0
80584
89243
0
0
0
0
0
62785
0
0
0
0
0
0
100684
0
0
0
124898
0
0
97239
0
75686
0
50487
0
0
59765
101925
119907
0
0
122250
0
67237
0
0
0
0
0
0
0
0
0
0
0
117863
0
0
0
0
91281
0
0
0
0
0
0
0
0
0
0
0
0
113245
85495
84865
0
0
0
83897
0
0
0
62100
0
0
0
0
0
0
0
53045
68174
0
0
0
0
116408
0
0
0
0
0
0
0
0
0
0
134967
0
0
79016
0
0
68385
0
0
104818
0
86061
0
0
0
0
0
0
0
0
0
81134
0
44789
101528
0
0
0
0
110206
107225
0
0
0
118766
0
76500
72091
0
0
0
0
0
98301
0
0
0
0
0
0
60192
0
0
0
39328
0
0
88250
0
0
0
0
0
0
102748
0
0
0
0
0
0
0
0
0
82236
0
72210
78099
0
0
114483
0
0
44517
0
67256
0
0
0
0
0
0
0
0
0
0
0
0
0
0
0
0
0
0
0
0
0
0
0
0
0
25987
49563
0
0
132366
0
0
132403
0
0
125613
63908
134441
91103
0
0
0
0
109321
77952
0
0
0
0
0
92177
0
60977
0
98895
0
0
119244
0
0
90264
0
0
0
41875
0
0
0
63093
0
0
0
93243
0
39667
62870
0
0
0
0
61768
0
0
0
0
0
0
0
0
124045
0
0
0
0
0
0
0
0
0
0
109445
0
0
0
0
54185
0
0
0
0
0
121212
78061
0
0
0
0
110392
0
135158
0
0
0
0
0
0
0
15394
0
0
0
0
26386
0
0
0
0
0
0
0
85453
0
111404
0
0
0
0
0
122778
0
0
0
0
76249
0
34050
118820
0
133808
0
60115
0
54351
0
0
0
0
75278
0
0
116497
0
30090
0
0
0
0
0
0
107060
0
0
0
63448
0
0
112489
0
0
14704
79606
0
105946
124774
0
0
19705
102998
66932
45299
70310
107683
0
0
0
0
0
84649
0
0
0
15405
0
115690
0
0
0
0
0
73589
0
0
67954
129824
101029
63093
0
78182
111850
0
0
0
0
0
0
109956
0
0
84494
0
89555
0
0
0
115718
0
0
110559
0
81989
0
81507
0
0
0
0
0
135434
0
0
71441
0
105646
126995
104528
0
0
0
0
0
0
0
0
0
0
0
0
0
0
105301
0
0
83216
0
82825
0
0
30261
64723
0
0
0
99770
0
0
0
62462
0
0
0
0
0
0
118691
0
0
5416
117568
0
0
0
0
0
0
0
0
0
0
0
0
0
128651
92730
0
0
0
0
0
75238
0
0
0
0
0
0
0
0
0
0
88360
120628
0
0
0
0
0
0
0
0
0
0
0
0
0
0
0
49111
105758
0
0
0
0
66296
0
0
0
102261
81552
40811
0
0
0
103462
0
0
0
0
0
0
0
0
25668
0
0
0
0
65828
74805
74089
111557
124325
0
0
0
91731
117243
0
0
0
0
0
0
0
68222
0
0
0
71474
0
0
0
115527
0
0
0
82401
0
97160
0
112452
0
0
67520
0
0
0
0
0
0
0
0
0
0
0
113090
0
0
0
0
0
0
0
83857
0
105699
20076
54895
0
89759
0
0
0
75439
0
0
84745
0
91217
0
0
0
105322
0
0
0
0
0
0
48107
118769
0
0
0
0
0
111602
0
82676
0
36347
75064
0
0
67560
60891
0
61641
0
0
0
122204
0
0
91805
59341
64629
108918
72237
0
111459
0
0
0
0
0
55429
67717
0
0
0
0
88756
0
65253
98562
0
0
0
0
0
0
0
0
0
0
96275
0
0
83648
123512
0
104233
0
0
0
96383
0
0
0
0
0
0
0
101445
0
15475
55838
121422
0
0
0
0
0
132043
0
0
0
84880
0
0
87456
0
0
0
0
0
0
0
0
0
0
77992
0
82478
0
0
0
127156
73652
0
0
80442
0
93466
53359
0
0
0
0
0
76380
0
86410
0
0
0
76554
115910
0
0
0
0
0
0
0
0
0
90533
0
0
0
35157
0
0
0
129806
0
0
0
0
0
118478
0
0
0
0
0
126936
0
0
0
107523
0
107678
84333
0
0
0
0
0
0
0
40958
0
0
0
0
0
0
0
119123
0
69305
116940
0
0
0
109034
0
0
81508
121287
0
0
114732
33917
131151
0
0
115728
0
0
0
100021
85663
0
0
0
0
0
0
95253
0
0
109943
0
113046
137298
0
0
0
0
0
0
0
128021
0
0
0
0
0
88959
0
0
0
65650
95169
0
121841
104427
0
0
0
84210
0
0
109661
0
0
0
0
0
53755
0
0
0
0
62681
0
77452
0
0
0
0
0
0
0
0
27315
0
0
0
0
81779
91404
0
121304
0
0
0
0
0
0
0
0
0
0
0
0
0
0
0
0
0
0
0
0
0
0
0
36887
0
0
114543
0
0
0
0
0
116875
0
132436
0
50273
0
71099
0
0
0
0
0
88984
0
0
0
120772
119013
39784
0
0
0
86272
0
0
0
0
0
0
0
23998
0
22133
91364
0
0
114601
0
0
56122
0
0
0
0
114953
0
0
0
0
0
0
0
0
130665
0
0
0
0
0
117646
0
0
82799
60105
0
0
0
96906
115631
3938
0
132517
0
0
0
0
0
0
0
0
0
0
71152
0
0
0
0
0
133242
98724
0
0
0
0
0
0
133560
0
116532
0
0
52468
109257
0
0
0
0
88169
0
0
0
0
0
0
0
0
0
105585
0
0
0
64131
0
0
0
0
0
0
0
0
0
0
0
0
62503
0
0
92006
79291
65621
0
0
0
41174
110248
0
0
0
0
0
118189
0
0
0
0
0
128026
0
0
0
59521
0
113503
88502
0
0
0
0
0
0
0
0
0
0
121955
25093
0
0
0
90821
0
0
0
0
105557
0
0
107282
75961
0
0
0
129310
0
0
0
0
99663
89307
0
114899
0
0
0
0
0
107251
0
0
0
0
0
0
81015
0
118387
81958
0
0
125010
69198
0
0
131456
0
0
0
112353
0
0
80852
0
66332
0
0
0
100470
0
106265
22195
82711
0
0
53718
66797
0
0
0
0
0
0
0
54185
74514
58927
71750
100660
0
0
0
0
0
0
84088
0
97382
0
0
0
0
0
106440
0
0
127030
0
62243
0
0
0
7502
0
63060
0
0
51340
0
0
0
76220
0
0
0
0
0
0
0
0
0
111807
67667
0
0
0
0
108058
0
33000
0
0
90903
77206
0
91342
0
0
134935
0
0
0
0
0
131317
0
0
121990
0
0
0
0
101898
0
99802
0
0
0
0
72829
0
95573
0
91986
0
0
106581
118766
0
80725
64355
0
0
0
0
0
45075
0
108795
94341
0
0
0
0
110034
0
0
95847
105315
86328
0
0
0
0
0
135148
0
0
85003
0
0
0
0
0
0
0
0
118691
0
46952
0
0
0
0
0
0
37790
114680
0
105400
104847
61592
0
0
0
0
62789
0
0
0
0
0
0
0
0
102163
0
0
130502
0
110796
0
0
0
63680
0
81708
0
0
0
0
127488
0
5849
0
0
109535
0
0
0
0
0
0
0
0
0
0
0
103147
0
0
0
0
60856
52075
0
121841
0
0
0
0
0
0
0
0
0
0
0
89394
0
96539
0
0
58612
109402
0
0
0
0
0
96105
0
0
0
0
120155
0
103820
40269
0
0
0
0
26470
58534
76961
79758
0
0
0
0
0
0
0
0
0
128996
0
0
53650
0
0
0
0
85128
0
0
123410
0
101786
135575
0
0
61302
0
0
0
0
0
0
0
81196
99072
0
0
0
78175
81059
0
0
0
0
0
0
97142
0
0
94431
94049
0
125725
0
0
0
89106
0
101458
0
132739
0
68755
0
0
0
0
127731
0
0
76490
100456
0
103918
0
0
0
0
0
113835
0
65400
0
0
0
0
117142
0
84128
0
0
0
111404
0
0
0
78510
0
0
0
0
114685
127210
0
0
116667
0
0
0
125861
0
0
122403
24024
0
0
0
0
0
103477
70028
0
0
0
0
104506
128542
0
0
0
0
0
0
86299
0
0
0
0
0
0
112344
0
0
0
50588
113534
0
0
0
0
98796
0
0
27018
53650
28684
0
0
0
0
0
42734
46466
0
107559
0
0
63107
0
0
0
40485
0
90752
0
103363
120659
124997
59256
0
0
116582
78138
0
72195
43265
0
0
0
26803
0
0
0
0
0
0
0
0
0
0
0
110192
0
0
77489
52747
115934
0
0
106684
0
0
0
80796
0
0
119224
54752
107487
0
73983
0
0
0
86182
0
0
0
100983
0
114762
0
0
0
104983
107704
116345
0
77158
0
0
67087
101632
0
0
0
0
0
0
0
0
0
0
0
0
0
0
0
0
0
0
0
117289
26154
0
34678
59501
0
0
0
106574
87592
0
0
0
0
84397
0
0
69645
0
55284
0
0
0
0
0
0
0
0
0
0
0
34455
115726
79929
0
0
0
0
51688
0
0
0
0
0
0
0
0
132120
109718
0
0
0
78351
0
0
0
0
0
0
0
0
0
0
0
75146
0
0
0
72881
0
0
0
91968
0
0
0
0
0
70968
0
0
113470
0
64433
0
0
0
36347
0
70406
55616
0
120599
0
133881
0
0
0
100396
27530
0
0
0
0
113952
0
107525
0
0
0
0
0
0
0
0
86841
0
0
0
0
64852
112733
0
0
0
0
60397
49684
0
0
0
0
0
0
85994
0
0
117757
81521
124623
0
0
0
118020
81833
0
120404
0
94934
0
0
0
0
124493
0
0
0
0
27653
0
78315
0
0
75798
80249
80748
0
0
0
0
0
99458
112480
59425
0
113742
0
0
0
0
120872
75096
0
0
0
77812
0
0
0
109078
0
50323
89219
0
0
105523
0
0
0
0
0
0
110469
0
74705
0
0
130265
77178
0
0
0
130359
0
118209
0
0
119933
0
0
0
0
0
0
0
0
0
0
0
0
0
0
0
0
0
0
0
76025
0
0
0
0
0
0
0
0
0
0
0
0
0
0
0
0
0
0
0
61946
0
0
0
67717
0
86852
0
0
95960
0
0
0
0
0
0
86088
0
0
106709
0
0
68753
0
63118
0
0
86270
0
0
0
0
0
0
115595
0
0
0
0
77259
0
0
0
0
0
0
104411
87686
0
108503
113726
0
0
0
0
0
80893
0
0
0
0
80066
94166
0
123722
0
0
0
0
0
0
0
0
0
71135
0
0
88517
0
0
0
0
0
0
84306
0
0
0
87297
0
0
124415
0
0
0
89299
79218
126474
0
0
0
0
0
0
107251
0
0
0
0
94806
0
0
0
100618
0
6968
0
102757
0
0
0
0
91608
0
0
54696
0
0
112443
0
60037
0
0
0
101458
0
70179
0
0
107680
0
0
0
0
95996
0
104814
0
106850
83551
0
98047
0
0
0
109432
75794
0
0
0
0
0
0
76587
0
0
0
0
91658
0
0
118864
77256
0
0
0
0
0
0
73529
0
0
0
82557
96566
0
0
0
0
0
0
0
0
94794
0
0
0
0
0
0
0
0
0
0
0
51657
108799
0
0
0
0
110558
0
0
129470
0
0
0
85918
0
0
25302
0
0
0
0
88898
0
123988
78871
0
0
85347
0
0
23586
101163
0
0
30647
108916
0
0
0
0
101200
58720
0
128311
0
0
0
0
0
0
0
0
0
62508
39616
0
0
127603
0
0
42286
28531
0
60451
0
0
0
0
0
0
0
113729
90793
125471
0
81326
0
0
106333
0
0
0
0
118676
0
0
0
0
69645
133054
0
79738
91049
115880
0
0
84817
0
129249
0
0
121233
0
104805
0
0
0
129104
0
0
0
0
85654
100297
0
0
0
0
0
15139
0
0
0
0
0
0
0
0
82370
114585
0
130806
130452
0
0
0
0
0
0
0
0
0
0
115484
0
0
0
0
117655
0
103276
52321
0
110933
0
0
0
0
110906
0
0
0
0
0
0
126217
0
0
0
0
124906
72512
0
119784
0
0
0
61627
0
0
85949
0
0
0
0
0
0
122767
0
109594
80566
0
0
107170
0
109090
0
0
0
0
77291
0
0
0
78869
72628
100138
0
121210
0
0
0
102910
0
0
0
93049
0
0
0
85193
0
0
0
0
0
0
0
113858
0
0
0
0
0
0
130850
0
0
0
71888
0
0
0
0
123467
0
0
0
0
0
0
0
0
0
0
0
0
0
0
80013
0
0
53718
46015
0
0
115687
0
57790
0
0
128460
79869
0
0
79853
107225
0
0
0
0
0
0
0
0
0
0
0
0
0
72736
0
0
0
106723
0
0
0
0
0
0
115141
0
0
0
0
0
0
0
43590
99353
0
116922
0
0
0
77818
0
89539
0
0
0
91868
0
0
0
0
54884
0
0
108210
0
0
0
0
0
0
0
0
0
0
0
0
0
0
0
0
0
119739
0
0
0
0
0
0
78664
0
0
99280
0
0
74354
109078
0
115728
79180
0
0
0
0
0
0
0
0
122751
0
0
55440
0
109614
0
0
0
0
0
65747
122045
101548
0
0
0
0
0
106698
109057
0
107109
0
0
0
0
0
0
0
0
0
0
0
123551
101478
0
119935
55244
0
0
0
0
0
0
0
103097
0
93762
0
0
0
0
0
0
0
0
0
0
0
0
0
0
0
0
0
113542
0
113382
0
0
81420
0
0
0
0
32542
0
0
0
76707
0
0
21199
3938
0
0
0
0
0
0
0
0
0
0
0
0
0
0
0
0
0
0
0
44604
99352
112552
0
75774
0
0
0
132761
26470
0
68841
0
0
94016
0
0
0
0
0
78194
0
100553
0
0
121605
49999
0
0
0
0
0
0
0
0
0
0
0
0
0
0
108453
78378
0
0
0
0
0
0
58491
0
0
0
0
0
0
0
0
0
0
0
0
0
0
92762
113381
0
0
0
0
0
0
59462
0
0
0
0
0
0
0
0
0
0
57140
93432
0
53431
0
118906
0
59544
0
0
0
0
0
0
0
88325
0
131632
0
0
43127
73359
70016
0
0
0
0
0
0
0
0
0
0
0
0
0
0
0
0
0
0
66213
0
0
0
0
0
0
86323
0
0
66875
49572
0
0
63490
0
0
73709
0
81728
0
0
0
0
0
0
0
0
0
95294
0
0
0
0
0
75794
49797
0
0
55400
0
0
92262
123217
0
0
101817
57055
70207
0
0
127748
137701
0
0
0
0
0
0
0
0
0
6658
0
0
0
0
0
0
0
0
128034
0
0
0
0
115752
0
0
0
60227
0
0
52257
0
65594
0
0
90023
39256
0
0
0
24634
0
134918
101363
0
119662
0
113211
80997
0
0
0
122599
0
84715
0
0
0
0
0
45123
114862
20234
0
0
0
0
0
0
0
0
0
0
0
0
0
0
0
0
0
88074
0
0
99072
0
0
0
0
0
119972
0
96002
119955
0
60891
0
125835
110051
87498
114572
116946
124729
0
130806
0
0
0
0
0
70861
0
84680
87120
0
0
0
66612
0
0
108022
0
0
85188
0
0
75870
115495
0
0
78543
109645
0
0
0
0
0
0
0
0
0
0
0
116772
0
85845
0
0
62407
0
0
77794
0
0
0
0
0
0
0
0
116907
0
0
0
111457
114794
0
72332
0
0
133793
0
0
20249
0
0
119673
127882
0
0
0
0
0
95880
123987
0
56080
0
0
53591
0
0
109178
0
0
0
0
115517
0
0
91260
78256
82274
0
0
0
113944
121795
0
115275
0
0
0
130007
0
0
0
0
0
0
30667
25958
0
0
0
0
0
48410
0
0
0
59544
0
0
0
0
0
128652
0
0
31067
0
0
0
130379
0
60227
0
0
0
84680
0
0
97761
0
88893
85990
0
0
0
0
0
0
0
80389
0
0
0
0
0
58927
0
0
0
0
68766
0
0
0
129345
67895
0
0
118645
0
78256
0
0
0
0
0
0
0
28531
0
0
0
0
0
0
0
0
0
0
0
0
0
85343
54699
0
0
0
0
127821
0
89560
0
0
103613
0
0
0
0
36969
0
0
0
0
0
0
0
119784
0
0
0
0
92933
0
0
0
0
0
0
0
123562
0
0
0
0
81143
81488
0
0
0
0
75305
0
121062
0
0
0
0
0
0
0
0
0
0
0
0
84313
0
0
0
0
0
0
0
0
102370
75583
0
0
0
108792
70142
39754
115728
0
81703
0
0
0
117651
0
0
0
0
32056
0
0
0
0
0
0
88907
0
73025
0
49563
104405
55838
0
0
0
0
0
0
0
23985
0
0
0
102281
0
0
0
0
105529
0
0
80970
86188
0
0
0
0
0
0
85119
83528
96318
0
116926
0
0
112995
0
65222
0
103912
0
0
0
0
123313
122533
0
0
0
0
0
0
0
69789
0
0
101517
0
132663
46466
0
0
83343
0
71873
0
0
0
0
0
0
0
0
56790
0
0
0
116193
0
0
0
0
0
0
33385
0
0
0
106990
0
127968
0
0
0
114352
0
0
107738
0
79971
0
94919
0
0
102281
123689
0
0
0
0
88321
0
79080
0
0
0
0
0
126445
0
0
0
0
0
106321
0
0
0
0
0
0
0
93169
69649
0
0
0
0
0
0
106441
0
64131
99276
0
23196
54491
0
0
0
0
0
0
0
0
0
0
0
0
0
0
0
0
57516
0
0
40601
0
58493
0
0
0
0
0
78524
113429
0
0
84969
0
0
77586
0
0
54497
0
0
104603
0
0
0
0
87969
120431
15475
110932
0
0
106749
0
0
0
0
0
0
0
0
83216
108325
0
0
0
72274
0
51435
73210
0
0
0
0
0
0
0
0
84372
0
0
0
114528
0
0
0
0
0
0
0
0
0
0
93598
0
0
77998
0
0
0
0
0
111567
0
0
0
0
0
0
0
0
0
0
0
0
0
0
0
0
56439
119770
0
0
85955
0
0
0
0
82025
0
74469
0
0
0
0
0
108034
123118
0
0
98326
0
0
0
0
0
0
0
0
104222
0
0
0
110531
0
0
19861
74383
0
0
0
0
111508
0
0
0
0
0
0
0
0
0
0
0
0
0
0
0
0
109202
91328
0
98715
0
0
0
125653
0
0
35105
0
101899
0
0
0
0
0
0
79625
0
0
0
0
0
0
0
74956
0
0
0
58909
80568
0
77123
78718
0
102388
117391
0
0
0
0
98930
83174
0
0
89274
72845
0
0
0
0
0
103102
96566
0
86351
0
0
0
0
0
0
68324
0
0
0
85507
0
0
0
0
86916
0
0
0
0
71152
115537
0
9527
0
0
0
126474
0
104685
0
97368
0
0
0
0
72617
0
0
0
0
0
0
0
110174
0
0
120971
0
0
55353
75173
0
0
0
0
0
0
0
0
0
0
0
0
121410
114027
101134
0
99392
0
0
0
103255
0
0
0
108641
56379
0
0
0
0
105586
116203
0
0
0
64823
0
0
0
0
0
0
0
0
71097
0
0
0
0
0
117832
0
113632
0
77517
0
0
80845
0
90341
0
0
39697
0
124550
0
59500
0
86737
103783
0
130118
0
0
0
57537
0
14848
0
0
0
0
0
0
0
0
0
60047
69112
119104
67387
122987
0
0
0
87290
117464
0
0
0
89762
0
0
88749
56354
0
128574
0
0
0
0
0
75217
0
102503
0
0
0
0
0
0
24577
69782
0
0
0
0
0
0
0
122628
0
0
0
0
64561
0
113089
0
0
0
50472
102364
0
0
0
0
0
0
0
0
94917
0
58493
0
0
115892
0
0
85133
74121
87387
0
0
0
103389
0
0
0
52666
27274
0
0
0
0
0
83665
87624
0
10448
0
0
108450
95356
0
0
27774
0
0
0
0
0
106144
0
0
79249
0
125403
0
0
0
0
0
104285
0
0
0
81283
0
0
0
0
39577
0
0
0
0
0
0
0
0
0
109667
93472
0
0
0
0
107559
119025
102083
0
0
0
0
0
0
0
112145
0
0
0
0
93574
0
0
0
0
78869
0
0
93371
0
0
0
0
0
0
56781
0
0
0
85050
0
120228
0
78467
0
0
0
0
0
0
0
0
0
0
0
0
0
0
0
0
0
0
0
104786
0
0
120747
0
0
0
43127
0
0
0
0
0
0
111767
0
68982
0
0
0
0
57483
108025
0
0
0
117013
0
0
0
0
0
117039
0
85914
103247
0
0
0
0
0
0
0
85049
0
0
86461
0
0
75119
24314
0
0
79678
0
0
0
0
0
127354
0
0
0
0
0
0
0
0
0
0
0
0
102005
0
0
126846
0
118195
96171
0
73025
0
0
120188
0
0
0
0
0
0
88151
0
82026
0
15184
109989
0
83742
0
0
41173
0
0
0
0
0
76120
0
0
0
0
0
80765
0
70310
0
0
0
0
0
0
0
135310
131534
81471
72562
0
104659
0
0
103288
0
0
0
0
0
100432
0
0
0
0
132632
0
119531
23416
0
0
0
0
0
0
124348
0
0
0
0
0
0
0
93221
99138
0
0
0
116704
131801
0
0
118213
103607
102261
0
0
0
0
0
81810
0
126486
59533
105212
82173
0
0
0
105175
0
74242
74543
0
123562
72237
89719
108117
0
0
127791
88809
0
0
120560
39135
0
0
60836
59832
0
0
120188
0
0
0
39428
0
0
0
33897
103613
0
0
0
0
6930
0
0
0
0
123950
48077
132121
0
0
0
0
85457
0
0
0
0
0
0
0
132260
0
0
76436
119357
0
63395
97761
0
40365
0
0
0
0
0
0
0
45299
73099
0
0
93899
0
0
0
0
0
0
0
111562
0
72450
0
79218
0
0
0
109828
0
0
0
116380
0
83061
0
0
31725
0
0
0
0
122524
0
0
48837
88564
0
54728
0
0
0
81351
0
95098
0
105004
115082
0
0
0
0
0
0
0
0
0
61085
0
70153
0
0
76950
0
0
71926
21199
0
122342
0
0
0
0
0
0
0
0
0
0
0
0
82448
0
0
0
0
96396
0
0
0
0
0
0
87941
124673
0
83291
0
0
0
0
108945
0
28913
0
0
0
0
0
0
0
0
79481
0
0
78751
0
107572
0
0
0
0
87686
0
115943
88254
0
0
0
80261
0
0
0
116717
0
0
32607
0
0
0
0
0
0
0
46935
39664
0
0
37788
0
82541
0
0
14218
83966
0
0
0
0
0
98007
0
0
0
0
0
0
0
0
0
0
0
0
0
0
45025
0
115477
0
0
39354
0
0
0
0
0
0
0
0
123133
0
0
0
84409
0
0
84610
0
0
95371
0
0
0
0
0
0
0
0
0
0
0
0
0
0
66539
0
0
110129
117278
86498
0
0
121330
0
0
0
103378
0
0
0
0
0
121707
0
0
0
0
0
0
0
0
0
0
0
80031
121217
0
100309
0
0
0
89859
0
0
0
0
0
0
0
0
0
0
0
0
0
0
0
0
0
0
0
0
0
0
89998
84367
0
0
0
0
111567
0
111215
0
106745
39369
0
84440
0
33424
89815
0
0
92654
0
84880
0
0
0
0
0
0
0
0
0
0
118571
98455
119141
0
74720
0
57274
0
0
0
0
0
0
0
0
0
0
0
0
0
0
0
0
0
0
0
52075
0
0
0
0
0
0
0
0
108905
0
0
5070
0
0
0
112878
0
0
0
0
88490
76085
0
0
0
0
0
0
0
0
0
0
0
0
73403
0
0
0
0
0
0
0
0
104547
0
82060
0
0
0
0
0
110311
0
0
0
0
0
0
0
0
0
36396
0
0
113235
57775
0
0
0
0
0
0
0
0
88586
0
0
0
0
0
0
100871
0
72391
0
0
0
0
73357
0
0
0
75244
96237
0
0
0
0
0
0
103218
0
0
0
0
0
0
102456
0
0
0
69874
0
0
0
0
0
0
100157
0
101904
0
0
0
0
0
101702
0
122349
0
0
95149
0
0
0
0
0
0
0
0
0
103705
0
0
0
0
0
0
0
0
0
0
0
0
100486
0
0
0
0
0
0
0
123930
75018
121217
113534
102133
119924
96621
0
108210
0
0
0
93076
0
0
0
0
0
0
0
55881
72139
0
0
0
0
0
121288
0
0
125934
0
0
0
64925
0
57516
0
75313
0
129159
0
29749
0
0
0
0
0
0
0
0
0
0
0
0
0
0
0
0
0
0
128308
0
0
0
0
112278
0
0
131093
0
0
87451
65876
0
0
79617
78378
0
0
83855
0
0
0
37903
0
0
0
0
76058
0
81575
116704
0
0
0
0
0
91103
0
0
0
0
0
0
0
0
77869
0
0
87647
0
0
0
0
0
0
0
0
0
0
0
0
0
88332
0
907
0
0
0
0
0
0
0
81708
47406
0
0
0
0
0
0
65962
0
95872
132026
0
80859
0
0
0
0
0
0
0
0
0
102261
0
0
0
0
0
0
0
0
0
0
47700
96136
0
0
0
92766
0
81560
0
0
0
0
0
78789
0
35853
0
0
0
55994
0
0
85565
0
0
97260
0
0
0
0
0
126290
116953
62828
107697
0
0
0
84932
0
86944
109034
0
0
0
0
0
36134
0
0
0
0
0
0
83331
0
110129
63408
84693
0
0
0
0
108728
77700
0
0
102435
0
46317
0
0
0
0
0
58512
0
0
0
0
72777
0
0
89955
0
0
38650
0
0
67700
0
0
62752
0
110964
109217
63569
0
0
0
113850
58909
0
0
114924
41412
0
0
0
0
0
131863
0
90793
0
0
0
0
0
0
0
0
0
0
0
0
0
0
56089
0
119597
0
0
96105
101458
0
41087
0
0
0
0
0
0
0
0
0
52062
0
108440
0
0
0
0
0
0
0
0
110080
0
0
127185
0
0
0
0
0
0
101763
85224
0
0
113013
0
0
114799
0
0
0
128727
0
0
0
101976
0
0
0
0
122700
0
0
67087
0
0
0
0
0
0
113288
0
126723
0
0
0
0
101279
0
0
33385
0
0
125197
0
0
0
106198
124737
63210
0
0
0
45506
0
55728
0
66619
0
0
0
74102
24614
0
0
78932
0
0
0
0
0
0
0
0
0
0
125431
0
0
0
0
0
0
0
0
0
0
77149
0
0
125837
0
105864
0
0
0
0
0
0
19216
0
0
84092
0
0
0
0
0
0
96358
92006
0
0
0
0
0
0
64728
117892
0
0
0
0
117484
0
0
0
0
0
0
0
76782
0
0
0
0
0
0
0
0
0
71152
0
118650
109456
0
122004
0
0
118546
0
126182
0
0
0
64728
0
0
131750
0
0
0
0
78884
0
0
0
0
58065
0
0
0
128144
0
49111
0
0
0
0
90902
115497
0
124000
75381
0
117547
0
0
88571
0
0
0
0
0
0
68573
0
110220
100646
130499
127078
68214
0
0
0
0
118601
0
0
0
83961
56955
110425
0
0
106256
76906
0
0
0
0
0
0
0
0
0
0
0
0
0
132239
0
0
0
0
135878
0
0
0
0
98470
0
0
0
0
0
103124
0
0
0
0
0
0
0
0
82608
128402
0
97197
0
0
0
0
66470
116774
60147
89875
0
114755
69306
84904
0
0
0
0
0
95269
0
0
0
0
0
0
61093
0
58491
0
0
0
0
0
0
0
0
0
0
0
0
0
49923
0
0
0
0
0
115690
0
0
89815
0
49049
0
0
25388
0
0
0
0
0
84536
0
0
0
0
0
0
0
40896
69565
0
0
0
0
63938
0
49004
0
113213
40085
0
78915
0
0
92164
54652
0
0
0
113329
0
0
0
0
0
0
0
0
0
0
0
0
0
68218
0
0
0
0
0
0
0
0
0
0
0
0
81025
0
0
68884
0
0
127754
0
101042
0
81177
125278
97489
0
0
0
40896
0
0
0
0
0
0
0
0
0
0
0
111029
0
64932
127631
0
116676
0
0
114415
0
0
25434
122202
35552
0
108730
0
0
0
0
0
0
0
0
0
0
0
0
0
0
121769
0
0
0
74936
0
0
0
0
121545
0
53309
0
0
73326
0
0
0
101279
0
78821
0
0
108297
0
0
113446
0
76533
97613
0
0
94104
0
0
0
85663
0
81066
0
0
0
0
76670
0
79044
0
44789
0
0
0
63994
0
0
0
0
0
0
0
0
112314
0
0
0
0
0
0
0
0
0
87466
0
0
0
0
0
0
0
0
60996
80995
0
0
0
0
0
100724
0
104916
0
0
0
69645
93560
115222
126535
0
0
94806
0
0
118449
58647
0
