18090
0
20244
13583
0
0
0
19603
0
0
0
0
18274
0
9265
19960
0
0
12261
0
0
0
0
0
0
0
18788
19949
0
7038
10416
19506
0
12368
0
19960
0
10818
0
18340
7862
0
5185
0
0
19440
0
0
0
0
0
6849
11803
0
0
0
0
0
6849
0
0
0
0
18915
0
0
0
1673
15976
8541
0
0
0
0
0
0
0
0
0
3027
6347
0
16034
0
12861
0
12276
16892
15726
0
0
1673
0
6026
0
0
0
0
0
0
0
0
18425
0
0
0
0
0
4011
0
14523
0
4494
0
0
12261
10499
0
20037
0
0
14239
1673
19440
18788
4996
19506
0
4011
0
19526
0
0
0
20037
5495
0
0
0
14978
0
0
0
8955
0
0
0
0
12861
0
0
0
0
0
0
0
0
0
0
0
0
0
0
1673
0
0
12276
0
0
0
0
0
0
15899
0
0
0
0
0
0
0
0
19870
0
5495
0
8460
0
15374
1673
0
15297
19434
19357
0
18915
0
5185
4494
0
0
0
0
9244
0
0
4011
4996
0
0
0
0
9265
5185
0
0
0
0
0
0
0
0
19947
9634
0
0
0
0
0
5185
0
4011
0
10818
4672
0
0
0
0
0
0
0
0
4672
0
0
0
0
0
12863
0
0
0
7862
0
0
0
0
4011
19506
0
0
18294
6849
0
0
17634
0
0
0
15374
11766
5657
16954
0
0
0
0
15374
0
19603
0
0
15374
0
4993
0
0
0
0
15374
0
0
0
0
0
6347
0
5185
5657
0
0
0
0
0
8955
0
0
0
0
0
16954
0
4672
0
0
0
0
0
0
0
4672
0
0
19211
0
0
0
0
0
0
0
0
0
0
0
0
0
0
0
0
0
13482
0
0
0
4993
0
0
0
0
0
19448
0
0
12861
0
18788
0
0
18865
0
18122
0
0
1673
0
0
0
8541
0
0
19506
0
0
0
0
5185
0
0
0
18865
0
0
0
18371
0
18686
11766
0
0
0
0
0
5495
18371
5185
0
0
11992
0
0
0
9356
0
18865
0
0
12368
17006
0
0
0
0
0
0
0
21113
0
0
0
0
0
0
4996
0
0
0
0
0
0
3027
0
0
0
0
0
9267
0
0
0
18294
0
11497
18122
12261
11274
19947
0
0
0
0
0
0
0
0
0
18865
0
0
12861
0
8462
0
0
7348
0
0
0
0
0
0
0
0
0
0
0
15726
0
0
0
0
0
0
8955
0
0
0
15720
0
7348
0
16929
0
0
0
4672
0
0
0
0
0
15720
0
7369
0
0
11766
20244
19603
0
0
0
0
0
0
0
18865
16303
0
0
0
0
0
0
0
18788
0
0
0
14239
0
18865
0
0
0
20244
4011
0
0
0
0
0
0
0
0
13317
0
10897
0
0
4011
0
7528
0
0
20037
0
0
0
0
4193
18340
0
0
0
0
0
0
0
0
4672
0
0
0
0
0
12571
0
0
0
18371
19603
0
4011
0
0
0
14824
0
0
0
0
0
0
0
19440
7367
0
0
0
0
20244
0
0
5185
0
15753
18865
0
0
0
12571
0
0
0
0
8541
0
4672
13027
0
15834
0
0
0
0
0
5185
15374
0
0
0
0
4672
0
0
0
16099
15297
0
19429
0
0
0
10726
4672
0
0
0
4011
0
12861
0
0
0
0
0
0
0
0
0
7369
0
0
0
12276
0
0
0
4494
0
0
4011
7038
1673
0
0
0
0
0
0
0
19211
0
0
0
0
0
6354
4672
0
0
0
0
0
0
0
0
0
0
0
0
0
0
0
0
0
0
0
0
0
0
0
0
0
0
14239
0
19780
0
4011
0
0
0
0
0
0
5185
0
1673
0
0
0
0
0
9921
0
4672
19960
0
0
0
0
2845
13506
0
0
0
13317
0
0
0
4199
17748
0
18865
0
0
20395
0
0
0
12975
4672
0
0
10818
0
4993
0
0
0
0
0
0
15899
20081
0
0
0
0
0
0
0
9265
0
0
0
0
12861
0
21036
0
15720
0
12368
3027
0
0
0
0
0
0
0
0
1673
0
0
0
0
0
0
0
12863
0
16053
0
0
0
0
0
20395
0
21113
0
0
4011
0
0
15374
0
0
0
11803
0
0
0
0
20244
0
0
7038
0
0
0
0
0
0
0
0
14581
0
0
0
0
8665
0
0
20167
0
4011
0
4011
0
0
0
0
0
0
0
0
0
0
0
0
0
0
0
0
0
0
0
0
0
0
0
19506
4011
15834
0
0
0
8665
4011
0
0
0
0
0
0
19357
0
0
0
0
0
4199
0
0
6849
0
0
8460
0
0
0
0
9921
10499
18122
0
0
5495
4011
15374
0
0
0
11803
0
0
0
0
0
19288
0
18915
0
0
0
0
7862
0
0
0
0
0
0
0
20692
0
0
11497
0
0
0
0
12975
0
14658
0
0
0
0
0
0
0
0
5978
0
0
12007
0
12863
0
0
0
