98047
0
0
0
0
104558
7706
8660
0
0
0
0
0
0
0
0
109054
0
0
0
0
0
0
116978
0
108432
0
0
0
122459
0
0
0
0
0
0
0
0
0
0
0
99831
0
0
0
0
76970
0
0
57448
0
0
0
0
0
0
0
0
0
128504
106819
0
0
0
71093
0
0
0
0
0
72792
0
30545
126749
0
0
0
98363
0
0
129696
0
113922
0
41914
0
118626
0
0
0
0
0
0
0
0
0
0
0
43989
97782
0
0
0
0
134591
0
0
0
0
0
0
0
0
97585
0
0
0
58363
0
51643
0
0
0
134997
0
67335
0
0
0
125156
0
0
0
0
0
0
0
125827
102226
0
0
0
69966
0
0
0
68321
0
0
0
95575
100825
0
0
0
0
0
41618
0
0
0
0
0
103529
142748
0
0
0
0
0
116949
0
0
47128
0
0
90687
0
0
0
0
106782
0
0
117909
100448
0
0
0
0
0
0
0
0
48170
0
0
0
115503
0
59714
0
0
0
0
0
0
0
0
0
0
0
0
0
0
0
0
0
0
0
0
0
0
64150
115560
0
134656
0
0
0
0
0
0
0
0
0
0
0
0
0
0
0
0
106635
0
0
0
66520
0
0
35909
0
0
0
0
70296
0
0
135042
0
0
124004
118502
102371
0
0
0
111917
114555
0
109406
0
0
0
0
65649
113851
133007
0
0
8042
0
58488
91751
0
0
0
0
0
99674
0
93809
0
39797
82256
0
0
0
0
0
121993
0
0
16816
0
113725
0
129199
0
0
0
0
0
0
0
50736
80984
0
0
0
0
0
0
0
0
0
0
0
0
0
0
0
0
0
0
0
0
0
0
0
0
76601
56827
0
0
0
0
117819
0
96000
0
88552
99383
0
59247
0
0
0
0
0
61109
106822
116852
0
0
81656
0
0
0
0
0
0
0
0
0
0
0
0
0
0
0
0
0
0
93519
0
0
0
0
0
0
98834
0
0
0
0
0
0
0
82919
0
122073
0
0
0
0
0
0
0
127909
107349
0
0
0
90942
0
0
43937
0
95496
0
0
0
0
16892
0
0
0
0
0
99332
126472
0
0
0
0
0
0
135639
0
134631
0
0
0
0
0
122239
0
112095
99128
0
100250
105725
0
0
0
8556
70622
136623
0
51999
0
114069
0
0
137766
118150
0
0
0
0
0
0
0
41952
0
0
0
110126
0
63096
0
0
116264
0
0
0
77069
0
0
0
0
0
0
0
0
0
0
124631
0
93244
0
0
110529
75089
0
0
0
54635
119541
0
0
0
0
0
0
0
0
0
0
0
0
83734
0
55038
0
0
0
0
0
0
0
0
0
0
0
0
0
0
28617
0
0
0
0
0
0
0
129423
0
0
0
96196
0
95525
0
0
88200
0
0
92085
0
0
0
54469
0
60692
0
0
125155
133390
0
0
0
78363
132631
0
0
0
99917
0
0
128302
137263
0
97064
0
0
0
127621
0
0
0
0
0
124983
121078
0
0
0
0
0
0
118175
0
0
0
0
0
0
0
0
0
35752
124840
95139
0
0
0
0
137680
0
121395
98174
74081
0
0
0
0
73503
0
0
0
0
0
0
0
0
0
125619
0
0
0
0
0
58066
0
0
111495
55466
0
101991
109643
0
0
0
0
30742
0
0
73739
0
0
0
0
0
0
123662
0
0
0
0
120512
0
0
0
0
47319
0
0
0
0
0
0
0
0
140192
0
0
0
121289
0
60466
0
0
0
0
0
0
0
0
0
56355
0
0
0
121088
0
0
0
76556
0
0
0
0
96216
0
0
0
116192
0
0
0
0
0
0
129922
0
0
0
0
0
0
0
0
0
0
0
0
0
0
0
0
52592
0
0
0
0
0
0
128393
0
0
0
0
0
17086
0
0
0
0
119813
0
0
0
0
0
0
92447
0
0
0
0
0
126183
0
76185
0
0
0
55609
0
0
0
65216
0
0
0
0
0
62867
114370
0
0
0
0
0
0
0
0
0
0
59604
0
0
0
0
62452
0
0
108152
137022
0
98118
94214
54919
0
0
0
0
0
0
0
44472
131832
0
79459
0
0
0
0
103161
0
0
0
0
59449
64665
7288
0
0
70196
100760
0
50170
78873
0
0
0
0
0
0
0
122123
0
0
126393
0
69838
89830
110723
0
136716
124714
104770
117677
0
0
0
0
0
0
0
0
0
0
0
0
44580
0
0
112241
0
61852
0
0
95730
128083
0
0
89769
0
0
0
106357
0
0
0
0
107811
51528
0
0
0
0
0
0
0
102978
0
0
0
0
0
0
0
0
0
97658
96167
0
99488
0
0
0
0
0
0
132301
0
0
0
0
103283
0
0
0
0
84764
75426
0
20209
0
107150
0
0
0
0
109712
0
0
0
0
0
0
63069
0
0
0
0
0
0
117803
0
0
0
0
0
0
0
0
0
85649
0
0
55493
0
0
0
0
104863
0
0
0
56784
0
122454
0
112679
0
0
0
0
0
118859
0
0
0
0
0
0
71575
0
0
35548
0
140721
120760
0
0
0
0
0
0
0
0
0
102450
73744
0
0
58524
0
106338
113542
56117
0
103224
0
0
59247
0
0
0
0
0
0
121949
93516
112566
0
0
0
0
0
0
0
0
0
0
117209
0
0
0
0
0
0
0
0
78806
0
0
0
0
0
7706
0
0
0
0
0
0
0
0
0
47881
103920
0
0
0
0
0
112884
0
105504
0
0
0
0
0
0
126782
0
0
0
0
0
65687
0
0
0
0
122556
0
0
58959
0
0
0
0
0
123755
0
0
0
0
119451
0
107669
0
0
0
0
0
0
44225
54296
0
132134
118590
106328
0
0
125823
0
70956
0
0
0
0
0
0
109966
0
0
0
0
0
0
0
0
0
0
0
0
134788
62248
0
95583
0
85096
0
0
0
63714
68672
0
0
0
0
0
105131
80346
0
0
0
0
0
0
0
122665
0
29439
105117
94123
112833
0
0
65552
0
0
0
0
0
124188
60958
0
0
0
0
0
0
0
0
0
0
0
64867
0
0
0
0
0
0
111147
0
0
0
0
0
38452
126035
22658
0
109269
90036
0
0
0
0
101511
0
28386
0
0
86534
0
0
0
131132
0
113759
0
0
59250
0
0
0
0
0
0
0
0
0
129901
0
0
0
55699
97504
17931
0
0
0
0
0
78241
0
0
0
59182
0
0
0
0
107922
0
0
0
0
48399
136105
82492
0
0
0
0
0
0
0
0
0
0
0
0
0
41132
0
0
0
114693
0
0
123637
0
0
96516
0
0
0
0
0
0
0
0
0
0
0
0
0
0
0
0
53423
0
0
0
117223
0
0
0
0
0
52443
0
0
0
0
0
119750
0
0
0
0
21086
0
118127
61636
0
114992
100967
135485
0
83744
0
0
0
0
70553
69148
0
0
0
0
0
0
0
0
0
0
0
0
0
0
0
0
0
0
62147
0
90935
120555
63714
59605
0
0
104796
0
0
0
66700
0
0
0
95834
127837
107576
0
0
0
0
0
104546
0
117225
97785
0
0
0
0
0
0
0
138210
126723
0
129250
59605
0
117947
0
0
0
0
139139
0
0
90857
0
0
0
0
0
0
126365
0
0
0
0
127763
8042
0
0
0
49642
134790
0
0
0
0
0
0
0
0
93446
0
0
0
0
0
0
0
0
0
0
0
0
0
0
38746
0
125879
0
95602
102889
0
0
0
0
21165
125894
128782
0
0
0
0
0
0
0
106708
0
0
113732
28254
96448
91668
0
0
0
0
64545
107811
0
15774
0
0
0
108615
66485
0
0
0
0
103939
16114
0
0
0
0
0
0
44619
0
112833
0
38457
0
89911
122936
124825
0
0
0
0
0
0
0
0
0
55218
96847
0
109958
0
0
0
91253
0
121688
0
0
0
0
134514
0
0
0
0
0
0
0
0
0
0
0
0
0
0
0
0
0
40099
0
0
130001
23252
113632
0
0
0
0
41082
136411
0
0
0
100653
0
0
0
0
0
0
29841
0
102466
0
0
0
0
87287
0
82275
0
0
122328
0
0
0
0
95666
0
0
0
0
95250
0
97823
0
0
0
0
0
0
0
0
0
0
0
0
0
31764
0
106077
0
0
0
0
107200
0
0
0
0
0
0
0
0
0
0
0
97302
81655
134898
0
0
0
0
112254
0
73410
0
0
0
0
0
121082
126241
0
0
0
0
0
0
0
118674
0
0
0
74168
0
0
63309
0
0
0
0
127994
0
0
0
103906
76702
21051
116389
0
0
125386
0
18117
98581
100533
0
0
0
142795
0
68810
0
0
0
94022
0
0
41611
0
114388
0
0
130381
0
128206
0
0
0
0
0
0
115380
0
115465
127464
0
88407
0
103373
0
0
0
53149
100341
0
0
0
0
72228
0
0
0
0
0
0
0
0
0
0
43983
0
46043
0
0
117122
0
97340
0
0
0
76065
0
0
68237
0
0
86268
0
0
98984
128171
0
0
0
0
138066
0
102971
0
64832
0
0
108430
0
126742
0
0
0
0
0
0
0
0
130240
0
0
85647
0
0
0
112017
0
0
0
0
0
0
0
0
0
0
0
0
0
0
0
100198
0
87988
65499
0
0
0
0
101965
81890
0
0
0
0
99001
0
0
0
0
117687
54356
0
0
131915
0
122910
0
124750
126529
0
60717
0
0
0
0
0
104033
0
0
0
0
124197
0
0
0
0
0
0
124009
0
0
0
0
128206
0
0
114992
110219
0
139904
0
0
0
75499
0
116617
95959
0
0
0
0
117474
101147
86809
0
0
63191
129444
0
0
0
0
0
128922
109444
115906
0
0
0
0
0
55986
83752
87988
0
0
0
132755
0
0
116507
0
0
41839
0
0
129924
0
0
0
0
47785
124947
0
0
117176
0
0
118449
120697
0
0
0
0
0
0
115445
0
0
0
129738
0
122568
0
0
84193
0
0
51999
0
0
0
0
57511
0
0
0
0
0
41580
0
55310
96351
110410
0
0
65496
0
0
0
51528
0
97364
0
0
52033
0
0
0
0
0
0
98833
62467
0
114961
0
0
0
124366
0
127475
0
55538
0
0
0
0
109452
0
0
0
122344
0
21807
106175
0
0
0
0
0
0
0
0
0
0
124503
0
0
117132
0
0
0
0
0
104975
0
0
0
0
0
79402
0
0
82153
0
0
0
0
0
100522
0
0
0
0
0
0
130958
0
0
0
0
94379
0
0
111075
0
135833
109495
0
0
0
0
0
0
0
0
105706
0
0
108895
101063
0
0
0
97945
0
92085
0
106972
62615
129817
107045
0
0
0
0
0
0
0
55132
0
0
104795
0
54451
0
60965
0
0
0
0
0
105180
0
119530
70802
0
95074
0
0
0
140195
127539
0
0
0
0
0
0
0
0
91277
0
0
0
0
0
0
0
0
111768
0
109027
0
0
69474
37583
0
0
0
0
136257
97485
0
75059
0
0
0
0
89830
73683
0
136979
39742
0
93187
0
0
0
126870
0
0
0
0
0
98143
0
0
94932
0
13790
19182
0
0
0
0
0
0
86813
101655
0
0
0
122130
0
0
0
57332
0
0
96358
16974
113710
137155
0
0
0
0
0
0
0
120069
109289
0
0
118233
0
0
0
0
0
0
0
112250
0
0
124967
0
0
0
63033
69525
0
0
133142
0
0
62599
0
0
0
0
95073
52121
0
0
100934
0
0
0
0
0
0
0
0
0
0
0
0
0
0
134359
0
0
0
0
131717
0
0
0
54593
0
104735
0
114015
128317
0
0
0
0
0
128621
0
0
107582
0
0
0
0
0
0
0
0
138007
0
82031
0
0
0
119535
100287
0
0
0
64832
0
0
73762
0
120643
0
0
0
0
56278
0
0
0
43663
0
0
0
0
0
111261
70200
0
97553
0
0
0
131184
0
84436
0
0
0
0
107765
0
0
0
0
0
0
140002
0
0
0
0
0
82561
109758
0
0
42409
0
0
0
0
64148
0
0
129100
0
0
109444
71880
0
0
120945
0
88718
0
0
0
54754
0
0
102243
61043
0
0
59147
0
0
0
0
0
45335
121185
125432
100620
0
69219
0
58295
0
0
0
0
0
0
0
0
0
100147
0
0
71691
118063
0
0
0
0
0
119959
0
69291
0
0
0
0
0
0
55497
0
0
0
0
0
94416
0
0
0
0
0
0
0
7706
25628
0
0
0
0
125948
0
0
55113
0
0
0
0
69666
0
0
0
0
105717
0
133825
0
77092
0
0
0
0
133458
51947
0
0
0
0
139029
0
0
0
0
0
0
53840
126596
0
0
0
0
0
0
0
128802
125245
0
0
0
0
0
0
0
0
0
0
0
0
108582
0
0
24305
0
88030
0
0
79602
0
0
18392
0
0
0
0
40346
0
0
0
0
0
0
0
0
0
0
0
57906
0
57408
0
0
97029
0
31779
99547
0
0
0
0
0
0
0
0
0
0
0
0
0
0
0
0
0
0
0
85471
0
64810
0
0
0
0
0
0
113851
0
0
107339
58259
0
109660
0
0
0
127023
0
79408
0
134598
0
0
137786
87331
46044
128802
0
53611
62853
0
0
0
75179
0
0
0
0
0
0
0
0
0
0
0
124100
0
0
0
0
0
0
0
0
0
113207
0
0
0
0
0
0
61412
138249
0
56515
0
106826
0
85498
0
0
0
0
0
0
0
0
131009
83744
103001
0
0
0
0
0
123755
29494
23539
0
0
142823
132755
115142
136951
0
13261
0
0
109158
0
0
124113
0
139555
0
0
0
0
0
0
0
0
0
0
0
0
87621
109564
0
0
0
0
0
0
50466
0
0
45242
0
132639
0
0
0
0
0
0
0
85143
0
0
112186
0
0
125547
0
0
0
0
86449
0
0
121413
0
0
0
74060
0
0
117360
64000
21443
0
40676
0
0
0
0
0
118960
0
30855
0
0
0
112091
0
30016
0
0
0
91872
0
44697
74302
0
0
0
124459
0
0
0
0
0
0
114437
0
51345
0
0
0
0
0
0
0
54692
21278
0
31180
0
0
50022
125013
0
0
0
118327
0
0
0
0
0
0
133806
0
49703
108249
0
0
44572
0
0
0
66224
0
0
0
0
59776
40834
112494
94999
0
0
105008
94386
111249
0
0
98273
0
0
0
0
108347
0
0
0
84371
0
105714
0
0
0
0
0
47337
0
0
0
0
46483
62110
70622
0
68447
117682
0
0
0
0
0
116701
0
131234
80950
0
0
0
73751
0
0
0
0
60838
0
0
0
0
82275
0
0
0
0
0
0
0
25210
130406
0
0
0
112571
0
0
0
0
0
0
0
45026
0
26050
0
0
0
0
0
0
0
0
0
0
110702
0
0
0
0
0
0
0
0
0
39078
0
0
0
0
9133
62103
0
0
0
106642
85872
110321
0
0
0
0
49113
114704
0
0
0
0
0
0
18225
65987
108739
34642
0
0
0
126359
0
0
0
0
0
0
115233
109504
0
38452
131562
0
0
0
122728
0
0
0
0
29385
110346
0
0
0
0
0
0
0
0
0
0
0
0
0
0
114972
0
0
0
0
0
0
136365
75190
0
0
0
0
112162
97386
109706
0
99541
0
93652
0
0
55246
0
0
0
0
0
0
75089
0
0
0
0
0
0
0
0
0
0
0
0
0
0
0
0
0
0
0
94286
0
59090
102088
0
101735
0
0
0
0
0
0
0
0
0
0
0
0
99456
0
0
125986
0
0
131553
0
131997
0
0
0
0
0
0
0
0
0
0
0
0
97437
0
0
0
71626
0
0
89295
65754
0
0
0
0
0
110572
0
140211
0
0
0
0
0
0
0
0
0
101383
87490
60592
0
62890
0
0
0
0
59210
127375
125914
0
117598
0
0
0
0
0
0
0
0
0
112771
0
0
0
0
73739
0
121657
0
45817
0
0
0
0
40743
0
0
0
62323
0
0
0
134142
0
0
96435
0
0
0
0
69817
0
0
0
0
127652
0
8805
107350
0
0
124935
0
46977
0
35038
0
0
0
0
0
0
0
0
0
0
0
0
0
0
0
0
0
0
0
0
0
0
0
128192
0
0
0
0
0
104172
83049
0
0
0
0
0
0
0
126765
109171
0
59776
0
0
0
0
58282
116141
0
0
0
0
0
0
0
124180
90749
0
85287
133447
0
0
0
0
0
0
0
0
0
126457
0
134219
0
0
0
0
0
0
0
0
0
0
0
0
0
0
0
0
0
104806
0
0
0
0
101307
0
0
0
0
0
134216
0
126094
14261
86927
114433
0
0
128724
0
0
0
0
0
112186
0
88807
0
0
0
0
128833
0
0
112755
0
73503
110131
0
134395
0
91442
0
0
0
0
127306
0
0
0
0
0
138753
0
103424
105585
113832
0
0
0
0
112142
0
0
111071
0
0
0
126035
0
0
0
0
62176
0
0
0
0
0
0
0
0
0
0
61584
0
0
120415
128905
0
0
0
0
0
0
0
122646
0
0
0
69522
0
68140
0
0
0
0
0
0
106452
0
95975
91813
0
0
0
0
0
0
125155
0
0
0
0
57242
110133
0
0
0
0
90186
0
0
0
0
0
0
0
0
87188
45573
94195
0
0
0
0
0
0
0
0
106456
21165
0
0
24815
0
0
0
0
0
0
0
0
0
0
117165
0
0
0
0
0
0
0
0
39350
119902
0
0
0
64441
0
133124
54456
0
0
0
90124
0
0
125585
92112
0
122118
53628
0
0
121946
0
0
0
0
60621
0
93806
0
0
0
0
59739
0
39649
0
0
0
0
0
0
0
70797
0
0
0
0
0
0
0
0
0
0
0
114462
0
0
34807
0
0
0
0
93834
15389
0
0
0
110722
0
0
0
0
0
91870
0
0
0
0
0
0
0
0
0
0
0
0
0
0
60801
115338
53012
0
122824
0
73060
0
0
0
0
0
126133
0
0
0
0
0
113293
0
84712
0
0
0
132717
0
0
78474
0
0
0
0
0
0
0
0
0
0
0
0
0
0
0
38581
0
26805
0
0
0
0
0
0
0
0
0
0
136453
0
0
0
0
0
0
29864
71654
0
0
0
0
0
0
0
119866
62220
0
0
0
0
87869
0
0
0
0
0
56278
110199
0
0
0
63221
0
0
0
0
66096
0
0
0
0
0
0
0
40213
0
0
0
0
0
0
129957
0
0
0
0
118554
64525
0
94971
0
121422
0
114429
0
101328
93196
0
0
0
0
105187
106240
0
125111
0
0
0
98837
0
0
0
0
0
0
67092
0
0
0
0
0
0
0
0
0
0
0
0
0
0
98732
119219
0
98714
0
0
0
126335
0
0
0
0
44761
93607
0
91172
0
0
94943
0
0
0
0
135954
0
94017
140772
0
119957
0
0
134311
125909
0
0
0
0
0
0
0
0
0
126228
0
0
0
103374
79836
86623
0
127452
0
0
102480
0
0
97958
0
0
0
0
58466
0
0
0
56099
0
122206
0
122219
0
0
120156
0
0
0
0
0
0
0
0
0
68192
0
0
0
121272
0
143423
100250
0
0
126083
0
104401
0
0
0
0
0
0
0
0
73762
0
44573
106944
0
104879
0
114597
0
0
0
0
0
0
0
0
0
0
0
0
0
59870
0
77599
0
0
53143
0
0
137005
0
110035
80125
83598
0
0
84003
0
0
0
0
0
0
0
0
0
106393
0
0
0
0
0
134953
0
115829
0
0
136448
0
0
0
68501
0
113202
28617
0
0
135567
103735
22658
0
0
110962
0
0
0
0
111068
0
92344
0
0
123651
0
0
118019
0
0
55610
0
106542
0
0
0
0
139862
8428
0
0
0
0
117092
103026
0
0
0
0
0
0
0
0
0
0
0
0
0
0
112490
132279
70170
0
130634
0
113276
122744
68126
0
0
0
0
0
0
139317
0
0
0
0
126777
0
0
0
0
0
0
0
0
111584
0
97036
0
0
126782
0
0
75404
0
0
0
0
0
0
95289
0
0
90771
0
0
43034
0
0
0
0
131574
0
0
111782
0
52649
0
0
0
103986
0
0
0
0
23665
114904
0
0
0
115430
0
0
0
0
0
0
0
76125
0
74156
108220
0
0
129476
0
0
101447
0
102839
31595
0
0
0
94064
0
0
0
0
0
0
0
108885
135073
43185
0
45817
0
0
104046
0
0
50308
0
84310
0
0
0
0
0
93657
0
0
55811
0
0
0
0
0
0
0
110218
89328
0
0
0
0
0
0
0
0
132787
0
0
0
0
139872
61725
0
0
0
0
0
0
0
0
0
112640
0
0
0
105134
0
40789
0
0
0
0
0
0
0
60595
0
0
0
97554
0
0
81238
0
0
95985
0
0
95382
0
0
123632
135121
0
41311
0
0
0
0
114999
105813
0
0
0
0
135854
0
0
0
0
0
0
0
0
0
0
0
0
0
0
0
0
0
0
0
0
0
0
114353
106728
0
0
0
0
0
0
0
0
0
0
0
0
0
0
0
0
123896
0
31595
0
0
135789
0
17870
0
0
75499
0
0
0
78865
133007
0
0
77600
0
0
0
0
117673
0
0
0
0
38452
0
0
0
0
0
111061
0
49837
0
0
65023
0
0
0
0
127461
0
0
0
0
74363
0
0
0
0
0
0
0
0
0
0
0
122186
96786
0
0
116955
0
92462
0
0
0
0
0
0
0
118296
0
0
0
0
0
106191
0
0
0
68090
124920
115393
0
0
0
0
0
0
0
141681
0
0
0
0
0
0
0
0
114994
0
0
0
0
0
130383
0
0
100546
0
0
0
0
0
0
126630
0
46424
0
123789
0
0
0
0
112755
0
0
105288
109408
19688
108643
0
123446
123960
0
0
107505
0
70170
0
0
0
0
0
0
76714
0
66280
0
0
0
58259
0
0
0
0
0
0
0
0
0
0
0
0
0
69230
0
38804
0
0
19111
0
0
102417
0
118084
0
0
0
0
0
114766
0
28617
91751
0
126770
97894
17222
98793
0
0
0
0
0
0
0
0
0
98644
0
102410
89215
115748
0
92347
115474
0
0
111421
113897
0
0
0
0
0
0
0
0
49578
92816
19312
123605
0
58211
0
98229
103781
0
0
0
0
0
0
0
98834
41036
0
0
0
0
115894
0
0
102668
0
82239
38315
110833
0
0
86287
0
0
0
79568
0
0
0
0
0
0
0
40350
0
0
0
38334
0
0
0
0
114444
0
28730
0
27200
74338
0
0
0
0
0
0
0
135795
123269
0
0
0
102791
0
0
0
0
0
0
110078
0
0
0
0
0
0
0
0
0
13544
0
106794
0
111398
0
0
0
0
32763
0
91148
0
0
0
0
0
0
0
0
0
0
0
141935
0
66383
0
0
0
0
0
0
0
106897
0
29494
0
0
0
107818
0
0
0
0
58959
0
0
0
0
0
0
0
0
0
0
0
0
76937
0
0
0
0
0
0
87988
0
0
0
0
0
0
0
80545
74406
0
0
59935
0
103303
0
0
107507
131766
0
0
0
0
0
0
77804
0
0
0
0
37386
0
0
0
0
0
0
0
125923
0
0
0
0
0
0
0
0
45230
0
0
0
60721
35895
3310
90857
0
43758
0
0
0
144214
98576
56624
0
65329
116192
0
103567
0
0
91515
0
0
58739
0
112978
0
0
0
0
0
14261
18392
0
0
0
0
0
0
0
0
0
0
0
0
67268
116211
100519
112595
101696
128077
104375
0
0
125027
0
0
0
121745
102089
0
79551
81595
0
99285
0
0
0
121233
0
0
89627
0
0
0
22658
0
0
102874
0
0
0
0
91582
0
0
0
0
0
0
0
0
0
0
0
0
0
0
60201
62103
0
0
0
10985
0
0
0
0
0
128252
0
0
0
0
0
101939
110498
0
0
0
110999
0
127111
0
0
0
117377
0
0
0
77925
0
0
130741
0
0
0
144066
0
0
0
0
90032
128113
0
124265
0
29621
0
78865
0
0
0
0
0
0
0
131454
125387
0
60868
0
0
0
64626
0
0
0
0
0
0
0
123555
112355
96297
50557
0
0
0
96335
93868
0
0
0
0
0
0
0
0
0
0
0
0
0
116278
0
0
0
0
0
122047
0
120614
0
0
0
0
0
0
84162
0
0
131099
139583
0
0
0
98644
0
0
0
126860
0
0
0
0
79301
97077
103772
58892
0
0
0
86906
0
0
0
0
0
0
106952
0
120599
0
0
68268
47393
91919
0
0
0
95778
0
0
0
0
0
0
0
0
0
113594
0
0
0
0
128713
0
0
85432
0
106887
0
0
0
0
0
0
0
0
0
35733
111191
0
93657
104169
55266
0
0
0
51314
103525
0
132349
0
0
0
0
0
0
0
0
0
109054
0
0
0
0
0
0
0
0
104284
121097
118072
0
0
0
0
0
0
0
0
0
0
0
98842
0
0
0
49635
62205
0
125021
0
0
0
52508
0
82199
0
0
98591
0
0
119457
0
0
0
0
98348
0
0
0
132777
103386
86266
0
0
131498
0
0
0
0
0
0
121827
0
0
0
0
0
0
0
45705
0
84322
0
0
0
125166
0
123560
0
0
0
0
13423
133176
0
0
0
137258
0
0
0
87676
0
134569
0
90169
0
0
27320
14069
109395
0
85520
19111
0
121001
0
0
0
0
0
50416
0
105831
0
97049
0
89168
0
55983
0
0
0
0
102421
0
0
0
0
0
0
67195
0
0
0
96457
0
0
0
82751
89386
114353
0
0
0
0
0
0
0
95583
0
0
89808
0
121823
0
88043
130138
0
0
0
102236
0
25628
0
0
0
0
76869
0
0
0
0
0
98191
0
0
0
0
0
0
0
101656
61694
0
132422
0
0
0
50699
0
0
130223
0
111414
0
0
0
0
73086
0
0
46025
0
0
72082
0
0
77913
61712
0
104143
0
0
0
108049
0
0
52908
0
0
0
0
45375
0
0
0
0
111191
111427
0
0
54456
52262
113987
0
0
0
112118
0
0
0
63841
107153
79529
67268
0
0
0
0
0
112068
0
0
0
0
0
0
0
0
0
0
0
93065
103790
0
0
97563
0
0
0
0
0
0
0
53977
0
0
49784
0
0
0
114700
105477
42155
0
68844
0
0
30619
68484
0
0
0
0
0
0
0
118368
0
0
0
0
0
116850
0
0
0
0
0
0
0
0
0
0
0
0
0
0
0
0
118501
0
0
126517
0
0
0
0
0
0
33118
98413
134792
0
110800
0
0
0
39975
0
122328
0
0
0
0
45722
0
0
113907
102623
0
0
0
0
107969
143839
124459
100620
105812
72082
0
127732
0
0
0
0
0
0
74935
14584
94563
0
0
0
0
0
0
0
102354
104046
0
0
90352
0
110305
0
0
0
0
0
119121
0
104798
0
0
0
0
96653
0
0
0
0
0
0
0
0
0
0
0
0
93439
0
0
105650
0
0
0
0
0
0
40638
113992
0
0
0
0
0
119348
0
0
0
124108
0
0
0
0
115579
0
110808
0
0
63645
0
0
0
0
108881
0
133604
103388
132338
0
58690
0
61108
131784
0
0
0
0
0
67897
0
0
0
0
0
0
95496
0
108597
0
0
0
0
0
0
0
0
0
0
52592
0
0
94616
0
0
0
114107
0
0
0
0
0
0
81171
0
104627
0
0
106836
0
0
0
0
0
112157
0
0
0
0
27622
0
0
0
22977
56314
119542
40472
44559
0
0
0
0
0
0
0
0
0
128724
51084
0
0
102504
0
0
0
0
0
0
0
0
109198
125275
0
0
0
117285
0
0
0
0
0
0
0
38452
0
0
0
0
0
0
0
0
0
0
0
0
0
0
85796
0
0
65499
59250
0
0
0
0
0
131832
0
0
0
0
0
128143
0
0
0
96778
0
0
122296
104348
121499
117596
76397
102297
0
0
0
110902
0
0
0
26805
0
0
0
97092
108289
105225
126335
0
94390
0
0
0
0
0
0
135032
0
0
0
30595
0
93187
0
89721
0
0
0
79527
0
0
0
0
0
37032
0
0
18432
68944
0
0
0
127940
0
0
0
0
118128
0
0
109034
0
0
0
0
0
0
0
0
0
0
0
0
0
0
125309
94416
0
0
0
0
0
0
0
0
0
0
0
0
0
126173
0
96582
0
56659
0
111167
0
0
0
126125
0
61836
0
87685
0
0
0
120202
0
0
133401
0
0
98796
99332
0
0
0
0
0
113596
0
0
49552
111592
0
125207
0
115703
37832
0
0
0
0
0
86586
0
0
0
0
0
0
0
0
97957
110572
0
0
64555
56448
0
119592
108831
0
0
0
0
29494
0
0
0
0
36775
0
0
0
0
33285
52830
0
0
0
46775
0
0
0
0
104261
87334
0
110823
0
0
0
16543
0
0
114487
0
0
0
117309
0
0
65539
128231
0
0
0
85125
0
0
127431
0
0
0
0
0
37498
90044
95035
0
114444
0
123113
0
0
0
0
94541
21049
0
0
0
0
0
0
136569
98047
0
0
96009
0
0
91750
0
128835
0
65655
0
0
0
0
0
0
105258
48899
0
0
0
0
121009
0
0
30840
0
0
74952
0
14377
0
105915
0
68220
0
0
0
0
137474
0
0
101121
0
0
31328
0
139352
0
106275
0
0
0
125064
0
0
0
0
0
0
0
0
65807
0
0
0
0
0
104286
0
0
87569
0
95552
0
0
55713
0
42904
127426
128475
0
0
69565
0
0
0
0
0
73819
0
0
0
99127
0
0
0
0
57014
50065
0
0
0
0
0
0
0
0
0
0
0
0
60812
120775
0
0
65533
0
0
0
96056
0
0
61926
0
108029
0
0
0
140889
0
0
0
0
0
0
0
96098
0
114620
0
0
0
0
0
0
87101
122896
0
0
0
117510
55165
22780
74406
0
0
0
98512
0
127058
0
66807
75225
0
0
0
96938
0
0
0
0
63199
0
0
102725
0
123204
0
98254
109793
0
0
0
0
98575
0
0
0
0
0
20393
64961
0
0
0
0
128389
95420
121380
0
65052
0
0
0
0
0
103916
91919
0
0
0
0
0
0
0
0
0
0
0
116455
0
0
91118
0
0
101547
118479
0
0
38681
0
0
0
0
0
0
121042
0
0
0
0
0
0
88542
0
0
140161
0
0
0
0
0
0
0
0
0
0
0
0
0
0
0
0
0
113481
0
0
0
0
0
0
132547
0
0
114561
0
0
0
139140
0
0
62147
95757
116984
0
0
94999
109334
0
0
0
99806
0
0
0
0
0
0
76152
0
0
31779
0
0
0
0
99814
127664
28955
15389
0
0
121722
57964
89680
0
0
0
0
0
0
0
0
0
0
0
0
0
0
30791
0
0
0
0
0
0
83472
129001
0
0
127026
0
0
0
0
10453
0
0
0
0
0
0
10502
110133
82823
0
0
0
112750
0
0
0
0
0
0
0
0
0
0
0
63507
0
0
127800
0
0
109376
0
0
0
0
0
0
99488
82496
0
0
0
0
68756
0
0
0
0
0
0
0
0
0
94512
0
90415
0
0
0
0
0
0
96129
0
87836
0
0
0
0
0
0
95318
115465
0
55939
0
0
0
0
128363
0
0
107464
76419
0
0
0
0
0
102330
39179
0
65241
0
0
0
62601
0
0
0
0
0
0
0
0
135503
0
0
0
0
0
0
56209
0
0
0
0
0
0
0
111815
0
0
0
0
43923
0
0
0
0
0
0
0
0
0
0
0
122083
0
0
0
0
0
110053
0
0
0
138298
0
0
64972
0
0
0
0
0
0
0
0
0
121573
0
0
0
0
0
0
70747
0
0
0
0
0
0
0
53716
0
0
0
0
0
66497
0
0
120572
137616
98154
0
0
0
0
0
0
0
107880
0
0
0
0
0
117017
0
0
64768
68484
0
61029
0
0
0
0
121386
0
0
0
0
0
0
0
0
78865
0
0
0
123872
3310
0
0
96283
0
0
0
83173
44695
0
105512
0
61836
126870
0
125438
0
93042
41519
0
0
99447
124792
0
126296
0
0
0
0
0
0
60566
134455
0
0
0
0
89012
0
110884
0
0
58005
122607
109444
0
0
0
0
120026
0
0
0
0
0
0
0
0
0
124894
0
0
0
0
0
106191
98153
0
65163
0
0
0
0
0
0
103069
70956
0
0
0
0
95305
0
0
0
0
0
98660
139790
0
0
0
0
0
0
0
0
0
0
0
0
0
0
0
0
0
114053
0
0
0
0
0
0
0
0
0
0
0
0
0
127671
0
39390
0
0
0
0
0
0
0
0
0
75390
130849
0
88493
117085
108900
0
0
0
0
0
0
0
0
0
0
0
0
0
98932
0
0
0
0
83813
0
0
0
0
0
0
0
37930
0
0
0
0
0
0
0
95305
0
23655
95924
0
0
0
80872
0
0
0
122470
0
108422
13674
0
0
0
0
0
0
0
0
0
136464
0
0
124213
0
0
130010
0
0
0
0
81877
0
0
0
0
0
0
0
0
0
0
0
0
0
0
112059
0
0
0
0
0
0
0
88753
0
0
0
108817
0
0
0
0
107
118913
0
113907
0
0
0
0
0
0
0
120460
0
66586
0
0
101777
0
0
124174
0
66832
130966
0
0
0
0
0
71937
0
0
0
0
0
113509
123901
0
0
0
0
57014
0
0
0
0
0
0
0
62327
66205
134702
0
0
0
0
0
0
0
0
0
0
0
0
91466
64108
0
16315
0
0
0
0
115427
34589
0
0
0
0
60819
0
0
0
0
0
0
0
0
128130
90740
0
0
0
0
0
0
59604
0
106322
0
0
99142
100592
0
0
0
81171
0
53189
0
0
42879
131193
0
0
0
0
0
0
0
95488
0
118298
0
125923
0
0
122503
0
0
0
0
110730
41089
0
119884
0
0
115281
0
0
0
0
0
91728
118291
0
0
0
0
0
0
0
0
0
0
127255
0
0
0
0
0
103920
0
0
0
0
0
0
0
115155
117590
0
0
0
0
95331
0
0
142499
0
123457
0
0
0
0
0
0
0
55610
0
57475
0
102419
0
0
0
0
0
0
0
0
0
0
0
0
0
0
0
116114
66503
127283
0
0
113542
57862
0
0
0
0
0
0
0
0
115785
0
0
0
100752
0
0
18023
0
0
0
0
0
0
0
0
0
115894
0
0
111294
0
0
112935
26458
0
0
0
0
0
0
76118
0
0
0
0
0
59691
0
0
0
0
0
0
0
0
0
0
127943
112394
0
0
0
0
0
0
0
0
0
0
0
0
0
61806
12390
0
0
0
116148
112769
0
0
0
0
0
35875
0
0
0
0
21183
0
0
0
0
0
0
127421
0
0
0
22739
0
71893
0
0
0
0
0
0
0
0
0
0
125344
32797
40873
0
0
0
0
0
0
0
0
0
96515
0
130540
0
0
0
0
0
0
0
0
0
0
0
0
0
0
0
120729
65987
0
125794
0
0
0
0
0
0
125906
109904
0
0
0
0
0
0
0
0
82976
0
0
0
0
0
0
0
0
0
96092
0
0
0
84035
63095
0
0
0
0
0
0
0
0
0
0
25210
0
105477
0
114865
0
0
92231
0
0
0
0
0
105225
0
0
0
0
116276
0
59605
0
0
0
51381
0
124125
112640
87334
0
60397
0
0
115768
0
86524
0
0
0
76159
0
0
0
0
0
140184
15150
0
0
0
0
0
0
0
69488
0
0
0
47729
0
0
0
0
88301
90747
0
91670
107873
0
0
0
0
0
0
0
0
0
0
0
0
0
0
116860
93799
0
0
0
0
0
0
0
0
0
0
0
109088
0
0
0
0
0
123564
0
0
0
0
105800
0
0
0
132990
0
0
0
0
129077
0
0
0
98325
130569
38334
55378
116411
0
0
86151
0
82364
0
0
0
0
0
0
0
0
112799
0
128319
0
0
0
98095
0
0
0
0
97422
0
0
0
0
51345
95558
0
0
87981
0
0
116802
0
0
65499
0
0
0
0
0
0
0
0
0
0
0
0
0
0
104834
0
0
0
0
0
121736
0
0
0
120924
103855
0
0
0
0
118859
101333
0
0
0
104770
126329
0
0
0
0
0
0
74912
0
30046
0
0
0
0
0
0
0
120325
0
0
0
81238
0
119932
0
65023
0
125976
105885
14530
0
0
0
0
109584
0
93516
0
0
0
128835
121298
0
0
126363
102185
125309
0
0
0
0
0
119252
0
0
0
0
0
99266
0
0
0
0
0
0
0
0
0
77354
77141
0
0
0
0
69322
0
0
0
0
0
0
96708
0
0
0
0
20970
0
35641
127242
0
0
73086
0
0
0
101088
0
0
0
124683
0
113066
0
57762
0
0
0
0
0
0
0
0
0
0
0
0
135412
0
0
0
0
0
55148
0
0
0
0
0
0
0
0
0
64806
0
108159
0
0
0
0
0
114841
97059
53863
0
0
0
113368
0
0
127128
0
0
0
0
136745
0
0
0
0
0
0
0
0
0
0
52765
0
0
0
0
88318
141342
0
66832
122756
0
0
0
0
0
0
99962
0
0
103217
0
0
0
98757
58442
0
0
0
0
0
0
0
0
17202
0
0
0
0
0
114262
0
123543
0
0
0
0
0
9133
0
0
0
52540
0
0
0
104752
0
0
0
0
0
0
0
133087
95985
0
0
0
0
105528
116051
0
0
0
78087
0
0
0
29252
0
0
0
0
0
0
0
0
0
0
130010
0
0
95591
80512
0
0
0
0
100934
0
0
34522
123154
0
0
0
109728
0
119821
0
0
67891
0
0
30462
134776
0
0
0
0
0
0
0
0
0
118936
69143
0
0
49699
0
0
125240
0
0
31588
0
0
0
124049
96875
0
0
0
0
14256
0
0
128928
0
0
55833
0
0
0
69195
15142
105605
0
0
0
0
0
0
0
0
0
0
0
0
49986
97986
0
92446
0
102697
109808
0
0
0
0
58110
83732
103091
117947
94575
0
0
132011
0
0
0
0
0
0
0
0
0
71581
0
0
0
0
0
29494
0
0
0
0
0
101451
0
0
0
0
0
118774
0
0
97957
0
0
117474
0
91848
0
0
0
0
0
0
0
115244
0
31016
0
0
0
108646
0
0
0
0
0
0
0
0
120573
0
0
103930
0
0
0
0
0
0
0
0
0
0
0
0
0
113682
0
0
81982
0
0
0
105025
0
0
0
0
0
0
0
101420
0
0
10810
0
73263
63638
76065
66409
0
0
0
53295
0
0
0
0
0
0
0
0
0
0
0
95052
0
0
0
0
0
0
0
0
0
0
0
23202
70184
86151
0
8428
88980
0
63587
0
0
0
0
0
45205
0
0
137063
0
0
0
58461
0
26857
0
0
0
91751
129860
63885
0
0
0
0
109306
0
0
33693
0
108947
117606
0
65023
0
0
103475
0
0
58524
0
57242
0
0
102639
0
84125
18039
0
0
0
0
0
0
116356
0
0
0
120691
84879
95421
95035
0
0
0
115838
20273
0
0
68784
0
0
0
0
0
0
0
96769
0
0
0
0
0
28254
0
28017
0
0
0
0
0
117162
118368
0
0
0
112536
0
0
109715
0
0
0
0
0
0
0
0
0
0
0
0
0
0
100656
0
108229
0
0
128568
0
129475
0
0
0
21189
99606
0
0
0
75797
115324
0
101796
0
120799
0
0
40290
0
0
14148
0
0
55897
0
125053
0
0
0
0
0
0
0
0
0
0
0
0
96295
0
118483
0
0
99541
93052
0
0
0
0
0
0
0
0
0
38011
0
32756
0
0
96193
0
89196
0
34470
45375
66383
0
0
0
0
0
115212
0
0
0
0
0
0
0
0
0
126278
0
0
123603
0
112582
0
0
0
24890
0
0
125894
0
0
0
0
0
0
117180
82094
0
0
0
0
56166
0
61093
0
60515
0
0
0
58551
0
0
0
0
0
0
0
40903
110154
0
45391
108961
0
0
0
0
0
0
0
0
0
0
103734
130147
61851
0
137413
0
95014
0
0
83512
0
0
0
0
0
71880
0
0
0
0
128830
0
0
0
0
0
0
126556
0
0
0
0
122914
105163
0
0
0
98800
0
0
121929
0
133872
0
0
98660
0
0
0
0
0
0
75089
72721
0
0
0
129161
130175
0
0
0
0
0
0
0
0
0
0
0
0
0
0
0
0
0
0
0
0
143390
0
0
101822
0
0
65030
136392
0
118836
0
0
0
0
130820
75443
113425
0
90456
0
0
0
113284
0
0
71715
0
0
0
80929
0
0
0
0
0
0
0
82634
67477
0
0
0
0
117042
0
0
0
129477
0
0
0
0
0
81723
102780
0
97572
0
0
95162
128267
0
0
0
0
0
0
0
0
128504
0
0
0
0
101612
0
0
0
0
0
0
0
0
124242
0
0
0
0
114126
0
0
0
0
0
0
0
0
0
125108
0
0
0
0
0
0
0
0
0
0
118601
0
0
0
40026
0
0
0
0
98742
0
122028
88363
0
0
0
0
0
0
0
0
89082
118613
110334
0
0
0
0
94936
0
129327
0
42167
0
0
114137
0
0
120613
102873
0
0
0
136554
0
70622
122194
0
0
107461
129217
102134
0
0
0
125723
0
0
0
96540
0
139029
0
0
0
0
125794
0
0
0
0
0
128078
117132
0
0
0
0
0
0
0
0
0
0
57573
0
0
105288
117129
137279
0
0
0
0
100603
0
0
0
0
0
0
0
0
0
0
0
0
0
0
0
0
0
104456
0
0
0
61108
0
0
0
0
0
0
0
0
0
0
0
0
0
96763
0
0
121856
86151
0
0
21571
0
14731
126068
0
0
100690
0
109490
0
121766
0
43010
0
122207
99448
0
0
0
0
44704
76724
0
118489
0
69419
0
0
0
0
0
0
0
130940
0
98919
0
0
0
0
0
0
0
0
0
0
0
58564
0
0
0
46590
102089
0
97841
0
0
0
77641
22743
0
0
92160
0
0
0
0
0
0
0
92284
0
144066
85633
0
0
0
0
0
104640
66820
0
0
0
0
65523
104642
0
0
0
0
0
0
0
0
103053
0
0
0
0
0
0
0
57139
0
0
111442
0
0
30545
131669
0
0
0
0
0
0
0
51055
97340
0
0
0
131230
110287
137942
0
0
124750
0
105610
96638
0
0
121878
92280
0
137938
0
14032
114906
0
0
0
0
0
138955
0
68218
0
0
0
0
0
0
120436
109027
39078
132202
0
51665
0
128491
0
0
0
112622
0
0
131479
0
0
139145
0
119372
0
0
0
0
0
0
127220
0
0
110065
0
0
0
91320
0
0
0
0
0
0
0
0
0
0
43381
0
64114
0
0
0
72019
0
0
0
49703
0
0
0
0
0
0
0
71880
8660
130651
0
0
0
0
0
0
0
0
0
0
121958
37032
0
0
0
0
0
0
0
0
0
113830
38452
69231
0
115247
0
0
0
0
0
0
106778
0
0
64463
0
0
0
0
0
32752
0
0
0
105602
0
77719
36256
14261
87532
134592
0
0
0
0
50170
42140
0
0
0
0
0
0
0
0
0
0
108937
115175
45015
0
0
0
102879
0
0
0
105024
0
0
0
0
0
102835
0
64561
115681
0
0
34336
0
108748
0
124285
80069
0
87068
119730
0
0
0
0
61093
117934
92665
0
0
0
0
81569
0
0
0
0
0
0
0
0
122224
0
93661
0
59037
0
0
0
0
0
0
0
0
0
0
96091
0
0
0
0
0
101183
0
0
0
37221
0
0
0
0
0
0
0
0
0
125167
0
134858
0
0
0
127820
0
0
0
0
0
0
63674
0
0
0
0
0
63296
75426
135129
0
81306
0
13953
0
68367
0
107598
0
0
26166
0
0
0
0
0
100929
0
0
0
0
0
0
0
75163
0
0
106388
0
0
0
0
14233
0
16920
0
65756
0
0
125461
51831
0
0
0
0
87287
108172
0
0
0
104564
40819
0
0
0
0
0
78772
98873
0
30046
128857
0
100197
32136
0
0
119580
0
0
0
0
91293
0
65309
0
118769
78265
133190
0
0
112065
49848
0
0
0
0
0
138675
0
0
0
0
129536
0
65395
0
0
0
92829
0
0
93480
0
0
0
43721
111424
106634
0
92446
0
0
0
0
0
0
0
0
0
0
0
62547
103595
0
62147
0
38105
0
109725
0
0
0
94802
93676
0
126982
104163
0
0
44736
96866
0
0
0
0
0
80855
0
0
0
0
0
0
0
0
0
0
75506
0
0
133331
0
0
0
133176
0
0
132735
0
0
0
0
0
0
0
0
0
0
0
0
0
0
0
0
33518
87973
0
0
130518
0
41403
93274
0
0
0
0
120962
0
129263
0
0
0
128375
0
0
0
116896
0
0
0
0
0
0
0
109420
0
0
91739
0
62432
0
0
0
0
0
117165
0
0
0
119641
0
0
0
0
0
0
0
0
0
0
0
0
55991
83889
129791
0
103620
0
94312
0
13176
129819
119500
96866
0
0
0
0
0
0
0
69007
0
0
76892
131493
0
0
0
0
0
0
0
139533
0
119173
63504
0
0
0
0
0
0
0
0
92351
105225
0
0
0
0
0
0
0
0
137039
68672
0
0
0
0
55888
0
62482
13176
0
0
119352
0
0
0
89168
0
36091
0
0
0
0
0
0
0
0
0
66959
0
0
0
13261
0
99950
0
57481
0
0
47398
0
0
73410
70573
117455
26050
26627
0
0
0
0
98503
0
44514
0
0
119821
0
0
119455
96824
0
0
0
0
0
0
0
115873
115523
0
107639
0
0
0
0
78017
0
0
113024
0
0
0
122957
0
0
0
104506
0
0
124012
0
16892
0
37836
0
0
0
112811
135803
0
0
115149
133791
121877
0
0
107294
134131
0
84001
96918
0
0
118308
0
0
87732
86659
0
0
0
0
0
0
62008
0
0
52540
107564
78044
0
86805
0
97076
0
94575
111642
0
0
0
0
111337
0
0
0
0
60183
0
89008
0
135693
0
0
62432
90863
97875
0
0
52645
71182
82131
136404
0
0
0
0
0
0
0
0
0
57866
0
0
137307
84140
0
0
0
0
0
109204
0
31663
0
29491
0
90490
90490
0
0
100533
0
0
0
0
10298
0
0
118067
0
68358
0
0
0
83668
0
0
0
0
117195
0
0
108229
0
0
0
77851
0
104020
61912
41016
122568
0
95110
0
0
0
143604
0
0
0
95985
101383
0
100405
0
0
0
0
0
0
0
21965
0
101352
0
0
0
0
67684
0
0
133872
66780
75506
113992
0
0
0
0
0
0
0
0
52592
0
0
0
0
0
129804
0
0
108802
126925
38581
0
0
0
108648
0
0
104762
0
0
0
0
0
0
108488
0
0
0
0
0
0
0
0
0
0
0
0
0
0
0
0
0
0
111927
0
0
0
0
0
0
129161
110813
41839
121896
0
0
0
0
0
0
127457
31939
0
0
0
0
0
0
56291
65533
0
96579
108040
0
0
0
0
0
85287
0
0
0
0
0
0
0
65225
0
0
49635
0
0
0
0
0
0
113328
0
0
51143
70330
0
0
130275
100961
128096
0
0
0
0
77790
0
0
107183
0
0
0
0
0
0
0
0
0
0
0
114934
31180
0
0
0
0
0
62176
0
0
0
116436
0
0
0
0
0
0
120571
0
107707
0
0
0
0
0
74912
0
0
0
0
0
0
0
0
0
0
0
117909
110284
0
0
0
118817
0
0
48726
118296
0
140912
0
0
0
0
0
0
0
0
0
0
0
0
0
0
0
0
0
0
0
0
105395
0
63097
0
0
0
0
0
0
36274
0
129621
0
89543
0
0
0
0
0
42342
0
92422
0
0
0
0
0
115471
68306
115292
108248
0
0
0
94214
66832
108187
0
56597
59314
49690
121509
140871
0
0
0
76684
0
0
0
0
138315
0
0
0
104704
0
0
75797
112788
108092
0
0
0
128361
127521
0
0
0
0
0
0
0
65890
0
0
0
0
112068
0
0
140864
0
0
0
0
0
0
0
77599
0
0
89842
0
0
0
131407
0
0
0
105719
0
0
0
0
107735
0
0
0
0
0
0
109056
0
124404
0
0
0
102264
71776
121617
0
0
0
71198
0
0
0
0
0
0
0
35092
0
56395
0
0
0
0
0
0
66074
0
127781
0
0
64665
0
124718
111917
96320
126057
0
0
95176
0
0
108100
0
0
0
128865
83732
0
0
134381
0
0
0
0
0
0
124061
110503
