0
104573
0
92467
0
0
0
0
0
55823
129129
0
0
0
0
0
0
0
0
0
0
0
0
121156
60655
0
0
0
0
0
0
0
0
144155
0
0
131041
0
0
0
45343
0
123833
0
0
75179
0
134683
53528
0
0
0
0
0
0
0
0
0
0
0
95636
0
65065
0
66953
0
143706
52987
58819
0
0
0
31977
0
132427
0
0
0
0
102165
109551
0
0
125994
111722
0
0
0
0
0
0
0
80196
0
0
0
0
0
0
135522
0
0
0
0
0
0
0
0
118573
0
0
0
0
0
0
109676
113556
0
0
0
0
127461
0
0
77468
0
0
129369
0
0
0
116256
51296
0
0
73716
123288
121236
0
109801
0
0
0
0
95428
0
99846
0
23820
116567
0
127571
0
0
0
0
0
0
0
51791
0
0
0
0
0
0
70392
0
0
0
0
0
0
0
0
0
45251
0
0
88996
0
0
0
0
124610
101246
0
0
0
0
0
0
94751
0
0
98564
148900
0
0
41824
113679
0
0
0
0
118082
0
78982
0
0
0
122591
0
110332
132830
0
0
32963
54538
0
0
13818
101522
110950
127918
99246
0
0
0
0
0
0
93574
0
0
0
30974
0
0
0
0
127247
0
123054
0
70426
0
0
0
0
0
139758
0
0
0
0
0
0
0
31612
0
0
0
0
0
0
0
0
33352
0
36215
79133
71336
71834
0
0
0
0
0
0
0
0
73297
0
0
0
35467
0
68546
99072
0
0
0
0
0
0
0
0
0
0
47900
133937
0
0
0
0
0
0
0
0
61862
26109
0
0
65162
117038
0
0
0
0
0
0
107275
0
0
0
94477
0
0
0
0
0
57641
97561
0
127831
0
0
104582
0
0
0
108215
0
30163
0
0
103535
0
0
0
0
0
0
0
0
88185
118032
0
0
0
0
0
92402
0
0
127172
0
0
0
0
0
0
0
83192
0
120658
126857
0
0
96266
110330
0
116895
0
0
0
0
0
0
86303
25974
0
113828
0
0
0
0
0
131267
0
0
0
46814
84514
133139
0
0
26099
0
103731
0
0
0
0
112990
102172
0
0
0
0
107736
124494
0
118373
119143
48057
0
0
0
0
79512
112886
0
0
0
0
0
0
0
0
95319
0
0
0
34856
0
0
0
0
0
0
0
0
107186
0
115983
0
0
98321
0
0
0
0
23760
0
0
0
106270
126423
0
105996
0
0
0
0
0
0
0
0
93409
37237
125550
0
0
0
0
136445
114977
112447
0
47503
46610
0
79319
0
110908
0
0
0
0
111556
0
58512
0
0
0
0
109686
0
0
0
0
0
0
70776
0
108589
0
105952
56718
0
0
0
123264
0
0
73780
0
114003
0
0
0
75696
0
0
34232
0
0
0
0
0
0
0
0
0
0
134521
0
109592
0
0
0
0
0
0
0
78920
0
0
0
0
0
109430
0
0
140503
0
0
0
0
0
0
0
0
0
0
0
0
0
0
0
0
67295
0
0
0
36215
0
0
0
0
126303
0
0
20871
0
0
0
0
0
0
116721
0
94069
0
28179
37565
0
0
0
0
0
0
124247
57815
114803
0
0
0
0
0
0
132760
0
0
0
0
0
0
0
0
0
0
43275
0
131087
0
19012
0
110150
0
0
0
0
0
0
73365
0
0
0
0
0
0
0
0
0
0
0
0
0
0
0
113836
0
0
0
59905
0
0
71004
0
73803
0
9603
32265
0
0
129743
0
0
0
138500
0
0
0
104558
0
0
0
32873
0
0
0
0
0
0
127963
0
0
136849
0
0
72283
0
0
0
38001
128966
103294
0
0
0
0
0
121751
0
0
0
0
57439
0
114000
90498
0
133997
0
119870
33278
69654
0
0
0
0
0
0
0
0
139342
0
0
0
136988
0
0
0
0
0
124690
0
0
50283
0
0
0
0
112335
0
0
0
0
74326
0
110697
0
0
0
120990
0
0
0
0
0
0
0
0
0
0
0
32137
26688
74711
0
0
0
47118
0
0
0
0
0
0
122985
0
0
0
0
46077
0
38469
0
0
0
4976
72826
39107
0
113675
0
0
0
0
0
0
0
0
0
0
0
127702
0
0
98060
0
97075
0
0
0
0
64440
0
0
39195
0
77425
0
0
0
0
36672
0
0
0
101809
0
0
0
0
0
0
0
135008
142246
115301
0
138557
103708
0
0
0
49803
0
111783
136564
0
124140
0
101100
0
105970
0
0
94614
0
106061
139061
37575
58995
105272
0
0
0
0
0
109853
78165
0
0
38949
0
135158
0
0
85829
131501
132742
0
0
0
144070
0
0
0
0
0
0
0
0
108092
0
62182
138289
0
0
0
0
0
0
0
0
0
0
0
0
0
0
0
0
0
0
88185
0
93647
0
0
132011
0
0
144213
0
0
0
60333
0
37760
0
9375
0
0
0
125005
0
0
83393
0
0
0
0
0
0
0
0
0
0
0
0
0
0
24527
0
70240
0
0
0
11206
0
120889
0
0
0
0
0
0
0
0
0
0
0
0
0
0
0
0
0
0
0
0
0
0
0
96752
0
0
0
0
0
54944
0
0
0
0
0
0
0
59461
87582
0
106317
0
0
108131
142435
0
0
0
61545
0
0
21946
0
0
0
0
0
0
0
0
0
60332
0
0
0
0
0
0
0
12689
0
101979
0
108352
0
0
0
54126
0
0
0
0
47686
19995
31081
0
0
0
0
0
0
0
0
120180
99667
0
0
0
0
32405
0
0
102314
0
104673
0
90407
0
0
0
0
117049
103201
0
0
115879
45759
0
0
0
0
0
0
0
0
62238
0
66961
136387
0
0
0
0
0
0
29133
0
0
60965
0
61453
0
0
117511
0
0
106419
0
0
0
0
0
0
0
0
0
0
62871
0
93327
124949
40792
0
40598
0
0
0
37838
0
0
0
0
0
79547
0
0
58565
0
0
0
0
0
0
95905
0
0
0
0
103521
54087
0
106261
0
0
0
65377
0
0
0
0
0
0
54944
0
0
0
0
0
0
107983
0
0
70237
0
50691
127531
0
0
0
0
0
105280
101969
0
0
0
0
0
0
0
104214
123048
0
0
0
0
0
0
0
0
0
0
0
0
0
0
101756
48275
0
0
0
88350
0
0
0
0
0
51236
0
0
0
66486
97784
135091
0
0
0
0
0
32365
0
19995
0
0
0
0
0
0
37843
0
0
0
0
0
0
0
0
0
0
0
0
0
0
0
0
106896
0
0
0
0
0
0
0
31908
0
113787
0
0
0
0
101258
86388
0
0
0
0
0
0
0
10534
0
119991
0
0
0
0
0
81986
98887
132777
0
75495
0
0
116755
130565
0
0
0
0
90714
121524
0
0
0
0
0
131294
117824
0
0
0
0
39458
0
0
0
0
0
0
0
65931
0
115796
0
0
130819
0
0
133181
0
0
0
49266
53101
107023
0
102464
125823
0
68448
101876
0
0
0
0
0
0
59256
0
0
0
0
71815
0
0
98150
39341
0
134644
0
0
80232
0
104831
0
82032
0
101189
109490
92719
0
0
0
0
0
108013
0
0
83193
0
0
102004
0
0
103227
134454
0
0
0
0
0
119834
27202
0
0
0
0
0
109782
52742
94468
114853
108605
64952
0
138225
0
0
144038
95833
0
0
0
0
0
0
0
0
84569
0
104401
0
0
115911
0
103753
0
0
0
97606
0
0
57814
0
0
0
0
0
131247
0
0
0
0
0
0
0
146101
0
135559
111681
0
0
0
0
0
87116
0
149458
0
0
0
0
0
0
95542
0
0
0
65249
0
0
123917
129660
0
0
0
0
0
117164
0
0
65422
95833
0
78576
0
0
0
0
0
0
140897
122754
0
0
0
0
0
0
0
0
0
0
0
0
0
0
0
0
104624
0
104568
0
0
117047
0
100772
89403
0
0
37843
0
0
0
0
0
0
0
0
0
0
0
0
0
0
0
0
0
0
0
0
39646
0
0
0
139200
129234
0
0
0
0
0
0
0
75625
0
127803
0
123558
0
0
98861
76088
0
0
0
0
35817
26798
0
61306
0
0
0
0
128057
0
0
37389
0
0
0
0
0
0
0
0
0
41716
0
95351
128957
128227
90937
28564
0
0
105012
134952
0
82674
96054
38620
0
120413
0
0
0
0
0
0
0
0
0
38045
0
0
0
127101
0
0
0
0
0
0
0
0
0
0
0
0
47208
0
0
0
0
0
101182
135977
0
97925
0
0
58509
0
0
0
0
0
69924
136190
13734
0
116561
0
91775
74277
0
77302
0
0
0
0
38790
0
0
0
31875
120529
0
80088
0
0
127589
0
0
0
78425
0
0
134655
0
0
0
0
0
0
0
0
0
0
0
0
51236
115460
126728
0
48816
0
29683
0
0
0
49580
0
29491
0
0
0
0
114644
0
0
0
0
7602
75528
0
0
0
127489
44463
0
94468
0
100926
0
0
0
0
0
79275
0
0
0
121265
138704
106375
0
0
78020
0
129275
0
0
0
75959
0
19012
0
0
74452
134154
66366
43372
47680
0
0
106352
0
0
0
0
0
0
0
0
0
0
94251
131446
0
0
18477
0
0
0
0
0
0
0
0
0
0
0
0
142810
0
0
0
129941
0
22696
0
0
0
0
0
110068
128313
0
0
91561
0
0
109702
0
0
0
0
0
0
0
0
92775
140939
57757
0
108173
0
0
0
0
0
0
0
0
0
0
111056
0
0
0
0
130564
98720
129910
0
0
0
109429
0
0
112423
0
95115
0
67645
0
0
0
0
0
46939
0
131761
0
0
0
106477
0
0
0
0
74054
0
0
145927
0
0
0
70240
0
0
0
0
117659
0
0
99416
0
35142
63989
48204
0
0
0
0
0
0
0
109737
0
0
0
0
0
0
0
0
59770
114554
98506
0
0
0
0
0
0
0
110764
31562
0
95807
132011
0
71918
0
0
0
0
0
118412
0
0
33399
0
142274
0
0
0
109662
0
0
0
144960
0
0
138192
98091
130561
113552
116153
74356
105992
0
88794
127757
0
0
0
0
0
46654
0
0
0
108340
60537
0
104824
139308
137162
43865
0
0
148004
0
66266
0
0
0
125125
0
0
0
0
0
0
0
131130
101114
0
118719
0
0
0
94156
0
0
32904
0
0
108121
0
0
0
0
0
132306
0
132667
13238
0
0
0
0
0
0
47162
0
0
21668
143299
0
83337
0
0
0
0
0
115728
0
0
0
0
20472
0
51521
0
94934
0
0
0
0
0
68501
133503
0
136759
0
0
0
0
100991
0
0
0
95767
53659
0
38235
0
57106
127750
93333
0
0
76088
52498
0
0
0
0
14782
0
138686
0
107838
99855
0
0
0
0
139374
0
0
0
0
0
0
0
0
0
122619
0
76716
0
0
0
0
0
0
45684
0
0
0
0
74423
120464
58001
131893
0
103841
124706
0
0
0
0
119129
104477
0
0
127663
0
0
49207
0
0
60093
0
121080
79035
0
0
55765
0
104709
0
141607
0
0
99164
0
134656
0
0
0
0
0
0
0
0
0
0
82359
0
0
69148
41695
0
0
34590
72054
0
0
132740
0
120925
0
0
0
0
0
126706
0
78361
0
0
0
0
0
113326
134691
0
65060
0
95616
0
129075
0
0
0
0
102347
0
0
0
0
0
106894
0
0
0
0
0
0
93073
0
0
0
0
0
0
134688
0
128213
0
80362
0
0
0
0
0
0
37835
0
36738
136569
0
0
0
122730
0
124577
0
0
0
0
0
113177
0
0
129949
0
0
0
72036
0
0
126031
0
0
107274
60800
0
0
0
0
0
0
0
0
0
0
0
0
0
0
104060
0
98603
0
0
0
0
0
51976
70717
0
0
0
0
0
0
0
107773
0
0
0
0
122336
0
144361
0
0
100606
0
47554
0
107152
0
0
0
36408
0
0
103073
0
0
0
0
0
0
75569
132042
0
0
0
0
0
0
0
0
0
0
0
0
0
0
0
0
0
53508
0
11716
0
0
0
0
0
51305
0
0
62010
0
0
115687
0
104415
0
43194
31483
0
0
127656
87999
0
0
0
0
0
0
0
0
0
0
0
0
125117
0
0
0
108766
49739
0
0
0
0
0
0
0
0
0
77452
103972
0
0
0
0
142715
73818
0
0
41518
0
0
0
106239
0
0
0
0
0
0
0
0
0
0
0
0
132105
0
117567
0
0
0
139592
0
0
47138
0
75913
86270
0
0
121399
0
0
0
0
0
0
128465
0
0
0
0
106530
0
0
0
0
0
132638
56605
0
65648
38045
0
141943
0
68349
0
60023
108307
0
0
0
0
0
0
0
0
91526
0
0
0
0
0
91044
100206
125634
0
0
0
0
11292
116153
0
0
108459
0
110561
81674
0
115181
0
76144
125069
0
131780
0
0
0
134272
122127
131758
0
52672
0
0
0
0
0
0
37010
68264
0
0
0
0
129667
0
0
0
0
0
0
0
0
103285
0
78567
0
0
0
0
55062
0
0
0
0
15373
4544
0
0
0
0
0
92775
0
0
123408
0
57858
39112
51420
76305
0
0
61672
0
0
0
120109
73286
0
0
0
0
85913
52456
0
107472
0
0
0
0
0
0
0
0
0
107538
0
0
0
100729
0
0
105659
0
109956
98245
0
0
0
0
0
111649
0
0
0
0
0
0
0
0
106738
0
141446
0
0
0
104923
0
0
0
91309
0
141846
0
0
0
0
0
0
0
96610
60459
144168
0
0
0
0
0
129051
0
82901
0
137073
0
97561
0
92533
0
0
0
117160
0
0
0
0
130112
0
0
4544
131974
0
117401
0
0
0
0
0
0
0
0
0
0
108030
0
0
0
0
0
0
0
0
70753
0
0
0
0
134389
112550
0
0
97171
0
0
0
51126
0
0
0
134516
50824
0
0
0
0
0
0
0
95807
0
0
0
0
45566
0
0
130691
101742
0
0
130650
127642
113968
0
0
0
0
135254
0
78103
50765
0
0
136697
0
0
0
128998
137118
56359
0
0
0
0
0
0
0
125081
0
0
23689
0
0
0
0
97240
0
0
0
0
113154
0
91613
65122
0
0
0
0
0
0
0
129484
61348
125759
0
55960
0
0
0
0
121413
0
0
0
53249
0
0
120685
0
0
0
0
0
119586
0
0
109835
0
0
63728
0
0
0
79282
0
0
20871
0
0
0
0
0
0
0
0
0
0
84737
0
0
96492
0
0
0
80549
0
0
0
0
125352
58328
0
0
0
76778
0
0
0
0
0
0
0
122736
97318
0
129890
0
83774
0
0
0
0
27614
59799
0
0
0
0
0
0
0
0
0
0
0
0
0
0
0
107051
0
112178
0
0
0
0
0
29841
0
0
0
0
92746
0
0
0
0
0
0
0
0
108138
136576
0
0
110537
0
0
0
68482
120685
37583
0
0
0
0
97730
0
0
0
0
0
125196
47897
0
45684
0
0
118563
0
0
0
112990
0
34445
96367
0
0
120039
0
0
116911
0
0
0
0
0
55891
0
0
0
74932
0
0
0
0
0
0
0
0
0
0
0
0
0
97079
66213
0
0
0
0
0
0
120996
114173
0
128573
73447
0
0
0
0
0
47765
123058
123393
0
0
101756
0
0
0
0
0
0
0
0
55983
72705
0
0
0
0
20873
0
123256
0
0
0
0
0
0
0
0
0
0
0
0
132400
0
0
0
97183
0
141482
0
26849
0
0
0
0
0
0
0
0
0
0
0
52275
110851
91814
0
0
39093
0
0
0
105924
0
0
0
0
0
0
88514
0
0
0
0
0
9857
0
43133
0
0
42141
38932
120360
0
0
0
0
0
0
0
0
0
123773
59370
0
0
0
123559
0
67986
0
34365
0
127163
0
122856
0
0
107926
0
0
0
0
0
33587
0
0
0
141806
29133
0
0
58003
0
0
0
0
0
0
0
122350
0
0
0
0
0
58685
146960
0
0
0
35375
0
0
0
141694
0
71353
0
0
116894
0
0
0
0
134437
85317
65938
45907
0
35096
0
0
0
0
0
125106
0
0
0
0
46046
0
0
0
0
0
0
0
0
106713
0
113194
142783
63640
67986
0
45027
124494
0
0
0
0
0
0
0
0
0
118372
0
0
0
107258
114269
0
0
0
0
0
0
85965
134068
0
0
0
0
32188
0
50024
133348
0
0
0
65047
136936
0
0
0
0
0
0
0
0
0
0
0
0
0
0
0
0
0
52987
0
0
0
127509
0
0
119207
60043
0
0
0
141117
32126
97400
0
0
0
0
0
24083
0
0
0
0
0
97384
0
0
0
145906
106352
76361
0
0
0
0
0
0
0
0
0
0
0
0
0
121464
0
0
139411
0
0
0
14347
0
77741
0
0
0
0
0
0
0
36388
97320
105328
0
84744
0
0
83965
70776
0
0
0
0
105566
0
0
30764
0
64161
0
0
132406
0
0
0
0
0
0
0
0
41446
0
0
0
65427
0
0
84410
0
0
0
72495
62161
0
0
0
0
0
0
130536
85697
0
0
0
0
0
0
0
41695
0
0
0
0
110507
0
0
0
0
0
0
0
0
0
0
0
133693
0
0
40792
0
0
0
0
56778
0
108497
0
0
0
0
137774
0
73286
112655
0
0
0
37573
60490
53439
35833
98905
0
0
0
0
0
0
0
0
0
0
96340
139640
0
0
0
0
108265
0
0
0
0
98080
0
0
0
24719
0
0
95589
0
101240
0
0
0
0
0
0
0
0
0
0
0
0
0
52115
0
0
0
0
0
0
0
0
0
0
0
0
77556
0
0
0
0
0
0
0
0
48250
0
102368
134943
0
0
72903
127344
0
74218
69352
0
0
143080
0
0
0
104060
0
24773
0
0
0
0
0
105395
0
0
66076
0
0
0
0
0
40342
0
133035
0
0
62081
105924
0
0
93248
0
0
108090
0
0
114036
0
0
47686
125547
142694
0
102544
131016
0
0
105835
128761
77452
54317
0
0
107151
0
89511
123119
0
135597
104549
0
142246
0
115445
46268
45907
0
0
0
62974
0
0
19157
0
0
0
0
96844
88925
126337
0
0
0
0
0
145766
0
0
57687
133822
0
0
39012
74458
0
59821
0
0
0
0
61343
122092
75222
0
0
0
0
116018
109668
0
109262
80032
0
0
0
0
0
109107
122983
80367
0
0
0
78268
0
103336
145089
0
79865
0
86120
0
72401
0
40840
0
0
0
0
0
0
0
108257
49074
71785
0
113563
0
118801
0
0
0
0
0
0
0
0
0
100716
0
0
0
0
98099
0
0
0
0
0
0
0
78633
0
0
0
31302
122852
0
0
0
51623
0
139742
0
0
0
0
35646
118130
0
0
0
0
0
0
62266
0
135464
0
0
0
0
0
102104
106821
0
0
0
0
0
0
0
0
0
0
0
0
0
0
0
0
0
0
102636
0
0
50794
0
0
145511
0
0
0
0
0
89744
0
0
0
0
65290
0
0
0
75499
0
105975
0
0
0
0
0
0
0
0
0
0
0
0
0
0
0
0
0
0
0
0
0
0
0
0
0
0
0
0
93790
0
0
0
0
107989
60598
49266
0
0
0
0
0
0
0
99029
0
0
0
0
0
131650
0
0
0
0
95167
0
0
0
0
61943
0
0
0
0
126392
0
0
0
0
0
0
133289
105102
0
0
81101
0
0
60267
0
0
0
0
106278
0
0
0
0
123266
122331
37400
0
0
0
69690
103468
0
0
102873
0
0
85563
0
139877
0
0
0
0
0
70240
0
0
0
119609
0
0
0
0
112724
67490
62300
0
0
0
0
0
0
0
0
0
89650
0
0
0
135761
0
0
0
0
145855
49056
0
0
0
0
134953
0
0
0
0
0
11008
0
0
0
0
0
0
98283
0
109231
0
0
105654
0
40598
0
0
0
0
0
42616
0
0
47138
0
0
42749
0
126522
0
0
112691
0
0
0
0
0
0
0
0
0
0
0
0
132429
59780
0
0
145904
42012
0
108670
0
128662
51224
0
98416
0
126336
56280
97049
0
63812
47208
0
0
0
0
71924
0
122957
0
0
93530
93791
0
0
0
0
0
0
0
0
0
0
0
0
0
0
0
115597
0
0
0
0
0
138320
0
146142
0
138534
0
96517
0
0
0
0
89219
42910
0
0
54459
0
0
0
0
0
0
0
59991
0
139990
28837
0
0
0
141558
0
124979
0
97887
0
0
0
36174
39270
98975
0
0
55357
61816
127012
0
0
0
0
0
111655
129303
38273
71151
0
0
143000
0
0
135521
47084
0
0
0
0
105579
0
0
0
0
0
0
113729
0
106915
73074
75505
0
0
74616
0
0
0
0
0
0
0
131429
0
0
0
0
0
126028
0
0
137747
98080
0
0
97247
0
0
0
0
52030
0
45566
0
0
0
0
0
0
0
0
0
0
0
0
0
0
0
0
0
0
0
0
136663
0
0
138343
0
0
0
111636
0
0
0
0
149976
16625
0
0
0
0
0
0
0
0
99985
0
0
0
0
0
0
0
0
0
0
0
133060
0
0
0
47037
0
0
48611
0
0
0
122343
0
38232
0
88997
0
0
68045
0
0
0
0
131955
64501
0
0
0
0
0
0
0
0
0
104196
0
0
0
0
0
0
0
0
122091
0
84535
0
0
0
106994
0
0
112601
0
0
0
0
0
0
0
0
0
0
0
0
9383
0
124269
105805
0
81244
0
0
125818
0
0
0
103814
0
116633
0
0
0
0
0
85016
0
0
130559
30900
0
0
0
38158
0
96336
0
21366
0
46824
0
0
0
0
0
108501
0
110600
0
0
115332
70705
0
0
100645
0
47686
0
0
0
0
0
0
0
0
96184
78757
0
99344
0
0
0
104582
0
0
102317
0
92701
0
0
0
134401
0
0
0
0
0
0
0
78412
0
118465
0
0
0
117278
0
0
0
0
0
0
69242
0
0
99768
0
0
121992
104775
0
0
133051
0
98899
0
74423
103284
0
0
0
0
0
0
0
0
0
0
0
0
0
31793
0
132873
134699
112865
0
125550
0
78298
110190
13971
0
121566
0
0
89121
0
0
0
0
0
47503
0
0
0
71785
105749
133652
0
0
0
0
4976
0
0
29581
142203
0
0
0
0
0
0
0
60860
0
0
0
100219
0
0
0
0
0
0
52138
0
0
0
0
0
0
0
0
0
0
119179
9542
0
0
0
40622
103503
0
96991
0
0
0
0
122750
0
0
0
117182
0
0
95888
64981
0
0
0
0
100935
57635
0
105866
0
0
0
0
114794
0
0
0
0
89474
0
38532
115955
0
0
0
121575
34554
49056
86002
0
0
0
0
0
0
0
0
0
62238
0
0
0
0
116751
0
0
0
0
20530
0
0
122057
103342
0
0
0
130263
92746
145216
0
0
0
94123
0
48123
0
141503
0
0
0
0
0
0
0
0
0
0
0
0
0
0
0
133964
0
106256
0
0
0
0
72227
0
0
0
0
47543
0
0
0
0
0
0
0
69551
0
0
0
49975
0
0
0
144796
101257
0
91964
0
129789
0
0
101767
0
0
0
0
0
0
0
0
0
0
0
0
31490
79953
0
72304
101821
0
0
0
0
0
0
0
0
99919
0
118847
0
0
109302
0
0
105654
0
0
0
0
0
108605
37518
0
53868
143910
0
0
0
0
0
0
0
0
98687
0
0
0
0
0
73227
0
0
0
110575
0
0
0
0
0
0
24762
0
0
124122
89453
87941
0
14066
99355
0
0
89862
0
0
0
117453
0
0
0
85222
0
0
0
45572
0
0
0
56970
0
0
0
73365
72277
0
0
96440
0
0
62860
0
0
0
0
0
0
0
0
0
0
0
63718
0
0
133603
0
0
0
0
0
0
0
0
0
0
0
0
0
0
0
0
38131
96125
0
0
0
0
0
0
0
0
0
0
108812
0
128503
0
0
0
0
0
135261
0
0
0
0
0
0
46601
0
116877
107186
0
128249
126595
0
0
0
0
0
0
128278
0
0
91779
0
139130
0
0
0
0
0
0
0
0
48683
0
0
0
111707
0
0
0
108788
0
129354
0
0
110642
0
0
115529
133859
71483
0
36730
95833
0
0
0
0
0
75027
0
0
0
0
112439
0
0
0
131793
0
0
0
0
0
0
0
0
0
0
0
0
0
0
104624
0
0
0
0
0
0
100206
0
0
0
120936
33399
0
0
0
106575
0
0
12805
0
54920
0
0
0
126550
0
132163
116316
134388
0
29448
0
93674
0
113378
0
70909
0
104566
0
0
0
0
0
0
77823
0
0
0
0
101114
0
0
36155
91559
105703
0
36155
0
0
0
115051
0
0
0
0
0
0
0
0
135190
0
69793
120998
69625
0
0
0
36025
77079
0
0
0
0
0
104748
0
137817
0
124140
24230
0
100102
0
0
115844
0
0
73977
0
76802
0
0
120763
0
0
0
69431
26501
0
36732
117375
0
0
96340
0
0
0
0
0
136307
63355
93674
0
105542
135152
0
0
0
0
109834
0
0
0
137623
0
43318
0
0
0
0
0
0
0
0
0
0
0
0
0
0
0
0
0
0
0
0
0
116854
0
0
0
0
134020
58784
0
95850
0
132833
0
0
0
0
0
73450
139758
0
0
118412
70201
0
115119
0
0
48522
91229
0
0
0
0
0
0
0
23100
0
0
50416
0
0
101865
0
0
0
0
0
0
0
0
0
0
62597
102265
0
0
90764
0
0
76483
0
0
0
0
0
126202
56032
62941
0
136456
96979
0
0
0
0
0
126672
0
0
0
0
0
0
0
0
0
52058
0
0
0
0
0
0
0
117653
144162
0
110146
0
0
68844
0
39428
137571
0
0
0
0
77757
0
0
80291
0
0
0
0
68598
127409
0
0
0
0
0
0
0
0
0
0
63830
0
61465
0
94049
0
0
0
0
0
0
37237
0
0
117916
4976
118531
0
77079
127864
0
0
0
0
91983
50283
0
91272
0
0
0
0
0
0
0
0
77273
113673
92684
118357
0
60899
0
131195
128118
0
0
0
0
0
0
0
0
0
0
0
0
0
0
0
0
0
0
55146
0
0
0
0
0
46743
107516
65836
0
0
0
0
0
0
0
0
0
0
0
98369
0
0
0
0
66662
0
51088
72227
74184
0
0
0
0
0
70113
0
0
0
130330
0
0
0
0
0
0
0
0
81815
0
0
0
0
0
133576
0
130536
0
132913
0
0
71898
0
128432
0
0
94959
0
0
0
0
0
103806
0
0
0
0
41078
0
134539
0
107658
0
28332
0
0
0
31794
0
0
0
0
0
0
0
78957
0
0
33620
0
134516
0
127589
109336
0
145122
78573
0
48449
133597
0
107719
0
0
0
103403
0
0
0
0
0
0
0
0
129688
64846
0
0
0
0
79003
0
0
0
0
0
0
0
0
0
0
0
0
0
0
0
0
0
0
0
46706
0
0
135289
73712
0
132330
0
0
0
101966
120895
0
0
0
0
0
0
0
108297
0
0
79844
0
0
0
0
0
0
0
0
0
0
0
0
92107
0
0
0
0
0
51738
0
130649
115612
75989
134549
92108
0
79865
0
0
0
0
140329
0
111006
0
0
141482
0
59614
0
0
0
0
0
0
0
0
0
84076
0
0
0
0
0
0
0
0
0
78416
0
0
105755
97225
0
0
0
0
0
115237
107916
0
0
0
0
0
0
0
0
0
0
0
0
0
0
88017
37388
0
31697
0
0
0
85780
0
100964
0
0
110883
0
95167
137102
0
0
0
0
0
0
108907
0
117655
0
0
0
0
0
147381
0
0
83347
0
21765
0
0
0
52144
0
0
0
0
0
0
0
107653
0
135713
134708
106145
0
0
71044
0
0
0
0
97625
0
62182
38249
52213
93201
0
104813
0
59284
0
0
0
19157
0
0
51519
0
0
0
0
0
0
113346
0
0
0
139073
131464
0
0
0
0
127998
0
100081
0
0
139897
31532
0
0
0
142058
100503
0
0
0
0
128635
0
115879
0
41519
0
0
0
0
0
46001
0
0
53680
0
0
106822
126736
0
0
121767
0
0
0
0
0
0
0
0
0
46136
117973
0
0
48027
0
0
0
0
37960
102593
0
128544
0
0
0
0
130214
0
0
47035
0
0
0
0
127650
0
0
0
0
36868
0
38032
96202
0
0
0
65162
0
118751
0
0
0
36786
0
0
0
0
0
0
130520
0
0
0
0
128221
109431
0
0
55285
0
25408
0
27223
0
105901
0
0
109686
36909
0
0
0
106136
0
0
0
0
0
0
126237
0
0
0
0
0
0
0
0
0
91023
77390
0
0
0
112696
65678
141218
110455
0
0
0
0
0
55700
116452
0
130423
137892
0
23689
105128
137344
0
0
0
0
0
0
0
0
0
0
0
0
0
0
0
0
0
0
88071
0
0
0
108051
0
0
0
103583
0
90954
37998
0
0
26501
0
143563
53934
38202
0
0
0
0
0
100670
0
132495
0
0
109414
0
0
0
39792
0
0
0
0
0
0
98892
40822
125942
0
110849
0
0
121135
0
0
0
0
47671
0
0
0
0
0
0
0
0
126485
0
0
77547
0
0
0
0
0
0
0
134343
0
0
0
65204
0
0
0
0
0
107591
0
0
107235
0
0
0
0
51507
0
0
0
0
0
114163
0
0
0
0
34420
40312
0
0
0
0
64410
118487
0
0
0
0
108231
105761
88756
0
0
0
49207
0
0
0
0
0
129500
64036
0
0
0
38854
0
0
0
0
0
106404
95781
88039
18477
0
0
0
0
0
0
0
103916
0
0
0
0
0
0
0
0
132947
0
0
0
0
0
0
0
0
0
0
0
0
0
0
0
0
0
0
105524
0
131415
45324
0
0
0
47396
108006
102632
126470
0
0
0
78619
0
0
0
0
0
0
50420
98343
0
101675
0
0
0
0
0
45237
0
58365
0
0
93891
117185
0
97639
0
34981
0
0
39676
29789
73704
0
113229
0
0
0
0
0
0
0
0
0
0
0
0
0
0
0
116014
0
0
123649
0
0
0
0
110063
0
0
0
19012
0
0
0
0
0
0
0
0
0
0
99573
0
0
68232
53829
51397
82689
118268
58459
0
0
0
0
122243
0
133283
0
0
0
0
0
0
0
0
136301
128840
70524
0
0
0
0
0
0
0
0
0
0
88922
105837
0
0
0
9375
98834
0
40113
39853
0
0
0
56664
0
0
0
133029
0
0
0
115306
129369
0
119970
0
0
0
127037
0
0
0
0
95923
0
0
0
0
0
0
72186
0
0
0
0
0
0
0
0
61623
0
67347
0
0
0
102809
0
0
0
0
0
21366
0
0
135634
0
98535
0
99430
117682
0
0
0
0
0
137043
0
0
0
0
0
0
0
0
0
0
131778
0
0
0
75533
0
0
0
118335
0
0
41992
0
0
0
0
0
0
0
0
0
0
0
0
45907
0
0
104856
0
0
0
118703
0
0
0
39676
0
142670
0
0
0
0
0
100647
0
0
0
65931
0
0
81836
0
0
118331
125259
0
97943
107253
0
58138
0
0
0
97930
0
0
103264
134947
79412
140506
0
100387
0
0
0
0
101940
0
0
0
132673
126392
0
0
140055
40149
47787
0
0
61179
0
0
0
0
103453
0
0
0
0
0
0
0
0
118937
50026
0
0
0
111454
0
134518
0
82150
0
137735
61782
0
0
18477
100757
0
37168
0
131531
0
0
134849
0
0
0
0
0
0
0
131504
0
0
0
0
104582
113292
0
0
53659
140569
0
103021
0
0
100563
0
0
53249
94780
28332
103909
135579
0
0
23154
0
0
0
0
0
94269
0
86827
0
0
0
0
61507
0
71719
82133
0
0
0
0
56359
0
0
0
0
0
25912
0
0
0
0
68169
0
0
0
0
131381
90806
0
0
0
0
0
134747
0
82793
119970
97930
108692
0
136872
0
0
0
70107
0
0
0
0
99907
0
0
0
0
126020
0
0
0
0
0
0
0
0
0
0
107802
0
109965
0
0
0
141629
0
0
0
0
86472
111017
0
0
117099
0
0
0
0
0
0
0
94357
20336
46166
0
0
16441
0
0
0
0
28465
0
0
0
0
0
0
0
0
0
0
0
0
0
110212
112432
96258
0
0
0
0
0
0
0
0
0
0
0
0
0
0
0
0
0
0
0
0
88683
0
0
0
0
0
0
0
116719
132123
0
59345
0
76088
0
0
0
131818
0
0
0
0
0
0
0
48250
0
0
104166
0
0
0
112415
0
0
0
0
0
0
0
123780
0
0
0
72243
98663
0
0
0
0
0
0
0
0
0
0
56048
0
0
0
0
120885
124979
0
32771
70100
0
0
0
133568
0
0
0
0
0
105301
0
0
0
0
0
49628
0
133629
0
0
0
58349
0
0
0
0
0
93808
71235
0
0
0
0
85698
0
79171
101809
0
0
140454
0
0
116550
0
0
116854
0
0
0
0
89163
0
0
122853
0
117432
70489
0
128420
0
92344
0
0
0
0
0
0
133701
123058
0
57010
0
0
0
0
0
0
0
0
12805
128105
0
0
106965
0
0
122512
0
115143
0
0
126247
0
0
0
40045
105542
105789
61672
130135
87225
0
93820
0
124016
0
144264
0
0
0
62793
0
0
0
0
0
33894
116642
0
0
0
0
0
0
45832
119970
88837
97707
0
0
0
0
76567
79801
140479
0
0
0
53514
0
45907
141906
0
0
0
0
0
112696
0
0
0
116577
0
0
0
0
0
0
0
0
36282
0
72020
74513
0
0
0
0
0
0
0
0
0
50482
0
0
130918
94538
0
88980
0
0
0
0
131221
0
0
0
0
0
0
72536
0
0
0
0
0
106712
0
0
0
0
0
138848
88514
0
0
0
0
50703
0
100294
0
0
0
107424
39175
0
0
101314
0
0
126889
0
0
0
129254
0
0
0
0
102759
0
71827
0
0
0
110098
0
126513
0
0
0
0
84652
121959
0
0
0
0
0
0
0
0
0
116784
0
0
130865
0
0
0
36951
0
0
0
101249
0
87001
0
0
135438
0
0
0
0
0
100387
0
0
0
0
0
0
0
106727
112871
0
95881
118022
0
120489
0
0
0
0
0
68690
0
108974
74327
0
129984
0
0
0
0
0
121143
0
0
0
84536
0
0
127570
0
66103
0
0
0
0
0
0
0
0
47280
0
102172
101798
0
0
76501
0
0
0
129032
96112
0
95111
0
107916
0
0
0
0
0
58031
0
52742
69796
0
0
0
0
0
0
30674
0
0
66535
0
0
47162
0
33399
0
0
0
131513
0
0
128987
0
0
39792
0
0
0
0
0
0
0
37332
0
0
0
0
137082
135866
0
0
0
0
0
0
0
0
0
0
118339
0
123436
0
0
122020
0
0
126692
0
0
0
0
0
0
55285
0
0
0
0
0
0
0
0
118654
103592
0
0
91859
0
55104
120501
108586
61344
0
98849
0
57119
138462
0
62706
0
110590
0
0
66313
101476
9051
0
0
0
0
0
130649
0
0
140267
80057
0
0
0
0
0
0
0
0
0
0
61034
114159
0
0
0
116340
0
0
0
0
64063
0
131501
0
0
113557
0
0
111817
0
0
95585
0
64612
0
38532
32180
0
0
0
0
0
75515
67663
0
137013
0
94359
131075
37189
0
59991
113784
0
68731
48972
0
110881
0
118881
75716
0
0
0
0
0
0
0
0
0
34866
0
84855
62979
0
0
0
67986
0
0
0
0
0
0
0
103492
0
0
0
0
0
0
0
0
61429
122475
0
0
131293
0
0
0
0
0
0
0
48204
0
100042
105023
0
92929
0
0
63578
140054
0
0
0
0
0
31401
0
0
0
55508
0
0
0
0
105936
0
0
0
0
0
0
0
0
0
0
0
100899
0
0
0
0
0
0
0
0
0
0
0
0
0
0
0
0
0
0
123393
0
0
0
0
59277
0
0
132734
78667
0
0
0
0
0
0
0
0
0
0
0
0
0
134899
0
135262
0
0
125980
0
0
0
0
108103
0
0
95464
0
0
0
73297
49335
0
142760
0
118688
0
104721
0
98996
96687
0
0
0
0
0
0
0
0
0
0
0
0
0
0
0
0
0
0
0
0
87689
0
0
0
33705
0
0
45566
72423
0
45998
0
96756
0
0
0
0
62345
0
128645
0
0
0
0
0
129639
0
69356
0
0
0
0
0
104582
68232
0
0
0
0
0
0
0
71303
0
25974
0
0
143344
0
121603
0
142481
38789
0
0
0
92242
0
0
0
0
74652
127210
0
0
50416
77931
0
0
0
0
0
0
0
123293
51072
0
0
0
0
0
0
37664
0
0
138095
141230
91354
0
0
0
0
112583
0
0
107567
0
118849
0
0
0
0
0
0
0
0
0
39792
0
0
106356
92971
35033
105749
147946
0
46720
0
98966
0
70848
136691
0
0
0
0
0
0
0
0
0
0
123177
0
0
0
139680
0
0
66701
0
0
131698
0
0
109097
0
31797
0
0
0
0
112805
13511
0
0
0
0
0
0
46715
0
0
0
35507
0
0
0
0
0
0
90556
0
52706
115438
0
0
0
0
0
147124
0
0
143191
0
0
0
0
0
0
129092
0
0
0
41773
102521
127565
0
0
0
70587
0
34590
0
0
89452
0
99422
65503
0
0
0
108581
117667
50951
0
0
131371
122002
0
0
0
0
0
0
0
0
0
0
0
0
0
129118
0
0
0
7237
91452
130646
0
0
0
0
0
0
0
0
77157
0
0
0
35074
100081
0
0
0
0
0
0
0
0
111767
0
106392
0
0
0
0
0
0
0
0
101022
0
0
0
0
0
0
0
58469
0
0
104166
0
130730
0
0
0
0
0
0
0
0
0
0
0
58072
0
0
33279
0
0
0
0
44984
0
0
0
0
0
0
0
0
0
0
140125
0
0
0
0
0
51846
49903
0
0
0
14155
61009
128329
0
0
0
0
0
114777
0
0
88869
60171
0
0
100083
0
0
0
0
0
0
0
0
0
0
76155
84737
0
0
0
0
50515
0
0
0
0
0
115143
0
122237
0
0
95066
0
136679
0
0
49803
0
0
107420
76767
0
0
91117
0
0
129811
131609
0
0
0
0
138455
0
0
0
56817
139441
127664
0
72974
0
0
0
0
0
107379
101751
0
0
0
0
0
0
62549
0
0
93513
0
139365
0
0
0
0
0
96491
0
130168
78927
0
0
25797
0
0
0
0
0
142571
0
0
0
0
0
135157
101348
0
46263
0
0
9522
55481
150167
0
0
0
0
0
0
135430
0
0
38985
0
0
0
98665
115909
0
0
0
0
0
118923
0
0
0
14149
0
54845
0
0
0
0
0
0
0
49103
0
0
0
0
0
0
134030
0
0
25306
102732
0
0
0
0
0
0
0
85171
118357
0
0
0
0
0
92786
0
62443
103076
86135
0
0
0
133420
0
0
0
0
118881
0
0
71782
0
0
0
149081
0
0
0
0
59991
130307
53174
92918
0
0
0
0
0
0
0
0
0
0
79934
0
0
41519
0
0
0
0
0
0
0
0
0
0
0
110839
32961
0
0
0
0
0
102984
0
0
102240
0
0
0
93216
0
0
0
0
0
0
0
0
135691
0
0
0
0
124163
0
0
0
137559
0
57502
0
130962
0
0
86428
0
0
0
0
0
0
63298
0
0
0
0
135031
0
0
0
0
0
0
72767
55118
0
0
90736
0
112319
0
0
0
30900
0
0
0
0
92861
0
0
0
0
0
0
0
0
123309
0
53575
0
0
0
49462
0
0
0
0
0
48562
109234
0
0
99627
0
0
48730
30900
0
0
94049
35814
0
0
0
0
0
0
0
105729
72025
0
107934
86875
0
0
0
0
64202
0
0
0
118477
0
0
0
0
0
0
0
49266
0
40291
0
0
0
0
0
0
0
107895
0
0
73860
0
0
0
0
0
0
0
135985
0
0
0
0
0
0
115862
0
122736
0
0
0
0
0
68002
0
140516
0
127255
0
136525
0
143120
0
0
0
33096
0
0
104402
0
0
79787
78370
0
0
0
0
56884
0
0
0
0
77229
35217
0
0
94877
0
76838
0
0
0
0
0
0
74175
62381
33850
0
0
108034
131016
0
0
0
0
0
0
0
0
0
0
90947
0
0
143222
0
88996
0
101817
0
0
0
0
0
0
0
0
0
0
76376
0
0
36367
0
0
0
0
0
0
0
0
0
0
0
0
124854
139136
0
0
108346
68448
0
106061
114294
98992
0
0
15181
0
24762
0
0
0
0
0
0
0
0
0
0
52500
0
110603
0
0
0
0
81515
0
0
0
0
0
0
0
0
0
0
0
0
133831
0
0
0
0
0
0
136128
0
83690
0
0
0
41695
64682
0
30099
0
0
0
0
0
0
108287
0
0
0
133750
0
0
140538
0
0
0
0
0
0
0
77010
65476
0
0
0
72836
94771
0
102858
66127
0
0
0
0
0
0
0
0
0
0
50883
0
93121
121188
0
119913
0
0
0
0
0
138776
0
0
0
68760
0
0
0
0
0
119509
0
0
0
103418
0
75117
0
0
0
134708
0
0
0
0
0
0
0
0
0
0
0
0
0
0
0
46100
80228
67243
134381
0
0
44944
0
0
0
62714
0
0
0
109113
0
113243
0
16977
0
0
7237
103639
0
92862
0
0
0
0
0
0
0
0
0
0
105193
138754
96513
0
0
103401
133431
35278
0
0
0
0
75573
0
0
0
79606
0
76215
0
0
0
0
0
123246
0
48389
0
0
0
0
0
70966
0
0
0
19809
0
0
0
0
0
88379
0
0
26490
0
0
0
0
65871
0
55325
116058
0
0
57061
0
0
0
0
0
0
0
0
0
0
0
80845
98026
0
0
0
121076
0
129215
95494
0
0
0
37518
140876
0
0
87949
0
28491
0
0
0
0
135679
0
98753
130631
0
28690
0
91310
0
102732
0
0
134859
0
0
0
0
0
0
0
0
127722
0
0
0
0
0
0
109396
0
0
0
51961
0
116267
0
38949
0
51961
0
0
0
0
66041
0
0
0
0
97079
0
0
0
0
0
0
0
0
62561
66306
0
30900
0
0
47084
0
36282
48403
0
0
0
0
0
0
128063
0
0
0
15908
51001
0
0
0
0
0
0
86408
0
0
58925
0
0
26720
0
0
0
0
141064
0
131016
0
130464
72546
0
0
21366
0
0
0
0
0
0
0
0
86097
0
0
0
54935
138507
94894
130735
0
0
100911
0
41917
0
95881
125616
0
0
0
0
0
94504
0
0
0
0
0
0
140006
90877
40157
0
0
0
0
0
0
0
0
0
0
0
0
0
0
126897
0
0
0
97400
124226
0
0
0
0
0
0
0
76882
102148
50079
0
0
0
109419
99033
0
0
138518
0
81218
0
0
117865
0
0
0
0
108649
0
0
0
40156
0
0
0
0
0
0
0
0
130967
0
135064
94300
128512
0
0
0
0
0
0
0
0
50287
0
0
138650
0
0
0
131662
0
0
0
0
0
0
0
0
0
62714
75964
0
0
0
0
0
103282
0
0
132803
0
97464
62208
103212
0
0
0
0
0
0
94874
119169
0
0
75192
0
38175
0
0
0
70477
0
0
135609
0
0
57198
0
0
0
0
0
91886
0
80638
0
0
0
0
116086
0
0
0
76446
4544
0
0
0
0
0
0
0
0
0
0
0
135066
0
0
0
0
0
0
0
0
0
0
0
0
0
0
0
0
0
0
0
0
4976
0
0
117445
0
0
0
0
116199
0
0
0
40045
0
124631
37998
0
96691
122194
0
128473
0
24643
42472
0
0
0
0
0
0
97793
0
0
0
0
0
65284
0
0
0
69284
0
0
0
0
0
0
0
0
0
0
0
0
31258
0
51203
0
96193
0
127468
0
0
0
0
0
133239
112926
0
0
106927
30900
0
132572
0
126671
0
0
86976
88695
0
0
0
110484
0
96112
45998
0
0
0
0
0
107004
80554
0
0
0
0
0
0
0
0
0
0
0
102702
0
0
49160
0
58819
130164
82929
0
0
0
0
0
0
0
0
131899
0
47368
121278
0
106011
0
0
0
0
0
0
0
0
0
0
64278
0
93289
0
0
0
0
113637
0
0
0
0
0
0
46186
0
0
0
0
0
0
0
0
56297
0
0
0
0
49239
77930
0
123095
0
0
0
0
0
0
0
110469
0
0
0
52377
0
0
126282
0
98421
0
0
0
0
0
0
30257
0
0
0
0
85713
0
0
31222
78788
0
0
144630
0
0
0
0
0
0
0
35738
100306
0
101074
0
0
0
0
0
0
0
0
0
0
0
109254
0
0
0
0
107405
0
0
109936
0
0
0
24729
0
72823
67806
0
0
0
0
0
28690
61166
0
34185
0
0
73046
0
0
45219
0
61975
29841
0
0
14762
0
0
39452
0
0
35074
96696
144299
0
75662
65048
0
0
127105
0
0
0
0
0
138100
0
25131
0
107355
0
0
90248
32731
0
45237
109205
0
0
0
0
0
0
0
0
0
0
0
104208
0
0
132223
0
0
0
100637
0
82596
0
105761
100730
0
0
0
10642
76443
78942
0
0
0
0
0
38949
0
0
0
0
0
78330
0
0
0
133863
14997
0
0
95694
0
0
0
0
0
0
0
0
0
0
0
0
0
114801
0
110899
0
0
0
0
0
0
0
0
0
0
0
0
50099
0
0
0
0
0
127354
0
0
0
57789
0
0
92590
7237
116726
0
0
51270
0
0
0
0
129661
0
0
0
86893
0
0
0
0
112641
0
0
0
76432
0
93087
0
130575
0
0
0
0
0
81809
0
0
0
0
0
73227
0
101022
0
0
77069
0
0
0
0
0
0
0
0
95922
0
122437
0
0
0
0
0
0
0
0
0
31137
0
55294
0
0
0
0
0
0
0
67913
0
69328
110336
103635
0
0
0
0
0
65692
0
0
0
0
0
0
0
0
0
0
0
0
34501
0
0
95232
19995
0
0
0
0
0
0
0
0
0
0
0
0
0
0
138966
0
0
100483
130192
0
0
118189
0
0
0
49056
0
0
0
0
0
0
0
136144
94172
83514
0
0
99788
0
0
0
0
0
0
0
0
0
130707
0
116391
0
0
121868
0
10534
0
0
30099
0
0
0
0
0
0
0
0
0
0
0
108368
0
0
0
0
77199
0
0
0
0
0
0
37559
0
0
0
0
0
0
0
20423
0
55945
0
127457
134886
0
0
0
0
0
0
0
0
0
135783
0
59033
55233
0
0
0
0
0
0
137921
0
0
53307
0
0
0
0
0
0
0
0
0
103707
134132
71954
0
0
107381
0
0
0
0
38235
0
0
127513
0
0
0
0
38854
102014
0
0
0
0
133310
0
0
102993
0
21246
0
0
30590
0
0
0
26041
0
91014
0
13548
0
0
117790
0
0
0
0
0
73431
0
0
0
0
120666
0
0
0
86670
0
0
130848
0
48962
118331
0
0
0
0
0
36112
0
137415
42605
0
0
99976
0
0
0
0
46601
0
0
148165
12349
0
0
0
34105
0
0
134818
0
0
93471
0
0
0
0
0
0
0
0
19658
0
31137
0
93103
128671
140698
0
126271
0
0
0
0
0
0
65167
0
0
104582
0
0
130545
98885
0
105427
0
66576
0
21668
0
0
0
0
0
100730
0
0
0
0
0
0
0
0
64033
0
0
0
143915
18622
0
0
0
0
0
0
0
0
63919
0
0
120068
0
0
0
59991
0
0
0
0
109495
0
94923
79191
0
0
0
125543
0
0
0
128194
106352
0
95776
106696
82279
0
0
0
97451
0
0
0
0
0
0
0
0
0
103248
0
138187
114125
78648
117875
0
0
130341
0
39635
0
78982
60878
111971
96478
0
0
107094
99922
0
0
0
123217
0
0
0
109369
0
0
0
0
0
0
0
0
0
0
0
0
100922
0
0
0
139580
0
95652
92901
0
132411
78469
103104
0
114311
0
0
0
129272
0
0
0
0
0
0
0
0
0
0
0
0
119441
141592
0
0
0
35779
0
0
48652
0
49994
0
130743
0
68855
0
114261
0
0
0
0
0
0
72845
0
0
82192
93347
0
36706
0
0
0
0
0
0
99017
0
95956
0
0
0
0
0
48427
117220
0
0
0
122814
98173
0
124715
0
0
133891
0
143299
0
0
0
131639
0
0
60800
0
0
73984
0
37172
0
114595
0
89239
0
0
88445
74686
0
58810
0
0
55478
78360
96255
0
0
0
0
0
0
0
0
0
0
0
0
102584
65656
0
0
29801
0
0
116714
0
0
0
0
50348
0
0
0
0
0
0
102231
0
115745
0
0
0
71178
134899
0
113493
0
0
38949
0
130213
0
50416
44175
0
0
0
0
0
0
113057
0
0
0
75448
0
0
0
0
35948
0
0
77418
44748
0
0
95467
0
64191
128674
0
0
0
0
0
0
0
33299
0
122430
115744
67004
0
0
116153
0
0
76414
0
0
130557
0
72020
0
121410
0
123400
0
0
0
0
0
0
0
0
0
0
0
0
0
0
0
0
0
0
0
144186
0
0
0
129627
86255
0
0
0
0
76144
0
138817
0
0
144481
0
74652
123286
77878
0
0
0
30376
0
0
0
136503
0
0
0
0
0
0
0
0
0
0
58759
114371
109620
0
0
0
0
137571
40156
0
0
0
0
0
91816
0
0
0
121856
118335
0
130001
0
0
136175
0
0
0
0
0
99934
118838
0
0
0
0
0
0
0
0
0
0
0
0
0
59198
74277
0
0
0
0
0
0
32498
0
85697
0
0
0
51973
12689
0
0
0
31357
89290
0
0
0
0
124063
0
0
0
94873
0
0
116924
0
10328
0
56310
0
0
141613
74818
0
0
73391
39164
0
0
0
0
0
0
0
0
0
0
0
0
88090
0
0
113693
127358
0
54629
0
0
0
0
89996
16977
70362
0
124254
0
0
0
51238
0
0
0
101145
0
0
78858
0
0
0
0
0
0
129032
0
0
0
0
0
0
0
30324
53379
0
0
0
0
0
100321
87274
127351
0
0
0
0
114294
0
0
108673
0
31697
0
0
0
0
46680
0
113814
0
0
0
0
54454
128145
0
0
138633
0
0
0
0
127670
0
0
0
0
0
0
0
134579
0
67713
0
0
0
0
111531
0
0
0
0
0
0
0
0
0
129822
0
98667
0
0
0
0
0
0
0
