0
0
0
0
0
0
0
135243
0
0
0
0
0
0
100202
117791
0
0
0
93806
0
102033
144937
50132
151739
0
33363
0
96293
0
0
139192
0
0
105123
118545
0
83246
110900
0
0
0
0
136971
0
0
93160
0
0
0
0
127641
0
120974
0
0
90188
151413
99587
0
29735
147412
0
0
0
69666
0
0
0
0
0
0
0
0
47025
0
0
0
0
0
0
0
0
4705
0
0
107345
0
0
0
65407
0
98909
0
0
0
0
0
0
0
0
61783
0
0
0
0
0
0
0
0
0
130395
109211
115429
0
0
103988
0
0
67436
112408
0
0
0
0
0
0
56014
41667
0
0
0
121474
78687
105972
118704
0
0
0
146274
0
0
105385
0
0
0
126907
0
47145
0
0
0
0
0
85184
0
0
0
0
0
0
0
62754
108272
0
0
0
29783
0
0
0
0
0
114876
0
0
0
0
0
0
0
59365
0
0
0
0
0
0
77016
0
0
0
0
0
145912
0
39952
0
0
47795
123375
0
0
0
0
0
0
0
0
0
0
0
0
0
0
0
0
0
0
110995
115408
0
111936
0
0
0
0
0
0
60879
0
0
83987
57523
0
124978
0
0
0
155935
0
132735
0
0
0
0
119049
0
0
0
0
0
0
144806
0
0
146604
0
0
0
0
0
0
0
0
0
14948
0
0
72728
0
0
0
125398
0
0
0
0
0
0
0
0
0
78447
99713
0
0
65667
0
0
104456
67231
67576
64615
0
0
0
26051
120892
0
110635
0
0
63026
0
0
0
0
0
123410
0
0
0
0
0
108386
0
0
136215
0
0
0
0
0
0
0
0
0
0
0
28911
0
0
0
131065
0
0
65827
62162
0
117517
0
0
0
0
0
0
0
0
0
0
0
0
100221
115825
0
0
0
0
0
0
0
0
0
0
0
0
0
31232
43840
0
0
76477
0
0
0
104529
0
0
0
0
108223
118967
0
0
84301
0
82069
0
0
109701
0
0
0
0
0
0
0
0
111134
0
106915
0
124876
0
0
0
148507
0
0
0
0
0
0
0
0
75025
0
47137
0
0
0
142502
0
0
0
145075
0
0
0
0
54298
0
0
0
42482
0
0
127790
77034
0
76090
0
0
0
0
0
0
103412
114589
0
69827
0
0
59858
0
0
0
70383
0
0
120406
153690
116346
84960
0
72273
63287
108555
0
0
0
0
12687
28496
0
0
0
0
0
0
106935
0
61976
0
0
0
92116
0
0
0
125506
0
0
0
0
0
0
136410
68974
126607
0
0
0
0
0
0
0
141324
0
0
0
0
0
0
52590
57907
0
121330
0
0
94223
0
0
110251
0
0
0
0
138953
0
0
0
0
0
0
0
0
76760
118837
0
0
0
0
0
93295
0
46606
0
0
0
0
0
122217
0
0
0
0
0
77728
95390
0
0
0
0
143443
0
0
139491
0
0
0
0
0
137076
0
0
0
0
0
0
0
0
137176
0
0
0
0
79131
114658
115727
82864
0
0
126170
0
123335
0
25645
0
0
0
0
14342
0
0
0
0
0
0
103381
0
108211
0
61958
0
97790
0
0
154122
0
80443
0
0
0
62263
0
64311
0
0
110898
0
0
0
0
0
107455
47743
69419
0
117465
0
129850
0
84003
0
0
0
0
0
0
0
0
0
0
0
59706
122900
0
0
149160
115232
42846
52418
139426
0
0
0
56058
76890
34966
0
0
0
143602
0
0
0
130350
0
0
0
0
0
0
0
111639
0
0
0
0
0
0
0
0
68483
114125
117263
0
114809
148392
0
0
0
0
0
0
0
0
0
0
0
0
0
0
0
0
113785
0
0
0
51492
66760
0
0
0
0
0
0
0
142774
0
61396
0
0
0
0
0
0
0
122634
89747
29869
0
104287
0
0
0
0
117428
0
0
0
103242
0
0
0
0
0
107930
0
69613
0
122774
42068
0
126118
0
0
0
0
0
0
0
0
0
0
0
95684
58771
0
0
0
19526
0
109484
0
0
110059
45473
0
0
49132
0
41649
0
0
0
121273
0
0
75788
0
86780
0
0
151331
0
0
0
0
139866
109890
0
105015
0
0
0
0
0
0
0
108382
0
116886
115623
0
0
0
0
0
0
0
0
54619
0
0
0
0
140619
84140
0
0
0
65332
0
0
0
0
119412
0
0
0
86758
0
61415
55900
114549
0
0
136265
19233
0
0
0
0
141625
0
58626
142811
0
0
0
118837
0
0
123737
0
21178
38769
0
141641
0
6551
0
0
0
0
0
0
0
0
0
0
0
66424
108344
0
104079
0
73824
0
125339
0
0
0
0
0
0
0
137489
0
127988
0
118962
0
0
125386
0
0
29354
149673
0
0
0
0
0
0
0
0
125292
0
101464
0
0
0
104967
0
0
122882
98964
0
71146
0
0
0
0
140343
0
0
0
0
0
0
0
0
0
104055
123177
0
0
29608
66512
0
0
0
0
80484
0
117955
123010
0
102946
103495
0
0
0
0
0
0
0
0
132999
0
0
0
0
0
0
0
0
108123
0
0
0
0
57407
0
0
0
0
0
0
71032
0
136682
0
0
0
120799
0
0
0
0
0
0
0
81555
0
0
0
0
0
0
0
0
123197
0
0
0
0
0
142731
19835
0
0
0
0
0
135362
0
0
0
0
0
118491
0
0
45834
83502
0
0
0
0
135442
38039
82837
0
0
0
113605
0
0
113413
0
117299
0
102306
103374
116272
0
0
0
0
111661
0
55041
0
0
69370
0
0
0
0
0
0
0
0
0
0
0
0
0
155279
0
0
0
0
111872
0
0
0
0
0
0
0
0
0
0
0
0
112056
125436
0
143971
0
0
116520
0
0
0
0
0
55658
152087
114029
0
134528
0
0
0
0
0
0
0
0
0
0
0
0
0
0
0
0
0
0
124488
0
0
0
0
0
0
0
127455
114078
103394
91950
141932
0
0
0
109955
0
0
0
0
0
0
0
13537
0
0
114594
0
113938
87252
0
51716
0
24135
65228
0
0
0
142705
0
0
0
0
0
0
57702
0
85051
0
0
132061
0
0
0
0
0
95100
0
146844
0
0
82234
121593
0
0
0
0
0
0
0
21909
49643
95339
0
0
0
0
0
0
0
0
0
0
0
0
0
0
0
65680
99835
94008
0
0
0
0
0
0
0
0
0
0
0
0
0
43862
0
0
0
0
0
0
105957
112408
0
0
0
0
125478
59286
0
152679
55102
0
0
0
0
0
0
57992
0
0
0
0
109788
0
0
121133
0
0
0
115484
56877
0
0
105072
0
0
0
0
0
0
0
109188
0
0
0
0
49753
0
0
0
108523
103394
0
77007
0
0
114880
82522
0
0
0
0
0
0
0
120667
0
106715
0
0
0
62798
127486
0
0
105730
0
0
0
0
0
0
0
40838
56168
0
0
0
66077
0
88824
0
109211
0
0
0
0
0
0
0
72398
0
0
0
63926
0
100241
0
100000
0
117123
109612
0
0
0
91168
0
29594
126422
0
0
0
0
0
0
0
0
116786
0
0
107533
0
0
120331
103691
0
0
88048
0
0
0
71484
0
124029
118121
0
76567
126824
0
0
0
0
116377
0
0
0
127779
0
100489
57116
137473
0
97613
0
0
109567
0
137493
42324
0
0
0
0
0
0
0
102074
0
0
0
0
0
103171
130364
0
0
17796
0
0
0
0
0
115565
0
0
84913
0
0
0
0
0
0
0
111277
0
0
62440
0
0
0
80588
94726
0
153654
110657
0
0
0
71868
0
0
0
0
0
51646
0
0
87506
0
111354
124689
0
146623
0
0
61251
0
0
35038
108434
0
0
0
0
0
141024
0
0
135871
0
11858
0
0
65320
0
0
115495
0
103543
105737
0
93908
0
0
52140
0
113197
0
0
0
0
0
0
0
0
0
0
0
57587
0
0
0
0
75763
117023
0
0
0
0
0
0
123486
144577
0
63164
109484
0
122835
0
104271
44702
67571
58529
6059
72023
0
0
0
56638
0
126533
0
96125
0
30141
0
0
118519
0
114986
0
0
95087
0
96609
0
0
0
0
0
141581
0
0
0
0
0
114972
0
0
0
0
0
0
112768
0
0
63467
0
0
0
0
0
0
0
0
0
6957
70617
37196
105034
0
0
0
0
0
0
0
0
0
0
109390
0
0
0
55002
0
0
119806
0
0
0
0
0
0
0
0
99964
124488
0
0
0
0
0
137212
0
0
0
0
0
91406
0
0
0
0
60249
0
0
152070
0
0
0
72036
0
0
0
0
73945
69536
99161
0
0
0
0
0
150096
0
0
0
119388
0
0
0
0
0
0
0
72738
0
113220
0
108522
0
0
117412
0
79353
60858
0
0
0
0
0
0
0
0
0
0
0
0
0
0
0
0
148216
0
73495
0
0
0
0
0
0
0
0
0
79688
0
0
0
100801
103556
116618
104760
59286
0
0
0
0
0
0
0
0
0
115232
0
0
0
0
0
0
0
0
113576
0
0
0
101893
0
0
0
0
94383
0
62431
0
0
33827
0
0
0
125526
98324
137690
0
103556
0
0
0
0
0
0
0
109633
0
0
0
0
0
0
0
126628
0
0
12464
55999
0
64571
117128
0
0
0
0
0
152301
56747
0
0
75433
0
104789
0
26995
0
0
0
0
0
0
0
0
0
0
0
0
148352
0
0
0
0
133141
114305
0
110307
0
91039
0
0
67583
0
0
0
0
113950
74241
0
0
0
0
0
114411
0
46179
134052
0
0
0
0
38074
0
47317
0
0
0
0
0
94905
0
0
135751
28161
0
0
0
0
0
113399
0
20825
0
0
0
0
0
0
125619
0
0
0
0
83246
113851
0
117982
128066
0
0
106873
0
126557
0
0
107405
0
0
0
0
145028
0
0
0
116123
102021
0
113336
115479
0
0
136577
0
0
0
61211
0
0
0
0
0
0
0
0
0
132500
0
0
78557
0
104140
154517
0
0
0
0
0
0
0
96488
0
34824
0
49462
0
128001
0
0
23299
0
0
86100
0
116622
0
134008
0
83536
0
110384
0
0
0
0
0
0
0
0
128242
0
0
0
117699
59234
0
0
0
0
0
131270
0
79622
0
53277
0
0
0
0
0
0
0
134153
0
0
0
113065
0
0
0
59875
127237
0
0
113892
95618
114304
0
0
0
0
49952
102145
108203
0
0
0
0
0
0
0
0
0
63193
0
145250
0
147896
0
0
0
111265
94202
0
151847
0
103171
0
74099
0
0
0
0
0
106672
0
0
59467
50875
115744
0
0
0
0
66922
51322
112771
0
59470
0
0
152301
104202
0
0
0
0
0
0
0
0
0
66387
117393
92530
0
0
0
118907
102313
0
0
0
127224
152197
0
0
0
0
110302
61016
0
0
134695
0
0
0
93257
0
0
0
0
0
0
0
0
0
0
0
101874
116743
0
0
0
0
110026
105698
0
0
110348
0
0
0
0
55172
85991
0
0
120279
0
0
0
0
119624
63454
0
103644
151903
0
62478
0
0
103154
0
72433
125271
0
124279
0
0
0
83849
104628
0
0
0
0
0
0
0
0
0
0
0
0
123756
0
0
0
0
53312
104894
0
0
0
0
0
0
136702
0
118074
11656
108107
78603
0
0
0
64047
0
0
0
57049
0
0
0
0
0
58379
0
0
117204
0
0
0
0
0
0
142500
0
0
0
0
127133
139977
105345
0
68140
0
111227
0
0
0
0
0
0
0
0
0
0
138485
118231
0
0
0
29202
110595
0
0
79665
0
0
0
0
0
0
0
0
0
0
0
0
103837
0
0
103203
0
0
134946
106875
83008
0
119936
0
0
0
0
136339
145392
0
0
0
0
111347
0
0
46914
0
0
0
0
0
0
0
53771
31773
0
63287
0
138373
116561
0
0
0
0
0
0
0
0
0
51054
115429
93217
0
0
108211
0
114026
35498
0
59206
0
0
0
0
0
0
52561
0
74236
0
59938
0
0
0
120750
0
0
0
0
53793
0
0
69870
0
31452
97756
0
0
0
143237
0
0
0
0
0
134420
149673
58634
0
0
0
105064
0
117193
0
28366
0
0
58771
0
107960
0
0
0
102768
0
0
0
0
0
109390
0
0
136560
77837
0
0
0
109170
0
0
0
0
0
0
0
0
0
0
115614
0
0
62673
0
149001
98846
0
0
0
0
0
126336
0
0
0
0
0
0
134695
0
0
99039
152404
0
28090
0
0
0
0
112401
0
96856
0
116832
0
59245
63467
0
0
0
0
0
0
0
77607
0
0
0
77504
0
0
113007
0
0
0
95702
0
0
72049
111755
0
0
0
0
0
0
0
0
0
0
0
0
0
111264
38714
0
0
0
117965
0
0
0
0
0
0
0
0
0
0
114648
42967
0
0
0
0
108170
0
75388
0
0
0
0
0
0
0
116184
120883
0
0
0
150975
0
0
55717
0
0
0
106330
0
0
0
144073
0
142987
98778
0
0
109922
0
0
0
109320
0
0
0
64353
0
103122
0
110784
119751
0
149988
0
0
82131
120869
86093
0
59000
0
99985
45880
0
0
90679
0
0
0
52418
0
0
20139
17654
0
0
79068
68518
0
0
0
0
0
0
0
0
0
139704
0
0
0
111574
56770
0
59580
98123
0
0
0
0
0
0
0
0
111653
0
0
0
0
0
130983
0
0
0
0
0
0
0
0
0
0
0
0
0
0
0
131432
0
140674
0
0
111265
107680
0
0
0
122378
0
100538
0
112143
0
112398
0
106866
0
44948
0
0
0
0
0
0
0
0
0
0
122217
0
65173
0
0
0
0
0
0
0
0
0
0
99413
0
0
0
0
115519
0
0
103591
0
0
0
0
0
0
0
153459
122981
0
0
0
0
0
0
115070
0
35481
132237
97327
0
100682
138714
0
0
0
61396
0
0
79231
0
94091
21897
0
106671
92106
0
0
105319
113046
113424
0
106617
0
0
62009
0
0
0
128468
112408
0
0
0
0
0
145447
0
0
99853
96255
102012
0
0
0
104490
0
0
0
0
114335
0
0
57229
0
0
79240
0
0
0
57522
0
0
0
0
0
0
0
0
116130
0
83576
0
0
105275
0
123538
0
0
0
0
0
0
57767
0
0
0
0
0
106754
0
0
0
0
0
83062
0
0
54720
0
110511
0
0
0
0
0
0
0
92891
0
117407
0
0
56292
0
75210
0
103284
0
139006
0
74485
0
57224
107910
146511
0
0
0
43079
0
0
0
0
0
0
0
69359
0
0
0
0
128157
0
122609
0
0
99074
0
0
0
70909
0
0
0
0
0
0
0
0
0
0
0
0
0
94687
0
0
56372
102249
0
0
0
0
0
0
0
0
0
0
0
88930
0
0
0
25805
111147
0
128884
0
0
108210
0
0
82860
0
0
0
0
0
0
0
0
138716
0
0
37089
0
0
0
0
0
139519
0
53344
59620
0
0
124798
0
0
155053
0
64881
0
0
0
0
55231
0
0
0
0
106915
102594
27683
0
0
139740
0
78469
0
62765
105860
0
0
0
0
0
0
0
0
0
0
0
0
0
0
113519
77511
0
0
118927
122491
0
0
0
0
0
0
59453
0
0
0
0
0
0
0
0
0
0
0
104420
0
0
0
0
86535
0
0
0
148246
0
0
0
0
0
132830
0
0
0
74757
47866
0
0
0
56348
0
104437
0
144500
59453
77848
0
0
0
58269
0
0
0
0
0
0
0
145149
0
0
74648
0
0
0
0
0
0
0
0
0
0
99689
0
0
139732
0
0
0
0
0
114361
0
97383
0
0
6821
140529
0
0
0
62653
0
0
0
0
0
0
0
0
0
0
0
0
21897
114009
0
0
0
130524
0
0
0
0
121777
0
0
0
121255
0
0
0
110106
0
0
124010
0
0
115205
0
0
0
0
0
0
0
0
0
126457
113194
0
0
137827
112289
0
0
0
0
0
0
0
118320
0
0
0
103801
12469
0
0
0
0
126283
21909
0
0
0
111136
0
0
0
0
0
0
41987
106676
0
0
113058
38554
105358
0
0
0
0
112054
91286
0
57229
0
123842
0
0
0
123994
0
0
114589
23634
0
0
113553
0
13188
0
0
120486
58631
0
0
0
0
0
0
112782
0
0
0
0
0
0
100201
87413
0
0
49473
0
0
67952
0
132436
0
111326
0
60589
0
115585
0
0
0
0
0
0
140976
0
0
0
0
0
0
0
0
0
104226
0
122981
123396
0
0
0
0
0
123847
0
0
0
30347
0
0
0
0
0
0
0
0
0
0
0
75763
0
111412
0
0
0
0
0
0
0
0
0
0
0
43682
0
141415
142295
0
0
0
118907
0
119722
0
0
0
51935
123366
0
0
0
29608
0
0
0
0
64627
0
0
111494
0
68622
145351
132758
0
103879
0
48669
0
0
0
0
67583
0
0
0
0
0
0
0
0
0
0
80429
0
0
130383
0
0
110725
0
127527
0
0
0
77091
148564
0
114371
0
0
0
113812
0
0
0
0
0
0
0
0
0
58621
0
0
120700
0
0
0
0
0
147421
0
112112
54010
0
147620
0
113124
73272
101705
0
0
0
0
0
0
61472
110438
0
113196
0
0
0
0
0
0
0
0
102009
0
126511
106350
90608
142245
121657
59146
0
0
0
0
0
0
0
0
0
101746
67378
0
0
0
107333
109264
0
61960
0
0
0
100935
0
120208
0
0
0
134838
0
0
0
113685
58068
0
0
0
0
0
0
0
120463
0
139765
147995
115834
122350
124937
0
75304
95178
0
0
63405
77217
0
127463
0
104735
0
145628
0
0
122512
130994
0
0
0
0
0
0
0
0
0
0
0
0
0
0
86344
0
0
0
0
0
0
123828
48678
0
0
116659
82668
0
0
0
0
0
0
0
0
0
120974
81311
0
0
0
0
143412
0
0
0
0
0
0
0
0
0
0
0
0
105495
0
0
0
0
0
115782
124966
0
99802
0
0
0
0
0
141333
0
0
142357
0
0
0
0
77556
0
104183
0
0
0
0
146593
0
0
0
0
0
42482
0
0
0
115222
0
0
0
0
0
0
0
0
0
0
0
0
0
0
59146
0
0
0
0
0
0
0
0
0
0
0
0
0
0
0
0
0
0
0
124488
0
0
0
47849
48040
0
0
0
0
0
65497
0
113704
99079
0
0
36368
132276
0
0
0
54735
0
0
0
0
0
0
124692
0
0
0
0
0
0
0
0
0
0
0
0
0
0
0
0
0
120702
0
0
78447
0
0
0
0
0
0
0
0
0
120974
44045
0
136324
0
0
110105
81106
65965
0
0
0
117265
89710
103218
0
61832
0
0
0
0
0
75004
0
125835
3682
0
0
0
0
0
0
0
107550
0
0
0
109170
0
0
0
0
0
0
0
92427
0
0
0
0
0
0
129445
0
0
52220
0
137918
0
0
0
129459
104696
0
0
108895
0
0
0
0
0
0
0
0
0
104400
0
0
0
0
84137
0
0
0
0
52536
0
121806
0
0
127089
62492
0
0
0
0
0
0
0
0
0
138045
0
0
0
0
113825
108078
0
0
0
0
0
0
0
0
0
0
0
0
0
0
118226
0
0
0
0
105661
0
60442
0
0
0
135845
0
0
98886
0
124283
0
0
0
0
19193
0
0
127301
0
0
0
0
0
0
0
0
0
110127
0
0
0
0
0
0
77372
0
49826
0
110167
0
0
0
0
0
0
0
118949
0
0
0
118169
0
0
0
0
0
117357
0
0
63609
0
0
0
0
0
90349
107414
0
0
88943
0
0
0
105828
0
0
0
58925
0
0
0
0
114555
26790
80827
0
142049
0
0
140533
0
38498
0
0
0
0
153776
113399
0
108610
0
0
0
0
0
114566
90800
0
97680
113112
0
0
0
0
0
0
0
0
0
70629
0
0
0
0
117298
66332
0
0
0
106792
0
0
0
0
0
118219
121080
30490
0
0
0
144148
0
0
0
0
0
101401
0
0
137433
62019
0
0
0
0
0
0
121754
0
0
128859
0
0
0
0
0
112604
0
0
106895
0
0
30490
0
0
0
118366
0
0
0
28496
113414
123130
0
102797
0
0
75307
61038
0
0
113906
0
0
0
0
127116
0
135242
0
0
0
0
0
56099
143069
0
134377
0
0
0
134223
32744
0
0
0
0
0
0
36303
107219
0
0
0
0
106797
0
0
0
0
0
0
46581
120943
0
134553
28784
0
0
61210
0
0
0
0
108249
0
134489
0
0
0
0
76390
0
0
135544
0
0
101033
117856
129915
0
139365
83620
0
0
0
0
107239
0
0
0
0
0
0
0
0
0
0
0
0
0
0
0
17796
0
0
0
0
0
0
110550
0
0
0
79205
0
0
0
0
0
41788
0
0
0
53362
120865
0
0
61358
85821
0
0
0
80757
0
0
0
0
0
0
0
0
0
0
117732
0
0
0
0
0
0
109633
0
0
0
118731
0
106734
0
27361
0
119104
0
0
92797
0
109370
75016
0
139306
119028
129132
0
148952
114436
0
0
0
0
0
0
0
0
0
0
113085
0
0
0
0
111825
133671
94908
0
0
78000
101540
0
96623
0
0
79499
0
0
0
0
103223
126822
0
127420
0
0
0
0
0
0
0
0
0
0
130811
123489
0
0
0
0
53994
0
0
0
0
0
0
0
0
0
136560
0
0
0
0
109153
0
91138
0
0
0
0
0
69696
0
0
47324
0
118320
0
0
0
0
0
35136
0
0
109495
0
0
130594
0
0
0
119337
0
0
0
80967
0
0
71993
149547
0
0
0
0
0
0
0
0
0
97138
0
47137
0
20557
38767
0
0
38886
135395
0
0
82563
0
0
0
0
0
0
0
0
0
0
0
121397
111409
0
0
0
0
0
0
0
0
0
0
0
0
0
0
0
0
0
105396
73001
0
0
0
0
0
0
108181
121003
0
0
0
0
0
0
24135
140429
0
104280
139275
114411
0
0
56725
0
0
0
0
0
64924
0
0
0
146604
119708
111755
0
98170
0
0
0
0
0
75123
0
127331
0
14328
114880
120687
34158
0
0
0
0
0
0
0
91382
0
0
0
128332
0
100201
0
131957
0
56777
0
0
126054
0
0
0
111639
0
0
0
0
0
0
0
59179
0
0
0
0
71521
0
0
0
60080
102561
0
0
0
52341
0
0
0
110605
0
106712
126415
108660
0
0
0
0
0
75663
12921
0
112971
0
0
0
138610
116150
0
115296
0
0
0
0
0
0
0
0
0
0
69225
0
128611
126840
103190
0
0
0
0
126313
0
0
0
53343
0
0
0
57847
0
0
0
0
0
0
0
0
0
0
0
0
0
0
142989
102233
0
0
0
0
0
54478
0
0
118389
0
0
57503
0
0
0
104400
41793
0
0
0
105910
117099
0
0
85982
136675
19233
0
111552
0
0
53080
126047
0
0
81381
0
0
0
59145
0
0
0
0
0
0
0
133289
130591
115274
0
101396
0
91299
0
142414
0
0
0
122549
0
100312
0
0
0
0
115659
71300
0
115184
0
0
42060
117505
0
0
0
0
129434
0
0
0
0
0
4912
41882
154775
115899
99763
59325
0
0
0
152598
0
0
0
0
0
0
0
13537
0
106481
58796
122512
0
116346
153333
0
47199
0
0
0
120903
134893
0
0
0
0
0
103860
55880
0
148947
0
0
0
0
117982
0
0
0
0
107506
0
0
106970
0
0
0
0
0
0
0
0
0
0
0
95217
107923
0
0
99257
75680
116453
0
0
0
0
0
119436
118717
0
0
0
0
0
0
0
0
0
113798
109747
0
67834
0
0
0
0
73205
0
111044
0
69259
0
119315
0
0
20614
0
0
0
110831
0
0
0
0
0
0
0
0
41782
38026
0
0
0
121834
52885
57697
80899
0
0
0
108610
64613
0
0
0
0
0
74672
0
110149
0
0
60560
109880
0
0
117818
0
35951
0
115163
0
0
0
0
104493
0
0
111432
0
0
31773
0
0
103453
0
116409
0
0
0
104409
0
6571
0
152225
76973
0
0
0
0
0
0
0
0
97790
6059
0
0
0
108810
0
0
0
0
123670
59104
0
0
0
0
0
127047
0
0
0
104984
0
0
0
58888
0
0
0
0
0
0
0
0
144828
110499
0
0
0
0
101812
0
0
0
70741
0
0
48401
0
0
0
0
0
134209
0
107012
0
0
0
0
0
0
0
19932
0
0
0
0
0
0
121847
0
0
120805
83720
110167
0
0
0
0
0
0
0
60479
72323
0
0
0
65199
62622
150530
0
0
113200
0
0
0
0
147894
12374
0
0
0
0
0
42781
0
0
0
0
0
0
0
34622
140065
0
0
0
0
0
0
98836
0
0
0
85574
0
0
0
0
0
0
0
0
0
0
128488
0
0
67381
0
0
0
0
0
0
0
0
0
0
0
132367
0
0
0
72726
0
0
0
0
118135
110725
0
144546
0
0
86298
0
97412
0
0
0
117459
0
0
0
116055
0
105842
0
0
0
0
0
147712
0
0
0
126228
0
0
0
153227
36155
0
0
103394
0
0
0
0
127777
0
0
124659
0
0
0
0
0
0
0
0
0
0
0
0
0
101696
0
0
0
0
0
0
33008
0
0
57910
0
94069
103768
77816
107033
0
0
101414
0
0
0
0
0
0
0
19652
0
0
0
0
0
0
0
0
0
0
93657
0
104245
0
0
0
74212
0
0
0
0
0
103131
0
0
14542
0
0
0
101525
0
0
0
16991
0
0
16301
0
0
0
0
108896
0
0
0
0
123107
0
0
0
34863
0
115768
0
0
0
0
122217
0
116272
0
0
0
0
0
0
0
0
0
0
0
59245
0
0
135778
0
93976
0
0
110151
0
90040
0
113686
0
121128
0
0
0
116690
113839
0
0
0
0
0
117007
117984
0
143044
127590
0
0
0
0
0
0
0
0
0
0
0
65440
0
0
0
0
0
0
0
0
0
69507
0
0
0
0
0
116736
0
137381
121055
0
0
0
106805
0
0
0
0
0
38734
0
0
120532
11858
0
0
110836
146844
0
0
0
64576
0
0
119178
61842
0
0
0
0
78624
0
111761
9254
0
0
0
0
0
0
138537
116997
0
132218
0
109827
0
0
0
0
111830
0
0
0
55295
0
0
0
0
0
0
104116
0
0
0
73061
0
0
109612
0
0
0
0
0
0
0
0
0
0
0
0
103066
58693
148172
0
127252
0
0
0
0
87851
121413
0
0
0
0
0
0
0
108335
0
0
0
0
0
0
0
72833
105828
0
69301
60730
0
0
0
0
0
102395
0
0
0
106792
0
0
0
0
0
143131
0
0
111754
0
67558
0
0
0
0
0
0
0
0
121806
60560
0
0
20614
144826
85876
0
0
0
77534
0
0
27438
0
103502
0
0
103680
0
128431
0
0
0
0
131043
46721
0
139170
0
0
0
102132
78911
100580
0
43807
0
127271
101496
0
90730
130364
113661
64421
0
0
0
0
0
0
90730
0
0
0
114128
66170
0
0
0
115349
37269
0
0
136929
0
0
148618
0
102042
0
0
150337
0
0
0
0
0
120330
69730
0
0
0
0
0
0
0
0
0
0
122554
0
0
0
0
0
77547
0
121782
126212
0
144751
0
0
0
0
0
0
112060
0
0
0
0
0
0
0
0
0
75025
0
0
0
0
0
0
56877
0
0
117372
124358
0
0
0
0
0
0
78579
0
0
0
0
0
0
60495
0
0
0
0
110647
0
0
0
101501
77007
0
0
42324
0
0
0
0
0
0
109567
125958
0
0
0
0
0
66639
0
0
0
0
0
0
0
83361
0
0
0
0
0
0
0
0
0
122700
130601
0
119644
35038
0
0
0
0
0
57648
0
0
0
0
0
146857
0
0
0
114411
0
0
99359
0
0
0
59470
0
0
0
0
0
102184
144787
0
0
0
0
0
0
99973
66015
0
0
0
0
0
0
55760
0
50892
0
75662
1951
0
0
0
0
0
0
0
0
0
0
0
0
119500
0
103190
0
0
101261
0
0
0
0
0
0
0
0
0
0
0
0
0
0
0
0
0
0
107689
0
0
0
0
0
0
0
0
0
0
54900
104759
43089
0
0
0
0
0
0
0
0
74976
0
0
126756
0
0
0
0
0
0
0
0
0
94447
0
0
0
0
0
0
0
0
0
0
0
0
0
0
0
0
122294
0
129387
0
71424
115794
0
51055
0
112838
130812
0
0
0
116321
77301
72763
0
0
18644
0
0
0
0
103729
0
0
0
0
62051
0
0
0
0
0
0
0
120673
0
117069
0
101537
0
120303
0
0
0
109626
0
0
0
0
0
0
0
0
0
0
0
0
0
0
126994
66065
59650
0
0
0
0
0
0
0
55102
0
0
0
120283
0
129539
0
0
44500
0
127454
0
86298
0
0
0
112242
0
0
58082
0
0
0
0
115634
0
0
0
0
0
0
105319
52115
0
0
0
0
138133
0
0
0
0
0
0
53913
0
119346
0
117855
0
0
0
105957
0
113030
120436
0
0
0
0
0
0
0
112067
0
0
0
48413
64501
0
0
65600
0
105749
0
0
129713
0
0
0
0
145858
0
136265
77217
0
0
0
0
0
0
68007
141725
140755
0
9086
0
0
0
126805
0
0
120999
0
0
0
36912
0
0
105196
81914
0
18827
0
0
0
0
0
0
60805
0
0
0
0
0
0
0
116280
0
0
107221
102427
0
0
151450
0
73478
0
0
106218
0
0
104012
0
0
0
0
121322
0
0
0
109875
37519
0
0
0
0
20825
116635
0
0
0
0
0
0
0
0
75505
104103
102859
0
117699
97753
0
122787
0
98707
75007
0
0
0
32413
0
0
0
0
0
0
0
28795
0
0
0
125272
0
0
0
0
0
76897
0
103055
0
97489
93702
0
0
0
52735
0
71150
0
0
107349
0
0
0
153334
0
0
117571
0
0
123001
0
0
0
110695
0
0
0
0
0
0
0
0
0
0
29638
0
0
0
0
0
0
47794
142538
0
0
0
132878
0
0
0
0
0
0
0
0
0
0
0
0
0
116374
133628
71094
0
0
0
106761
0
0
0
0
0
125639
0
0
0
0
0
0
77190
0
0
0
0
0
0
0
127140
0
0
0
0
0
109663
77839
0
0
0
103971
80870
0
102608
0
0
0
0
4976
0
55157
0
0
0
0
0
0
58154
0
0
29608
0
0
0
0
0
0
0
0
20419
0
0
0
0
69909
0
0
0
0
0
0
0
115960
0
0
0
0
0
0
0
0
0
0
0
0
109567
153035
0
0
0
0
0
0
0
0
0
77327
0
145160
117738
0
0
0
0
0
0
0
0
0
0
117279
148630
0
0
0
0
0
112132
0
0
0
0
84067
91700
0
0
101917
105506
0
0
0
102519
0
0
0
118589
0
59567
0
58199
104149
0
0
0
0
0
0
0
116441
0
0
0
0
0
0
0
0
0
53644
0
0
68535
0
0
30141
0
0
85014
0
0
0
38434
0
0
0
0
0
0
114789
0
0
0
0
0
0
0
144250
0
0
0
57515
0
0
0
0
0
0
0
0
0
0
0
0
0
0
0
0
0
126914
0
0
0
97582
0
0
0
34622
0
0
0
0
0
0
0
0
0
0
0
0
0
0
0
0
0
0
0
128242
0
109423
46867
3475
0
0
0
0
111915
0
0
0
0
134795
0
22189
0
0
111482
0
0
0
0
0
130009
0
0
0
0
0
73205
99294
0
21450
0
0
35572
0
0
79401
0
0
84301
0
0
42785
73615
13537
0
0
0
0
0
77930
0
0
0
0
0
0
0
82784
133904
0
52437
115912
0
0
147834
0
0
0
29594
0
0
0
0
114990
64762
0
0
82759
121397
0
0
0
0
144806
0
0
0
0
78466
38909
0
0
0
0
0
0
0
0
0
0
0
0
0
0
0
0
0
146278
0
0
0
0
0
87068
0
127754
0
0
102340
0
0
110766
0
0
57953
0
0
0
0
127735
0
0
0
0
0
0
128332
56877
100819
0
126068
0
0
0
0
0
41615
100010
127415
111755
0
0
0
0
0
0
0
0
0
0
0
50943
121009
0
0
109986
0
0
0
0
105724
0
0
59903
0
0
0
0
0
0
0
0
72284
0
151913
0
123610
0
28366
112722
0
0
0
0
51433
116417
0
0
0
0
0
0
0
0
0
0
0
56168
0
0
104175
0
0
0
0
0
0
0
0
19050
0
0
0
0
0
0
83361
0
0
0
0
0
0
0
64993
0
0
0
0
105002
0
0
0
117316
0
62578
0
0
0
111810
113399
0
0
99312
0
0
59422
119923
0
0
0
0
103694
0
109626
0
0
100047
0
0
0
61472
100513
0
0
0
58888
0
0
0
0
0
0
120100
0
63287
0
0
0
130830
0
0
0
0
0
0
0
0
0
118868
0
0
135338
0
0
0
0
85342
0
0
0
0
0
0
0
0
120303
59087
0
0
98943
0
0
0
0
0
103631
56777
0
0
0
127345
0
106460
0
0
0
0
0
0
40270
0
0
34632
117908
0
0
0
0
0
42662
0
0
146111
0
0
100657
0
0
0
72826
98941
0
67039
0
0
0
0
0
0
114966
0
0
104539
0
77034
142785
0
0
0
123030
0
128793
0
0
0
0
52374
0
53563
103480
0
0
0
0
0
0
0
62765
28993
0
144589
0
0
0
118637
0
0
0
0
0
106009
0
61154
0
0
0
98588
141487
0
0
44512
0
0
118916
105150
124990
0
0
0
0
0
0
0
106519
0
0
0
0
0
76897
124898
0
0
0
0
0
0
0
122018
136466
27656
0
104815
0
119158
0
0
0
0
100387
0
0
0
0
0
142339
125160
68647
0
0
0
0
0
0
0
0
127615
0
0
0
0
136611
0
0
0
0
0
0
0
74992
109830
0
0
53685
0
129139
108335
82377
0
0
0
0
34683
0
137062
0
0
0
129154
0
107079
109974
0
0
0
0
0
0
0
50065
0
111510
100062
0
132406
140087
0
0
0
0
0
0
81418
0
116990
62765
0
0
0
79403
47562
0
108952
110489
0
136720
0
0
0
9279
42371
0
0
56590
0
58978
68756
108647
0
0
0
0
0
0
0
0
0
0
0
0
0
0
0
0
0
0
0
84736
102012
0
0
0
0
76430
99192
0
0
103558
0
0
0
119791
0
0
0
46303
141351
0
0
0
117266
0
0
0
0
115585
0
0
0
0
0
0
0
0
11968
0
0
133350
0
0
0
40374
100742
118109
0
69297
0
110055
0
0
106545
113519
0
0
0
0
0
108270
0
0
0
0
0
0
0
0
0
0
135871
131631
0
0
0
0
99367
128066
37925
0
0
70585
0
0
0
0
0
0
113144
0
123541
98272
0
147116
0
0
0
0
0
0
0
108183
0
0
0
125623
0
0
0
0
73322
0
0
0
0
99914
0
0
0
0
0
76576
0
0
0
0
0
0
113291
0
0
0
0
0
61245
0
0
123533
138714
0
0
0
0
0
0
0
59068
71746
0
66072
107319
0
0
0
0
0
0
0
0
0
105038
0
0
0
0
0
62381
72045
0
0
0
0
0
0
0
0
0
0
0
0
0
102757
0
112468
0
0
0
122757
0
0
27496
61356
0
0
0
0
0
0
0
105796
0
0
0
0
0
0
0
0
0
0
0
0
0
0
0
0
106933
25910
0
0
0
0
0
0
0
0
0
100875
0
0
59365
0
0
62113
61632
61061
0
150932
66077
0
0
112596
0
0
0
57358
0
0
0
0
0
0
134931
0
0
0
0
0
61186
57713
0
0
0
0
148514
0
0
0
0
104351
0
0
0
91851
0
0
124488
0
137452
0
0
136951
0
0
0
0
0
0
65167
0
0
0
0
0
0
0
33589
0
102631
77181
0
0
134960
105123
123883
0
0
119028
0
138827
0
110991
0
0
0
0
58724
0
0
98687
138522
0
0
0
0
0
0
0
0
0
0
0
0
0
0
0
0
0
152789
0
0
0
0
0
0
0
0
0
0
0
0
0
0
0
0
0
0
99383
0
0
98214
140592
0
0
92726
0
0
0
146328
0
77007
114218
0
0
115232
0
50501
0
0
0
0
20139
0
118367
0
0
0
117010
110162
0
0
0
0
0
0
0
0
0
98306
0
0
0
0
125113
0
0
0
0
134788
31073
0
0
0
0
0
0
0
0
54298
59903
55102
141197
0
0
88143
0
0
0
0
0
0
0
0
0
0
85357
0
0
0
0
0
0
0
0
0
0
0
0
123610
123372
0
0
0
22964
0
0
0
0
0
0
130454
52055
0
96125
0
0
115509
0
0
0
0
155399
0
0
0
135507
84819
0
0
0
0
0
0
0
0
0
0
0
116503
0
0
0
0
145160
0
0
0
127989
0
0
102391
0
63011
0
0
0
0
0
0
135390
94824
0
0
0
0
124337
0
33883
104412
0
0
0
0
0
0
0
0
0
0
0
0
0
0
0
0
68256
67888
0
0
113197
0
151921
38363
0
0
0
112898
45568
110836
103854
0
0
0
0
108334
0
0
59967
0
0
0
0
142543
0
101601
0
0
0
0
0
0
0
0
0
0
67855
64421
0
0
67530
0
0
0
0
0
0
0
0
0
0
0
0
0
0
0
0
124966
0
0
0
0
0
0
0
0
0
0
120943
0
0
27032
0
0
59730
0
0
0
0
0
0
0
0
0
108057
0
0
0
0
0
150265
0
0
108572
137469
0
0
0
0
0
0
141475
0
0
0
0
0
0
102561
118231
0
0
0
0
67289
0
0
29608
0
31073
0
0
0
0
0
0
0
0
0
0
110441
0
0
110550
0
85991
0
0
0
0
0
0
0
131824
0
0
0
0
0
0
136172
0
109760
123272
0
0
138262
0
0
0
0
99119
0
90418
0
49646
0
0
117981
117955
107550
0
110167
61412
0
0
0
139295
101601
92322
0
0
0
0
0
139133
0
0
0
0
0
0
0
0
0
0
125760
127175
0
0
0
0
0
0
0
28784
0
0
109401
0
102677
141367
0
155494
0
0
58554
64233
146370
29608
137381
0
6059
145038
112116
0
0
0
0
80804
154560
0
104284
130133
74236
0
0
0
0
0
0
110435
0
105973
0
0
0
0
0
0
141269
0
55102
0
112573
114390
119493
0
0
112683
0
63185
0
0
0
0
0
0
0
0
60935
0
0
0
101665
82488
0
47478
0
0
0
52952
0
0
72014
0
0
130313
0
0
0
148209
113938
0
0
0
0
0
0
0
0
0
0
0
0
0
0
102430
0
0
103151
0
9866
0
0
124582
114117
0
0
0
126511
107357
106629
0
0
100678
0
110276
0
0
130015
0
116430
125098
0
0
0
0
0
117827
61778
0
0
0
121793
0
109879
0
0
0
34574
0
0
0
110865
119390
138597
113216
0
0
0
0
0
0
0
0
0
0
0
0
0
0
0
0
134140
0
0
0
0
0
0
0
0
0
0
0
0
0
0
0
0
0
103745
0
0
0
0
0
0
0
130428
57939
0
0
59486
0
0
0
0
0
0
135302
103879
0
0
0
0
0
0
0
0
3560
0
122537
0
0
0
0
0
143151
0
0
0
0
0
116245
102251
0
0
0
0
28871
111103
0
48719
115959
145298
0
0
0
0
0
0
0
0
0
0
0
0
0
0
0
0
0
0
0
100699
0
127403
16301
103719
131277
0
0
0
0
0
0
72612
53050
0
0
0
0
0
0
0
0
0
0
0
0
148229
0
0
0
0
0
3560
143406
0
0
142777
0
0
0
0
0
0
59967
0
0
110348
0
0
142522
106975
0
120437
0
0
0
0
0
0
0
0
0
34824
0
0
0
61688
0
136630
0
0
92875
57596
60192
144348
0
0
77509
0
0
0
0
0
0
0
0
0
0
0
0
0
0
0
0
0
0
0
0
0
0
0
0
0
106505
0
112508
65019
0
0
0
0
121644
142128
105184
0
0
110263
128223
0
0
0
0
30072
94499
0
0
0
0
116992
0
120903
0
69696
117510
76100
0
0
139209
0
92197
122581
91397
78824
0
67461
68756
48079
0
0
0
0
0
0
59359
0
0
0
0
0
0
42490
0
0
0
0
0
109974
15216
0
0
0
0
72955
109972
117500
0
108323
0
0
58066
0
0
0
0
0
0
0
118220
0
0
60511
86490
116042
28161
0
0
0
0
0
123858
47956
0
0
63011
0
0
0
0
29534
0
29070
105385
0
0
0
0
114642
0
0
64924
0
0
61645
0
0
0
0
104209
0
128022
0
0
0
0
56168
0
0
0
0
0
0
0
0
57847
68234
0
0
0
0
0
0
0
0
0
0
0
154325
0
0
56159
0
0
0
0
0
0
101778
0
130049
0
0
0
143033
0
123531
0
0
0
93249
0
0
71270
0
135570
0
113378
0
98600
0
0
0
0
146936
0
0
20439
0
0
0
0
0
0
0
0
0
108039
126047
0
0
0
0
0
101528
0
72646
0
0
0
0
0
0
0
0
0
0
0
21630
0
112322
0
100925
0
0
0
0
0
0
0
0
0
0
0
0
59719
0
108176
0
0
81459
0
0
0
99431
0
0
0
0
0
99770
0
104055
0
0
0
0
85551
0
0
102786
53789
0
0
0
134360
0
0
0
0
0
117282
0
0
0
0
126245
105319
105405
0
0
0
0
0
0
0
0
126711
0
62260
0
0
0
0
0
123828
0
95397
111520
114603
111082
0
0
0
151604
0
0
111749
0
27473
0
0
0
0
56845
94347
0
0
0
0
0
0
107626
0
0
0
0
0
112978
0
0
75672
0
0
0
147736
0
56590
70734
20038
0
0
0
0
0
115497
0
0
0
0
71754
0
0
142595
0
101165
0
0
0
108139
0
98079
0
123917
0
0
66626
31458
0
0
0
122716
137973
0
108307
0
0
127044
0
128661
116786
134433
0
0
60380
0
0
0
0
0
93044
0
0
0
116874
0
0
106563
0
141177
46902
0
0
0
0
0
103334
0
0
34963
0
0
0
83720
0
60080
0
0
105620
0
0
0
0
0
0
0
115346
0
0
0
0
140924
0
139492
0
0
0
0
0
70020
0
0
93826
81974
0
0
0
0
0
0
0
0
0
0
0
0
106792
96396
0
116850
0
107581
0
0
0
0
0
0
0
0
0
71150
0
0
20728
0
0
0
28309
0
127403
0
0
0
0
117299
136047
0
142955
0
46401
113900
0
0
0
61632
0
61356
114633
0
0
0
0
0
0
0
0
0
0
114605
0
60402
0
0
0
0
0
0
0
0
56921
0
0
0
0
116520
21630
0
0
71355
0
145046
46957
0
0
0
0
0
0
0
0
0
0
0
145661
0
26790
0
96659
0
0
141569
110564
0
0
0
59398
0
0
0
0
141797
0
100678
0
0
0
0
118367
0
0
0
0
0
27074
0
0
0
65630
0
0
0
119539
0
0
0
0
0
0
0
0
0
18644
0
60730
0
0
0
0
0
0
0
0
121176
0
0
0
0
0
63472
0
0
0
0
0
0
0
0
0
0
0
0
0
0
0
0
0
101966
0
16991
0
0
3767
80031
0
0
0
0
0
0
0
0
0
0
112935
115550
0
0
0
0
0
0
99757
0
0
0
0
0
0
118806
0
0
0
0
0
0
0
0
104514
141303
98240
0
0
0
0
0
0
0
0
0
0
0
133721
0
0
0
0
0
0
0
0
0
0
0
0
0
97196
0
0
0
0
0
0
22417
0
0
0
0
128792
0
0
0
108308
0
0
0
0
0
45370
0
0
0
0
102771
0
0
76209
0
0
0
0
0
0
102187
131764
26063
55864
0
0
0
0
0
0
0
86420
0
0
0
0
0
0
133279
0
0
0
0
0
0
0
0
0
0
142034
0
0
47849
0
133028
0
0
0
0
0
14612
0
0
0
0
0
0
109806
0
126607
0
6551
0
123573
0
0
0
0
153903
0
0
0
0
0
0
121400
0
90608
116850
0
0
0
0
0
0
65213
0
0
141818
0
116337
84026
0
0
62533
0
128740
0
0
0
0
0
0
115163
0
101718
0
0
0
0
116330
0
0
0
0
0
125579
0
0
0
0
0
76485
109280
0
0
0
137604
0
73615
0
0
0
136367
100522
0
0
0
0
0
0
0
152514
0
0
0
0
0
0
0
0
0
0
0
0
0
0
0
0
0
0
0
0
117818
96729
0
92516
0
0
0
0
0
0
132296
0
0
0
0
106642
0
112925
0
136130
0
0
151190
0
0
0
0
0
0
0
0
0
0
0
129045
0
0
126269
59875
136152
0
115561
0
63722
0
0
0
0
0
0
141733
75590
0
0
0
0
0
61029
0
0
0
0
0
0
84490
0
115821
0
0
0
0
111755
85818
0
0
118253
0
0
0
0
0
0
0
0
0
145141
42915
0
0
118358
72833
0
0
110392
0
0
0
0
0
111597
0
0
0
0
0
0
0
0
0
0
30739
139822
100211
78334
0
0
0
0
0
0
0
0
20825
0
0
43391
0
0
114402
0
0
28565
0
0
0
0
0
91252
0
0
0
0
94829
92373
136995
95355
0
0
0
3682
0
0
0
0
0
0
0
0
112035
0
78679
0
0
58301
0
0
75409
0
0
0
0
0
0
0
38602
61061
0
0
0
0
107251
0
0
0
0
0
125540
0
0
0
0
0
0
0
110263
105000
0
0
0
0
0
0
112760
44977
0
0
117123
122559
0
103409
0
0
0
0
39099
0
31073
0
81823
66575
0
0
0
0
0
0
0
0
0
0
0
79720
0
0
97209
0
0
0
0
0
0
107450
0
120445
126247
102067
71903
109414
0
0
0
0
0
0
0
0
0
0
0
0
104669
0
0
0
0
0
61082
0
0
0
105150
120477
0
0
53935
60730
0
128666
0
0
0
0
0
69121
107779
0
0
0
56844
0
78687
73638
116977
0
0
0
0
0
0
0
110722
0
0
110882
0
0
0
0
0
0
0
0
0
0
0
0
0
0
0
111053
71337
0
0
0
0
0
0
0
0
0
133142
0
0
69474
134472
0
115495
0
73331
0
92284
0
0
65367
0
0
0
0
0
0
74730
126538
33836
118370
20972
0
127337
81921
0
125436
0
0
0
106400
0
0
0
0
105708
119059
0
0
79401
0
0
0
0
0
0
0
128296
0
97821
104370
0
0
0
0
101492
108101
0
0
0
0
55030
0
0
27496
0
0
0
0
77777
44137
21543
74869
0
85734
0
111082
0
0
0
0
0
0
0
0
0
0
27914
0
52021
126842
0
0
108849
149868
0
0
122548
0
0
0
0
53020
0
111678
0
0
0
0
79241
54298
0
0
58329
0
0
0
0
0
0
0
0
57943
30530
140370
0
0
0
0
141919
0
0
115081
0
0
0
105591
0
0
0
0
0
0
33883
0
0
0
0
0
0
119180
0
50758
0
0
71235
0
145882
0
61104
0
22953
0
124067
0
0
0
0
0
0
76955
0
108154
56215
0
0
0
0
0
0
0
0
0
0
61246
0
0
44739
0
110901
0
0
0
0
0
105175
0
0
0
124133
131230
0
0
98123
0
128335
76734
0
0
113785
84677
0
0
0
0
0
13131
0
0
0
0
36155
146625
0
107680
0
0
48888
0
0
0
0
0
88208
0
42519
64421
50640
108388
120853
115782
0
0
0
61245
0
0
0
0
0
0
0
79205
0
73591
0
0
0
0
122633
0
0
0
0
0
0
0
73843
0
0
0
0
0
0
0
139672
118123
0
0
0
0
74695
0
69212
63347
0
0
0
0
0
0
97213
0
0
0
108149
0
77181
129728
0
0
0
0
0
38503
0
103828
0
0
0
69082
115776
0
0
0
127488
117552
131353
0
121505
0
128371
0
0
110152
0
0
0
0
13936
144917
0
0
0
105919
0
116307
0
0
114648
0
0
0
78947
0
0
0
0
0
0
0
0
115540
31073
0
107412
0
113938
117100
0
0
0
0
106632
80595
0
0
0
0
0
79861
0
0
0
75286
120808
0
92654
120933
0
118408
83093
0
111755
0
0
0
121119
0
0
0
0
0
0
0
0
77399
0
0
0
54501
0
0
115673
0
0
0
68544
0
89071
102033
0
0
0
0
0
116342
0
0
0
46537
0
0
112493
0
0
0
85506
0
0
0
0
0
120853
65167
0
0
0
0
0
114962
0
79428
38148
0
64176
0
0
0
0
115031
0
0
0
0
0
129837
0
0
0
88568
0
0
67094
78221
0
34963
0
57152
0
0
0
0
55880
0
144204
0
108810
0
0
102592
0
0
0
0
0
71796
0
0
0
0
0
0
0
101870
0
0
0
0
0
0
0
0
0
0
0
0
0
0
0
102306
0
116342
0
0
0
0
115768
130265
93046
0
0
84600
0
0
0
120535
0
0
102716
0
21711
0
0
0
0
0
0
0
0
0
0
0
0
0
0
0
0
85262
0
0
0
0
0
0
0
0
73390
0
0
0
0
115167
0
0
0
0
0
0
0
0
112190
0
0
0
0
0
0
0
0
0
60563
0
0
0
0
0
123737
111552
0
0
0
0
0
0
0
117047
0
0
0
0
0
0
0
0
0
147846
104853
0
0
0
119554
0
0
135390
0
0
96233
0
0
0
108249
42215
117500
139090
0
0
0
0
0
0
110095
121664
119423
0
0
0
147017
