97139
0
33795
0
0
0
0
128713
0
0
0
0
0
0
0
0
0
0
83482
120343
80478
0
0
126576
57054
51143
129826
0
0
83299
94289
0
119861
0
0
115925
0
0
0
115645
0
0
0
0
0
0
64275
0
111297
0
0
0
0
0
0
107041
0
0
0
0
0
0
0
0
0
0
0
0
0
0
0
122466
113485
0
0
107892
0
0
0
0
0
0
94435
0
0
94477
0
0
0
99978
74189
0
0
0
0
0
0
0
56021
0
0
125063
0
0
97668
0
0
107917
0
0
0
123026
0
0
0
0
0
43624
0
103329
0
0
0
0
0
0
0
0
0
0
0
0
0
0
28910
72070
0
83393
112474
0
0
0
0
0
103655
0
119858
101661
0
0
0
0
0
0
115548
0
0
0
0
0
0
0
0
95214
0
0
0
0
59587
0
0
0
0
0
0
0
93269
80696
0
84863
113349
0
0
0
0
0
0
93534
104493
0
0
0
0
0
0
0
76731
107585
0
0
0
0
0
0
0
0
97987
0
0
0
0
0
0
0
0
0
0
0
0
0
104960
0
103229
0
0
82863
0
0
0
57169
0
0
53743
0
0
121145
63196
0
0
0
134373
0
79761
0
84724
0
0
0
0
0
0
0
0
0
0
0
95448
0
0
43382
0
118332
0
0
0
0
0
139666
65839
0
0
0
91099
0
0
0
98937
72080
0
127704
103022
0
0
131639
0
18787
0
0
104960
135883
0
0
0
0
120364
66804
116940
0
0
111438
92644
0
24776
0
0
0
0
0
0
0
0
120683
0
0
0
0
0
0
98633
0
98035
0
118962
0
0
0
0
0
86578
0
88785
0
0
0
0
0
0
0
0
0
0
0
0
70682
0
98060
0
0
0
0
89762
0
121561
0
0
73953
114517
0
0
0
121634
0
0
0
111788
0
91343
82113
0
0
0
120827
0
0
0
0
0
0
0
0
0
71633
66493
0
0
0
0
0
106116
0
0
0
78190
0
0
0
0
0
0
0
0
135999
0
0
0
0
130093
0
0
0
0
0
0
125111
0
80215
0
0
0
0
0
0
0
0
0
0
0
0
98199
0
0
119589
0
0
0
0
116536
123217
0
0
0
0
0
0
0
0
0
0
0
59381
0
107454
0
111513
0
0
123800
122055
0
0
129560
65173
0
53432
0
0
0
0
97596
0
0
0
0
0
74339
56797
0
0
0
0
112293
119211
0
120665
0
99263
0
0
0
0
0
122284
141632
50184
0
0
0
16576
0
0
0
0
0
0
57818
0
88731
0
0
123774
0
0
0
0
0
0
68881
0
84533
0
106694
0
0
0
109024
0
0
0
0
0
76647
0
82195
0
0
0
0
0
0
0
101040
0
0
0
0
0
101063
0
0
0
0
126725
0
92225
0
0
0
113385
0
0
0
103708
78725
0
0
43154
0
130994
0
0
131951
0
0
0
100882
0
0
0
0
58831
0
0
0
0
0
0
0
59583
0
0
0
0
0
0
0
0
0
0
0
0
49278
66676
0
0
0
0
0
0
68680
0
87899
0
0
0
0
120640
0
0
27767
0
100453
0
0
0
0
78536
117587
0
102488
0
0
0
0
0
73648
0
0
0
120729
0
0
0
0
0
0
0
0
0
0
0
0
94419
84921
111134
58878
0
0
0
0
105595
0
114962
0
0
116289
106053
0
72922
0
0
0
0
76404
0
0
0
0
0
0
0
76733
102396
0
0
109281
0
0
0
0
0
0
0
97253
0
26348
0
111615
0
0
0
0
0
0
77067
55485
74688
0
0
84921
0
0
0
129203
63553
0
0
0
0
0
0
109902
0
0
0
0
0
0
130365
0
0
0
122351
0
0
0
0
0
0
0
125991
101030
0
0
0
0
76458
78745
0
0
0
0
0
116074
0
117360
0
0
0
0
105976
0
0
69606
0
0
0
0
79567
0
61371
0
0
0
0
0
101228
0
0
0
120146
0
1363
0
0
0
0
0
0
0
0
0
0
0
0
84351
0
78969
23988
0
0
0
0
0
0
0
0
45424
119408
0
0
0
0
0
107788
0
105397
59347
48213
0
113671
0
0
0
0
0
0
110680
0
0
0
0
0
113174
0
0
113706
29593
0
0
0
0
0
0
0
0
127950
113988
0
0
0
0
91847
0
0
111622
0
107553
0
120185
0
0
0
33283
0
0
0
0
0
0
0
102836
0
0
120815
0
0
0
32392
54336
0
87054
0
0
0
0
0
0
0
65753
101049
0
0
0
0
0
92781
0
0
0
0
0
0
0
0
66878
0
114272
118518
109665
0
0
77799
89367
0
0
92181
0
0
44072
0
0
0
0
0
0
118350
0
0
125359
0
114471
0
0
0
0
0
0
0
100192
0
0
61315
0
137666
0
0
0
0
0
0
126604
113135
0
0
0
79395
0
132424
0
31759
0
0
0
105031
114950
76328
85825
0
0
108596
0
0
0
116403
73329
0
108455
132957
96768
0
0
0
59677
0
0
0
0
0
71133
0
0
0
0
0
0
0
86082
0
0
0
95271
109604
123875
112000
130345
0
0
0
0
0
95982
57049
93607
0
0
116684
125764
119537
124298
0
0
0
94631
56208
109263
0
83076
0
0
0
0
0
0
0
0
0
0
0
0
0
0
0
0
0
106053
0
133449
117899
51081
0
0
103700
0
0
0
0
0
0
0
0
0
0
99986
0
0
0
0
0
0
0
0
36372
65468
0
0
0
0
0
109110
109705
0
0
0
0
0
0
0
0
0
0
0
78182
0
106146
0
0
0
0
0
77377
0
77076
130124
0
0
0
0
0
0
0
0
0
100376
0
0
129744
0
0
0
0
0
0
52657
0
0
0
0
104236
45694
0
0
67167
0
0
83641
122498
0
109126
0
0
0
100718
0
0
0
68514
0
0
0
0
0
0
112076
131393
77677
0
0
0
0
119195
0
125653
0
0
0
0
0
0
0
119776
113044
0
0
0
0
0
72691
99884
66648
0
0
0
110495
20301
0
122288
104681
0
100558
67289
0
0
0
0
0
0
0
0
0
0
0
0
0
0
77076
0
0
0
20971
55872
0
0
0
95424
0
0
0
51126
0
75076
0
86510
0
0
0
0
55692
94892
0
0
0
0
0
0
0
100367
0
0
0
0
0
0
0
0
78190
0
89417
112531
0
0
0
0
0
0
59957
0
0
0
0
25997
0
0
0
114783
0
98350
0
129095
65709
0
0
0
0
0
0
0
0
79612
86866
0
104501
0
89930
0
134511
0
97354
0
0
0
0
0
0
0
0
0
120701
0
0
0
0
0
0
0
0
47557
58468
0
0
0
0
0
107371
0
129417
0
0
0
0
0
0
0
0
0
82488
87528
0
28910
0
0
21403
0
0
84724
88662
74992
0
0
54750
104837
60076
0
0
106695
57532
45865
71263
0
0
0
80395
0
0
0
0
0
0
0
0
96322
0
0
0
132328
0
0
97639
0
0
75719
111207
0
0
0
0
97813
0
0
0
76522
56594
0
98986
0
0
0
58041
0
0
0
35873
0
0
0
0
0
110081
0
0
0
0
0
0
0
132718
0
61045
0
87309
0
0
0
0
0
0
132035
0
0
0
0
0
0
0
0
130195
0
0
0
96349
0
0
0
109350
0
78095
0
0
0
0
0
0
0
0
0
0
0
0
0
0
0
0
0
141561
87045
57455
0
0
0
0
0
81865
74107
0
0
114062
41103
0
99532
0
0
0
0
121331
0
0
0
0
0
93213
0
0
0
0
0
0
106829
0
125003
0
0
0
52557
0
0
0
0
0
120566
70731
88038
0
0
0
0
92179
0
71611
0
0
0
0
0
0
0
0
0
0
0
0
118075
0
9595
0
84923
0
106250
0
0
0
118601
0
75977
0
0
0
0
0
0
0
0
94351
0
0
0
0
0
0
115304
0
0
0
48328
0
0
0
0
0
0
116613
87131
0
0
0
0
0
0
0
0
0
0
0
103092
0
0
60975
66848
0
0
0
116245
119098
0
0
112212
0
0
0
21471
92823
87538
0
134283
0
0
0
0
107857
0
0
0
0
106043
83300
0
0
0
77119
0
0
0
94938
60497
82166
60686
0
0
0
0
0
0
0
0
0
107116
122351
0
125904
0
0
117260
0
88637
0
0
58537
0
0
0
0
0
120335
58476
0
0
0
0
0
87046
0
0
77270
58214
0
142970
0
0
0
120638
126834
0
0
117929
0
0
0
0
63304
90342
0
0
121709
0
0
0
0
116397
72967
0
0
0
75071
92894
71139
0
0
0
0
118709
0
0
0
0
0
119255
0
98287
0
0
0
110813
0
0
0
0
98100
0
54615
111644
0
0
64529
0
0
0
0
0
0
0
0
0
92407
88190
0
0
0
0
0
82948
0
0
0
63594
69231
0
0
0
0
0
120810
0
0
0
115380
0
0
0
23158
0
0
109322
0
0
120709
0
0
0
0
0
0
0
0
0
87248
0
109875
126509
120923
0
0
77126
89432
0
0
87481
0
0
0
65247
71469
0
0
0
0
0
0
85771
0
98154
0
0
0
0
0
105482
0
0
55449
0
0
0
0
22857
107979
0
0
0
0
108003
0
0
107137
0
0
0
66249
0
26116
0
0
0
0
0
110742
14522
0
19294
0
0
0
0
0
0
114850
74358
0
0
0
0
0
0
0
70200
0
0
0
119910
0
0
0
0
0
120335
0
0
0
0
0
0
0
0
87443
57723
0
0
107498
0
0
111760
0
97379
0
0
0
44340
86392
0
0
0
103271
0
0
0
0
0
0
0
82797
0
0
0
0
0
0
0
95735
0
0
0
0
97079
79419
0
0
0
0
0
103587
0
0
0
0
0
56754
0
81902
0
87226
0
91224
84138
0
0
119999
76268
71400
0
0
65545
0
0
0
122027
0
104172
0
52954
126523
0
0
0
119283
0
69322
0
0
0
116371
0
0
95633
0
0
0
0
0
110515
0
0
0
0
0
0
69286
0
135565
0
0
0
0
0
104488
0
97235
95860
0
0
121819
104107
0
0
72024
0
0
0
96706
0
0
0
0
0
114360
0
0
0
15082
0
0
42870
0
0
0
106511
107706
88599
0
0
58724
0
94648
0
90918
130748
89987
0
66205
0
0
0
0
0
0
0
77529
68167
0
101707
0
0
0
0
0
0
0
0
0
106219
0
73233
70949
0
0
0
0
123313
0
112609
95584
0
0
0
69970
0
39133
0
0
0
0
0
0
62288
0
0
0
99944
128777
0
0
61165
0
0
66781
0
0
0
0
0
0
0
79590
123668
126325
0
0
115842
0
0
0
0
0
0
72850
43604
0
74289
0
0
0
75890
0
0
0
0
0
0
0
86236
0
0
0
0
0
0
76558
51209
0
0
105241
89997
0
92685
0
0
0
0
0
0
0
0
82948
0
36402
0
0
0
0
0
0
0
53803
47423
0
0
82113
124270
0
0
99918
0
0
0
105754
103504
123321
0
100709
0
0
0
0
0
0
0
0
0
0
26934
0
0
0
0
110052
0
0
0
0
0
0
0
0
0
0
0
0
0
54508
0
0
0
98448
0
0
0
0
67638
98427
0
0
0
75866
0
0
110156
0
0
0
0
31841
118890
0
117996
0
59289
66462
74398
0
0
0
0
31605
90853
0
0
0
0
0
0
108857
83185
112481
0
0
0
91536
55182
0
0
0
0
0
0
91336
0
0
0
63716
0
0
0
117145
0
0
69313
0
134422
56535
0
0
0
0
78606
74385
0
0
0
91801
0
57192
0
0
0
89202
97800
0
93851
0
0
0
0
101161
0
0
0
0
0
0
0
0
51997
0
0
0
0
0
0
0
74157
80048
0
101668
0
0
0
0
0
0
0
0
46665
0
0
0
0
0
0
0
0
42920
44880
0
0
77677
0
113668
127902
0
102418
0
0
0
0
0
0
0
0
0
125268
0
0
0
0
0
0
0
0
0
0
109129
0
0
46667
0
0
120771
103197
0
76011
0
131565
81605
0
0
0
0
0
117708
62641
0
0
0
0
0
96425
107976
0
0
0
0
8643
0
0
0
118868
0
0
0
0
97893
100873
0
111938
0
0
120575
0
0
111112
0
0
0
0
0
0
0
0
99485
0
0
0
0
0
0
0
0
0
0
25626
0
0
0
0
89674
0
0
115889
66569
0
0
0
0
46695
82517
0
0
0
0
124876
125041
0
111913
0
0
0
0
0
125977
0
0
0
63667
0
0
0
0
0
0
112961
0
0
0
0
0
0
0
0
0
85678
119193
0
0
0
108877
0
0
0
0
121612
0
76911
0
0
0
0
0
0
122001
0
0
0
0
79660
0
86114
0
0
0
72758
0
0
81771
0
0
0
0
98200
129574
0
59671
0
57278
0
91120
116173
108141
0
0
125672
0
0
0
0
110028
0
0
90823
109747
139647
0
0
0
0
0
0
88679
0
0
0
0
0
0
0
71341
116439
0
0
0
83704
0
99445
0
0
88599
112824
0
0
0
0
107457
108010
0
0
0
0
0
0
0
0
104494
0
71514
60752
0
0
92574
0
0
0
120866
0
0
0
85664
0
0
0
76858
0
0
140555
0
0
61890
0
0
0
0
116492
0
0
0
0
98436
0
0
0
0
0
0
0
0
0
95844
70834
0
98670
0
0
0
0
0
0
0
98489
0
0
0
0
0
49637
59045
0
106891
92914
76601
67083
0
0
71056
0
96942
0
0
0
0
0
80586
114933
0
0
0
0
0
10538
0
0
0
44254
0
94427
79264
0
84921
0
0
110411
0
0
36198
0
0
119255
0
56290
0
0
0
0
89945
0
0
0
0
0
0
0
58609
0
0
0
84625
0
0
0
105497
0
0
0
0
0
0
0
32594
0
0
137170
0
0
0
0
0
23359
0
0
0
0
0
0
0
0
0
126832
126359
0
0
0
0
0
0
0
0
0
113977
0
0
0
0
57989
0
0
0
0
0
0
0
67393
0
44894
129258
0
100463
0
0
85516
113247
0
0
68774
0
0
70335
129417
0
0
61925
0
0
99766
122203
0
105020
0
0
0
0
0
0
0
0
78370
0
0
0
0
100342
0
114736
0
0
0
0
0
0
0
0
0
0
117518
0
0
0
0
117640
0
0
0
0
80065
22134
0
90840
138566
0
0
0
96704
0
0
100463
0
57805
86945
113317
0
0
0
114377
0
54372
0
129095
0
0
0
0
106299
0
0
0
95039
0
108020
0
0
0
0
72667
111712
65734
0
0
0
0
94478
0
0
0
0
0
0
101927
0
0
0
0
0
0
0
0
0
0
105643
0
0
0
9595
81478
0
77075
0
68904
54966
101996
0
0
0
0
0
0
0
0
89202
0
62424
0
0
0
0
0
59951
112715
113852
104894
112501
70621
0
0
0
73786
42384
0
121097
0
0
0
0
0
0
58473
0
0
0
0
0
0
0
0
75076
0
68696
0
0
0
0
0
0
0
0
0
81311
86093
129321
42901
0
0
60368
0
121288
33245
19187
61045
0
0
0
0
0
110638
107041
0
0
0
0
0
105496
0
0
0
96391
82177
0
0
0
0
0
117304
75437
123525
0
96539
50985
92025
0
0
0
124430
0
70098
0
0
0
119098
51504
0
105666
0
117601
0
0
80269
84708
0
0
0
0
0
22526
102829
0
94972
0
0
0
48370
0
0
0
0
112486
0
0
0
0
0
94072
0
0
0
112570
0
0
0
0
24177
0
0
0
130959
0
70824
0
93462
0
0
0
0
0
0
0
115557
105855
0
0
123180
0
0
0
0
0
0
123341
119324
0
0
0
0
114688
0
0
0
0
0
0
0
0
0
0
0
0
0
106936
0
0
0
0
0
0
0
0
0
0
53994
115529
120497
0
0
103022
0
0
56359
0
91207
0
94082
0
117201
0
0
0
103775
0
0
0
0
0
0
0
9348
0
40048
0
0
0
0
0
0
0
0
0
101801
0
0
0
0
0
0
111910
135894
70890
0
79394
0
0
0
0
108861
0
0
0
0
0
0
0
78523
0
0
0
0
0
0
0
106487
71557
76731
63641
0
0
0
1672
0
0
0
117773
102242
0
0
0
0
109234
130117
83798
0
0
0
79272
0
85944
0
0
0
0
0
0
0
0
141747
0
0
0
0
109249
0
120725
0
0
0
0
0
102146
0
0
100994
0
116904
0
75173
0
0
114012
32151
0
0
0
0
0
121116
0
0
0
111815
71206
0
0
0
102199
0
0
65513
0
113328
0
50323
0
0
0
0
0
58783
0
0
110729
0
0
0
0
0
0
0
98365
0
0
49077
0
51822
48141
0
0
0
0
0
73764
0
0
0
134653
0
0
0
90355
0
113796
109964
0
0
0
0
111854
0
0
0
98667
0
0
0
115729
0
0
0
0
0
0
0
0
0
0
0
83254
0
0
0
133216
0
0
0
0
73645
107219
0
31233
0
0
0
0
0
0
0
0
113986
0
0
0
93615
0
0
0
0
0
0
0
0
0
113090
61065
0
0
121137
0
0
0
0
143091
33639
0
0
0
140038
0
0
0
0
0
0
0
0
74072
128853
0
0
0
44381
0
0
0
0
42870
0
119473
0
97253
0
0
0
0
0
0
0
0
0
0
0
0
0
0
0
0
0
0
0
0
126584
0
0
0
0
0
0
0
0
0
0
0
0
0
0
0
77706
0
0
77515
0
0
0
0
0
0
0
60742
133071
0
0
0
0
0
0
113609
0
0
0
0
118740
0
52585
0
0
0
0
0
139961
0
0
0
0
0
77551
0
0
0
0
0
87266
0
0
0
0
0
0
0
0
0
0
0
0
0
94674
95674
134014
114654
0
0
0
0
0
0
0
0
0
94646
0
55392
71400
0
0
74821
0
118338
104637
0
0
58745
0
0
67901
0
0
0
136966
0
0
0
54432
71634
0
124077
79854
0
0
0
0
0
112442
90141
0
109941
0
73445
0
107817
0
0
65244
117279
0
0
0
0
0
0
47731
0
0
0
93605
0
0
0
0
0
0
19835
98394
41545
0
0
0
0
133642
0
126783
0
0
102100
0
0
107790
0
130411
0
103610
0
0
69557
26946
75172
0
0
0
0
0
81755
0
0
0
0
0
0
98272
0
0
0
0
85647
0
0
0
0
0
117465
73777
126097
0
0
0
0
0
68214
0
79292
0
0
89423
0
112404
0
0
93218
130781
99485
0
0
0
0
0
0
0
0
0
0
0
0
0
0
0
0
72346
0
124877
0
0
0
0
102195
0
0
0
22603
0
0
72992
0
0
0
0
0
0
0
0
0
0
0
0
0
0
0
0
0
0
0
0
0
0
0
103826
0
0
0
0
0
0
0
96154
116277
0
0
0
98394
0
0
0
0
0
0
0
0
0
0
0
0
0
0
105031
0
0
0
0
0
91481
0
0
0
0
0
0
82902
95877
99339
0
94731
40689
120709
85397
120596
0
0
0
0
54208
111125
89755
0
0
0
101919
0
0
0
0
108018
0
0
114731
104631
92616
0
0
0
0
69675
0
0
0
0
35166
108212
100718
0
124799
0
0
0
0
0
0
76103
80812
85613
0
0
105074
0
0
0
0
0
0
112164
54602
97773
0
0
0
66533
0
0
0
0
0
0
0
0
0
0
0
66249
0
0
129032
0
69818
0
0
0
0
0
0
0
0
0
0
126509
0
0
61821
0
112723
0
0
121478
0
121163
0
0
0
0
0
0
0
0
0
108510
0
87867
47763
135828
0
0
0
120254
0
0
0
0
0
0
0
0
0
64073
0
0
0
0
119371
0
0
0
0
0
0
69372
0
0
0
0
0
73180
0
100579
0
0
0
0
0
65377
0
0
0
0
0
0
129637
78190
78936
0
76012
0
0
73049
0
0
64904
0
108251
112079
0
0
0
0
0
0
0
0
0
0
0
0
137926
0
119673
0
0
0
57347
0
0
0
0
125781
0
50225
85683
0
0
61651
0
97425
0
0
0
32108
0
0
0
0
0
94928
0
0
0
124859
0
0
0
0
0
0
101085
0
0
0
0
0
58975
0
0
0
48615
99447
0
0
138702
0
0
0
0
0
0
0
90680
82609
0
0
0
0
107330
0
0
0
0
0
32912
0
0
0
104875
133905
115570
53537
0
114420
0
69184
126908
0
79848
0
0
0
52717
0
0
0
0
0
0
0
0
0
0
0
0
0
0
0
0
0
109455
121195
0
28127
0
0
0
0
0
132949
0
0
0
135129
0
0
0
0
95386
111633
0
0
0
120589
131467
0
0
0
0
0
91692
0
0
0
0
0
117055
0
0
0
0
130967
0
103302
0
0
0
66645
0
101556
0
0
0
0
0
0
0
93943
68114
0
0
0
0
0
71280
79149
0
0
0
0
0
71911
0
0
0
0
141462
0
0
0
7054
0
0
0
0
0
0
73566
79376
80564
0
0
82254
0
0
36244
0
0
0
0
0
0
0
0
0
68699
0
0
0
45327
91968
111615
108557
75861
0
0
26468
134422
0
102332
0
0
0
0
46818
0
0
73627
74385
92161
0
111702
0
0
0
0
0
120677
0
0
0
0
0
0
0
0
79292
0
0
0
0
0
116273
0
0
0
129956
0
0
0
0
0
0
96371
0
58561
0
67325
0
0
0
0
0
113346
0
0
0
0
0
0
0
0
0
54278
0
0
0
0
0
0
45682
0
0
0
45518
0
0
0
0
0
75265
0
0
109797
0
0
0
141401
67478
120702
0
0
0
95795
0
0
0
0
98103
62443
0
118758
0
0
0
0
0
0
92303
0
0
0
0
0
0
0
77813
0
0
118758
0
0
0
0
0
0
0
71368
0
0
43999
0
0
0
97206
0
0
0
0
0
75839
0
0
126257
108129
0
0
0
0
62201
0
0
0
0
0
127178
0
0
87046
0
0
0
0
0
0
0
122240
0
0
0
26657
0
0
65258
0
104928
0
0
66502
0
0
73658
0
124779
0
0
94742
0
0
0
105663
0
81535
0
0
0
93772
0
0
0
0
87504
0
68509
0
0
0
0
0
0
116365
0
0
0
0
75377
0
0
112488
0
0
0
0
106022
0
0
130890
119787
0
0
0
0
0
0
126573
0
0
0
0
0
0
0
0
0
0
0
0
0
0
0
0
0
0
77331
0
0
0
0
0
0
0
0
0
0
0
0
0
112399
0
0
0
0
0
0
0
0
0
94001
125379
0
0
0
0
103573
0
0
0
0
0
56103
98901
0
129334
0
0
0
103846
0
0
0
0
0
0
0
0
0
0
0
0
18318
0
0
0
0
0
0
0
124475
0
47653
78159
0
0
0
0
0
0
0
0
0
97214
0
0
0
25244
0
54738
0
102182
0
0
0
0
92821
63723
0
109091
90717
0
0
0
0
76108
0
129894
0
54572
97800
0
0
100946
0
0
42438
114817
49371
0
0
51425
0
0
113046
0
0
0
69961
116449
0
68536
106683
0
95478
0
55440
0
112909
0
0
0
139611
0
0
0
0
0
0
0
0
98014
0
0
0
0
0
0
0
108061
0
0
0
0
0
0
0
0
0
0
0
101078
0
0
0
0
0
0
0
122731
0
0
129574
81395
132093
0
73233
0
66942
0
0
0
78390
0
0
0
0
0
120725
0
0
0
0
0
0
0
131494
0
0
0
0
0
0
99001
0
0
0
0
87516
0
52904
78095
69867
0
69099
0
0
0
85373
0
0
59689
0
86582
0
0
0
0
121911
60856
0
58831
0
0
0
127637
0
0
0
95520
0
0
0
0
100353
0
0
0
0
0
0
1363
0
58975
0
0
114329
110500
0
0
110549
59518
0
0
0
0
0
0
0
0
0
0
0
0
108554
9796
0
0
0
137286
119322
0
134912
0
0
0
0
0
0
0
132975
104253
0
100980
0
0
0
0
0
65486
58227
0
46325
0
0
111205
0
84649
0
0
0
0
23390
0
105663
0
0
0
0
110464
0
0
0
0
0
0
0
0
0
0
63304
0
0
0
0
0
0
0
0
0
0
82896
127170
0
86375
0
42814
0
0
0
0
0
0
0
120894
0
0
0
0
0
73544
116029
0
0
0
0
0
0
44825
102767
0
112995
0
0
0
0
0
80463
0
84387
0
0
0
0
0
0
0
109021
0
0
90995
0
0
0
0
0
69242
0
125496
0
0
136030
0
0
0
106875
0
0
0
103424
126793
89912
0
74662
0
0
109452
7799
67282
74964
0
0
0
0
0
0
0
0
67113
0
0
0
95462
0
130936
0
0
0
99743
0
0
0
0
0
0
0
0
0
0
0
0
94862
0
113645
0
42192
0
0
0
99089
23053
0
0
0
95039
119826
0
0
0
101618
0
0
0
0
114074
81122
0
0
0
0
121059
0
0
0
0
97864
123356
97178
0
62940
117729
0
62940
0
95369
0
0
105186
0
0
0
0
0
0
0
99851
0
0
24210
0
0
0
0
126136
90500
0
70067
0
0
73535
66289
0
0
0
0
138719
0
81395
0
0
0
0
0
61103
0
99253
0
0
0
77816
0
0
0
0
0
0
0
0
116407
0
0
0
0
0
0
0
0
0
125066
0
0
0
0
0
0
0
93166
83585
73091
0
0
0
0
0
0
132328
0
0
0
0
0
0
0
0
0
0
0
0
0
0
0
0
0
0
57306
0
123937
0
0
88562
102766
0
83904
0
0
115295
110405
93641
0
86193
120689
0
0
120276
0
102499
0
0
83630
0
80829
128369
0
0
0
0
0
0
0
0
126823
0
0
0
0
28796
94237
95660
122241
61354
0
0
0
109263
0
0
130549
0
0
0
116904
0
56285
0
0
99673
96222
0
141462
69414
0
0
0
0
0
0
0
118854
0
0
0
113596
0
0
0
0
67558
83789
0
97481
0
0
0
0
0
0
130284
0
0
52933
0
120791
0
0
0
0
102223
30193
0
0
0
0
0
121003
0
0
0
0
0
0
0
0
0
0
0
0
0
0
0
0
0
0
75828
0
120321
102100
0
117317
0
0
0
0
103173
0
0
0
0
0
0
0
0
0
0
105540
0
0
0
0
104960
0
0
0
0
66502
0
22463
0
0
0
96756
0
100367
0
0
0
123703
125764
0
87927
73108
0
0
107669
0
0
0
0
23587
0
0
0
0
0
0
0
106293
0
92163
0
0
0
126719
128648
133496
0
82113
0
0
0
0
0
0
0
0
0
0
0
0
0
45950
0
99964
0
0
141870
0
0
0
119762
0
0
109160
0
101453
0
107571
0
102132
96856
0
0
0
131814
0
0
120279
0
98100
0
0
0
94937
0
0
0
0
0
0
0
0
0
0
0
0
0
110485
125477
0
99541
0
90919
67913
0
0
0
0
0
131149
0
71824
0
0
0
0
95454
0
0
0
0
0
0
0
103004
128849
0
0
0
0
0
0
0
82382
91517
126151
0
52054
131937
0
0
115884
0
0
68957
0
0
0
0
76274
0
0
0
0
0
0
0
0
71691
0
93274
0
0
0
0
0
0
0
0
106818
0
0
0
97044
68703
0
0
83837
0
0
0
0
0
0
0
134552
0
0
0
0
121404
0
0
0
69081
101569
0
0
0
0
56968
0
0
0
0
103520
0
0
0
130479
24775
0
0
0
0
0
0
0
0
0
0
125007
116512
0
0
0
0
0
69712
86489
0
58416
0
0
108000
0
114492
56392
100497
0
0
0
0
0
89002
0
0
0
0
80310
0
0
55872
100074
0
0
0
0
0
0
0
0
0
0
0
0
90166
0
74992
0
0
0
118933
72346
0
0
101397
0
0
0
0
84698
0
0
0
0
0
0
97668
0
108242
0
0
0
90906
0
0
0
119112
0
0
0
0
0
107523
0
133452
0
83185
0
0
0
93020
0
0
73535
136796
0
86767
0
0
0
0
116731
0
0
0
17604
104535
0
0
91240
0
0
0
0
0
0
112269
0
97000
0
129720
0
0
63918
66354
0
0
0
0
92616
143688
0
0
125326
0
0
0
0
0
56219
0
42998
0
67026
0
0
0
0
0
0
0
0
108867
122038
0
0
0
0
0
0
59381
0
106116
0
0
81369
0
0
0
60071
0
95617
0
111702
0
0
102062
111760
0
0
108615
0
0
0
121200
0
0
0
0
0
0
0
0
0
0
0
0
124358
0
0
0
0
0
0
0
46401
68558
95112
0
0
0
0
0
0
0
134014
0
0
0
0
83462
0
0
0
114193
126192
66785
81897
0
0
126718
76652
0
0
66213
0
0
0
0
0
0
0
0
0
66030
0
52903
0
0
54247
5497
74440
0
0
66446
0
102994
0
131452
82611
95727
0
105217
115621
0
0
0
0
0
0
118352
0
0
0
0
0
0
83866
122427
0
0
84138
0
0
105804
0
0
126889
113754
0
0
0
0
0
0
0
0
0
53586
0
0
0
0
0
0
41325
0
103554
33063
0
73623
0
0
104681
99877
91901
0
0
91766
0
0
130583
104941
0
0
68889
47324
0
0
0
0
0
0
0
76456
69414
0
0
0
113349
0
0
0
74741
0
0
0
0
81352
0
59462
0
0
0
94209
0
0
0
0
0
107461
0
0
0
81660
0
94205
0
137010
132734
120704
0
0
0
0
103000
0
0
0
0
0
0
125641
0
76470
0
0
0
0
0
0
134890
0
54657
0
0
0
0
0
0
0
0
0
0
0
0
103058
117395
0
0
0
0
83111
0
0
120364
117833
0
0
0
0
0
75663
0
0
0
0
0
0
0
117895
55864
0
0
0
0
0
99904
76331
0
0
0
0
131060
0
0
0
53367
0
0
0
0
0
0
0
0
100994
0
49849
107037
0
96743
0
0
58249
73318
138236
0
0
0
0
88200
0
0
0
99109
0
0
102311
0
0
0
0
0
75846
0
0
0
0
0
0
0
0
0
0
0
0
130882
0
0
0
121472
0
0
0
0
120198
0
0
0
0
0
0
109817
0
0
0
0
0
0
0
0
0
0
0
56654
0
0
103899
0
0
0
0
0
86696
0
0
0
0
125271
120208
103802
87985
0
129200
0
97950
0
0
0
0
0
0
102382
0
0
0
0
0
0
0
0
114154
0
0
0
108658
0
0
0
0
107200
0
100086
0
0
0
0
73976
0
0
76036
76987
0
42319
0
0
0
0
0
109728
137680
0
103702
0
0
0
95386
100420
0
93329
82290
0
0
83015
0
0
0
0
0
0
0
81259
0
0
121765
0
116572
0
114435
0
0
79127
0
0
0
0
0
0
79848
0
0
0
85351
0
0
0
0
0
74433
110326
0
89718
0
0
25879
113211
0
0
96743
0
0
0
117471
0
62500
0
0
115023
0
0
55700
101464
92155
87622
0
0
60237
0
108061
0
0
0
0
0
0
0
0
65576
0
71079
0
0
0
0
0
109465
0
0
0
112312
74141
0
108459
0
0
0
0
0
116033
0
0
0
134113
0
0
0
0
76522
0
0
0
0
0
0
0
127586
0
0
0
0
0
0
0
0
0
0
0
0
0
0
0
0
0
118857
110593
0
0
0
113889
127702
72765
0
85397
0
0
0
101221
0
75665
0
0
94836
107840
0
0
0
103443
0
60314
0
0
84424
62434
0
126711
0
84376
113246
126850
131272
88085
69390
0
0
0
54438
93744
0
0
0
66652
0
0
0
0
95979
0
129264
0
0
0
0
113328
0
0
0
0
0
0
0
0
0
0
0
46670
0
0
0
0
0
0
0
0
0
88038
0
0
0
0
0
0
0
0
0
0
0
0
0
0
0
0
0
0
0
0
0
0
113038
0
0
90919
0
24936
0
0
0
0
33063
0
0
0
0
0
0
0
0
0
0
88553
62501
0
0
0
0
0
0
131625
0
0
73576
0
0
0
67985
0
0
0
129665
94287
0
0
0
0
65513
0
0
0
0
66747
72134
0
0
0
0
0
0
131445
77030
0
0
116561
0
0
0
0
0
0
0
0
0
119787
0
0
0
0
0
0
0
0
0
0
0
0
0
0
0
0
80527
57031
0
0
0
0
0
0
0
0
114492
0
0
0
0
0
49373
0
0
98562
0
0
0
83180
0
0
6404
0
112111
0
97389
112789
0
0
0
0
0
76522
0
0
71611
0
0
0
0
0
0
118412
0
97054
0
0
0
46806
0
0
0
72153
112067
0
0
0
55440
0
0
0
0
0
0
0
0
0
0
0
44984
0
0
0
0
0
0
73818
0
0
0
59115
0
0
0
81989
0
136652
32613
0
98481
0
132449
0
0
93576
0
0
0
0
0
70165
114762
0
0
0
0
75510
0
54681
0
0
0
0
107353
78368
0
0
0
0
0
0
0
0
0
0
0
71999
0
0
0
0
0
0
0
0
0
0
0
0
0
125442
0
0
0
0
0
0
0
0
0
123282
0
74189
0
0
0
46078
0
119724
77297
121137
0
0
71908
86435
0
0
64320
0
0
134284
0
0
74689
0
0
109023
0
0
0
100312
113403
0
0
0
126600
0
64450
83357
0
111139
0
106473
0
0
0
0
0
0
118566
0
42256
0
0
96786
79411
133371
82571
0
0
0
83464
0
0
0
129929
114256
0
0
97126
0
0
0
0
0
0
0
0
0
0
0
0
0
0
99353
117749
0
0
0
0
90349
0
98532
0
0
0
0
0
105094
0
0
42000
131483
0
0
103058
0
0
0
0
0
114528
0
99281
0
0
0
0
0
0
120773
0
0
0
0
54247
0
0
98889
120212
0
0
104814
80180
14723
0
0
0
0
0
0
0
76522
0
73496
113400
0
0
0
0
0
0
0
0
0
0
0
81081
0
0
101176
72903
0
119925
0
0
0
0
105455
0
0
0
0
0
0
95727
0
0
0
0
0
132916
0
58984
0
0
0
0
97570
0
0
0
55440
102920
0
0
0
60349
0
0
0
0
0
0
0
0
0
87838
102102
132352
75553
0
0
0
0
0
0
141385
107573
0
0
0
0
79744
0
0
108482
15827
115052
73745
36244
0
0
0
0
0
107248
0
0
0
0
129208
0
0
95227
69009
0
0
0
0
0
0
43312
0
0
0
20409
76650
0
0
0
0
0
0
0
0
0
0
0
0
0
0
0
0
0
127910
42119
113001
39960
0
0
0
0
0
0
107261
0
121240
0
109724
0
0
0
0
0
0
0
74422
0
0
0
0
0
0
0
0
0
0
103650
0
0
0
97670
0
68932
110534
0
0
100121
0
117078
0
0
109953
127317
48524
0
0
0
0
0
74301
119487
0
0
132084
46667
0
98489
46866
76911
0
132086
126725
0
0
0
0
108554
0
0
91093
0
0
0
0
0
0
0
96764
0
0
0
72177
0
0
75273
0
74189
52760
0
62567
119440
0
0
0
84576
0
72703
0
0
0
79874
0
96953
0
92828
0
57492
0
78661
0
0
0
71736
0
0
0
0
103642
0
0
0
59030
0
0
110070
94254
0
120147
98167
0
104879
124829
0
70567
0
0
0
0
0
0
0
0
0
92729
109697
0
0
0
0
0
0
0
63794
0
0
0
89882
0
0
0
0
0
0
0
0
0
0
0
0
0
0
0
0
55171
112151
98954
0
0
56353
0
0
81189
119551
0
75126
47430
0
0
0
0
0
0
74432
0
0
0
0
94740
0
0
0
89986
0
0
0
0
87211
103022
0
82177
0
0
0
0
0
0
124164
0
0
80893
0
0
113668
0
99181
90061
0
0
0
0
0
0
110515
0
28259
0
0
0
0
0
56090
83214
0
0
0
0
32117
0
0
0
0
0
0
0
132366
80235
0
0
0
0
0
81865
0
0
0
0
0
0
109356
0
0
0
0
0
24508
0
0
0
0
0
0
0
0
0
0
13894
130596
0
0
0
53468
0
80020
0
0
0
0
0
97682
0
47707
0
0
0
107087
59951
0
36131
0
114906
103693
0
125379
0
0
0
0
0
0
0
0
0
0
0
0
120512
0
0
134155
0
43910
0
0
0
0
0
0
0
126045
0
0
0
0
0
112305
75434
0
0
0
46401
0
0
0
0
0
0
0
53803
0
0
0
0
0
0
108067
0
0
0
0
0
0
0
0
0
116940
0
0
0
0
131584
0
112514
111921
0
0
0
0
0
0
0
69592
0
0
15827
0
0
0
0
0
0
0
0
0
0
103367
0
0
0
0
0
0
0
129607
0
0
75786
0
0
0
0
58067
0
0
0
0
0
0
0
0
88065
0
0
104621
0
62463
43768
0
95214
0
107905
84201
76011
63667
0
0
0
0
0
0
0
0
0
0
112531
0
91517
0
0
0
0
0
0
88650
102111
0
48328
124225
0
0
85029
0
0
0
0
0
0
0
0
0
0
0
94610
0
0
0
0
113402
0
0
0
0
0
123026
0
0
109093
0
0
0
80896
0
119844
121459
0
99645
0
0
0
85092
0
110423
89463
129533
0
0
0
0
63538
76011
0
0
114583
65677
0
0
143723
65717
0
0
0
0
0
108894
0
0
0
100202
107755
0
85830
84318
92781
0
72105
0
0
0
0
0
0
44566
0
0
0
89405
102814
0
0
0
0
73828
0
0
113986
137491
0
72063
135092
0
121359
69981
0
110294
0
0
124277
0
114728
0
0
0
70122
45087
64769
83565
102427
0
0
109219
0
0
0
91658
0
0
105389
0
0
0
51059
0
0
0
0
0
0
0
59175
0
0
0
76731
130609
0
120866
0
125377
0
0
0
96466
113229
98593
51898
0
0
0
108292
135218
23916
0
0
0
0
0
0
67679
0
0
0
0
0
0
0
0
0
48632
69543
0
0
0
92725
0
0
95369
82005
90284
0
0
0
0
0
0
0
0
0
0
0
0
0
0
0
0
0
0
0
0
83059
0
107965
0
0
0
0
0
112237
0
0
21796
0
0
0
0
0
0
0
0
82609
118434
0
0
0
0
0
0
63710
95155
111163
0
129497
0
0
0
0
0
0
0
0
0
44697
104998
0
70438
0
0
45165
111423
0
63431
0
46806
0
57768
0
84923
0
0
0
106793
60658
0
0
0
92849
80215
0
0
98641
0
0
67852
72177
0
0
0
92609
0
0
61657
0
0
0
102382
0
0
81682
0
0
0
0
0
0
105593
0
0
0
142374
0
59825
0
0
70834
59651
0
0
0
0
0
0
0
87223
0
83752
128910
0
0
0
0
0
0
0
118942
0
48774
106312
0
0
95727
0
0
0
0
140054
0
0
0
0
51153
104080
115799
0
0
0
0
82234
72769
0
0
0
0
0
0
0
0
0
0
0
0
0
113224
0
105540
125437
0
0
0
0
0
108538
0
0
0
112217
0
51059
0
0
58294
0
8441
0
0
0
0
0
0
0
0
0
0
0
103197
81122
0
0
110252
0
0
0
0
0
0
0
0
48615
0
0
0
0
0
45087
0
0
124380
0
0
0
0
0
0
75650
0
69808
0
0
0
0
0
0
0
92894
0
0
0
0
0
75208
0
99668
0
22804
0
0
0
0
59166
0
0
122977
0
0
0
0
0
0
50239
134281
94206
0
0
0
0
0
58975
0
83572
0
0
21973
0
70879
0
0
0
0
0
132260
0
0
0
0
0
0
0
0
0
121995
0
0
0
57488
0
118515
115842
77098
56352
0
0
0
0
0
0
122235
0
0
0
0
0
0
0
107072
0
0
0
92543
0
0
0
94427
0
24776
24936
92388
0
0
86366
0
0
0
109299
0
0
0
0
56461
0
0
0
76950
125514
0
0
0
42438
0
128518
77094
0
0
102719
0
124385
0
0
0
92730
0
0
96123
0
0
49695
0
0
0
0
0
73257
0
136471
0
0
0
0
69444
50239
53949
0
0
112008
0
0
0
0
51081
118761
0
0
0
0
0
0
72769
0
0
130216
0
0
0
0
0
110004
0
0
0
0
0
1363
0
0
0
96523
0
136527
0
0
93403
0
0
0
104186
0
0
0
131680
0
0
0
0
0
0
0
0
0
0
0
0
128232
0
0
0
116940
0
0
0
0
0
124586
0
0
96428
0
0
0
120961
65083
114782
0
0
0
70824
0
0
0
0
0
77909
125383
0
0
59288
0
0
0
0
0
93450
0
0
0
0
68541
0
0
0
119193
0
0
0
0
98160
0
0
109647
0
0
127027
142137
0
77517
110940
93830
0
0
0
0
0
84654
0
121783
0
0
0
0
93878
0
0
0
0
115764
113147
0
0
0
98691
101827
0
0
0
96704
98127
0
69122
0
0
0
0
0
115435
48171
0
0
0
0
0
113744
0
0
92407
99549
0
0
0
0
115435
0
0
48666
0
75645
0
112163
0
0
69518
0
0
0
0
72381
0
102733
0
0
0
0
119618
0
0
0
0
0
0
0
131684
0
0
0
0
0
0
0
0
0
92440
0
0
0
0
87928
0
0
0
0
0
0
80020
0
0
0
111525
0
116613
0
0
84905
111615
0
102900
0
0
0
0
127727
97875
0
72850
76825
107041
0
0
0
0
110018
0
74747
0
0
0
91387
112013
79387
127871
103338
0
0
0
0
0
0
0
0
0
0
0
72765
16409
0
0
0
0
0
127082
0
0
114731
125111
0
0
0
0
0
0
74507
0
87947
0
0
0
0
111834
0
0
0
80440
0
0
130003
0
0
65526
0
0
0
0
23573
99964
0
0
0
0
0
0
0
0
0
0
69344
97425
0
0
0
0
0
0
0
0
0
0
123020
0
0
0
0
78925
110200
0
0
0
0
0
0
0
0
0
98010
0
86775
67393
0
0
71054
0
0
0
98921
0
0
93197
0
97711
0
0
0
0
0
0
0
0
0
0
0
123203
0
0
0
0
0
110687
0
0
0
0
0
0
123511
0
0
0
89413
104296
0
0
0
99921
110213
106955
0
0
87962
0
0
105017
0
102473
114345
0
0
0
0
87222
0
0
68558
79185
0
0
0
0
116146
0
0
127208
0
0
67913
0
0
0
104210
0
0
0
0
0
0
80921
0
0
0
90929
128785
0
60722
0
20952
0
111894
0
0
0
97914
101253
82076
0
71791
0
0
0
0
84445
72555
102961
0
0
9687
0
127403
0
62262
0
0
0
91198
0
95094
0
86005
0
35911
57025
0
51520
0
110984
0
0
107004
0
0
0
0
57169
0
0
0
103936
0
0
0
125485
0
0
0
0
0
122800
49528
0
0
0
51785
0
84785
120608
57193
126516
0
0
0
0
65173
88779
79350
119434
0
0
0
0
134797
0
0
110166
0
0
0
0
0
53796
96881
0
0
0
0
0
0
0
133415
50698
0
120423
53296
0
0
50811
0
0
0
0
109007
0
0
0
0
0
0
98288
0
104926
0
0
0
0
0
88459
0
138342
71277
0
0
0
0
0
0
23054
0
0
71247
0
0
0
0
0
0
0
70735
0
84975
0
0
74827
0
0
124879
0
0
81907
107648
120709
0
94627
0
0
0
0
0
0
0
0
97171
0
0
0
79254
0
44549
41295
54044
140532
63053
0
93854
0
90500
0
0
102993
0
0
45668
130720
0
0
68688
0
0
0
87707
83096
0
0
0
0
0
71390
0
0
125160
0
0
90959
94167
0
0
0
99978
0
0
0
112269
36471
0
0
0
108000
70649
53080
0
0
0
132349
0
113732
0
0
78556
0
0
0
0
0
0
0
0
0
0
0
0
0
121244
0
0
0
0
0
0
0
0
115436
60246
0
0
87113
0
0
0
113983
0
0
0
0
0
0
0
0
107961
74211
0
0
0
104253
50313
0
0
94200
0
0
120922
89157
0
0
0
70366
56090
63027
0
92123
0
0
0
78454
0
0
95661
0
0
0
0
0
107929
0
24467
0
0
0
0
0
0
122309
0
0
0
0
0
42998
99270
0
0
108159
0
49278
0
0
0
78763
110770
0
0
23390
0
0
0
0
0
124621
0
0
0
113880
0
0
113477
119403
60314
0
0
73730
0
0
0
0
0
118881
0
122216
0
0
0
0
0
0
0
79559
107072
43759
68881
71014
81338
0
54176
0
81980
0
0
0
0
0
0
79292
89466
108770
103004
0
55607
0
0
0
47919
39713
124608
107615
0
0
0
81394
0
0
0
0
0
0
0
0
0
0
0
0
0
0
0
0
0
74464
0
0
0
0
0
0
115268
0
104621
0
35752
107468
0
28259
0
0
0
0
126072
0
0
0
89393
70671
0
69602
140575
0
0
0
0
114950
83773
0
0
112096
0
0
0
0
0
0
0
90691
0
0
0
115734
121930
0
116002
108318
0
0
0
0
65905
0
0
55808
0
0
0
112961
0
0
0
0
0
133384
0
114150
32310
0
0
128129
0
0
0
0
0
110333
0
70977
0
0
0
0
0
0
0
0
115289
0
0
0
0
0
0
0
0
0
89613
0
0
0
0
72967
0
101655
0
0
0
0
0
129420
0
0
116865
0
0
122461
0
98177
0
0
0
0
0
0
123273
0
96723
0
0
0
45087
0
108057
0
0
0
0
0
0
0
0
0
0
0
0
0
0
45845
58373
0
72118
144503
106065
0
0
0
0
0
0
0
0
0
0
0
0
108250
0
0
0
0
0
63431
0
0
0
0
0
0
0
0
0
0
73512
0
0
0
0
107183
0
100199
0
0
0
0
0
0
0
97478
0
0
116648
0
48687
0
133538
0
0
0
0
0
85753
21056
116302
0
0
0
0
0
0
127413
0
0
0
122156
0
0
66234
0
0
0
0
0
0
80424
0
119035
53026
0
0
0
0
101003
0
0
0
0
95758
120811
0
100509
0
0
0
0
80977
77391
0
118245
0
119925
0
0
0
0
0
90341
0
90516
135028
0
0
0
0
117414
0
0
80524
0
0
103022
0
0
0
118417
0
1672
111775
0
0
0
0
0
0
0
52244
0
56535
0
0
0
0
0
0
125746
0
106694
0
0
0
0
78561
0
0
0
108690
138177
57169
0
0
69766
100762
44894
0
0
0
76667
0
0
0
0
0
0
0
0
9976
0
80369
0
0
0
0
0
0
119724
0
102441
69184
0
0
0
0
0
123610
64900
0
85737
0
0
88950
0
79707
0
0
0
0
0
0
0
0
17604
70603
0
0
78159
0
0
0
68198
0
0
117776
0
0
106862
0
0
73836
119540
0
0
110407
0
0
0
0
0
0
0
94640
0
117021
97039
117776
46953
0
75007
0
0
0
0
73022
0
0
0
53119
0
117293
0
0
0
109049
128795
105022
0
0
57805
0
0
0
89551
118095
0
0
0
0
0
103974
0
0
0
0
0
0
0
0
107114
0
0
0
101287
0
0
131834
0
0
0
77642
121655
109697
133765
0
102280
0
0
0
119634
0
0
0
0
0
0
127298
0
0
0
0
0
0
91170
59594
123117
0
0
99160
0
0
0
61199
0
116549
74443
0
0
82490
0
0
0
103237
0
0
21390
0
0
0
115309
0
127160
72063
130882
0
118493
0
0
0
0
70635
109234
120250
0
0
0
0
0
0
0
0
0
0
0
0
0
0
0
0
0
0
0
39368
0
0
0
0
0
0
0
0
76560
72513
0
0
0
21515
55415
0
0
0
54372
55144
0
0
0
0
0
104024
0
67422
107250
0
0
133194
0
0
125588
0
101865
0
0
0
0
0
0
0
0
0
0
0
0
0
0
0
25244
132217
0
0
0
97937
0
0
118869
0
0
0
92467
0
83462
98438
0
68168
106624
0
0
0
0
0
104750
0
0
0
0
0
75918
0
0
0
0
0
0
0
0
0
0
82743
45108
92588
0
84138
0
0
0
0
0
69693
0
0
0
136103
0
0
0
0
85135
0
0
123419
0
0
105248
0
0
0
102033
0
0
93123
0
0
0
135757
0
68800
0
0
0
0
0
0
55092
0
121730
103974
79800
59956
0
121051
105031
0
0
0
0
0
0
0
0
0
92499
0
0
0
56055
84655
0
15827
90734
0
0
120211
0
0
0
50902
0
135926
0
0
92032
0
0
0
0
0
0
0
0
0
0
112905
78561
0
120073
114989
0
0
0
0
0
0
82008
21796
0
0
0
0
0
0
0
0
0
0
0
0
74554
0
0
0
98255
0
0
0
0
0
0
86479
46576
0
0
0
100568
0
65997
0
0
91541
0
0
52796
0
108526
0
137862
0
0
0
0
47179
0
0
129440
0
0
0
9435
0
0
106801
0
0
0
0
0
61115
0
97294
0
82891
0
0
0
0
0
0
25997
0
0
0
0
0
0
71368
0
0
0
0
88997
135549
0
127906
63973
0
0
0
80643
0
89681
70521
0
0
118933
0
123870
0
0
21978
0
0
110675
117680
0
