0
0
48945
27591
0
0
0
132233
0
0
0
94554
0
92802
0
55536
0
0
100740
0
117040
0
0
94649
0
0
0
0
100435
0
0
0
0
0
0
0
0
0
73502
0
0
0
18075
0
0
77411
98964
0
0
0
0
0
0
0
0
0
0
0
0
95353
84142
50771
0
0
96665
0
0
103978
62213
0
55813
0
0
0
0
0
0
0
0
0
117131
0
0
83136
0
32260
27426
0
129886
0
0
72563
97772
0
79791
0
0
0
0
99213
79211
0
76404
0
0
0
84900
0
0
0
0
0
0
0
71989
0
78469
0
0
116832
0
76766
86970
0
0
0
0
0
0
0
0
104817
0
0
0
115046
101460
0
0
0
0
0
0
127057
122653
0
109844
0
0
0
74514
0
0
0
0
0
0
0
0
0
0
0
0
0
0
0
93141
0
0
0
127127
0
0
0
0
0
77704
0
101879
0
0
87712
105222
59028
68783
0
0
0
0
0
79116
85109
0
35638
94197
0
0
71513
0
0
113307
0
0
0
0
57907
0
0
18863
0
134149
0
69461
0
0
0
0
0
0
0
103528
0
0
0
97382
0
0
76006
0
64507
0
107175
0
0
0
0
0
0
0
0
0
0
117636
64444
0
0
0
0
0
0
0
0
0
0
59959
0
0
129695
100459
0
0
125302
0
70003
0
0
0
76994
21734
116286
115651
0
121448
112033
123187
49858
0
0
76069
0
0
0
0
49801
101322
0
124414
0
0
97908
0
0
0
80394
0
43481
0
59656
0
0
0
0
0
0
73163
122141
0
118110
43116
0
0
0
61771
76181
120590
131164
0
76207
0
108204
0
116833
0
0
0
0
0
0
45807
0
0
0
31757
0
0
0
0
90626
0
35174
0
132713
33153
0
0
0
0
66378
0
0
0
0
89111
0
0
0
0
45476
0
0
126730
0
0
0
0
0
0
0
0
114287
0
0
0
0
0
0
97082
107155
0
0
121324
0
0
32363
0
0
0
0
0
57095
0
0
0
0
0
0
0
0
0
0
0
0
0
0
0
0
0
0
0
0
104745
0
0
0
0
0
117110
0
0
126053
0
0
112045
120037
0
0
0
0
0
65896
0
115656
0
66978
0
68844
0
23150
0
86898
0
0
0
0
0
92666
0
0
116004
118525
70930
0
89502
118238
0
0
0
0
60979
35839
107672
0
0
0
0
0
91078
0
0
82684
0
69420
0
0
0
0
122223
0
0
0
0
0
64031
0
131183
0
69461
0
37957
0
0
0
84406
0
0
0
0
0
45207
0
111676
0
0
89180
0
63559
68485
0
0
0
0
0
0
0
0
0
0
0
63016
117040
51617
66417
0
0
0
0
0
116880
0
79339
0
0
0
126324
0
129424
0
0
0
0
21181
116040
0
34314
0
0
0
0
59641
115241
0
62232
0
0
0
0
0
0
93021
0
0
0
0
88060
0
0
112907
0
99895
0
128924
0
0
76239
0
0
77170
0
0
0
115681
0
0
74894
0
0
0
0
36435
0
0
105299
0
0
0
0
0
50088
0
75545
0
0
118230
64400
0
31757
76683
0
0
0
0
0
0
0
0
57557
0
0
0
0
95937
0
86318
0
0
0
0
69435
0
0
84779
130527
0
0
0
0
0
0
0
0
107761
130475
0
0
0
82305
53337
0
0
0
39489
115350
41021
0
0
0
0
58757
0
0
0
115503
0
0
0
115881
0
0
0
0
125641
0
75947
0
0
0
129490
0
0
48647
0
0
40145
0
0
114056
0
0
0
103259
71238
104886
0
0
110660
117848
95773
0
0
82818
0
0
0
0
0
0
0
0
68037
0
49498
0
0
122567
0
108875
123287
0
131956
0
45729
0
0
0
125231
0
90624
0
0
0
0
0
0
0
126440
0
80818
0
0
0
0
0
121856
0
95213
0
0
0
0
0
0
0
101184
50292
0
99359
46067
0
0
0
0
0
0
55957
0
0
0
0
0
0
0
0
0
0
0
112221
0
0
0
115781
0
0
0
126730
77945
110777
0
0
107467
0
0
0
0
112948
56424
79093
75417
104342
0
0
0
0
85409
96629
0
0
0
0
0
0
40145
0
0
0
129849
0
0
0
0
110672
0
130647
0
0
0
0
0
0
90714
0
0
0
23150
0
0
29294
104799
0
30749
119872
0
0
94060
0
0
0
0
89544
57584
0
0
0
88484
0
0
0
0
0
86965
0
0
0
0
0
0
0
0
0
31454
0
0
0
0
0
0
0
0
0
0
80207
70458
0
0
47016
78364
0
0
0
0
0
0
114136
0
93993
0
0
0
0
0
0
0
0
0
0
82971
89277
0
0
0
0
127521
0
114104
0
108153
0
0
0
0
111426
0
0
0
0
0
0
0
0
89954
0
0
0
0
0
105855
73636
72557
0
0
0
125597
0
0
0
0
0
79209
46422
0
0
0
47436
0
85183
0
0
0
0
0
104997
0
135313
0
0
0
0
0
0
0
20535
81225
0
0
116118
61318
0
0
0
0
0
0
0
79681
0
57026
97999
128808
0
0
0
0
0
0
0
0
0
0
0
0
0
56118
131379
0
0
0
0
64820
0
0
0
116077
0
0
75714
61980
0
54460
122184
0
0
0
76597
0
76742
0
0
0
114788
96194
72048
0
0
127878
0
0
0
93127
0
0
0
108289
0
0
0
60510
46620
59286
0
0
0
0
0
12220
0
0
0
0
0
0
57191
0
0
73997
0
0
0
0
0
0
108800
0
125777
0
0
111862
0
67979
0
0
0
0
42976
0
0
0
0
0
0
0
105446
54307
0
108633
0
0
0
0
73731
0
54568
0
0
45870
0
0
0
0
0
0
0
0
0
0
0
0
0
0
0
63409
119349
0
46786
46361
0
0
0
0
0
0
0
75174
0
0
0
0
0
0
105376
0
0
0
0
0
66895
0
123049
0
0
0
0
0
69710
0
0
0
0
0
20272
0
0
0
0
84482
0
0
0
0
0
0
0
0
0
0
0
0
0
63842
0
0
0
0
119012
75894
0
0
0
0
0
113286
0
97352
0
86340
63062
0
66520
0
0
104613
123167
62740
121168
0
0
0
63758
0
0
0
0
0
113999
0
0
0
56511
0
76352
0
0
0
0
118437
0
0
0
0
127338
0
118782
0
101184
63477
0
0
0
0
0
0
0
66891
72300
0
0
0
0
0
0
0
41340
0
93296
0
0
0
0
0
106521
0
0
124584
46014
47642
0
137532
0
0
0
0
0
85858
88926
109040
80040
0
0
81806
0
0
0
0
0
103304
115754
118047
0
0
0
135608
0
63857
0
0
0
0
32361
0
0
0
0
43871
0
133153
0
0
0
0
0
0
0
118591
0
0
0
0
0
0
0
0
76181
107712
0
60169
0
0
0
0
0
0
0
0
0
0
0
0
0
0
109547
106212
0
0
118600
0
125231
0
0
0
0
104494
57308
0
0
0
0
60232
0
0
0
47178
82872
0
106919
0
0
0
0
0
63071
83432
0
84887
0
0
0
0
0
0
117292
0
0
0
0
0
0
0
0
0
0
0
0
0
0
95213
0
0
35947
63857
0
0
82003
0
0
95213
0
0
0
0
0
0
0
76809
0
0
0
0
0
0
0
0
0
32361
0
0
0
74519
0
0
113953
36678
0
0
73128
108834
0
0
0
0
0
70942
0
0
0
0
0
0
0
0
0
0
0
131717
0
61047
0
0
0
0
105420
0
0
108389
0
0
0
0
0
0
0
124061
39768
0
0
0
0
0
0
0
0
0
0
115305
0
0
78044
66954
0
0
0
0
56767
0
0
0
90654
0
0
0
0
116642
0
0
0
0
112408
0
0
0
0
0
136263
85870
99739
0
50078
0
125038
46692
0
0
45246
0
0
0
0
0
0
0
0
0
0
0
61301
71432
0
0
0
70778
0
0
0
0
0
80608
0
0
0
0
0
0
126353
113741
0
0
0
0
0
0
0
54484
0
0
79769
0
0
0
0
0
0
95723
0
0
0
46193
54297
111943
82016
0
0
134116
114504
0
73921
0
0
0
0
0
0
0
0
55008
0
80074
0
0
109694
61719
0
0
0
78677
0
0
0
0
47871
0
0
0
0
0
0
115523
0
56813
97489
98391
59191
0
0
0
0
0
0
80612
0
0
0
0
0
0
0
0
0
0
0
0
0
0
0
51533
126808
0
0
0
0
93630
0
0
0
0
0
0
0
0
0
0
0
0
0
52233
0
124635
0
0
0
0
106230
40663
89569
34968
0
0
30958
0
67768
0
68706
66239
0
43059
0
88097
0
0
23740
0
78921
0
110941
0
101221
0
0
0
0
132454
0
104220
0
0
0
0
0
0
0
0
0
0
0
0
0
0
31181
0
0
0
0
0
0
136361
95957
0
0
0
0
0
0
0
0
0
0
120172
0
0
52084
0
0
105772
0
0
47070
0
0
85432
0
0
0
0
0
0
0
0
0
0
32834
0
0
0
49987
0
0
103698
104989
0
32530
23667
109255
0
59147
0
0
109876
106628
137496
0
0
118936
0
0
0
0
0
0
0
0
0
102827
0
0
0
89385
0
0
0
0
0
69731
0
0
32260
0
0
0
0
0
113951
0
0
83597
0
0
0
39723
0
91221
0
121332
0
0
0
0
0
0
0
105976
0
0
0
0
38602
0
43839
0
117452
0
0
0
0
0
0
0
0
0
0
0
0
124378
128706
0
0
78949
0
0
0
64938
0
0
0
61726
58444
0
0
0
0
0
0
0
0
0
0
0
0
0
0
0
64639
0
100057
0
0
0
0
124276
57929
0
0
99469
0
0
0
0
0
0
0
96416
0
101490
0
0
0
0
0
0
0
0
45865
0
47704
0
0
0
0
0
0
0
0
110672
0
0
111577
0
0
0
0
0
0
0
0
0
46556
37443
0
0
0
0
0
131411
132299
0
97300
0
0
0
0
0
0
0
0
0
122431
0
94445
0
0
35733
80212
0
0
0
127639
0
0
0
0
0
0
0
0
91500
0
0
0
0
0
0
103062
0
0
0
0
0
0
0
0
0
46067
0
0
0
109031
0
0
0
0
0
80287
0
0
0
0
0
0
0
0
0
45228
109739
0
0
0
79084
0
0
105987
0
0
0
0
56661
0
0
121841
0
99739
0
0
0
0
0
0
0
91365
0
0
0
85439
0
0
120217
0
0
0
0
76025
125799
117721
0
0
0
45481
0
0
0
0
0
0
106409
67727
0
0
0
0
0
0
0
0
45402
0
0
0
0
0
79561
0
0
50271
0
0
0
0
61091
104428
0
0
0
0
0
0
120883
0
0
62127
0
0
0
0
92045
0
0
0
0
30246
0
0
0
83828
0
109844
0
96181
85982
111862
0
84661
0
0
0
128926
0
0
71221
0
0
0
0
111778
59794
0
0
107332
0
0
0
0
0
0
0
0
0
0
0
123986
103814
0
0
109414
0
0
0
0
122998
0
0
0
0
0
0
0
0
51484
123689
0
0
0
0
0
0
43988
63634
0
0
0
0
0
63432
0
48238
0
115430
100704
0
0
132677
83828
0
20195
0
0
0
0
130576
134221
0
64105
86344
0
0
112504
0
61471
0
0
0
0
0
0
0
120771
0
0
0
0
0
0
0
110180
135258
0
0
0
0
0
0
52281
104109
0
0
45968
0
0
0
0
0
0
43417
0
0
0
84810
0
0
117227
16550
123924
0
0
0
0
0
69744
0
0
82057
0
0
103030
0
0
0
0
101792
0
127942
0
77181
0
0
0
0
0
0
31407
0
0
0
0
0
0
29136
0
0
0
0
0
71638
53036
0
0
105948
0
0
0
0
124475
0
103302
90701
0
0
86160
0
0
0
0
0
132845
66535
124428
0
105023
0
0
0
0
0
0
21734
0
121350
115646
0
0
0
73817
110391
71985
90492
78488
0
0
0
0
0
108600
118823
117756
80878
0
0
0
0
0
39783
0
0
0
0
89437
0
0
0
0
0
0
46198
0
0
0
27685
0
0
0
0
0
0
0
0
0
103849
78743
0
0
0
0
0
20838
0
0
0
0
0
0
0
41749
0
0
0
127008
44224
104997
0
0
32470
0
0
98031
97443
0
0
0
0
0
124300
125470
81454
0
129359
0
0
0
99859
0
0
0
77214
0
129424
106879
0
60288
0
0
0
112258
71720
0
127484
0
109678
0
84585
0
0
0
0
0
0
0
0
0
0
0
78095
0
0
120574
0
0
0
0
0
0
0
0
0
0
0
0
0
0
0
0
61047
125134
0
0
105400
110210
0
0
98409
49950
0
0
0
0
0
0
0
0
0
0
0
0
0
107901
97148
60313
0
112224
47829
72205
133633
0
0
0
0
0
105244
0
73431
65247
139702
0
0
0
100148
0
0
0
0
0
0
0
0
89575
0
0
0
0
44063
73629
0
50139
36740
0
0
7201
0
0
88649
85180
44572
0
0
128821
46077
0
0
91550
0
105675
0
0
0
0
0
0
0
0
0
0
0
68394
56702
0
0
30020
0
0
0
0
0
0
0
0
0
0
81202
65623
0
71642
0
92858
0
0
52714
0
72616
0
0
0
0
0
0
0
0
67541
0
0
0
0
0
0
0
0
0
120271
0
0
0
0
0
104419
0
0
0
60761
0
0
0
117352
0
113706
0
0
0
126465
0
92404
0
0
0
95688
0
0
0
0
0
114106
0
0
37594
0
0
0
0
0
0
0
0
0
0
0
0
0
19834
108217
0
135495
90053
0
0
0
0
0
116325
85990
0
0
120116
0
0
100919
0
110932
108471
92202
53682
82080
0
0
0
0
0
0
0
76060
0
0
91779
110146
0
0
0
0
34014
0
0
0
0
108408
114284
0
0
0
0
0
0
0
0
0
104836
0
52845
0
0
0
0
0
0
0
66783
15464
0
54384
119191
0
0
0
0
0
51048
130548
0
0
0
0
0
66542
0
0
0
0
0
0
53337
64698
0
48468
0
0
0
0
0
0
0
0
0
0
0
125827
0
0
84805
58285
0
110473
0
0
0
0
48314
0
0
0
74129
118674
112264
0
90216
0
0
0
0
0
0
0
74835
0
124816
0
0
33906
114136
0
0
0
0
0
0
0
0
116210
0
0
0
0
0
0
0
0
0
0
57196
0
0
0
0
105492
0
119206
0
0
118156
0
75265
0
116853
0
0
0
0
0
0
0
100475
0
100854
124542
0
0
119177
0
0
0
0
0
124022
0
107315
0
117008
47704
0
0
61209
0
0
0
98389
0
0
0
124046
0
44101
101756
82506
0
0
0
0
0
0
108928
0
0
0
0
0
125909
0
0
86759
44879
0
96181
0
0
0
0
81638
45609
0
126278
0
58348
0
0
79957
0
41919
0
0
131087
0
47704
0
0
23470
0
80194
0
81626
0
0
0
0
91815
0
0
68801
0
0
0
0
0
0
0
44056
115970
27182
0
74792
111111
0
0
0
0
106961
0
0
0
0
118595
0
0
0
49761
0
0
105062
0
0
0
0
0
0
0
0
0
0
0
0
0
0
0
0
130034
0
0
0
0
0
75459
63209
45696
0
0
0
0
0
0
0
100740
103953
0
0
121515
0
0
0
77777
0
0
0
0
0
0
31466
0
0
91363
0
0
0
115562
0
71155
0
0
130933
64618
88522
0
0
0
0
0
0
63920
123112
0
121069
61797
0
95399
0
0
0
0
0
0
74159
60049
79826
0
106297
0
0
0
0
117634
60567
0
0
0
0
58859
0
0
89880
24724
81267
0
0
0
25135
120282
0
0
85298
0
0
89277
0
0
0
0
0
0
27278
101679
104836
105023
0
127479
0
0
119994
0
0
112138
46028
0
0
0
0
0
0
0
0
83865
108683
0
63992
122110
0
0
0
123142
0
0
0
0
0
0
0
0
0
0
0
0
0
0
104979
0
0
131101
100990
0
118614
127537
0
0
0
0
24035
0
0
0
126369
0
0
0
38557
0
0
58404
78666
99977
0
0
0
0
78819
0
51840
0
0
0
0
0
0
0
107642
63455
0
0
0
0
0
0
127567
0
0
0
0
55739
75824
0
104203
0
123194
0
0
0
0
0
0
0
37149
0
0
0
91463
67464
0
43426
0
26013
0
0
0
131975
0
31743
0
0
0
83689
0
0
0
0
0
0
0
0
33248
21172
60993
0
0
0
0
0
0
0
0
0
82226
0
112032
0
0
0
0
0
72829
0
0
0
0
0
0
0
0
0
94426
68973
122621
0
0
57998
0
0
0
0
0
0
0
0
0
0
0
0
0
0
25405
65660
0
0
0
0
0
0
0
0
0
95189
0
0
122999
121765
0
0
67446
61771
0
134256
51207
62773
0
0
95458
0
0
0
0
0
0
0
0
0
83416
44951
48097
0
0
0
0
0
0
0
0
29481
0
0
0
0
92598
0
0
0
0
0
0
53953
0
121338
48128
0
0
0
100841
0
75947
0
32563
0
0
76458
122433
0
0
0
0
0
0
96464
0
0
0
0
0
34373
0
0
0
0
40057
0
0
56422
0
44918
0
0
0
99995
0
124628
75672
0
0
0
0
0
0
111375
0
0
76451
0
0
0
103318
0
0
0
0
0
61917
0
135654
0
0
47173
0
0
0
134450
0
103697
65859
0
0
0
0
72532
0
0
0
0
0
0
0
66189
0
64105
132456
0
0
0
88533
0
0
107016
0
63638
0
0
0
97880
0
112744
0
0
0
0
0
57529
0
0
62865
0
0
0
0
81195
0
0
0
0
0
97545
0
0
0
0
105561
0
0
0
0
0
0
0
0
0
70738
0
76800
114377
0
0
0
67572
0
53036
0
75019
0
0
0
0
111452
0
0
0
0
0
0
0
88857
0
0
83003
0
0
0
39380
0
0
0
0
0
94651
0
0
62008
0
0
69194
124385
0
0
0
113449
118367
0
63050
0
97335
0
0
0
0
0
0
74297
121401
15464
74381
117975
0
0
122654
0
0
127074
25361
0
0
0
107610
74000
0
0
60949
81183
0
0
0
0
0
0
0
0
62592
74999
107490
0
0
0
0
120102
0
0
0
0
122271
0
0
73193
0
0
123265
0
0
62841
0
49837
0
61506
0
0
0
0
0
0
0
0
0
0
115046
0
0
63960
107672
0
0
105817
0
0
70460
0
73394
0
102741
0
0
0
0
116552
0
0
0
0
0
0
0
109873
0
126102
0
0
0
0
99882
0
129302
0
49785
0
0
66902
107050
0
0
0
123487
0
0
0
0
0
0
0
0
0
0
0
88174
0
0
60792
0
76997
0
140076
0
80093
0
0
106591
72705
0
69141
0
33268
0
0
94932
99174
0
0
0
0
0
0
0
0
0
0
0
46029
0
0
0
69317
0
87416
107457
73128
0
130262
0
0
0
107098
84013
0
0
0
0
0
0
123933
0
115810
0
0
0
0
0
0
0
0
0
0
0
0
86965
0
0
0
0
0
0
0
0
0
113017
68628
67405
0
0
0
0
0
0
62213
0
0
80391
0
0
104494
0
0
0
0
0
0
0
0
0
0
75826
0
0
82364
114919
0
0
0
104449
105855
0
115653
0
0
0
89708
0
0
0
0
0
107654
84203
89317
0
0
0
0
0
0
0
0
0
135037
0
33373
0
0
0
0
126493
0
57638
0
0
0
0
0
0
0
0
94962
0
0
0
0
0
0
0
0
0
0
0
76004
85792
0
0
0
0
0
82586
0
0
0
112025
0
0
0
0
83946
124737
71765
0
0
0
0
0
0
48626
124899
0
94998
127316
0
60142
122915
0
0
0
0
0
102054
117805
131995
0
0
0
0
0
0
0
94430
120766
0
0
0
42242
0
0
126573
0
0
0
0
128759
81693
0
0
111965
0
0
0
0
0
106448
111594
0
0
0
120135
125279
103528
90437
126493
0
0
115870
0
0
0
0
0
0
0
0
0
37782
0
0
0
0
0
0
0
0
0
0
0
0
0
0
0
103352
0
0
109961
0
0
57101
0
0
0
0
0
105311
0
0
0
0
0
0
0
0
70685
120594
24312
0
0
0
0
0
0
81816
0
0
66661
129268
122410
0
0
0
62811
47373
0
0
0
0
0
0
0
0
81947
0
133158
0
0
0
0
0
114773
105485
103814
0
0
0
0
0
0
0
0
0
0
0
83233
0
0
0
0
0
0
0
0
0
0
0
0
0
112543
0
0
0
110547
0
0
0
0
0
0
95635
0
58604
0
0
0
0
0
0
0
0
0
0
0
0
0
0
0
0
0
0
0
0
0
0
0
0
0
71391
0
0
0
0
0
43574
0
0
0
0
0
0
63990
111852
0
119063
0
0
0
0
0
0
0
0
0
69339
106879
116690
0
0
0
0
0
94508
0
0
111519
0
0
0
0
103546
73917
0
0
0
0
0
0
0
0
0
0
0
0
0
61612
0
0
0
0
0
123075
0
0
0
0
0
0
74350
119052
0
0
0
0
0
0
0
0
0
83260
0
0
0
0
125442
0
43561
0
0
101520
0
0
0
0
79699
0
132251
64416
0
0
127592
0
0
0
0
0
0
0
0
0
0
0
0
0
0
135924
0
70847
0
0
0
131469
130141
0
0
0
113717
112975
47704
0
0
110128
0
0
123613
0
0
0
0
0
0
68601
0
0
0
106840
97993
115662
0
0
0
99669
0
0
0
0
0
0
112296
0
0
0
0
0
0
0
0
0
0
0
0
0
0
0
0
0
0
0
0
112886
122374
0
121915
0
0
106120
0
0
111585
0
0
0
95273
0
62953
0
60525
0
0
0
0
0
0
60911
0
0
77159
0
0
0
114743
0
55806
109819
0
0
0
0
50486
0
0
0
0
0
0
0
119564
0
0
83627
0
0
0
0
44058
0
0
114671
130074
0
0
69537
0
123972
0
0
0
0
109053
134778
68007
75508
0
0
0
0
0
83742
0
0
0
0
0
64783
0
0
0
0
0
0
0
0
0
0
0
0
0
125670
101462
0
0
0
0
0
0
0
0
82578
0
46364
0
101943
129408
0
40312
0
0
0
0
99718
0
0
0
109494
0
0
0
81567
0
0
0
128000
0
103668
88237
12220
0
0
0
89888
0
0
0
66756
0
0
0
0
0
47497
0
61962
0
0
0
0
0
0
0
0
0
0
0
0
0
0
0
108909
0
118275
0
133780
0
0
0
0
0
0
95688
0
0
0
0
0
0
0
0
0
111043
0
0
0
0
0
0
0
17341
31167
0
0
0
0
0
0
0
54093
0
0
0
0
87592
0
0
0
0
0
0
0
61288
114969
0
119177
0
0
0
0
0
0
0
131974
64444
0
0
78694
0
0
0
0
85305
0
0
0
87557
0
0
0
118663
0
0
0
0
0
0
0
0
0
0
0
0
0
0
93081
0
106896
77501
77889
0
0
0
98878
0
0
66894
0
0
0
0
129751
104113
0
0
0
0
0
0
0
122194
0
0
0
0
0
0
78070
0
0
0
0
32470
0
0
0
0
100916
127839
100812
0
0
0
0
0
0
0
88245
0
0
0
103167
32469
0
0
0
0
70050
0
0
62213
84364
0
0
125021
0
0
0
0
0
0
0
0
0
0
0
137682
0
0
0
126034
111920
0
79586
0
0
0
0
0
0
0
52845
0
0
74292
0
117731
0
0
74835
0
0
0
0
0
0
86429
0
0
65778
0
0
0
0
0
0
0
0
0
0
0
0
134005
0
42725
45551
0
116512
44058
0
0
0
0
85218
0
134032
0
0
71006
103178
0
0
0
0
0
0
0
0
48531
0
0
0
0
70748
0
0
0
0
0
64317
19202
91294
90644
0
0
0
0
82909
41433
121159
0
46705
121344
0
0
0
0
0
29881
0
0
0
0
113098
0
0
0
0
0
0
0
0
0
0
82694
112119
0
77900
0
48686
0
0
0
0
84240
0
0
114340
0
0
79771
83207
0
0
0
44362
85371
116146
61311
0
100912
97251
0
0
0
0
78071
85858
0
32408
0
79792
0
0
0
0
0
0
0
0
0
0
0
0
0
0
0
0
0
0
118044
99872
49170
0
0
0
98391
0
0
0
0
0
0
0
32830
0
0
124481
0
0
0
0
0
0
109435
84629
0
0
0
0
0
0
0
102327
108622
0
0
0
0
0
0
111625
0
0
0
0
0
0
0
0
0
106532
0
0
0
68085
0
64990
98528
0
0
0
0
0
0
0
97489
0
0
0
0
0
0
0
0
0
92568
0
0
0
0
0
0
0
0
80235
0
74915
0
0
0
0
0
0
0
0
0
0
0
0
80720
0
43740
0
0
0
0
91371
0
69562
0
0
0
0
0
127973
0
0
0
0
0
0
0
0
78237
0
0
0
0
0
0
0
0
0
115997
103521
133495
0
137502
0
0
128778
0
0
33153
0
0
0
0
0
0
132323
0
0
82881
0
71603
0
64691
0
68910
0
0
0
0
0
0
0
119115
41744
0
0
67930
0
0
48825
75962
0
0
0
0
0
0
0
0
0
0
0
10430
0
0
0
110892
0
0
0
0
0
139610
0
0
0
0
0
81482
0
0
0
0
0
0
0
0
0
0
0
0
124758
91445
0
0
77395
0
116207
102931
97340
0
0
66756
0
0
129233
0
39739
0
0
107913
0
0
80726
0
0
0
0
0
0
65630
0
0
99600
59987
100471
0
0
0
74947
0
0
0
0
0
0
56887
0
0
72127
0
0
25475
122808
0
28217
0
0
0
0
130806
0
0
113150
0
0
14792
121752
0
128977
0
0
0
0
0
0
0
0
118110
0
0
111394
0
135571
0
0
0
0
129944
0
0
46884
0
0
66417
26603
0
78298
0
0
0
0
0
0
0
111304
0
0
0
76779
0
0
0
0
0
0
65267
0
0
0
0
0
0
51262
0
0
122854
0
0
0
0
0
0
0
0
0
0
0
0
0
0
0
97131
0
0
0
0
0
0
114585
47634
0
0
0
0
61533
127592
99835
88696
0
83874
67343
54531
0
0
112127
0
0
104566
72084
0
70683
0
0
0
0
95399
0
30104
0
114473
0
70734
0
0
50920
0
67474
0
0
0
50122
0
0
0
0
107295
0
0
0
0
0
61864
0
39100
19756
0
0
0
0
0
133332
105919
0
21144
0
0
0
0
100026
0
0
0
0
0
0
105477
0
0
0
0
0
0
0
36774
0
0
0
0
126975
114586
10017
0
0
134005
0
0
0
110960
0
0
0
0
0
0
0
0
0
0
107093
0
88352
0
115523
0
0
116841
0
0
0
0
117711
0
0
0
0
0
0
0
123924
108144
110213
0
0
0
0
0
0
0
40707
0
56317
38656
80170
0
0
0
0
48583
0
123258
0
0
0
0
0
131377
0
91169
0
0
0
0
78100
0
0
88994
80454
0
0
0
107335
131343
0
0
0
0
115608
0
0
0
126270
0
0
0
0
117131
0
0
50667
125603
0
0
0
0
0
0
0
0
75129
0
0
71164
0
0
0
21144
0
43931
0
122569
0
0
0
0
105075
0
0
111012
67334
60649
0
0
0
0
0
0
0
0
0
0
0
0
0
0
0
0
0
132596
0
0
0
0
113094
110763
76640
0
0
0
0
0
0
0
71603
132730
0
0
0
0
0
0
95433
0
0
0
69260
0
0
0
113666
117268
0
0
84266
75154
0
0
73265
0
0
0
0
0
0
0
0
114026
97590
0
0
0
0
0
0
0
118148
0
0
0
27311
18227
99230
0
0
0
119638
0
0
118807
0
0
74582
0
0
0
0
0
0
0
127301
0
81147
0
0
41893
0
0
105059
0
42990
0
0
0
0
0
0
0
94045
0
0
0
0
0
0
85496
63171
104919
0
0
0
91796
0
0
0
0
0
0
0
0
0
0
0
127439
57822
0
0
0
0
0
0
0
0
120094
0
85205
0
0
84115
0
0
0
0
0
0
85787
0
0
0
0
0
0
0
0
0
0
103784
0
0
0
0
0
98001
0
0
112354
0
0
0
0
0
0
61539
0
90901
0
61173
126260
0
66215
44918
0
45110
101814
0
0
0
0
0
0
0
0
0
0
0
0
0
0
0
0
0
105976
0
0
0
93438
0
0
0
0
0
0
0
0
33075
0
91726
0
0
0
0
0
0
77530
80441
34020
0
0
0
0
121660
0
0
0
0
132113
0
0
132766
0
23150
0
136027
0
0
0
0
0
62800
71733
0
75589
0
0
131830
0
0
0
64625
45048
78898
0
84265
0
0
0
125660
0
91219
0
103511
0
0
0
0
109629
0
133162
0
106443
0
46677
123647
135812
108709
0
0
0
0
48965
0
0
0
0
0
0
0
0
44856
0
36271
0
122111
0
60262
0
0
0
0
0
0
0
0
0
0
0
46992
50230
0
53665
107098
0
0
38981
19740
74350
0
0
0
0
0
0
0
0
0
0
0
0
80984
130647
0
0
0
0
0
133183
0
42553
122755
0
0
0
0
0
0
0
0
105529
0
0
0
0
111741
0
0
0
0
127096
0
106581
0
0
0
0
0
0
0
0
0
0
0
115985
0
0
0
0
0
107342
0
0
0
0
16765
0
0
0
0
0
0
0
0
0
0
101879
0
117512
0
0
0
0
0
0
0
0
123743
117114
0
80938
0
0
62333
0
104220
125854
0
0
0
0
32470
0
0
0
0
0
118034
24035
49138
0
0
0
0
0
0
0
56390
0
0
0
0
0
0
0
0
0
58527
0
0
87463
0
0
0
81577
0
0
0
73131
0
0
133813
23878
90783
122653
0
0
0
46488
105962
18483
0
97039
0
0
0
0
0
102245
0
0
0
79331
0
0
114251
0
0
0
0
0
36853
0
51070
0
89018
107396
0
0
87793
0
0
115999
0
79048
116464
0
58774
0
0
0
0
0
0
121241
76199
0
0
0
33866
0
0
0
91965
107098
0
0
0
0
44988
0
0
36038
0
90095
78766
0
0
0
0
69828
0
0
0
74117
0
0
89212
0
67321
0
0
0
69733
66325
53888
0
0
0
0
0
0
0
0
0
0
0
0
0
0
95672
0
0
0
0
104025
0
0
0
0
0
0
0
0
115797
0
61218
0
0
0
71811
0
0
0
0
0
0
0
106849
0
0
0
117617
0
0
70715
0
79785
0
0
74187
0
82409
0
65084
0
66370
0
0
96965
0
0
0
0
0
0
0
77465
0
0
0
0
0
0
0
0
0
0
0
0
0
0
0
0
0
111103
0
0
0
0
89883
126134
0
0
0
0
0
0
120927
0
0
0
0
0
0
125502
0
62770
76928
86259
0
33981
0
126700
0
0
0
121404
0
101722
0
0
115265
0
0
0
0
0
0
15652
0
0
48226
0
0
0
29715
106726
0
0
0
65203
0
0
0
128256
0
0
0
0
0
0
79977
0
0
0
0
0
0
0
0
0
0
96732
0
0
82874
24148
110298
75012
0
0
0
123425
0
0
0
0
0
62601
0
0
0
21370
0
0
0
0
0
72409
0
26879
70737
0
0
127316
0
130577
0
0
121966
0
0
0
0
0
0
134888
0
103285
79722
58208
0
21370
0
0
0
0
43416
0
0
117634
94066
0
0
83085
0
0
0
0
0
0
0
33268
0
80075
79303
0
0
0
81705
0
0
0
0
78666
0
0
0
0
0
73582
0
0
97492
0
0
131349
0
47543
0
0
0
12118
0
45795
0
0
0
0
110459
135090
0
45669
0
0
0
0
0
0
0
0
0
0
117719
0
0
0
0
0
0
0
0
66855
0
122068
0
0
0
97712
0
128927
0
0
0
0
0
0
0
0
0
0
0
0
0
110793
68628
0
0
0
0
0
28275
62213
0
0
0
0
47104
0
0
0
107541
0
92203
0
66046
0
114597
0
0
116566
0
0
0
0
0
75125
0
108479
102274
0
0
0
0
0
54527
0
0
125164
0
0
0
0
0
33921
0
0
68824
86243
0
128494
0
0
0
0
0
0
0
0
0
47181
0
125784
0
0
0
0
0
45244
0
0
0
0
0
0
0
0
0
62952
0
0
0
0
0
90068
57807
0
105011
116450
86495
40880
0
0
0
0
0
0
0
0
81541
137170
0
48859
88686
0
0
118911
0
0
0
101845
0
0
43296
0
0
0
69988
0
104127
0
109992
0
0
0
79856
0
117227
0
0
0
0
0
40874
0
70641
78636
107971
115370
0
0
0
0
93104
0
0
0
0
0
0
0
0
0
0
0
0
130226
117121
0
86516
72465
0
57584
0
0
0
0
0
0
128830
0
121842
0
0
109409
0
0
0
0
62953
78247
0
112454
108065
55722
0
0
136554
0
76927
0
0
0
0
0
0
0
88761
0
0
0
0
0
102441
110436
0
0
0
0
0
0
0
0
0
0
0
0
0
0
0
0
63002
71223
0
0
60894
0
69420
0
75582
0
0
47008
0
0
0
0
0
0
44325
79139
0
0
0
0
66546
43481
0
0
0
0
0
0
0
0
0
0
0
0
0
0
131428
0
0
0
0
111907
0
60618
102101
0
0
48067
0
0
0
0
0
0
0
0
0
45379
0
0
0
0
0
114605
0
63239
0
0
0
0
0
60696
125795
126842
0
0
120028
0
0
125321
0
117757
0
0
0
0
0
74726
0
44856
0
18136
133399
35631
0
0
0
0
0
0
78385
0
0
0
0
0
0
0
60518
101646
0
0
46643
114080
0
128841
0
122094
0
0
0
0
0
0
0
0
89824
0
0
48924
122434
46838
118625
0
57069
135025
0
0
0
0
0
0
0
0
112775
66149
0
137861
71874
0
0
0
0
0
76025
0
0
0
95724
0
0
0
134205
0
121816
0
0
99063
0
0
0
0
0
0
102800
0
105152
0
73115
0
0
0
0
0
0
108518
0
0
0
0
0
0
0
0
0
0
0
0
0
0
0
0
89328
0
33373
0
0
0
0
0
110168
0
0
0
0
0
0
0
48314
0
0
0
0
0
0
0
71238
0
111546
129435
0
0
127872
66316
0
0
0
0
0
0
0
0
0
0
0
0
0
0
0
0
0
48945
0
0
0
0
104836
0
0
0
92155
0
35737
0
0
0
0
118754
0
0
22946
0
0
66244
0
130558
0
0
0
59800
64151
73124
0
0
0
0
0
0
0
122889
0
0
0
0
126339
91629
0
0
0
77668
0
0
0
127008
0
19376
109251
0
0
0
0
79928
0
131259
0
0
0
110793
0
108239
0
0
0
120562
0
60949
0
0
0
0
123293
0
0
89334
0
0
0
64553
0
0
0
0
130367
0
0
0
0
66783
0
0
0
33075
0
0
91582
0
0
0
0
0
75112
0
0
64562
0
19682
0
0
0
0
0
104874
74677
0
0
134881
0
0
0
117008
17840
76287
0
134558
123096
111741
0
0
126276
0
0
118616
106448
0
63731
136421
112070
0
0
0
0
0
0
66219
0
0
0
0
0
0
0
0
0
26354
0
0
0
19166
92118
0
75508
0
0
0
104237
0
0
0
0
0
0
0
0
0
83249
54354
0
119571
79567
0
0
0
0
100916
66418
0
0
0
0
0
0
0
113889
104157
0
0
0
0
0
0
111780
0
0
123972
0
0
58285
80540
35946
0
0
0
0
0
113461
0
0
80220
130898
0
0
0
0
0
89941
0
0
79073
0
100620
0
0
0
118248
43302
0
0
41252
0
0
92572
0
0
0
125311
0
0
0
102596
0
0
21734
0
0
0
0
0
0
62384
0
54001
0
79855
0
0
0
0
87601
0
0
66046
119502
0
0
105161
0
0
0
31642
0
114101
0
0
0
0
102441
0
19682
18136
0
0
103730
0
62917
0
100014
43521
115007
0
0
0
0
88937
0
0
0
0
0
0
0
117194
0
0
0
0
0
67736
0
0
0
0
107540
0
0
0
116097
70092
0
0
0
0
0
121547
93264
0
0
0
0
0
0
0
0
0
0
112062
0
49956
0
90919
0
0
81949
0
80196
0
0
8686
0
0
0
0
0
72438
0
0
0
0
0
0
44690
109767
0
35207
0
0
0
0
0
0
88223
0
0
0
0
0
115162
0
0
125282
0
0
0
83290
0
0
0
0
0
121268
20727
0
22880
0
0
0
0
104753
0
127567
121816
0
82564
75053
125037
0
36830
12220
48828
0
0
0
0
0
0
0
0
0
0
0
0
0
113534
103729
0
0
0
0
0
0
126265
0
0
112007
0
0
0
117572
0
0
0
0
0
0
0
58861
0
0
0
0
0
94775
117520
82487
97958
0
0
0
0
87649
0
0
54740
0
103583
35899
0
0
0
0
92600
0
0
0
0
0
0
0
0
0
119227
0
73347
0
0
0
0
0
0
116047
0
0
0
0
0
82795
0
37053
121975
116567
71573
0
76056
0
74055
0
0
0
0
58832
88905
0
0
0
0
0
111313
0
0
0
0
0
0
0
0
0
0
0
0
0
0
0
125728
0
0
0
0
0
0
0
0
0
121402
0
0
0
0
105311
0
0
0
120252
68317
35564
0
0
0
57196
0
0
0
0
85211
0
110115
0
118392
0
0
0
0
0
0
68153
0
0
0
0
0
0
0
0
0
0
61318
0
50720
0
0
0
105337
0
0
0
0
0
0
0
0
100263
0
0
85176
0
0
0
0
0
0
0
0
0
54045
0
0
0
0
129045
41264
0
0
0
0
0
0
0
0
0
0
0
0
101516
0
0
39737
0
63110
0
32906
0
39304
0
115343
0
0
106076
0
0
0
123840
0
50667
0
77984
0
0
38954
108214
0
0
127157
0
0
0
0
75285
87859
0
0
0
0
0
136895
111404
0
0
0
48339
0
0
0
0
0
0
0
0
0
0
0
0
0
0
0
0
124524
0
83462
0
0
0
104975
0
0
0
0
0
68635
80999
68732
0
91215
0
13920
0
0
0
0
0
0
110191
137374
0
134594
36435
0
0
0
0
0
117176
108394
0
0
96444
0
0
0
0
0
112304
92412
0
122748
0
0
0
0
0
96115
0
63758
106479
0
71208
0
55350
0
0
0
0
0
0
0
0
0
0
0
123461
0
0
95773
122923
0
0
0
0
51262
0
111741
0
45860
0
0
117768
0
0
0
110328
0
115448
0
22074
0
0
0
76607
75813
0
96744
106182
0
0
0
0
0
0
0
0
0
0
0
0
0
0
75091
51145
0
0
58861
0
0
0
66023
0
0
0
105115
0
0
115858
0
76436
0
0
0
108426
0
0
0
0
0
0
0
0
0
0
105462
0
18227
59869
110494
44536
0
0
96444
62657
127830
113737
0
0
0
0
0
0
99739
45118
99513
0
0
0
0
0
0
0
0
0
0
0
124067
0
0
0
0
91944
0
84899
79391
55232
116401
0
0
116846
0
0
0
0
0
0
92781
0
0
0
0
0
129133
0
0
0
125292
0
0
0
0
0
130265
0
65857
83757
0
135721
51070
0
61543
0
121642
0
0
104471
102483
0
108589
107087
106825
0
0
0
0
97560
0
0
116152
0
0
0
0
0
78298
98267
0
33425
0
120614
0
113089
0
0
0
0
62333
0
55607
75447
0
0
0
0
77495
0
73700
0
0
87117
0
0
104889
0
0
62594
0
0
0
42051
0
62355
119831
34242
34314
0
0
0
0
133399
104619
113187
0
0
0
107262
0
71108
0
0
90626
0
99359
81874
0
0
0
52584
0
0
0
0
61150
0
0
0
0
0
0
0
0
0
0
0
0
52489
0
0
0
0
0
0
0
109414
0
0
0
0
47905
71286
0
80398
0
0
47977
56907
0
0
0
30532
0
0
68001
63071
77298
0
132587
0
0
67225
0
62010
0
0
113887
0
135393
38602
0
0
0
123802
0
0
126678
0
0
70900
115558
0
101905
40296
0
0
0
123425
0
0
0
0
104625
69731
0
0
66464
32830
0
78442
0
126563
0
0
0
0
0
0
0
0
112876
0
0
49046
0
63226
0
0
0
110003
0
98789
0
0
0
0
0
121692
0
0
92031
0
0
124996
0
62871
0
0
0
0
0
0
0
0
45482
84235
0
83023
0
0
120262
0
136184
0
0
0
0
0
0
120634
93111
0
0
0
0
110734
0
0
81270
0
0
0
0
0
124728
0
0
84843
0
0
0
0
0
0
0
76477
0
0
121816
0
105917
0
0
0
112942
0
0
0
0
0
0
108276
124128
102394
0
0
0
0
0
0
0
0
0
0
0
125036
0
66983
88956
105725
0
95688
0
93309
0
60761
0
0
71221
0
0
0
0
0
0
0
0
69126
46884
49741
0
0
112873
0
0
78044
64737
119564
47905
0
0
0
0
64882
0
0
0
0
0
0
0
0
0
53036
0
0
0
0
0
112271
43521
0
0
0
0
76068
0
0
0
0
55550
0
0
0
106821
0
0
0
0
0
0
0
100065
0
80521
0
0
0
0
0
0
0
110035
0
0
0
114371
0
45705
0
40804
0
0
0
0
0
49880
0
0
0
112033
103552
0
0
0
91082
0
0
0
0
0
0
66542
0
91430
66756
100118
0
96956
69123
0
0
0
0
66520
0
0
0
0
130813
0
0
0
0
0
0
60550
51349
48833
0
0
110561
0
0
0
0
0
72983
0
32657
0
0
0
117077
99811
0
0
0
0
0
0
0
0
73490
0
0
134737
0
0
110296
0
0
0
131587
79651
116968
0
46364
0
0
0
0
128536
0
0
0
0
0
0
19379
0
117011
56724
0
0
0
0
0
132688
0
0
0
0
74123
0
45539
0
129664
63050
0
0
0
105674
0
88753
0
0
118207
0
0
0
88444
0
96719
0
0
44854
0
132056
0
60818
113620
0
0
0
123206
0
0
0
106430
0
116429
0
0
95366
85866
0
0
0
48626
116488
54678
121282
0
0
0
0
0
69369
0
0
0
0
45420
0
43444
0
0
0
0
114967
124594
0
128882
0
0
46643
0
0
0
0
0
0
104590
124076
0
113235
0
0
0
117667
0
48063
45294
114954
0
84074
67980
0
0
118022
0
0
0
127058
0
0
0
0
0
0
82574
0
0
108536
111210
0
0
83697
0
0
0
61797
0
0
0
0
0
0
0
0
0
0
0
0
0
127525
96065
0
117274
77934
77659
79754
0
0
0
0
0
0
0
0
0
0
0
0
0
0
0
0
0
0
0
0
0
0
0
0
0
0
0
0
55648
0
62966
0
0
97492
33423
40546
0
0
59254
0
0
106306
0
0
102060
0
0
0
125716
123070
0
0
121006
0
0
0
113191
34020
0
0
128150
0
0
42064
0
0
0
59641
0
0
0
0
117265
0
0
0
0
0
0
123104
46532
0
31757
0
0
0
0
0
0
110305
0
0
0
72367
0
0
103230
0
84739
0
0
0
64562
0
128130
0
0
0
0
0
0
76312
0
0
0
0
0
0
0
0
135925
0
25273
0
0
0
0
0
0
0
0
0
131752
0
0
0
0
108065
0
0
0
0
0
0
111949
117166
0
0
0
0
0
0
26775
114301
0
0
0
0
0
0
0
94427
0
0
0
0
0
0
0
0
0
69813
0
0
0
0
105023
0
0
132643
83488
104458
0
0
0
0
0
0
101490
33804
110959
57468
0
0
0
0
76340
0
41234
0
0
0
107726
0
0
0
0
47075
104849
0
133237
109100
62811
0
0
0
0
0
61694
0
92362
0
0
0
17840
0
0
108640
0
110828
0
111731
0
65209
119713
128675
94683
0
0
71949
0
0
105135
0
0
0
0
0
0
106368
0
0
98015
0
86381
0
0
88142
0
0
47639
0
0
0
0
0
125546
0
109782
0
106085
0
0
0
0
44827
68673
0
0
0
0
25277
0
0
0
0
0
0
0
0
0
100710
48290
48476
0
0
0
49456
0
60093
0
0
0
0
0
0
0
0
0
0
0
0
0
0
0
0
0
0
0
0
130839
0
0
0
0
110675
125255
0
0
1230
0
0
0
0
102186
0
0
62183
0
14792
0
116528
0
0
0
0
0
67753
124530
74365
0
0
76657
0
0
0
96444
90554
0
0
0
0
0
43836
0
0
0
0
0
0
0
0
0
60669
0
0
0
0
0
0
0
125959
59543
0
0
0
0
0
0
0
0
0
0
0
0
0
0
0
66661
82569
0
0
0
0
54527
0
0
65282
0
0
0
0
0
0
0
108159
0
120717
63987
0
0
25856
0
0
73582
0
0
56183
0
0
67375
0
0
0
0
0
0
64323
0
0
0
0
0
0
72607
0
0
0
0
0
0
0
0
136226
0
0
0
0
84141
0
121114
0
49293
0
123372
80029
0
0
0
131699
0
77690
0
0
120179
0
72166
0
0
0
0
0
0
0
0
0
0
62871
0
0
0
46666
0
57589
20421
35980
0
50124
0
0
0
0
0
0
0
125627
0
0
0
0
0
0
0
41047
0
128685
0
78564
41255
0
0
0
0
51083
35564
0
0
40587
120255
0
0
0
0
0
0
0
0
0
0
0
0
61681
69029
0
0
0
0
0
0
0
0
112792
0
0
121096
0
121190
89105
0
0
0
0
0
0
0
0
0
0
0
0
0
0
0
122442
100209
77781
0
31912
0
0
0
0
0
108404
0
0
0
75380
0
0
0
0
0
30864
0
0
0
0
0
0
0
0
0
0
84315
0
127245
0
0
0
0
0
66810
0
88945
0
0
0
45609
78051
0
0
0
0
0
0
0
0
0
0
0
0
0
102726
44473
0
0
0
118911
0
0
0
0
0
113286
64217
111103
0
111833
0
0
0
0
0
0
0
0
0
108963
0
129117
62841
0
0
75304
0
0
0
0
0
0
125440
0
0
87117
0
61719
0
0
74441
0
129286
0
0
0
0
0
20195
71298
45878
0
0
0
0
26354
0
64624
84143
0
54659
0
0
105762
0
0
0
0
97690
18278
76260
115554
0
0
0
0
111567
0
0
0
0
0
61826
0
0
0
0
0
0
0
0
58454
59332
0
0
123067
0
0
0
0
0
121328
0
81596
0
0
126996
0
130773
54045
100014
0
0
18227
0
0
0
0
0
0
59402
0
0
0
0
0
0
0
0
48949
0
0
0
0
0
0
0
121427
107457
0
0
0
103694
110524
0
129454
0
88295
0
54873
0
0
102512
0
0
0
0
0
0
0
80505
62713
0
0
0
45976
0
0
0
107998
0
0
109719
0
0
0
43186
0
0
0
0
0
0
108985
0
0
0
0
0
0
0
0
0
0
103067
0
58898
101971
0
0
0
0
91666
0
0
0
0
71208
0
0
75269
0
0
0
0
61389
108041
0
75932
0
0
0
0
0
0
0
0
0
0
0
0
89383
63977
0
130513
104520
0
0
0
0
27331
0
0
0
0
67104
0
134338
105496
0
0
0
0
0
0
0
0
0
0
0
0
0
28379
0
0
0
0
0
0
34373
0
0
0
0
0
122499
0
0
0
0
0
0
109580
0
0
0
46687
75304
0
65326
0
47246
0
0
58242
0
73985
110162
0
0
0
0
0
27530
0
0
102707
0
0
0
0
0
0
0
0
0
0
0
21011
0
0
90543
0
0
0
15382
114600
0
71993
0
0
0
0
23732
0
50231
106349
0
0
0
91981
0
69183
0
0
0
0
70064
0
101971
0
120226
0
0
0
0
0
0
0
0
15652
0
0
71846
0
0
0
0
0
0
0
110561
0
125063
0
85776
0
0
78898
112275
103472
0
60556
0
0
0
0
0
0
0
0
0
0
0
0
49750
0
89314
0
0
0
0
0
0
0
0
73904
0
0
58150
0
0
92042
0
51282
0
0
0
0
119176
75813
0
0
0
46793
0
49560
0
0
74590
104220
0
75302
0
0
0
0
19150
0
0
115256
0
52389
22257
0
0
0
0
0
0
89412
0
0
0
56382
0
0
103670
0
0
0
0
0
0
0
67001
48084
92173
0
107541
0
0
121360
0
0
102785
0
0
80157
0
38743
0
0
0
0
0
0
57584
100110
0
121213
127532
0
0
0
35174
82173
0
0
0
0
0
21762
0
0
0
123491
0
0
106747
67160
0
0
0
0
0
0
118751
0
0
0
0
0
0
73193
0
0
0
0
87472
0
0
0
0
0
0
0
0
0
0
0
0
0
0
126030
0
126574
0
62871
41671
0
0
0
0
122194
0
0
0
0
116015
0
96366
46014
0
0
86072
89177
0
0
113002
90518
0
0
0
86288
0
128494
0
0
0
115729
0
0
0
120309
0
0
0
0
0
0
0
0
0
0
124887
0
0
0
0
0
0
0
0
0
0
0
0
0
0
104074
0
0
0
0
113642
0
0
54939
0
0
0
0
78644
0
108906
0
0
112796
0
0
115373
0
0
103780
0
0
0
0
0
69543
0
0
139476
44988
0
78093
44988
0
0
0
0
0
0
0
90165
0
47629
0
0
0
0
109034
110734
0
0
109543
0
0
0
0
0
0
0
0
50440
0
0
0
0
0
0
111949
0
0
0
0
0
0
0
77728
0
0
80391
115016
0
117510
86660
0
98610
0
125839
66783
88945
0
0
0
117386
99484
0
107845
0
0
96444
116543
0
0
0
0
0
0
96579
0
105250
0
0
0
0
0
0
60679
0
0
0
0
0
0
0
123766
0
0
111863
0
0
0
0
123372
45976
0
0
0
63494
0
45635
0
0
59692
0
0
1230
0
0
0
120153
86059
0
72821
0
65542
78547
54253
0
0
0
0
51649
0
