154171
154170
154169
154168
154167
154166
154165
154164
154163
154162
154161
154160
154159
154158
154157
154156
154155
154154
154153
154152
154151
154150
154149
154148
154147
154146
154145
154144
154143
154142
154141
154140
154139
154138
154137
154136
154135
154134
154133
154132
154132
154131
154130
154129
154128
154127
154126
154125
154124
154123
154122
154121
154120
154119
154118
154117
154116
154115
154114
154113
154112
154111
154110
154109
154108
154107
154106
154105
154104
154103
154102
154101
154100
154099
154098
154097
154096
154095
154094
154093
154092
154091
154090
154089
154088
154087
154086
154085
154084
154083
154082
154081
154080
154079
154078
154077
154076
154075
154074
154073
154072
154071
154070
154069
154068
154067
154066
154065
154064
154063
154062
154061
154060
154059
154058
154057
154056
154055
154054
154053
154052
154051
154050
154049
154048
154047
154046
154045
154044
154043
154042
154041
154040
154039
154038
154037
154036
154035
154034
154033
154032
154031
154030
154029
154028
154027
154026
154025
154024
154023
154022
154021
154020
154019
154018
154017
154016
154015
154014
154013
154012
154011
154010
154009
154008
154007
154007
154006
154005
154004
154003
154002
154001
154000
153999
153998
153997
153996
153995
153994
153993
153992
153991
153990
153989
153988
153987
153986
153985
153984
153983
153982
153981
153980
153979
153978
153977
153976
153975
153974
153973
153972
153971
153970
153969
153968
153967
153966
153965
153964
153963
153962
153961
153960
153959
153958
153957
153956
153955
153954
153953
153952
153951
153950
153949
153948
153947
153946
153945
153944
153943
153942
153941
153940
153939
153938
153937
153936
153935
153934
153933
153932
153931
153930
153929
153928
153927
153926
153926
153925
153924
153923
153922
153921
153920
153919
153918
153917
153916
153915
153914
153913
153912
153911
153910
153909
153908
153907
153906
153905
153904
153903
153902
153901
153900
153899
153898
153897
153896
153895
153894
153893
153892
153891
153890
153889
153888
153887
153886
153885
153884
153883
153882
153881
153880
153879
153878
153877
153876
153875
153874
153873
153872
153871
153870
153869
153868
153867
153866
153865
153864
153863
153862
153861
153860
153859
153858
153857
153856
153855
153854
153853
153852
153851
153850
153849
153848
153847
153846
153845
153844
153843
153842
153841
153840
153839
153838
153837
153836
153835
153834
153833
153832
153831
153830
153829
153828
153827
153826
153825
153824
153823
153822
153821
153820
153819
153818
153817
153816
153815
153814
153813
153812
153811
153810
153809
153809
153808
153807
153806
153805
153804
153803
153802
153801
153800
153799
153798
153797
153796
153795
153794
153793
153792
153791
153790
153789
153788
153787
153786
153785
153784
153783
153782
153782
153781
153780
153779
153778
153777
153776
153775
153774
153773
153772
153771
153770
153769
153768
153767
153766
153769
153768
153767
153766
153765
153764
153763
153762
153761
153760
153759
153758
153757
153756
153755
153754
153753
153752
153751
153750
153749
153748
153747
153746
153745
153744
153743
153742
153741
153740
153739
153738
153737
153736
153735
153734
153733
153732
153731
153730
153729
153728
153727
153726
153725
153724
153723
153722
153721
153720
153719
153718
153717
153716
153715
153714
153713
153712
153711
153710
153709
153708
153707
153706
153705
153704
153703
153702
153701
153700
153699
153698
153697
153696
153695
153694
153693
153692
153691
153690
153689
153688
153687
153686
153685
153684
153683
153682
153681
153680
153679
153678
153677
153676
153675
153674
153673
153672
153671
153670
153669
153668
153667
153666
153665
153664
153663
153662
153661
153660
153659
153658
153657
153656
153655
153654
153653
153652
153651
153650
153649
153648
153647
153646
153645
153644
153643
153642
153641
153640
153639
153638
153637
153636
153635
153634
153633
153632
153631
153630
153629
153628
153627
153626
153625
153624
153623
153622
153621
153620
153619
153618
153617
153616
153615
153614
153613
153612
153611
153610
153609
153608
153607
153606
153605
153604
153603
153602
153601
153600
153599
153598
153597
153596
153595
153594
153593
153592
153591
153590
153589
153588
153587
153586
153585
153584
153583
153582
153581
153580
153579
153578
153577
153576
153575
153574
153573
153572
153571
153570
153569
153568
153567
153566
153565
153564
153563
153562
153561
153560
153559
153558
153557
153556
153555
153554
153553
153552
153551
153550
153549
153548
153547
153546
153545
153544
153543
153542
153541
153540
153539
153538
153537
153536
153535
153534
153533
153532
153531
153530
153529
153528
153527
153526
153525
153524
153523
153522
153521
153520
153519
153518
153517
153516
153515
153514
153513
153512
153511
153510
153509
153508
153507
153506
153505
153504
153503
153502
153501
153500
153499
153498
153497
153496
153495
153494
153493
153492
153491
153490
153489
153488
153487
153486
153485
153485
153484
153483
153482
153481
153480
153479
153478
153477
153476
153475
153474
153473
153472
153471
153470
153469
153468
153467
153466
153465
153464
153463
153462
153461
153460
153459
153458
153457
153456
153455
153454
153453
153452
153451
153450
153449
153448
153447
153446
153445
153444
153443
153442
153441
153440
153439
153438
153437
153436
153435
153434
153433
153432
153431
153430
153429
153428
153427
153426
153425
153424
153423
153422
153421
153420
153419
153418
153417
153416
153415
153414
153413
153412
153411
153410
153409
153408
153407
153406
153405
153404
153403
153402
153401
153400
153399
153398
153397
153396
153395
153394
153393
153392
153391
153390
153389
153388
153387
153386
153385
153384
153383
153382
153381
153380
153379
153378
153377
153376
153375
153374
153373
153372
153371
153370
153369
153368
153367
153366
153365
153364
153363
153362
153361
153360
153359
153358
153357
153356
153355
153354
153353
153352
153351
153350
153349
153348
153347
153346
153345
153344
153343
153342
153341
153340
153339
153338
153337
153336
153335
153334
153333
153332
153331
153330
153329
153328
153327
153326
153325
153324
153323
153322
153321
153320
153320
153319
153318
153317
153317
153316
153315
153315
153314
153313
153312
153311
153310
153309
153308
153307
153306
153305
153304
153303
153302
153301
153300
153299
153298
153297
153296
153295
153294
153293
153292
153291
153290
153289
153288
153287
153286
153285
153284
153283
153282
153281
153280
153279
153278
153277
153276
153275
153274
153273
153272
153271
153270
153269
153268
153267
153266
153265
153264
153263
153262
153261
153260
153259
153258
153257
153256
153255
153254
153253
153252
153251
153250
153249
153248
153247
153246
153245
153244
153243
153242
153241
153240
153239
153238
153237
153236
153235
153234
153233
153232
153231
153230
153229
153228
153227
153226
153225
153224
153223
153222
153221
153220
153219
153218
153217
153216
153215
153214
153213
153212
153211
153210
153209
153208
153207
153206
153205
153204
153203
153202
153201
153200
153199
153198
153197
153196
153195
153194
153193
153192
153191
153190
153189
153188
153187
153186
153185
153184
153183
153182
153181
153180
153179
153178
153177
153176
153175
153174
153173
153172
153171
153170
153169
153168
153167
153166
153165
153164
153163
153162
153161
153160
153159
153158
153157
153156
153155
153154
153153
153152
153151
153150
153149
153148
153147
153146
153145
153144
153143
153142
153141
153140
153139
153138
153137
153136
153135
153134
153133
153132
153131
153130
153129
153128
153127
153126
153125
153124
153123
153122
153121
153120
153119
153118
153117
153116
153115
153114
153113
153112
153111
153110
153109
153108
153107
153106
153105
153104
153103
153102
153101
153100
153099
153098
153097
153096
153095
153094
153093
153092
153091
153090
153089
153088
153087
153086
153085
153084
153083
153082
153081
153080
153079
153078
153077
153077
153076
153075
153074
153073
153072
153071
153070
153069
153068
153067
153066
153065
153064
153063
153062
153061
153060
153059
153058
153057
153056
153055
153054
153053
153052
153051
153050
153049
153048
153047
153046
153045
153044
153043
153042
153041
153040
153039
153038
153037
153036
153035
153034
153033
153032
153031
153030
153029
153028
153027
153026
153025
153024
153023
153022
153021
153020
153019
153018
153017
153016
153015
153014
153013
153012
153011
153010
153009
153008
153007
153006
153005
153004
153003
153002
153001
153001
153000
152999
152998
152997
152996
152995
152994
152993
152992
152991
152990
152989
152988
152987
152986
152985
152984
152983
152982
152981
152980
152979
152978
152977
152976
152975
152974
152973
152972
152971
152970
152969
152968
152967
152966
152965
152964
152963
152962
152961
152960
152959
152958
152957
152956
152955
152954
152953
152952
152951
152950
152949
152948
152947
152946
152945
152944
152943
152942
152941
152940
152939
152938
152937
152936
152935
152934
152933
152932
152931
152930
152929
152928
152927
152926
152925
152924
152923
152922
152921
152920
152919
152918
152917
152916
152915
152914
152914
152913
152912
152911
152910
152909
152908
152907
152906
152905
152904
152903
152902
152901
152900
152899
152898
152897
152896
152895
152894
152893
152892
152891
152890
152889
152888
152887
152886
152885
152884
152883
152882
152881
152880
152879
152878
152878
152877
152876
152875
152874
152873
152872
152871
152870
152869
152868
152867
152866
152865
152864
152863
152862
152861
152860
152859
152858
152857
152856
152855
152854
152853
152852
152851
152850
152852
152851
152850
152849
152848
152847
152846
152845
152844
152843
152842
152841
152840
152839
152838
152837
152836
152835
152834
152833
152832
152831
152830
152829
152828
152827
152826
152825
152824
152823
152822
152821
152820
152819
152818
152817
152816
152815
152814
152813
152812
152811
152810
152809
152808
152807
152806
152805
152804
152803
152802
152801
152800
152799
152798
152797
152796
152795
152794
152793
152792
152791
152790
152789
152788
152787
152786
152785
152784
152783
152782
152781
152780
152779
152778
152777
152776
152775
152774
152773
152772
152771
152770
152769
152768
152767
152766
152765
152764
152763
152762
152761
152760
152759
152758
152757
152756
152755
152754
152753
152752
152751
152750
152749
152748
152747
152746
152745
152744
152743
152742
152741
152740
152739
152738
152737
152736
152735
152734
152733
152732
152731
152730
152729
152728
152727
152726
152725
152724
152723
152722
152721
152720
152719
152718
152717
152716
152715
152714
152713
152712
152711
152710
152709
152708
152707
152706
152705
152704
152703
152702
152701
152700
152699
152698
152697
152696
152695
152694
152693
152692
152691
152690
152689
152688
152687
152686
152685
152684
152683
152682
152681
152680
152679
152678
152677
152676
152675
152674
152673
152672
152671
152670
152669
152668
152667
152666
152665
152664
152663
152662
152661
152660
152659
152658
152657
152656
152655
152654
152653
152652
152651
152650
152649
152648
152647
152646
152645
152644
152644
152643
152642
152641
152640
152639
152638
152637
152636
152635
152634
152633
152632
152631
152630
152629
152628
152627
152626
152625
152624
152623
152622
152621
152620
152619
152618
152617
152616
152615
152614
152613
152612
152611
152610
152609
152608
152607
152606
152605
152604
152603
152602
152601
152600
152599
152598
152597
152596
152595
152594
152593
152592
152591
152590
152589
152588
152587
152586
152585
152584
152583
152582
152581
152580
152579
152578
152577
152576
152575
152574
152573
152572
152571
152570
152569
152568
152567
152566
152565
152564
152563
152562
152561
152560
152559
152558
152557
152556
152555
152554
152553
152552
152551
152550
152549
152548
152547
152546
152545
152544
152543
152542
152541
152540
152539
152538
152537
152536
152535
152534
152533
152532
152531
152530
152529
152528
152527
152526
152525
152524
152523
152522
152521
152520
152519
152518
152517
152516
152515
152514
152513
152512
152511
152510
152509
152508
152507
152506
152505
152504
152503
152502
152501
152500
152499
152498
152497
152496
152495
152494
152493
152492
152491
152490
152489
152488
152487
152486
152485
152484
152483
152482
152481
152480
152479
152478
152477
152476
152475
152474
152473
152472
152471
152470
152469
152468
152467
152466
152465
152464
152463
152462
152461
152460
152459
152458
152457
152456
152455
152454
152453
152452
152451
152450
152449
152448
152447
152446
152445
152444
152443
152442
152441
152440
152439
152438
152438
152437
152436
152435
152434
152433
152432
152431
152430
152429
152428
152427
152426
152425
152424
152423
152422
152421
152420
152419
152418
152417
152416
152415
152414
152413
152412
152411
152410
152409
152408
152407
152406
152405
152404
152403
152402
