155127
155126
155125
155124
155123
155122
155121
155120
155119
155118
155117
155116
155115
155114
155113
155112
155111
155110
155109
155108
155107
155106
155105
155104
155103
155102
155101
155100
155099
155098
155097
155096
155095
155094
155093
155092
155091
155090
155089
155088
155087
155086
155085
155084
155083
155082
155081
155080
155079
155078
155077
155076
155075
155074
155073
155072
155071
155070
155069
155068
155067
155066
155065
155064
155063
155062
155061
155060
155059
155058
155057
155056
155055
155054
155053
155052
155051
155050
155049
155048
155047
155046
155045
155044
155043
155042
155041
155040
155039
155038
155037
155036
155035
155034
155033
155032
155031
155030
155029
155028
155027
155026
155025
155024
155023
155022
155021
155020
155019
155018
155017
155016
155015
155014
155013
155012
155011
155010
155009
155008
155007
155006
155005
155004
155003
155002
155001
155000
154999
154998
154997
154996
154995
154994
154993
154992
154991
154990
154989
154988
154987
154986
154985
154984
154983
154982
154981
154980
154979
154978
154977
154976
154975
154974
154973
154972
154971
154970
154969
154968
154967
154966
154965
154964
154963
154962
154961
154960
154959
154958
154957
154956
154955
154954
154953
154952
154951
154950
154949
154948
154947
154946
154945
154944
154943
154942
154941
154940
154939
154938
154937
154936
154935
154934
154933
154932
154931
154930
154929
154928
154927
154926
154925
154924
154923
154922
154921
154920
154919
154918
154917
154916
154915
154914
154913
154912
154911
154910
154909
154908
154907
154906
154905
154904
154903
154902
154901
154900
154899
154898
154897
154896
154895
154894
154893
154892
154891
154890
154889
154888
154887
154886
154885
154884
154883
154882
154881
154880
154879
154878
154877
154876
154875
154874
154873
154872
154871
154870
154869
154868
154867
154866
154865
154864
154863
154862
154861
154860
154859
154858
154857
154856
154855
154854
154853
154852
154851
154850
154849
154848
154847
154846
154845
154844
154843
154842
154841
154840
154839
154838
154837
154836
154835
154834
154833
154832
154831
154830
154829
154828
154827
154826
154825
154824
154823
154822
154821
154820
154819
154818
154817
154816
154815
154814
154813
154812
154811
154810
154809
154808
154807
154806
154805
154804
154803
154802
154801
154800
154799
154798
154797
154796
154795
154794
154793
154792
154791
154790
154789
154788
154787
154786
154785
154784
154783
154782
154781
154780
154779
154778
154777
154776
154775
154774
154773
154772
154771
154770
154769
154768
154767
154766
154765
154765
154764
154763
154762
154761
154760
154759
154758
154757
154756
154755
154754
154753
154752
154751
154751
154750
154749
154748
154747
154746
154745
154744
154743
154742
154741
154740
154741
154740
154739
154738
154737
154736
154735
154734
154733
154732
154731
154730
154729
154728
154727
154726
154725
154724
154723
154722
154721
154720
154719
154718
154717
154716
154715
154714
154713
154712
154711
154710
154709
154708
154707
154706
154705
154704
154703
154702
154701
154700
154699
154698
154697
154696
154695
154694
154693
154692
154691
154690
154689
154688
154687
154686
154685
154684
154683
154682
154681
154680
154679
154678
154677
154676
154675
154674
154673
154672
154671
154670
154669
154668
154667
154666
154665
154664
154663
154662
154661
154661
154660
154659
154658
154657
154656
154655
154654
154653
154652
154651
154650
154649
154648
154647
154646
154645
154644
154643
154642
154641
154640
154639
154638
154637
154636
154635
154634
154633
154632
154631
154630
154629
154628
154627
154626
154625
154624
154623
154622
154621
154620
154619
154618
154617
154616
154615
154614
154613
154612
154611
154610
154609
154608
154607
154606
154605
154604
154603
154602
154601
154600
154599
154598
154597
154596
154595
154594
154593
154592
154591
154590
154589
154588
154587
154586
154585
154584
154583
154582
154581
154580
154579
154578
154577
154576
154575
154574
154573
154572
154571
154570
154569
154568
154567
154566
154565
154564
154563
154562
154561
154560
154559
154558
154557
154556
154555
154554
154553
154552
154551
154550
154549
154548
154547
154546
154545
154544
154543
154542
154541
154540
154539
154538
154537
154536
154535
154534
154533
154532
154531
154530
154529
154528
154527
154526
154525
154524
154523
154522
154521
154520
154519
154518
154517
154516
154515
154516
154515
154514
154513
154512
154511
154510
154509
154508
154507
154506
154505
154504
154503
154502
154501
154500
154499
154498
154497
154496
154495
154494
154493
154492
154491
154490
154489
154488
154487
154486
154485
154484
154483
154482
154481
154480
154479
154478
154477
154476
154475
154474
154473
154472
154471
154470
154469
154468
154467
154466
154465
154464
154463
154462
154461
154460
154459
154458
154457
154456
154455
154454
154453
154452
154451
154450
154449
154448
154447
154446
154445
154444
154443
154442
154441
154440
154439
154438
154437
154436
154435
154434
154433
154432
154431
154430
154429
154428
154427
154426
154425
154424
154423
154422
154421
154420
154419
154418
154417
154416
154415
154414
154413
154412
154411
154410
154409
154408
154407
154409
154408
154408
154407
154406
154405
154404
154403
154402
154401
154400
154399
154398
154397
154396
154395
154394
154393
154392
154391
154390
154389
154388
154387
154386
154385
154384
154383
154382
154381
154380
154381
154380
154379
154379
154378
154377
154376
154375
154374
154373
154372
154371
154370
154369
154368
154367
154366
154365
154364
154363
154362
154361
154360
154359
154358
154357
154356
154355
154354
154353
154352
154351
154350
154349
154348
154347
154346
154345
154344
154343
154342
154341
154340
154339
154338
154337
154336
154335
154334
154333
154332
154331
154330
154329
154328
154327
154326
154325
154324
154323
154322
154321
154320
154319
154318
154317
154316
154315
154314
154313
154312
154311
154310
154309
154308
154307
154306
154305
154304
154303
154302
154301
154300
154299
154298
154297
154296
154295
154294
154293
154292
154291
154290
154289
154288
154287
154286
154285
154284
154283
154282
154281
154280
154279
154278
154277
154276
154275
154274
154273
154272
154271
154270
154269
154268
154267
154266
154265
154264
154263
154262
154261
154262
154261
154260
154262
154261
154260
154259
154258
154257
154256
154255
154254
154253
154252
154251
154250
154249
154248
154247
154246
154245
154244
154243
154242
154241
154240
154239
154238
154237
154236
154235
154234
154233
154232
154231
154230
154229
154228
154227
154226
154225
154224
154223
154222
154223
154222
154221
154220
154219
154218
154217
154216
154215
154214
154213
154213
154212
154211
154210
154209
154208
154207
154206
154205
154204
154203
154202
154201
154200
154199
154198
154197
154196
154195
154194
154193
154192
154191
154190
154189
154188
154187
154186
154185
154184
154183
154182
154181
154180
154179
154178
154177
154176
154175
154174
154173
154172
154171
154170
154169
154168
154167
154166
154165
154164
154163
154162
154161
154160
154159
154158
154157
154156
154155
154154
154153
154152
154151
154150
154149
154148
154147
154146
154145
154145
154144
154143
154142
154141
154140
154139
154138
154137
154136
154135
154134
154133
154132
154131
154130
154129
154128
154127
154126
154125
154124
154123
154122
154121
154120
154119
154118
154117
154116
154115
154114
154113
154112
154111
154110
154109
154108
154107
154106
154105
154104
154103
154102
154101
154100
154099
154098
154097
154096
154095
154094
154093
154092
154091
154090
154089
154088
154087
154086
154085
154084
154083
154082
154081
154080
154079
154078
154077
154076
154075
154074
154073
154072
154071
154070
154069
154068
154067
154066
154065
154064
154063
154062
154061
154060
154059
154058
154057
154056
154055
154054
154053
154052
154051
154050
154049
154048
154047
154046
154045
154044
154043
154042
154041
154040
154039
154038
154037
154036
154035
154034
154033
154032
154031
154030
154029
154028
154027
154026
154025
154024
154023
154022
154021
154020
154019
154018
154017
154016
154015
154014
154013
154012
154011
154010
154009
154008
154007
154006
154005
154004
154003
154002
154001
154000
153999
153998
153997
153999
153998
153999
153998
153997
153996
153995
153994
153993
153992
153991
153990
153989
153988
153987
153986
153985
153984
153983
153982
153981
153980
153979
153978
153977
153976
153975
153974
153973
153972
153971
153970
153969
153968
153967
153966
153965
153964
153963
153962
153961
153960
153959
153958
153957
153956
153955
153954
153953
153952
153951
153950
153949
153948
153947
153946
153945
153944
153943
153942
153941
153940
153939
153938
153937
153936
153935
153934
153933
153932
153931
153930
153929
153928
153927
153926
153925
153924
153923
153922
153921
153920
153919
153918
153917
153916
153915
153914
153913
153912
153911
153910
153909
153908
153907
153906
153905
153904
153903
153902
153901
153900
153899
153898
153897
153896
153895
153894
153893
153892
153891
153890
153889
153888
153887
153886
153885
153884
153883
153882
153881
153880
153879
153878
153877
153876
153875
153874
153873
153872
153871
153870
153869
153868
153867
153866
153865
153864
153863
153862
153861
153860
153859
153858
153857
153856
153855
153854
153853
153852
153851
153850
153849
153848
153847
153846
153845
153844
153843
153842
153841
153840
153839
153838
153837
153836
153835
153834
153833
153832
153831
153830
153829
153828
153827
153826
153825
153824
153823
153822
153821
153820
153819
153818
153817
153816
153815
153814
153813
153812
153811
153810
153809
153808
153807
153806
153805
153804
153803
153802
153801
153800
153799
153798
153797
153796
153795
153794
153793
153792
153791
153790
153789
153788
153787
153786
153785
153784
153783
153782
153781
153780
153779
153778
153777
153776
153775
153774
153773
153772
153771
153770
153769
153768
153767
153766
153765
153764
153763
153762
153761
153760
153759
153758
153757
153756
153755
153754
153753
153752
153751
153750
153749
153748
153747
153746
153745
153744
153743
153742
153741
153740
153739
153738
153737
153736
153735
153734
153733
153732
153731
153730
153729
153728
153727
153726
153725
153724
153723
153722
153721
153720
153719
153718
153717
153716
153715
153714
153713
153712
153711
153710
153709
153708
153707
153706
153705
153704
153703
153702
153701
153700
153699
153698
153697
153696
153695
153694
153693
153692
153691
153690
153689
153688
153687
153686
153685
153684
153683
153683
153682
153681
153680
153679
153678
153677
153676
153675
153674
153673
153672
153671
153670
153669
153668
153667
153666
153665
153664
153663
153662
153661
153660
153659
153658
153657
153656
153655
153654
153653
153652
153651
153650
153649
153648
153647
153646
153645
153644
153643
153642
153641
153640
153639
153638
153637
153636
153635
153634
153633
153632
153631
153630
153629
153628
153627
153626
153625
153624
153623
153622
153621
153620
153619
153618
153617
153616
153615
153614
153613
153612
153611
153610
153609
153608
153607
153606
153605
153604
153603
153602
153601
153600
153599
153598
153597
153596
153595
153594
153593
153592
153591
153590
153589
153588
153587
153586
153585
153584
153583
153582
153581
153580
153579
153578
153577
153576
153575
153574
153573
153572
153571
153570
153569
153568
153567
153566
153565
153564
153563
153562
153561
153560
153559
153558
153557
153556
153555
153554
153553
153552
153551
153550
153549
153548
153547
153546
153545
153544
153543
153542
153541
153540
153539
153538
153537
153536
153535
153534
153533
153532
153531
153530
153529
153528
153527
153526
153525
153524
153523
153522
153521
153520
153519
153518
153517
153516
153515
153514
153513
153512
153511
153510
153509
153508
153507
153506
153505
153504
153503
153502
153501
153500
153499
153498
153497
153496
153495
153494
153493
153492
153491
153490
153489
153488
153487
153486
153485
153484
153483
153482
153481
153480
153479
153478
153477
153476
153475
153474
153473
153472
153471
153470
153469
153468
153467
153466
153465
153464
153463
153462
153461
153460
153459
153458
153457
153456
153455
153454
153453
153452
153451
153450
153449
153448
153447
153446
153445
153444
153443
153442
153441
153440
153439
153438
153437
153436
153435
153434
153433
153432
153431
153430
153429
153428
153427
153426
153425
153424
153423
153422
153421
153420
153419
153418
153417
153416
153415
153414
153413
153412
153411
153410
153409
153408
153407
153406
153405
153404
153403
153402
153401
153400
153399
153398
153397
153396
153395
153394
153393
153392
153391
153390
153389
153388
153387
153386
153385
153384
153383
153382
153381
153380
153379
153378
153377
153376
153375
153374
153373
153372
153371
153370
153369
153368
153367
153366
153365
153364
153363
153362
153361
153360
153359
153358
153357
153356
153355
153354
153353
153352
153351
153350
153349
153348
153347
153346
153345
153344
153343
153342
153341
153340
153339
153338
153337
153336
153335
153334
153333
153332
153331
153330
153329
153328
153327
153326
153325
153324
153323
153322
153321
153320
153319
153318
153317
153316
153315
153314
153313
153312
153311
153310
153309
153308
153307
153306
153305
153304
153303
153302
153301
153300
153299
153298
153297
153296
153295
153294
153293
153292
153291
153290
153289
153288
153287
153286
153285
153284
153283
153282
153281
153280
153279
153278
153277
153276
153275
153274
153273
153272
153271
153270
153270
153269
153268
153267
153266
153265
153264
153263
153262
153261
153260
153259
153258
153259
153258
153257
153256
153255
153254
153253
153252
153251
153250
153249
153248
153247
153246
153245
153244
153243
153242
153241
153240
153239
153238
153237
153236
153235
153234
153233
153232
153231
153230
153229
153228
153227
153226
153225
153224
153223
153222
153221
153220
153219
153218
153217
153216
153215
153214
153213
153212
153211
153210
153209
153208
153207
153206
153205
153204
153203
153202
153201
153200
153199
153198
153197
153196
153195
153195
153194
153193
153192
153191
153190
153189
153188
153187
153186
153185
153184
153183
153182
153181
153180
153179
153178
153177
153176
153175
153174
153173
153172
153171
153170
153169
153168
153167
153166
153165
153164
153163
153162
153161
153160
153159
153158
153157
153156
153155
153154
153153
153152
153151
153150
153149
153148
153147
153146
153145
153144
153143
153142
153141
153140
153139
153138
153137
153136
153135
153134
153133
153132
153131
153130
153129
153128
153127
153126
153125
153124
153123
153122
153121
153120
153119
153118
153117
153116
153115
153114
153113
153112
153111
153110
153109
153108
153107
153106
153105
153104
153103
153102
153101
153100
153099
153098
153097
153096
153095
153094
153093
153092
153091
153090
153089
153088
153087
153086
153085
153084
153083
153082
153081
153080
153079
153078
153077
153076
153075
153074
153073
153072
153071
153070
153069
153068
153067
153066
153065
153064
153063
153062
153061
153060
153059
153058
153057
153056
153055
153054
153053
153052
153051
153050
153049
153048
153047
153046
153045
153044
153043
153042
153041
153040
153039
153038
153037
153036
153035
153034
153033
153032
153031
153030
153029
153028
153027
153026
153025
153024
153023
153022
153021
153020
153019
153019
153018
153017
153016
153016
153015
153014
153013
153012
153011
153010
153009
153008
153007
153006
153005
153004
153003
153002
153001
153000
152999
152998
152997
152996
152995
152994
152993
152992
152991
152990
152989
152988
152987
152986
152985
152984
152983
152982
152981
152980
152979
152978
152977
152976
152975
152974
152973
152972
152971
152970
152969
152968
152967
152966
152965
152964
152963
152962
152961
152960
152959
152958
152957
152956
152955
152954
152953
152952
152951
152950
152949
152948
152947
152946
152945
152944
152943
152942
152941
152940
152939
152938
152937
152936
152935
152934
152933
152932
152931
152930
152929
152928
152927
152926
152925
152924
152923
152922
152921
152920
152919
152918
152917
152916
152915
152914
152913
152912
152911
152910
152909
152908
152907
152906
152905
152904
152903
152902
152901
152900
152899
152898
152897
152896
152895
152894
152893
152892
152891
152890
152889
152888
152887
152886
152885
152884
152883
152882
152881
152880
152879
152878
152877
152876
152875
152874
152873
152872
152871
152870
152869
152868
152867
152866
152865
152864
152863
152862
152861
152860
152859
152858
152857
152856
152855
152854
152853
152852
152851
152850
152849
152848
152847
152846
152845
152844
152843
152842
152841
152840
152839
152838
152837
152836
152835
152834
152833
152832
152831
152830
152829
152828
152827
152826
152825
152824
152823
152822
152821
152820
152819
152818
152817
152816
152815
152814
152813
152812
152811
152810
152809
152808
152807
152806
152805
152805
152804
152803
152802
152801
152800
152799
152798
152797
152796
152795
152794
152793
152792
152791
152790
152789
152788
152787
152786
152785
152784
152783
152782
152781
152780
152779
152778
152777
152776
152775
152774
152773
152772
152771
152770
152769
152768
152767
152766
152765
152764
152763
152762
152761
152760
152759
152758
152757
152756
152755
152754
152753
152752
152751
152750
152749
152748
152747
152746
152745
152744
152743
152742
152741
152740
152739
152738
152737
152736
152735
152734
152733
152732
152731
152730
152729
152728
152727
152726
152725
152724
152723
152722
152721
152720
152719
152718
152717
152716
152715
152714
152713
152712
152711
152713
152712
152711
152710
152709
152708
152707
152706
152705
152704
152703
152702
152701
152700
152699
152698
152697
152696
152695
152694
152693
152692
152691
152690
152689
152688
152687
152686
152685
152684
152683
152682
152682
152681
152680
152679
152678
152677
152676
152675
152674
152673
152672
152671
152670
152669
152668
152667
152666
152665
152664
152663
152662
152661
152660
152659
152658
152657
152656
152655
152654
152653
152652
152651
152650
152649
152648
152647
152646
152645
152644
152643
152642
152641
152640
152639
152638
152637
152636
152635
152634
152633
152632
152631
152630
152629
152628
152627
152626
152625
152624
152623
152622
152621
152620
152619
152618
152617
152616
152615
152614
152613
152612
152611
152610
152609
152608
152607
152606
152605
152604
152603
152602
152601
152600
152599
152598
152597
152596
152595
152594
152593
152592
152591
152590
152589
152588
152587
152586
152585
152584
152583
152582
152581
152580
152579
152578
152577
152576
152575
152574
152573
152572
152571
152570
152569
152568
152567
152566
152565
152564
152563
152562
152561
152560
152559
152558
152557
152556
152555
152554
152553
152552
152551
152550
152549
152548
152547
152546
152545
152544
152543
152542
152541
152540
152539
152538
152537
152536
152535
152534
152533
152532
152531
152530
152529
152528
152527
152526
152525
152524
152523
152522
152521
152520
152519
152518
152517
152516
152515
152514
152513
152512
152511
152510
152509
152508
152507
152506
152505
152504
152503
152502
152501
152500
152499
152498
152497
152496
152495
152494
152493
152492
152491
152490
152489
152488
152487
152486
152485
152484
152483
152482
152481
152480
152479
152478
152477
152476
152475
152474
152473
152472
152471
152470
152469
152468
152467
152466
152465
152464
152463
152462
152461
152460
152459
152458
152457
152456
152455
152454
152453
152452
152451
152450
152449
152448
152447
152446
152445
152444
152443
152442
152441
152440
152439
152438
152437
152436
152435
152434
152433
152432
152431
152430
152429
152428
152427
152426
152425
152424
152423
152422
152421
152420
152419
152418
152417
152416
152415
152414
152413
152412
152411
152410
152409
152408
152407
152406
152405
152404
152403
152402
152401
152400
152399
152398
152397
152396
152395
152394
152393
152392
152391
152390
152389
152388
152387
152386
152385
152384
152383
152382
152381
152380
152379
152378
152377
152376
152375
152374
152373
152372
152371
152370
152369
152368
152367
152366
152365
152364
152363
152362
152361
152360
152359
152358
152357
152356
152355
152354
152353
152352
152351
152350
152349
152348
152347
152346
152345
152344
152343
152342
152341
152340
152339
152338
152337
152336
152335
152334
152333
152332
152331
152330
152329
152328
152327
152326
152325
152324
152323
152322
152321
152321
152320
152319
152318
152317
152316
152315
152314
152313
152312
152311
152310
152309
152308
152307
152306
152305
152304
152303
152302
152301
152300
152299
152298
152297
152296
152295
152294
152293
152292
152291
152290
152289
152288
152287
152286
152285
152284
152283
152282
152281
152280
152279
152278
152277
152276
152275
152274
152273
152272
152271
152270
152269
152268
152267
152266
152265
152264
152263
152262
152261
152260
152259
152258
152257
152256
152255
152254
152253
152252
152251
152250
152249
152248
152247
152246
152245
152244
152243
152242
152241
152240
152239
152238
152237
152236
152235
152234
152233
152232
152231
152230
152229
152228
152227
152226
152225
152224
152223
152222
152221
152220
152219
152218
152217
152216
152215
152214
152213
152212
152211
152210
152209
152208
152207
152206
152205
152204
152203
152202
152201
152200
152199
152198
152197
152196
152195
152194
152193
152192
152191
152190
152189
152188
152187
152186
152185
152184
152183
152182
152183
152182
152181
152180
152179
152178
152177
152176
152175
152174
152173
152172
152171
152170
152169
152169
152168
152167
152166
152165
152164
152163
152162
152161
152160
152159
152158
152159
152158
152157
152156
152155
152154
152153
152152
152151
152150
152149
152148
152147
152146
152145
152144
152143
152142
152141
152140
152139
152138
152137
152136
152135
152134
152133
152132
152131
152130
152129
152128
152127
152126
152125
152124
152123
152122
152121
152120
152119
152118
152117
152116
152115
152114
152113
152112
152111
152110
152109
152108
152107
152106
152105
152104
152103
152102
152101
152100
152099
152098
152097
152096
152095
152094
152093
152092
152091
152090
152089
152088
152087
152086
152086
152085
152084
152083
152082
152081
152080
152079
152078
152077
152076
152075
152074
152073
152072
152071
152070
152069
152068
152067
152066
152065
152064
152063
152062
152061
152060
152059
152058
152057
152056
152055
152054
152053
152052
152051
152050
152049
152048
152047
152047
152046
152045
152044
152043
152042
152041
152040
152039
152038
152037
152036
152035
152034
152033
152032
152031
152030
152029
152028
152027
152026
152025
152024
152023
152022
152021
152020
152019
152018
152017
152016
152015
152014
152013
152012
152011
152010
152009
152008
152007
152006
152005
152004
152003
152002
152001
152000
151999
151998
151997
151996
151996
151995
151994
151993
151992
151991
151990
151989
151988
151987
151986
151985
151984
151983
151982
151981
151980
151979
151978
151977
151976
151975
151974
151973
151972
151971
151970
151969
151968
151967
151966
151965
151964
151963
151962
151961
151960
151959
151958
151957
151956
151955
151954
151953
151952
151951
151950
151949
151948
151947
151946
151945
151944
151943
151942
151941
151940
151939
151938
151937
151936
151935
151934
151933
151932
151931
151930
151929
151928
151927
151926
151925
151924
151923
151922
151921
151920
151919
151918
151917
151916
151915
151914
151913
151912
151911
151910
151909
151908
151907
151906
151905
151904
151903
151902
151901
151900
151899
151898
151897
151896
151895
151894
151893
151892
151891
151890
151889
151888
151887
151886
151885
151884
151883
151882
151881
151880
151879
151878
151877
151876
151875
151874
151873
151872
151871
151870
151869
151868
151867
151866
151865
151864
151863
151862
151861
151860
151859
151858
151858
151857
151856
151855
151854
151853
151852
151851
151850
151849
151848
151847
151846
151845
151844
151843
151842
151841
151840
151839
151838
151837
151836
151835
151834
151833
151832
151831
151830
151829
151828
151827
151826
151825
151824
151823
151822
151821
151820
151819
151818
151817
151816
151815
151814
151813
151812
151811
151810
151809
151808
151807
151806
151805
151804
151803
151802
151801
151800
151799
151798
151797
151796
151795
151794
151793
151792
151791
151790
151789
151788
151787
151786
151785
151784
151783
151782
151781
151780
151779
151778
151777
151776
151775
151774
151773
151772
151771
151770
151769
151768
151767
151766
151765
151764
151763
151762
151761
151760
151759
151758
151759
151758
151757
151758
151757
151756
151755
151754
151753
151752
151751
151750
151749
151748
151747
151746
151745
151744
151743
151742
151741
151740
151739
151738
151737
151736
151735
151734
151733
151732
151731
151730
151729
151728
151727
151726
151725
151724
151723
151722
151721
151720
151719
151718
151717
151716
151715
151714
151713
151712
151711
151710
151709
151708
151707
151708
151707
151706
151705
151704
151703
151702
151701
151700
151699
151698
151697
151696
151695
151694
151693
151692
151691
151690
151689
151688
151687
151686
151685
151684
151683
151682
151681
151680
151679
151678
151677
151676
151675
151674
151673
151672
151671
151670
151669
151668
151667
151666
151665
151664
151663
151665
151664
151663
151662
151661
151660
151659
151658
151657
151656
151656
151655
151654
151653
151652
151651
151650
151649
151648
151647
151646
151645
151644
151643
151642
151641
151640
151639
151638
151637
151636
151635
151634
151633
151632
151631
151630
151629
151628
151627
151626
151625
151624
151623
151622
151621
151620
151619
151618
151617
151616
151615
151614
151613
151612
151611
151610
151609
151608
151607
151606
151605
151605
151604
151603
151602
151601
151600
151599
151598
151597
151596
151595
151594
151593
151592
151591
151590
151589
151588
151587
151586
151585
151584
151583
151582
151581
151580
151579
151578
151577
151576
151575
151574
151573
151572
151571
151570
151569
151568
151567
151566
