174781
174780
174779
174778
174777
174776
174775
174774
174773
174772
174771
174770
174769
174768
174767
174766
174765
174764
174763
174762
174761
174760
174759
174758
174757
174756
174755
174754
174753
174752
174751
174750
174749
174748
174747
174746
174745
174744
174743
174742
174741
174740
174739
174738
174737
174736
174735
174734
174733
174732
174731
174730
174729
174728
174727
174726
174725
174724
174723
174722
174721
174720
174719
174718
174717
174716
174715
174714
174713
174712
174711
174710
174709
174708
174707
174706
174705
174704
174703
174702
174701
174700
174699
174698
174697
174696
174695
174694
174693
174692
174691
174690
174689
174688
174687
174686
174685
174684
174683
174682
174681
174680
174679
174678
174677
174676
174675
174674
174673
174672
174671
174670
174669
174668
174667
174666
174665
174664
174663
174662
174661
174660
174659
174658
174657
174656
174655
174654
174653
174652
174651
174650
174649
174648
174647
174646
174645
174644
174643
174642
174641
174640
174639
174638
174637
174636
174635
174634
174633
174632
174631
174630
174629
174628
174627
174626
174625
174624
174623
174622
174621
174620
174619
174618
174617
174616
174615
174614
174613
174612
174611
174610
174609
174608
174607
174606
174605
174604
174603
174602
174601
174600
174599
174598
174597
174596
174595
174594
174593
174592
174591
174590
174589
174588
174587
174586
174585
174584
174583
174582
174581
174580
174579
174578
174577
174576
174575
174574
174573
174572
174571
174570
174569
174568
174567
174566
174565
174564
174563
174562
174561
174560
174559
174558
174557
174556
174555
174554
174553
174552
174551
174550
174549
174548
174547
174546
174545
174544
174543
174542
174541
174540
174539
174538
174537
174536
174535
174534
174533
174532
174531
174530
174529
174528
174527
174526
174525
174524
174523
174522
174521
174520
174519
174518
174517
174516
174515
174514
174513
174512
174511
174510
174509
174508
174507
174506
174505
174504
174503
174502
174501
174500
174499
174498
174497
174496
174495
174494
174493
174492
174491
174490
174489
174488
174487
174486
174485
174484
174483
174482
174481
174480
174479
174478
174477
174476
174475
174474
174473
174472
174471
174470
174469
174468
174467
174466
174465
174464
174463
174462
174461
174460
174459
174458
174457
174456
174455
174454
174453
174452
174451
174450
174449
174448
174447
174446
174445
174444
174443
174442
174441
174440
174439
174438
174437
174436
174435
174434
174433
174432
174431
174430
174429
174428
174427
174426
174425
174424
174423
174422
174421
174420
174419
174418
174418
174417
174416
174415
174414
174413
174412
174411
174410
174409
174408
174407
174406
174405
174404
174403
174402
174401
174400
174399
174398
174397
174396
174395
174394
174393
174392
174391
174390
174389
174388
174387
174386
174385
174384
174383
174382
174381
174380
174379
174378
174377
174376
174375
174374
174373
174372
174371
174370
174369
174368
174367
174366
174365
174364
174363
174362
174361
174360
174359
174358
174357
174356
174355
174354
174353
174352
174351
174350
174349
174348
174347
174346
174345
174344
174343
174342
174341
174340
174339
174338
174337
174336
174335
174334
174333
174332
174331
174330
174329
174328
174327
174326
174325
174324
174323
174322
174321
174320
174319
174318
174317
174316
174315
174314
174313
174312
174311
174310
174309
174308
174307
174306
174305
174304
174303
174302
174301
174300
174299
174298
174297
174296
174295
174294
174293
174292
174291
174290
174289
174288
174287
174286
174285
174284
174283
174282
174281
174280
174279
174278
174277
174276
174275
174274
174273
174272
174271
174270
174269
174268
174267
174266
174265
174264
174263
174262
174261
174260
174259
174258
174257
174256
174255
174254
174253
174252
174251
174250
174249
174248
174247
174246
174245
174244
174243
174242
174241
174240
174239
174238
174237
174236
174235
174234
174233
174232
174231
174230
174229
174228
174227
174226
174225
174224
174223
174222
174221
174220
174219
174218
174217
174216
174215
174214
174213
174212
174211
174210
174209
174208
174207
174206
174205
174204
174203
174202
174201
174200
174199
174198
174197
174196
174195
174194
174193
174192
174191
174190
174189
174188
174187
174186
174185
174184
174183
174182
174181
174180
174179
174178
174177
174176
174175
174174
174173
174172
174171
174170
174169
174168
174167
174166
174165
174164
174163
174162
174161
174160
174159
174158
174157
174156
174155
174154
174153
174152
174151
174150
174149
174148
174147
174146
174145
174144
174143
174142
174141
174140
174139
174138
174137
174136
174135
174134
174133
174132
174131
174130
174129
174128
174127
174126
174125
174124
174123
174122
174121
174120
174119
174118
174117
174116
174115
174114
174113
174112
174111
174110
174110
174109
174108
174107
174106
174105
174104
174103
174102
174101
174100
174099
174098
174097
174096
174095
174094
174093
174092
174091
174090
174089
174088
174087
174086
174085
174084
174083
174082
174081
174080
174079
174078
174077
174076
174075
174074
174073
174072
174071
174070
174069
174068
174067
174066
174065
174064
174063
174062
174061
174060
174059
174058
174057
174056
174055
174054
174053
174052
174051
174050
174049
174048
174047
174046
174045
174044
174043
174042
174041
174040
174039
174038
174037
174036
174035
174034
174033
174032
174031
174030
174029
174028
174027
174026
174025
174024
174023
174022
174021
174020
174019
174018
174017
174016
174015
174014
174013
174012
174011
174010
174009
174008
174007
174006
174005
174004
174003
174002
174001
174000
173999
173998
173997
173996
173995
173994
173993
173992
173991
173990
173989
173988
173987
173986
173985
173984
173983
173982
173981
173980
173979
173978
173977
173976
173975
173974
173973
173972
173971
173970
173969
173968
173967
173966
173965
173964
173963
173962
173961
173960
173959
173958
173957
173956
173955
173954
173953
173952
173951
173950
173949
173948
173947
173946
173945
173944
173943
173942
173941
173940
173939
173938
173937
173936
173935
173934
173933
173932
173931
173930
173929
173928
173927
173926
173925
173924
173923
173922
173922
173921
173920
173919
173918
173917
173916
173915
173914
173913
173912
173911
173910
173909
173908
173907
173906
173905
173904
173903
173902
173901
173900
173899
173898
173897
173896
173895
173894
173893
173892
173891
173890
173889
173888
173887
173886
173885
173884
173883
173882
173881
173880
173879
173878
173877
173876
173875
173874
173873
173872
173871
173870
173869
173868
173867
173866
173865
173864
173863
173862
173861
173860
173859
173858
173857
173856
173855
173854
173853
173852
173851
173850
173849
173848
173847
173846
173845
173844
173843
173842
173841
173840
173839
173838
173837
173836
173835
173834
173833
173832
173831
173830
173829
173829
173828
173827
173826
173825
173824
173823
173822
173821
173820
173819
173818
173817
173816
173815
173814
173813
173812
173811
173810
173809
173808
173807
173806
173805
173804
173803
173802
173801
173800
173799
173798
173797
173796
173795
173794
173793
173792
173791
173790
173789
173788
173787
173786
173785
173784
173783
173782
173781
173780
173779
173778
173777
173776
173775
173774
173773
173772
173771
173770
173769
173768
173767
173766
173765
173764
173763
173762
173761
173760
173759
173758
173757
173757
173756
173755
173754
173753
173752
173751
173750
173749
173748
173747
173746
173745
173744
173743
173742
173741
173740
173739
173738
173737
173736
173735
173734
173733
173732
173731
173730
173729
173728
173727
173726
173725
173724
173723
173722
173721
173720
173719
173718
173717
173716
173715
173714
173713
173712
173711
173710
173709
173708
173707
173706
173705
173704
173703
173702
173701
173700
173699
173698
173697
173696
173695
173694
173693
173692
173691
173690
173689
173688
173687
173686
173685
173684
173683
173682
173681
173680
173679
173678
173677
173676
173675
173674
173673
173672
173671
173670
173669
173668
173667
173666
173665
173664
173663
173662
173661
173660
173659
173658
173657
173656
173655
173654
173653
173652
173651
173650
173649
173648
173647
173646
173645
173644
173643
173642
173641
173640
173639
173638
173637
173636
173635
173634
173633
173632
173631
173630
173629
173628
173627
173626
173625
173624
173623
173622
173621
173620
173619
173618
173617
173616
173615
173614
173613
173612
173611
173610
173609
173609
173608
173607
173606
173605
173604
173603
173602
173601
173600
173599
173598
173597
173596
173595
173594
173593
173592
173591
173590
173589
173588
173587
173586
173585
173584
173583
173582
173581
173580
173579
173578
173577
173576
173575
173574
173573
173572
173571
173570
173569
173568
173567
173566
173565
173564
173563
173562
173561
173560
173559
173558
173557
173556
173555
173554
173553
173552
173551
173550
173549
173548
173547
173546
173545
173544
173543
173542
173541
173540
173539
173538
173537
173536
173535
173534
173533
173532
173531
173530
173529
173528
173527
173526
173525
173524
173523
173522
173521
173520
173519
173518
173518
173517
173516
173515
173514
173513
173512
173511
173510
173509
173508
173507
173506
173505
173504
173503
173502
173501
173500
173499
173498
173497
173496
173495
173494
173493
173492
173491
173490
173489
173488
173487
173486
173485
173484
173483
173482
173481
173480
173479
173478
173477
173476
173475
173474
173473
173472
173471
173470
173469
173468
173467
173466
173465
173464
173463
173462
173461
173460
173459
173458
173457
173456
173455
173454
173453
173452
173451
173450
173449
173448
173447
173446
173445
173444
173443
173442
173441
173440
173439
173438
173437
173436
173435
173434
173433
173432
173432
173431
173430
173429
173428
173427
173426
173425
173424
173423
173422
173421
173420
173419
173418
173417
173416
173415
173414
173413
173412
173411
173410
173409
173408
173407
173406
173405
173404
173403
173402
173401
173400
173399
173398
173397
173396
173395
173394
173393
173392
173391
173390
173389
173388
173387
173386
173385
173384
173383
173382
173381
173380
173379
173378
173377
173376
173375
173374
173373
173372
173371
173370
173369
173368
173367
173366
173365
173364
173363
173362
173361
173360
173359
173358
173357
173356
173355
173354
173353
173352
173351
173350
173349
173348
173347
173346
173345
173344
173343
173342
173341
173340
173339
173338
173337
173336
173335
173334
173333
173332
173331
173330
173329
173328
173327
173326
173325
173324
173323
173322
173321
173320
173319
173318
173317
173316
173315
173314
173313
173312
173311
173310
173309
173308
173307
173306
173305
173304
173303
173302
173301
173300
173299
173298
173297
173296
173295
173294
173293
173292
173291
173290
173289
173288
173287
173286
173285
173284
173283
173282
173281
173280
173279
173278
173277
173276
173275
173274
173273
173272
173271
173270
173269
173268
173267
173266
173265
173264
173263
173262
173261
173260
173259
173258
173257
173256
173255
173254
173253
173252
173251
173250
173249
173248
173247
173246
173245
173244
173243
173242
173241
173240
173239
173238
173237
173236
173235
173234
173233
173232
173231
173230
173229
173228
173227
173226
173225
173224
173223
173222
173221
173220
173219
173218
173217
173216
173215
173214
173213
173212
173211
173210
173209
173208
173207
173206
173205
173204
173203
173202
173201
173200
173199
173198
173197
173196
173195
173194
173193
173192
173191
173190
173189
173188
173187
173186
173185
173184
173183
173182
173181
173180
173179
173178
173177
173176
173175
173174
173173
173172
173171
173170
173169
173168
173167
173166
173165
173164
173163
173163
173162
173161
173160
173159
173158
173157
173156
173155
173154
173153
173152
173151
173150
173149
173148
173147
173146
173145
173144
173143
173142
173141
173140
173139
173138
173137
173136
173135
173134
173133
173132
173131
173130
173129
173128
173127
173126
173125
173124
173123
173122
173121
173120
173119
173118
173117
173116
173115
173114
173113
173112
173111
173110
173109
173108
173107
173106
173105
173104
173103
173102
173101
173100
173099
173098
173097
173096
173095
173094
173093
173092
173091
173090
173089
173088
173087
173086
173085
173084
173083
173082
173081
173080
173079
173078
173077
173076
173075
173074
173073
173072
173071
173070
173069
173068
173067
173066
173065
173064
173063
173062
173061
173060
173059
173058
173057
173056
173055
173054
173053
173052
173051
173050
173049
173048
173047
173046
173045
173044
173043
173042
173041
173040
173039
173038
173037
173036
173035
173034
173033
173032
173031
173030
173029
173028
173027
173026
173025
173024
173023
173022
173021
173020
173019
173018
173017
173016
173015
173014
173013
173012
173011
173010
173009
173008
173007
173006
173005
173004
173003
173002
173001
173000
172999
172998
172997
172996
172995
172994
172993
172992
172991
172990
172989
172988
172987
172986
172985
172984
172983
172982
172981
172980
172979
172978
172977
172976
172975
172974
172973
172972
172971
172970
172969
172968
172967
172966
172965
172964
172963
172962
172961
172960
172959
172958
172957
172956
172955
172954
172953
172952
172951
172950
172949
172948
172947
172946
172945
172944
172943
172942
172941
172940
172939
172938
172937
172936
172935
172934
172933
172932
172931
172930
172929
172928
172927
172926
172925
172924
172923
172922
172921
172920
172919
172918
172917
172916
172915
172914
172913
172912
172911
172910
172909
172908
172907
172906
172905
172904
172903
172902
172901
172900
172899
172898
172897
172896
172895
172894
172893
172892
172891
172890
172889
172888
172887
172886
172885
172884
172883
172882
172881
172880
172879
172878
172877
172876
172875
172874
172873
172872
172871
172870
172869
172868
172867
172866
172865
172864
172863
172862
172861
172860
172859
172858
172857
172856
172855
172854
172853
172852
172851
172850
172849
172848
172847
172846
172845
172844
172843
172842
172841
172840
172839
172838
172837
172836
172835
172834
172833
172832
172831
172830
172829
172828
172827
172826
172825
172824
172823
172822
172821
172820
172819
172818
172817
172816
172815
172814
172813
172812
172811
172810
172809
172808
172807
172806
172805
172804
172803
172802
172801
172800
172799
172798
172797
172796
172795
172795
172794
172793
172792
172791
172790
172789
172788
172787
172786
172785
172784
172783
172782
172781
172780
172779
172778
172777
172776
172775
172774
172773
172772
172771
172770
172769
172768
172767
172766
172765
172764
172763
172762
172763
172762
172761
172760
172759
172758
172757
172756
172755
172754
172753
172752
172751
172750
172749
172748
172747
172746
172745
172744
172743
172742
172741
172740
172739
172738
172737
172736
172735
172734
172733
172732
172731
172730
172729
172728
172727
172726
172725
172724
172723
172722
172721
172720
172719
172718
172717
172716
172715
172714
172713
172712
172711
172710
172709
172708
172707
172706
172705
172704
172703
172702
172701
172700
172699
172698
172697
172696
172695
172694
172693
172692
172691
172690
172689
172688
172687
172686
172685
172684
172683
172682
172681
172680
172679
172678
172677
172676
172675
172674
172673
172672
172671
172670
172669
172668
172667
172666
172665
172664
172663
172662
172661
172660
172659
172658
172657
172656
172655
172654
172653
172652
172651
172650
172649
172648
172647
172646
172645
172644
172643
172642
172641
172640
172639
172638
172637
172636
172635
172634
172633
172632
172631
172630
172629
172628
172627
172626
172625
172624
172623
172622
172621
172620
172619
172618
172617
172616
172615
172614
172613
172612
172611
172610
172609
172608
172607
172606
172605
172604
172603
172602
172601
172600
172599
172598
172597
172596
172595
172594
172593
172592
172591
172590
172589
172588
172587
172586
172585
172584
172583
172582
172581
172580
172579
172578
172577
172576
172575
172574
172573
172572
172571
172570
172569
172568
172567
172566
172565
172564
172563
172562
172561
172560
172559
172558
172557
172556
172555
172554
172553
172552
172551
172550
172549
172548
172547
172546
172545
172544
172543
172542
172541
172540
172539
172538
172537
172536
172535
172534
172533
172532
172531
172530
172529
172528
172527
172526
172525
172524
172523
172522
172521
172520
172519
172518
172517
172516
172515
172514
172513
172512
172511
172510
172509
172508
172507
172506
172505
172504
172503
172502
172501
172500
172499
172498
172497
172496
172495
172494
172493
172492
172491
172490
172489
172488
172487
172486
172485
172484
172483
172482
172481
172480
172479
172478
172477
172476
172475
172474
172473
172472
172471
172470
172469
172468
172467
172466
172465
172464
172463
172462
172461
172460
172459
172458
172457
172456
172455
172454
172453
172452
172451
172450
172449
172448
172447
172446
172445
172444
172443
172442
172441
172440
172439
172438
172437
172436
172435
172434
172433
172432
172431
172430
172429
172428
172427
172426
172425
172424
172423
172422
172421
172420
172419
172418
172417
172416
172415
172414
172413
172412
172411
172410
172409
172408
172407
172406
172405
172404
172403
172402
172401
172400
172399
172398
172397
172396
172395
172394
172393
172392
172391
172390
172389
172388
172387
172386
172385
172384
172383
172382
172381
172380
172379
172378
172377
172376
172375
172374
172373
172372
172371
172370
172369
172368
172367
172366
172365
172364
172363
172362
172361
172360
172359
172358
172357
172356
172355
172354
172353
172352
172351
172350
172349
172348
172347
172346
172345
172344
172343
172342
172341
172340
172339
172338
172337
172336
172335
172334
172333
172332
172331
172330
172329
172328
172327
172326
172325
172324
172323
172322
172321
172320
172319
172318
172317
172316
172315
172314
172313
172312
172311
172310
172309
172308
172307
172306
172305
172304
172303
172302
172301
172300
172299
172298
172297
172296
172295
172294
172293
172292
172291
172290
172289
172288
172287
172286
172285
172284
172283
172282
172281
172280
172279
172278
172277
172276
172275
172274
172273
172272
172271
172270
172269
172268
172267
172266
172265
172264
172263
172262
172261
172260
172259
172258
172257
172256
172255
172254
172253
172252
172251
172250
172249
172248
172247
172246
172245
172244
172243
172242
172242
172241
172240
172239
172238
172237
172236
172235
172234
172233
172232
172231
172230
172229
172228
172227
172226
172225
172224
172223
172222
172221
172220
172219
172218
172217
172216
172215
172214
172213
172212
172211
172210
172209
172208
172207
172206
172205
172204
172203
172202
172201
172200
172199
172198
172197
172196
172195
172194
172193
172192
172191
172190
172189
172188
172187
172186
172185
172184
172183
172182
172181
172180
172179
172178
172177
172176
172175
172174
172173
172172
172171
172170
172169
172170
172169
172168
172167
172166
172165
172164
172163
172162
172161
172160
172159
172158
172157
172156
172155
172154
172153
172152
172151
172150
172149
172148
172147
172146
172145
172144
172143
172142
172141
172140
172139
172138
172137
172136
172135
172134
172133
172132
172131
172130
172129
172128
172127
172126
172125
172124
172123
172122
172121
172120
172119
172118
172117
172116
172115
172114
172113
172112
172111
172110
172109
172108
172107
172106
172105
172104
172103
172102
172101
172100
172099
172098
172097
172096
172095
172094
172093
172092
172091
172090
172089
172088
172087
172086
172085
172084
172083
172082
172081
172080
172079
172078
172077
172076
172075
172074
172073
172072
172071
172070
172069
172068
172067
172066
172065
172064
172063
172062
172061
172060
172059
172058
172057
172056
172055
172054
172053
172052
172051
172050
172049
172048
172047
172046
172045
172044
172043
172042
172041
172040
172039
172038
172037
172036
172035
172034
172033
172032
172031
172030
172029
172028
172027
172026
172025
172024
172023
172022
172021
172020
172019
172018
172017
172016
172015
172014
172013
172012
172011
172010
172009
172008
172007
172006
172005
172004
172003
172002
172001
172000
171999
171998
171997
171996
171995
171994
171993
171992
171991
171990
171989
171988
171987
171986
171985
171984
171983
171982
171981
171980
171979
171978
171977
171976
171975
171974
171973
171972
171971
171970
171969
171968
171967
171966
171965
171964
171963
171962
171961
171960
171959
171958
171957
171956
171955
171954
171953
171952
171951
171950
171949
171948
171947
171946
171945
171944
171943
171942
171941
171940
171939
171938
171937
171936
171935
171934
171933
171932
171931
171930
171929
171928
171927
171926
171925
171924
171923
171922
171921
171920
171919
171918
171917
171916
171915
171914
171913
171912
171911
171910
171909
171908
171907
171906
171905
171904
171903
171902
171901
171900
171899
171898
171897
171896
171895
171894
171893
171892
171891
171890
171889
171888
171887
171886
171885
171884
171883
171882
171881
171880
171879
171878
171877
171876
171875
171874
171873
171872
171871
171870
171869
171868
171867
171866
171865
171864
171863
171862
171861
171860
171859
171858
171857
171856
171855
171854
171853
171852
171851
171850
171849
171848
171847
171846
171845
171844
171843
171842
171841
171840
171839
171838
171837
171836
171835
171834
171833
171832
171831
171830
171829
171828
171827
171826
171825
171824
171823
171822
171821
171820
171819
171818
171817
171816
171815
171814
171813
171812
171811
171810
171809
171808
171807
171806
171805
171804
171803
171802
171801
171800
171799
171798
171797
171796
171795
171794
171793
171792
171791
171790
171789
171788
171787
171786
171785
171784
171783
171782
171781
171780
171779
171778
171777
171776
171775
171774
171773
171772
171771
171770
171769
171768
171767
171766
171765
171764
171763
171762
171761
171760
171759
171758
171757
171756
171755
171754
171753
171752
171751
171750
171749
171748
171747
171746
171745
171744
171743
171742
171741
171740
171739
171738
171737
171736
171735
171734
171733
171732
171731
171730
171729
171728
171727
171726
171725
171724
171723
171722
171721
171720
171719
171718
171717
171716
171715
171714
171713
171712
171711
171710
171709
171708
171707
171706
171705
171704
171703
171702
171701
171700
171699
171698
171697
171696
171695
171694
171693
171692
171691
171690
171689
171688
171687
171686
171685
171684
171683
171682
171681
171680
171679
171678
171677
171676
171675
171674
171673
171672
171671
171670
171669
171668
171667
171666
171665
171664
171663
171662
171661
171660
171659
171658
171657
171656
171655
171654
171653
171652
171651
171650
171649
171648
171647
171646
171645
171644
171643
171642
171641
171640
171639
171638
171637
171636
171635
171634
171633
171632
171631
171630
171629
171628
171627
171626
171625
171624
171623
171622
171621
171620
171619
171618
171617
171616
171615
171614
171613
171612
171611
171610
171609
171608
171607
171606
171605
171604
171603
171602
171601
171600
171599
171598
171597
171596
171595
171594
171593
171592
171591
171590
171589
171588
171587
171586
171585
171584
171583
171582
171581
171580
171579
171578
171577
171576
171575
171574
171573
171572
171571
171570
171569
171568
171567
171566
171565
171564
171563
171562
171561
171560
171559
171558
171557
171556
171555
171554
171553
171552
171551
171550
171549
171548
171547
171546
171545
171544
171543
171542
171541
171540
171539
171538
171537
171536
171535
171534
171533
171532
171531
171530
171529
171528
171527
171526
171525
171524
171523
171522
171521
171520
171519
171518
171517
171516
171515
171514
171513
171512
171511
171510
171509
171508
171507
171506
171505
171504
171503
171502
171501
171500
171499
171498
171497
171496
171495
171494
171493
171492
171491
171490
171489
171488
171487
171486
171485
171484
171483
171482
171481
171480
171479
171478
171477
171476
171475
171474
171473
171472
171471
171470
171469
171468
171467
171466
171465
171464
171463
171462
171461
171460
171459
171458
171457
171456
171455
171454
171453
171452
171451
171450
171449
171448
171447
171446
171445
171444
171443
171442
171441
171440
171439
171438
171437
171436
171435
171434
171433
171432
171431
171430
171429
171428
171427
171426
171425
171424
171423
171422
171421
171420
171419
171418
171417
171416
171415
171414
171413
171412
171411
171410
171409
171408
171407
171406
171405
171404
171403
171402
171401
171400
171399
171398
171397
171396
171395
171394
171393
171392
171391
171390
171389
171388
171387
171386
171385
171384
171383
171382
171381
171380
171379
171378
171377
171376
171375
171374
171373
171372
171371
171370
171369
171368
171367
171366
171365
171364
171363
171362
171361
171360
171359
171358
171357
171356
171355
171354
171353
171352
171351
171350
171349
171348
171347
171346
171345
171344
171343
171342
171341
171340
171339
171338
171337
171336
171335
171334
171333
171332
171331
171330
171329
171328
171327
171326
171325
171324
171323
171322
171321
171320
171319
171318
171317
171316
171315
171314
171313
171312
171311
171310
171309
171308
171307
171306
171305
171304
171303
171302
171301
171300
171299
171298
171297
171296
171295
171294
171293
171292
171291
171290
171289
171288
171287
171286
171285
171284
171283
171282
171281
171280
171279
171278
171277
171276
171275
171274
171273
171272
171271
171270
171269
171268
171267
171266
171265
171264
171263
171262
171261
171260
171259
171258
171257
171256
171255
171254
171253
171252
171251
171250
171249
171248
171247
171246
171245
171244
171243
171242
171241
171240
171239
171238
171238
171237
171236
171235
171234
171233
171232
171231
171230
171229
171228
171227
171226
171225
171224
171223
171222
171221
171220
171219
171218
171217
171216
171215
171214
171213
171212
171211
171210
171209
171208
171207
171206
171205
171204
171203
171202
171201
171200
171199
171198
171197
171196
171195
171194
171193
171192
171191
171190
171189
171188
171187
171186
171185
171184
171183
171182
171181
171180
171179
171178
171177
171176
171175
171174
171173
171172
171171
171170
171169
171168
171167
171166
171165
171164
171163
171162
171161
171160
171159
171158
171157
171156
171155
171154
171153
171152
171151
171150
171149
171148
171147
171146
171145
171144
171143
171142
171141
171140
171139
171138
171137
171136
171135
171134
171133
171132
171131
171130
171129
171128
171127
171126
171125
171124
171123
171122
171121
171120
171119
171118
171117
171116
171115
171114
171113
171112
171111
171110
171109
171108
171107
171106
171105
171104
171103
171102
171101
171100
171099
171098
171097
171096
171095
171094
171093
171092
171091
171090
171089
171088
171087
171086
171085
171084
171084
171083
171082
171081
171080
171079
171078
171077
171076
171075
171074
171073
171072
171071
171070
171069
171068
171067
171066
171065
171064
171063
171062
171061
171060
171059
171058
171057
171056
171055
171054
171053
171052
171051
171050
171049
171048
171047
171046
171045
171044
171043
171042
171041
171040
171039
171038
171037
171036
171035
171034
171033
171032
171031
171030
171029
171028
171027
171026
171025
171024
171023
171022
171021
171020
171019
171018
171017
171016
171015
171014
171013
171012
171011
171010
171009
171008
171007
171006
171005
171004
171003
171002
171001
171000
170999
170998
170997
170996
170995
170994
170993
170992
170991
170990
170989
170988
170987
170986
170985
170984
170983
170982
170981
170980
170979
170978
170977
170976
170975
170974
170973
170972
170971
170970
170969
170968
170967
170966
170965
170964
170963
170962
170961
170960
170959
170958
170957
170956
170955
170954
170953
170952
170951
170950
170949
170948
170947
170946
170945
170944
170943
170942
170941
170940
170939
170938
170937
170936
170935
170934
170933
170932
170931
170930
170929
170928
170927
170926
170925
170924
170923
170922
170921
170920
170919
170918
170917
170916
170915
170914
170913
170912
170911
170910
170909
170908
170907
170906
170905
170904
170903
170902
170901
170900
170899
170898
170897
170896
170895
170894
170893
170892
170891
170890
170889
170888
170887
170886
170885
170884
170883
170882
170881
170880
170879
170878
170877
170876
170875
170874
170873
170872
170871
170870
170869
170868
170867
170866
170865
170864
170863
170862
170861
170860
170859
170858
170857
170856
170855
170854
170853
170852
170851
170850
170849
170848
170847
170846
170845
170844
170843
170842
170841
170840
170839
170838
170837
170836
170835
170834
170833
170832
170831
170830
170829
170828
170827
170826
170825
170824
170823
170822
170821
170820
170819
170818
170817
170816
170815
170814
170813
170812
170811
170810
170809
170808
170807
170806
170805
170804
170803
170802
170801
170800
170799
170798
170797
170796
170795
170794
170793
170792
170791
170790
170789
170788
170787
170786
170785
170784
170783
170782
170781
170780
170779
170778
170777
170776
170775
170774
170773
170772
170771
170770
170769
170768
170768
170767
170766
170765
170764
170763
170762
170761
170760
170759
170758
170757
170756
170755
170754
170753
170752
170751
170750
170749
170748
170747
170746
170745
170744
170743
170742
170741
170740
170739
170738
170737
170736
170736
170735
170734
170733
170732
170731
170730
170729
170728
170727
170726
170725
170724
170723
170722
170721
170720
170719
170718
170717
170716
170715
170714
170713
170712
170711
170710
170709
170708
170707
170706
170705
170704
170703
170702
170701
170700
170699
170698
170697
170696
170695
170694
170693
170692
170691
170690
170689
170688
170687
170686
170685
170684
170683
170682
170681
170680
170679
170678
170677
170676
170675
170674
170673
170672
170671
170670
170669
170668
170667
170666
170665
170664
170663
170662
170661
170660
170659
170658
170657
170656
170655
170654
170653
170652
170651
170650
170649
170648
170647
170646
170645
170644
170643
170642
170641
170640
170639
170638
170637
170636
170635
170634
170633
170632
170631
170630
170629
170628
170627
170626
170625
170624
170623
170622
170621
170620
170619
170618
170617
170616
170615
170614
170613
170612
170611
170610
170609
170608
170607
170606
170605
170604
170603
170602
170601
170600
170599
170598
170597
170596
170595
170594
170593
170592
170591
170590
170589
170588
170587
170586
170585
170584
170583
170582
170581
170580
170579
170578
170577
170576
170575
170574
170573
170572
170571
170570
170569
170568
170567
170566
170565
170564
170563
170562
170561
170560
170559
170558
170557
170556
170555
170554
170553
170552
170551
170550
170549
170548
170547
170546
170545
170544
170543
170542
170541
170540
170539
170538
170537
170536
170535
170534
170533
170532
170531
170530
170529
170528
170527
170526
170525
170524
170523
170522
170521
170520
170519
170518
170517
170516
170515
170514
170513
170512
170511
170510
170509
170508
170507
170506
170505
170504
170503
170502
170501
170500
170499
170498
170497
170496
170495
170494
170493
170492
170491
170490
170489
170488
170487
170486
170485
170484
170483
170482
170481
170480
170479
170478
170477
170476
170475
170474
170473
170472
170471
170470
170469
170468
170467
170466
170465
170464
170463
170462
170461
170460
170459
170458
170457
170456
170455
170454
170453
170452
170451
170450
170449
170448
170447
170446
170445
170444
170443
170442
170441
170440
170439
170438
170437
170436
170435
170434
170433
170432
170431
170430
170429
170428
170427
170426
170425
170424
170423
170422
170421
170420
170419
170418
170417
170416
170415
170414
170413
170412
170411
170410
170409
170408
170407
170406
170405
170404
170403
170402
170401
170400
170399
170398
170397
170396
170395
170394
170393
170392
170391
170390
170389
170388
170387
170386
170385
170384
170383
170382
170381
170380
170379
170378
170377
170376
170375
170374
170373
170372
170371
170370
170369
170368
170367
170366
170365
170364
170363
170362
170361
170360
170359
170358
170357
170356
170355
170354
170353
170352
170351
170350
170349
170348
170347
170346
170345
170344
170343
170342
170341
170340
170339
170338
170337
170336
170335
170334
170333
170332
170331
170330
170329
170328
170327
170326
170325
170324
170323
170322
170321
170320
170319
170318
170317
170316
170315
170314
170313
170312
170311
170310
170309
170308
170307
170306
170305
170304
170303
170302
170301
170300
170299
170298
170297
170296
170295
170294
170293
170292
170291
170290
170289
170288
170287
170286
170285
170284
170283
170282
170281
170280
170279
170278
170277
170276
170275
170274
170273
170272
170271
170270
170269
170268
170267
170266
170265
170264
170263
170262
170261
170260
170259
170258
170257
170256
170255
170254
170253
170252
170251
170250
170249
170248
170247
170246
170245
170244
170243
170242
170241
170240
170239
170238
170237
170236
170235
170234
170233
170232
170231
170230
170229
170228
170227
170226
170225
170224
170223
170222
170221
170220
170219
170218
170217
170216
170215
170214
170213
170212
170211
170210
170209
170208
170207
170206
170205
170204
170203
170202
170201
170200
170199
170198
170197
170196
170195
170194
170193
170192
170191
170190
170189
170188
170187
170186
170185
170184
170183
170182
170181
170180
170179
170178
170177
170176
170175
170174
170173
170172
170171
170170
170169
170168
170167
170166
170165
170164
170163
170162
170161
170160
170159
170158
170157
170156
170155
170154
170153
170152
170151
170150
170149
170148
170147
170146
170145
170144
170143
170142
170141
170140
170139
170138
170137
170136
170135
170134
170133
170132
170131
170130
170129
170128
170127
170126
170125
170124
170123
170122
170121
170120
170119
170118
170117
170116
170115
170114
170113
170112
170111
170110
170109
170108
170107
170106
170105
170104
170103
170102
170101
170100
170099
170098
170097
170096
170095
170094
170093
170092
170091
170090
170089
170088
170087
170086
170085
170084
170083
170082
170081
170080
170079
170078
170077
170076
170075
170074
170073
170072
170071
170070
170069
170068
170067
170066
170065
170064
170063
170062
170061
170060
170059
170058
170057
170056
170055
170054
170053
170052
170051
170050
170049
170048
170047
170046
170045
170044
170043
170042
170041
170040
170039
170038
170037
170036
170035
170034
170033
170032
170031
170030
170029
170028
170027
170026
170025
170024
170023
170022
170021
170020
170019
170018
170017
170016
170015
170014
170013
170012
170011
170010
170009
170008
170007
170006
170005
170004
170003
170002
170001
170000
169999
169998
169997
169996
169995
169994
169993
169992
169991
169990
169989
169988
169987
169986
169985
169984
169983
169982
169981
169980
169979
169978
169977
169976
169975
169974
169973
169972
169971
169970
169969
169968
169967
169966
169965
169964
169963
169962
169961
169960
169959
169958
169957
169956
169955
169954
169953
169952
169951
169950
169949
169948
169947
169946
169945
169944
169943
169942
169941
169940
169939
169938
169937
169936
169935
169934
169933
169932
169931
169930
169929
169928
169927
169926
169925
169924
169923
169922
169921
169920
169919
169918
169918
169917
169916
169915
169914
169913
169912
169911
169910
169909
169908
169907
169906
169905
169904
169903
169902
169901
169900
169899
169898
169897
169896
169895
169894
169893
169892
169891
169890
169889
169888
169887
169886
169885
169884
169883
169882
169881
169880
169879
169878
169877
169876
169875
169874
169873
169872
169871
169870
169869
169868
169867
169866
169865
169864
169863
169862
169861
169860
169859
169858
169857
169856
169855
169854
169853
169852
169851
169850
169849
169848
169847
169846
169845
169844
169843
169842
169841
169840
169839
169838
169837
169836
169835
169834
169833
169832
169831
169830
169829
169828
169827
169826
169825
169824
169823
169822
169821
169820
169819
169818
169817
169816
169815
169814
169813
169812
169811
169810
169809
169808
169807
169806
169805
169804
169803
169802
169801
169800
169799
169798
169797
169796
169795
169794
169793
169792
169791
169790
169789
169788
169787
169786
169785
169784
169783
169782
169781
169780
169779
169778
169777
169776
169775
169774
169773
169772
169771
169770
169769
169768
169767
169766
169765
169764
169763
169762
169761
169760
169759
169758
169757
169756
169755
169754
169753
169752
169751
169750
169749
169748
169747
169746
169745
169744
169743
169742
169741
169740
169739
169738
169737
169736
169735
169734
169733
169732
169731
169730
169729
169728
169727
169726
169725
169724
169723
169722
169721
169720
169719
169718
169717
169716
169715
169714
169713
169712
169711
169710
169709
169708
169707
169706
169705
169704
169703
169702
169701
169700
169699
169698
169697
169696
169695
169694
169693
169692
169692
169691
169690
169689
169688
169687
169686
169685
169684
169683
169682
169681
169680
169679
169678
169677
169676
169675
169674
169673
169672
169671
169670
169669
169668
169667
169666
169665
169664
169663
169662
169661
169660
169659
169658
169657
169656
169655
169654
169653
169652
169651
169650
169649
169648
169647
169646
169645
169644
169643
169642
169641
169640
169639
169638
169637
169636
169635
169634
169633
169632
169631
169630
169629
169628
169627
169626
169625
169624
169623
169622
169621
169620
169619
169618
169617
169616
169615
169614
169613
169612
169611
169610
169609
169608
169607
169606
169605
169604
169603
169602
169601
169600
169599
169598
169597
169596
169595
169594
169593
169592
169591
169590
169589
169588
169587
169586
169585
169584
169583
169582
169581
169580
169579
169578
169577
169576
169575
169574
169573
169572
169571
169570
169569
169568
169567
169566
169565
169564
169563
169562
169561
169560
169559
169558
169557
169556
169555
169554
169553
169552
169551
169550
169549
169548
169547
169546
169545
169544
169543
169542
169541
169540
169539
169538
169537
169536
169535
169534
169533
169532
169531
169530
169529
169528
169527
169526
169525
169524
169523
169522
169521
169520
169519
169518
169517
169516
169515
169514
169513
169512
169511
169510
169509
169508
169507
169506
169505
169504
169503
169502
169501
169500
169499
169498
169497
169496
169495
169494
169493
169492
169491
169490
169489
169488
169487
169486
169485
169484
169483
169482
169481
169480
169479
169478
169477
169476
169475
169474
169473
169472
169471
169470
169469
169468
169467
169466
169465
169464
169463
169462
169461
169460
169459
169458
169457
169456
169455
169454
169453
169452
169451
169450
169449
169448
169447
169446
169445
169444
169443
169442
169441
169440
169439
169438
169437
169436
169435
169434
169433
169432
169431
169430
169429
169428
169427
169426
169425
169424
169423
169422
169421
169420
169419
169418
169417
169416
169415
169414
169413
169412
169411
169410
169409
169408
169407
169406
169405
169404
169403
169402
169401
169400
169399
169398
169397
169396
169395
169394
169393
169392
169391
169390
169389
169388
169387
169386
169385
169384
169383
169382
169381
169380
169379
169378
169377
169376
169375
169374
169373
169372
169371
169370
169369
169368
169367
169366
169365
169364
169363
169362
169361
169360
169359
169358
169357
169356
169355
169354
169353
169352
169351
169350
169349
169348
169347
169346
169345
169344
169343
169342
169341
169340
169339
169338
169337
169336
169335
169334
169333
169332
169331
169330
169329
169328
169327
169326
169325
169324
169323
169322
169321
169320
169319
169318
169317
169316
169315
169314
169313
169312
169311
169310
169309
169308
169307
169306
169305
169304
169303
169302
169301
169300
169299
169298
169297
169296
169295
169294
169293
169292
169291
169290
169289
169288
169287
169286
169285
169284
169283
169282
169281
169280
169279
169278
169277
169276
169275
169274
169273
169272
169271
169270
169269
169268
169267
169266
169265
169264
169263
169262
169261
169260
169259
169258
169257
169256
169255
169254
169253
169252
169251
169250
169249
169248
169247
169246
169245
169244
169243
169242
169241
169240
169239
169238
169237
169236
169235
169234
169233
169232
169231
169230
169229
169228
169227
169226
169225
169224
169225
169224
169223
169222
169221
169220
169219
169218
169217
169216
169215
169214
169213
169212
169211
169210
169209
169208
169207
169206
169205
169204
169203
169202
169201
169200
169199
169198
169197
169196
169195
169194
169193
169192
169191
169190
169189
169188
169187
169186
169185
169184
169183
169182
169181
169180
169179
169178
169177
169176
169175
169174
169173
169172
169171
169170
169169
169168
169167
169166
169165
169164
169163
169162
169161
169160
169159
169158
169157
169156
169155
169154
169153
169152
169151
169150
169149
169148
169147
169146
169145
169144
169143
169142
169141
169140
169139
169138
169137
169136
169135
169134
169133
169132
169131
169130
169129
169128
169127
169126
169125
169124
169123
169122
169121
169120
169119
169118
169117
169116
169115
169114
169113
169112
169111
169110
169109
169108
169107
169106
169105
169104
169103
169102
169101
169100
169099
169098
169097
169096
169095
169094
169093
169092
169091
169090
169089
169088
169087
169086
169085
169084
169083
169082
169081
169080
169079
169078
169077
169076
169075
169074
169073
169072
169071
169070
169069
169068
169067
169066
169065
169064
169063
169062
169061
169060
169059
169058
169057
169056
169055
169054
169053
169052
169051
169050
169049
169048
169047
169046
169045
169044
169043
169042
169041
169040
169039
169038
169037
169036
169035
169034
169033
169032
169031
169030
169029
169028
169027
169026
169025
169024
169023
169022
169021
169020
169019
169018
169017
169016
169015
169014
169013
169012
169011
169010
169009
169008
169007
169006
169005
169004
169003
169002
169001
169000
168999
168998
168997
168996
168995
168994
168993
168992
168991
168990
168989
168988
168987
168986
168985
168984
168983
168982
168981
168980
168979
168978
168977
168976
168975
168974
168973
168972
168971
168970
168969
168968
168967
168966
168965
168964
168963
168962
168961
168960
168959
168958
168957
168956
168955
168954
168953
168952
168951
168950
168949
168948
168947
168946
168945
168944
168943
168942
168941
168940
168939
168938
168937
168936
168935
168934
168933
168932
168931
168930
168929
168928
168927
168926
168925
168924
168923
168922
168921
168920
168919
168918
168917
168916
168915
168914
168913
168912
168911
168910
168909
168908
168907
168906
168905
168904
168903
168902
168901
168900
168899
168898
168897
168896
168895
168894
168893
168892
168891
168890
168889
168888
168887
168886
168885
168884
168883
168882
168881
168880
168879
168878
168877
168876
168875
168874
168873
168872
168871
168870
168869
168868
168867
168866
168865
168864
168863
168862
168861
168860
168859
168858
168857
168856
168855
168854
168853
168852
168851
168850
168849
168848
168847
168846
168845
168844
168843
168842
168841
168840
168839
168838
168837
168836
168835
168834
168833
168832
168831
168830
168829
168828
168827
168826
168825
168824
168823
168822
168821
168820
168819
168818
168817
168816
168815
168814
168813
168812
168811
168810
168809
168808
168807
168806
168805
168804
168803
168802
168801
168800
168799
168798
168797
168796
168795
168794
168793
168792
168791
168790
168789
168788
168787
168786
168785
168784
168783
168782
168781
168781
168780
168779
168778
168777
168776
168775
168774
168773
168772
168771
168770
168769
168768
168767
168766
168765
168764
168763
168762
168761
168760
168759
168758
168757
168756
168755
168754
168753
168752
168751
168750
168749
168748
168747
168746
168745
168744
168743
168742
168741
168740
168739
168738
168737
168736
168735
168734
168733
168732
168731
168730
168729
168728
168727
168726
168725
168724
168723
168722
168721
168720
168719
168718
168717
168716
168715
168714
168713
168712
168711
168710
168709
168708
168707
168706
168705
168704
168703
168702
168701
168700
168699
168698
168697
168696
168695
168694
168693
168692
168691
168690
168689
168688
168687
168686
168685
168684
168683
168682
168681
168680
168679
168678
168677
168676
168675
168674
168673
168672
168671
168670
168669
168668
168667
168666
168665
168664
168663
168662
168661
168660
168659
168658
168657
168656
168655
168654
168653
168652
168651
168650
168649
168648
168647
168646
168645
168644
168643
168642
168641
168640
168639
168638
168637
168636
168635
168634
168635
168634
168633
168632
168631
168630
168629
168628
168627
168626
168625
168624
168623
168622
168621
168620
168619
168618
168617
168616
168615
168614
168613
168612
168611
168610
168609
168608
168607
168606
168605
168604
168603
168602
168601
168600
168599
168598
168597
168596
168595
168594
168593
168592
168591
168590
168589
168588
168587
168586
168585
168584
168583
168582
168581
168580
168579
168578
168577
168576
168575
168574
168573
168572
168571
168570
168569
168568
168567
168566
168565
168564
168563
168562
168561
168560
168559
168558
168557
168557
168556
168555
168554
168553
168552
168551
168550
168549
168548
168547
168546
168545
168544
168543
168542
168541
168540
168539
168538
168537
168536
168535
168534
168533
168532
168531
168530
168529
168528
168527
168526
168525
168524
168523
168522
168521
168520
168519
168518
168517
168516
168515
168514
168513
168512
168511
168510
168509
168508
168507
168506
168505
168504
168503
168502
168501
168500
168499
168498
168497
168496
168495
168494
168493
168492
168491
168490
168489
168488
168487
168486
168485
168484
168483
168482
168481
168480
168479
168478
168477
168476
168475
168474
168473
168472
168471
168470
168469
168468
168467
168466
168465
168464
168463
168462
168461
168460
168459
168458
168457
168456
168455
168454
168453
168452
168451
168450
168449
168448
168447
168446
168445
168444
168443
168442
168441
168440
168439
168438
168437
168436
168435
168434
168433
168432
168431
168430
168429
168428
168427
168426
168425
168424
168423
168422
168421
168420
168419
168418
168417
168416
168415
168414
168413
168412
168411
168410
168409
168408
168407
168406
168405
168404
168403
168402
168401
168400
168399
168398
168397
168396
168395
168394
168393
168392
168391
168390
168389
168388
168387
168386
168385
168384
168383
168382
168381
168380
168379
168378
168377
168376
168375
168374
168373
168372
168371
168370
168369
168368
168367
168366
168365
168364
168363
168362
168361
168360
168359
168358
168357
168356
168355
168354
168353
168352
168351
168350
168349
168348
168347
168346
168345
168344
168343
168342
168341
168340
168339
168338
168337
168336
168335
168334
168333
168332
168331
168330
168329
168328
168327
168326
168325
168324
168323
168322
168321
168320
168319
168318
168317
168316
168315
168314
168313
168312
168311
168310
168309
168308
168307
168306
168305
168304
168303
168302
168301
168300
168299
168298
168297
168296
168295
168294
168293
168292
168291
168290
168289
168288
168287
168286
168285
168284
168283
168282
168281
168280
168279
168278
168277
168276
168275
168274
168273
168272
168271
168270
168269
168268
168267
168266
168265
168264
168263
168262
168261
168260
168259
168258
168257
168256
168255
168254
168253
168252
168251
168250
168249
168248
168247
168246
168245
168244
168243
168242
168241
168240
168239
168238
168237
168236
168235
168234
168233
168232
168231
168230
168229
168228
168227
168226
168225
168224
168223
168222
168221
168220
168219
168218
168217
168216
168215
168214
168213
168212
168211
168210
168209
168208
168207
168206
168205
168204
168203
168202
168201
168200
168199
168198
168197
168196
168195
168194
168193
168192
168191
168190
168189
168188
168187
168186
168185
168184
168183
168182
168181
168180
168179
168178
168177
168176
168175
168174
168173
168172
168171
168170
168169
168168
168167
168166
168165
168164
168163
168162
168161
168160
168159
168158
168157
168156
168155
168154
168153
168152
168151
168150
168149
168148
168147
168146
168145
168144
168143
168142
168141
168140
168139
168138
168137
168136
168135
168134
168133
168132
168131
168130
168129
168128
168127
168126
168125
168124
168123
168122
168121
168120
168119
168118
168117
168116
168115
168114
168113
168112
168111
168110
168109
168108
168107
168106
168105
168104
168103
168102
168101
168100
168099
168098
168097
168096
168095
168094
168093
168092
168091
168090
168089
168088
168087
168086
168085
168084
168083
168082
168081
168080
168079
168078
168077
168076
168075
168074
168073
168072
168071
168070
168069
168068
168067
168066
168065
168064
168063
168062
168061
168060
168059
168058
168057
168056
168055
168054
168053
168052
168051
168050
168049
168048
168047
168046
168045
168044
168043
168042
168041
168040
168039
168038
168037
168036
168035
168034
168033
168032
168031
168030
168029
168028
168027
168026
168025
168024
168023
168022
168021
168020
168019
168018
168017
168016
168015
168014
168013
168012
168011
168010
168009
168008
168007
168006
168005
168004
168003
168002
168001
168000
167999
167998
167997
167996
167995
167994
167993
167992
167991
167990
167989
167988
167987
167986
167985
167984
167983
167982
167981
167980
167979
167978
167977
167976
167975
167975
167974
167973
167972
167971
167970
167969
167968
167967
167966
167965
167964
167963
167962
167961
167960
167959
167958
167957
167956
167955
167954
167953
167952
167951
167950
167949
167948
167947
167946
167945
167944
167943
167942
167941
167940
167939
167938
167937
167936
167935
167934
167933
167932
167931
167930
167929
167928
167927
167926
167925
167924
167923
167922
167921
167920
167919
167919
167918
167917
167916
167915
167914
167913
167912
167911
167910
167909
167908
167907
167906
167905
167904
167903
167902
167901
167900
167899
167898
167897
167896
167895
167894
167893
167892
167891
167890
167889
167888
167887
167886
167885
167884
167883
167882
167881
167880
167879
167878
167877
167876
167875
167874
167873
167872
167871
167870
167869
167868
167867
167866
167865
167864
167863
167862
167861
167860
167859
167858
167857
167856
167855
167854
167853
167852
167851
167850
167849
167848
167847
167846
167845
167844
167843
167842
167841
167840
167839
167838
167837
167836
167835
167834
167833
167832
167831
167830
167829
167828
167827
167826
167825
167824
167823
167822
167821
167820
167819
167818
167817
167816
167815
167814
167813
167812
167811
167810
167809
167808
167807
167806
167805
167804
167803
167802
167801
167800
167799
167798
167797
167796
167795
167794
167793
167792
167791
167790
167789
167788
167787
167786
167785
167784
167783
167782
167781
167780
167779
167778
167777
167776
167775
167774
167773
167772
167771
167770
167769
167768
167767
167766
167765
167764
167763
167762
167761
167760
167759
167758
167757
167756
167755
167754
167753
167752
167751
167750
167749
167748
167747
167746
167745
167744
167743
167742
167742
167741
167740
167739
167738
167737
167736
167735
167734
167733
167732
167731
167730
167729
167728
167727
167726
167725
167724
167723
167722
167721
167720
167719
167718
167717
167716
167715
167714
167713
167712
167711
167710
167709
167708
167707
167706
167705
167704
167704
167703
167702
167701
167700
167699
167698
167697
167696
167695
167694
167693
167692
167691
167690
167689
167688
167687
167686
167685
167684
167683
167682
167681
167680
167679
167678
167677
167676
167675
167674
167673
167672
167671
167670
167669
167668
167667
167666
167665
167664
167663
167662
167661
167660
167659
167658
167657
167656
167655
167654
167653
167652
167651
167650
167649
167648
167647
167646
167645
167644
167643
167642
167641
167640
167639
167638
167637
167636
167635
167634
167633
167632
167631
167630
167629
167628
167627
167626
167625
167624
167623
167622
167621
167620
167619
167618
167617
167616
167615
167614
167613
167612
167611
167610
167609
167608
167607
167606
167605
167604
167603
167602
167601
167600
167599
167598
167597
167596
167595
167594
167593
167592
167591
167590
167589
167588
167587
167586
167585
167584
167583
167582
167581
167580
167579
167578
167577
167576
167575
167574
167573
167572
167571
167570
167569
167568
167567
167566
167565
167564
167563
167562
167561
167560
167559
167558
167557
167556
167555
167554
167553
167552
167551
167550
167549
167548
167547
167546
167545
167544
167543
167542
167541
167540
167539
167538
167537
167536
167535
167534
167533
167532
167531
167530
167529
167528
167527
167526
167525
167524
167523
167522
167521
167520
167519
167518
167517
167516
167515
167514
167513
167512
167511
167510
167509
167508
167507
167506
167505
167504
167503
167502
167501
167500
167499
167498
167497
167496
167495
167494
167493
167492
167491
167490
167489
167488
167487
167486
167485
167484
167483
167482
167481
167480
167479
167478
167477
167476
167475
167474
167473
167472
167471
167470
167469
167468
167468
167467
167466
167465
167464
167463
167462
167461
167460
167459
167458
167457
167456
167455
167454
167453
167452
167451
167450
167449
167448
167447
167446
167445
167444
167443
167442
167441
167440
167439
167438
167437
167436
167435
167434
167433
167432
167431
167430
167429
167428
167427
167426
167425
167424
167423
167422
167421
167420
167419
167418
167417
167416
167415
167414
167413
167412
167411
167410
167409
167408
167407
167406
167405
167404
167403
167402
167401
167400
167399
167398
167397
167396
167395
167394
167393
167392
167391
167390
167389
167388
167387
167386
167385
167384
167383
167382
167381
167380
167379
167380
167379
167378
167377
167376
167375
167374
167373
167372
167371
167370
167369
167368
167367
167366
167365
167364
167363
167362
167361
167360
167359
167358
167357
167356
167355
167354
167353
167352
167351
167350
167349
167348
167347
167346
167345
167344
167343
167342
167341
167340
167339
167338
167337
167336
167335
167334
167333
167332
167331
167330
167329
167328
167327
167326
167325
167324
167323
167322
167321
167320
167319
167318
167317
167316
167315
167314
167313
167312
167311
167310
167309
167308
167307
167306
167305
167304
167303
167302
167301
167300
167299
167298
167297
167296
167295
167294
167293
167292
167291
167290
167289
167288
167287
167286
167285
167284
167283
167282
167281
167280
167279
167278
167277
167276
167275
167274
167273
167272
167271
167270
167269
167268
167267
167266
167265
167264
167263
167262
167261
167260
167259
167258
167257
167256
167255
167254
167253
167252
167251
167250
167249
167248
167247
167246
167245
167244
167243
167242
167241
167240
167239
167238
167237
167236
167235
167234
167233
167232
167231
167230
167229
167228
167227
167226
167225
167224
167223
167222
167221
167220
167219
167219
167218
167217
167216
167215
167214
167213
167212
167211
167210
167209
167208
167207
167206
167205
167204
167203
167202
167201
167200
167199
167198
167197
167196
167195
167194
167194
167193
167192
167191
167190
167189
167188
167187
167186
167185
167184
167183
167182
167181
167180
167179
167178
167177
167176
167175
167174
167173
167172
167171
167170
167169
167168
167167
167166
167165
167164
167163
167162
167161
167160
167159
167158
167157
167156
167155
167154
167153
167152
167151
167150
167149
167148
167147
167146
167145
167144
167143
167142
167141
167140
167139
167138
167137
167136
167135
167134
167133
167132
167131
167130
167129
167128
167127
167126
167125
167124
167123
167122
167121
167120
167119
167118
167117
167116
167115
167114
167113
167112
167111
167110
167109
167108
167107
167106
167105
167104
167103
167102
167101
167100
167099
167098
167097
167096
167095
167094
167093
167092
167091
167090
167089
167088
167087
167086
167085
167084
167083
167082
167081
167080
167079
167078
167077
167076
167075
167074
167073
167072
167071
167070
167069
167068
167067
167066
167065
167064
167063
167062
167061
167060
167059
167058
167057
167056
167055
167054
167053
167052
167051
167050
167049
167048
167047
167046
167045
167044
167043
167042
167041
167040
167039
167038
167037
167036
167035
167034
167033
167032
167031
167030
167029
167028
167027
167026
167025
167024
167023
167022
167021
167020
167019
167018
167017
167016
167015
167014
167013
167012
167011
167010
167009
167008
167007
167006
167005
167004
167003
167002
167001
167000
166999
166998
166997
166996
166995
166994
166993
166992
166991
166990
166989
166988
166987
166986
166985
166984
166983
166982
166981
166980
166979
166978
166977
166976
166975
166974
166973
166972
166971
166970
166969
166968
166967
166966
166965
166964
166963
166962
166961
166960
166959
166958
166957
166956
166955
166954
166953
166952
166951
166950
166949
166948
166947
166946
166945
166944
166943
166942
166941
166940
166939
166938
166937
166936
166935
166934
166934
166933
166932
166931
166930
166929
166928
166927
166926
166925
166924
166923
166922
166921
166920
166919
166918
166917
166916
166915
166914
166913
166912
166911
166910
166909
166908
166907
166906
166905
166904
166903
166902
166901
166900
166899
166898
166897
166896
166895
166894
166893
166892
166891
166890
166889
166888
166887
166886
166885
166884
166883
166882
166881
166880
166879
166878
166877
166876
166875
166874
166873
166872
166871
166870
166869
166868
166867
166866
166865
166864
166863
166862
166861
166860
166859
166858
166857
166856
166855
166854
166853
166852
166851
166850
166849
166848
166847
166846
166845
166844
166843
166842
166841
166840
166839
166838
166837
166836
166835
166834
166833
166832
166831
166830
166829
166828
166827
166826
166825
166824
166823
166822
166821
166820
166819
166818
166817
166816
166815
166814
166813
166812
166811
166810
166809
166808
166807
166806
166805
166804
166803
166802
166801
166800
166799
166798
166797
166796
166795
166794
166793
166792
166791
166790
166789
166788
166787
166786
166785
166784
166783
166782
166781
166780
166779
166778
166777
166776
166775
166774
166773
166772
166771
166770
166769
166768
166767
166766
166765
166764
166763
166762
166761
166760
166759
166758
166757
166756
166755
166754
166753
166752
166751
166750
166749
166748
166747
166746
166745
166744
166743
166742
166741
166740
166739
166738
166737
166736
166735
166734
166733
166732
166731
166730
166729
166728
166727
166726
166725
166724
166723
166722
166721
166720
166719
166718
166717
166716
166715
166714
166713
166712
166711
166710
166709
166708
166707
166706
166705
166705
166704
166703
166702
166701
166700
166699
166698
166697
166696
166695
166694
166693
166692
166691
166690
166689
166688
166687
166686
166685
166684
166683
166682
166681
166680
166679
166678
166677
166676
166675
166674
166673
166672
166671
166670
166669
166668
166667
166666
166665
166664
166663
166662
166661
166660
166659
166658
166657
166656
166655
166654
166653
166652
166651
166650
166649
166648
166647
166646
166645
166644
166643
166642
166641
166641
166640
166639
166638
166637
166636
166635
166634
166633
166632
166631
166630
166629
166628
166627
166626
166625
166624
166623
166622
166621
166620
166619
166618
166617
166616
166615
166614
166613
166612
166611
166610
166609
166608
166607
166606
166605
166604
166603
166602
166601
166600
166599
166598
166597
166596
166595
166594
166593
166592
166591
166590
166589
166588
166587
166586
166585
166584
166583
166582
166581
166580
166579
166578
166577
166576
166575
166574
166573
166572
166571
166570
166569
166568
166567
166566
166565
166564
166563
166562
166561
166560
166559
166558
166557
166556
166555
166554
166553
166552
166551
166550
166549
166548
166547
166546
166545
166544
166543
166542
166541
166540
166539
166538
166537
166536
166535
166534
166533
166532
166531
166530
166529
166528
166527
166526
166525
166524
166523
166522
166521
166520
166519
166518
166517
166516
166515
166514
166513
166512
166511
166510
166509
166508
166507
166506
166505
166504
166503
166502
166501
166500
166499
166498
166497
166496
166495
166494
166493
166492
166491
166490
166489
166488
166487
166486
166485
166484
166483
166482
166481
166480
166479
166478
166477
166476
166475
166474
166473
166472
166471
166470
166469
166468
166467
166466
166465
166464
166463
166462
166461
166460
166459
166458
166457
166456
166455
166454
166453
166452
166451
166450
166449
166448
166447
166446
166445
166444
166443
166442
166441
166440
166439
166438
166437
166436
166435
166434
166433
166432
166431
166430
166429
166428
166427
166426
166425
166424
166423
166422
166421
166420
166419
166418
166417
166416
166415
166414
166413
166412
166411
166410
166409
166408
166407
166406
166405
166404
166403
166402
166401
166400
166399
166398
166397
166396
166395
166394
166393
166392
166391
166390
166389
166388
166388
166387
166386
166385
166384
166383
166382
166381
166380
166379
166378
166377
166376
166375
166374
166373
166372
166371
166370
166369
166368
166367
166366
166365
166364
166363
166362
166361
166360
166359
166358
166357
166356
166355
166354
166353
166352
166351
166350
166349
166348
166347
166346
166345
166344
166343
166342
166341
166340
166339
166338
166337
166336
166335
166334
166333
166332
166331
166330
166329
166328
166327
166326
166325
166324
166323
166322
166321
166320
166319
166318
166317
166316
166315
166314
166313
166312
166311
166310
166309
166308
166307
166306
166305
166304
166303
166302
166301
166300
166299
166298
166297
166296
166295
166294
166293
166292
166291
166290
166289
166288
166287
166286
166285
166284
166283
166282
166281
166280
166279
166278
166277
166276
166275
166274
166273
166272
166271
166270
166269
166268
166267
166266
166265
166264
166263
166262
166261
166260
166259
166258
166257
166256
166255
166254
166253
166252
166251
166250
166249
166248
166247
166246
166245
166244
166243
166242
166241
166240
166239
166238
166237
166236
166235
166236
166235
166234
166233
166232
166231
166230
166229
166228
166227
166226
166225
166224
166223
166222
166221
166220
166219
166218
166217
166216
166215
166214
166213
166212
166211
166210
166209
166208
166207
166206
166205
166204
166203
166202
166201
166200
166199
166198
166197
166196
166195
166194
166193
166192
166191
166190
166189
166188
166187
166186
166185
166184
166183
166182
166181
166180
166179
166178
166177
166176
166175
166174
166173
166172
166171
166170
166169
166168
166167
166166
166165
166164
166163
166162
166161
166160
166159
166158
166157
166156
166155
166154
166153
166152
166151
166150
166149
166148
166147
166146
166145
166144
166143
166142
166141
166140
166139
166138
166137
166136
166135
166134
166133
166132
166131
166130
166129
166128
166127
166126
166125
166124
166123
166122
166121
166120
166119
166118
166117
166116
166115
166114
166113
166112
166111
166110
166109
166108
166107
166106
166105
166104
166103
166102
166101
166100
166099
166098
166097
166096
166095
166094
166093
166092
166091
166090
166089
166088
166087
166086
166085
166084
166083
166082
166081
166080
166079
166078
166077
166076
166075
166074
166073
166072
166071
166070
166069
166068
166067
166066
166065
166064
166063
166062
166061
166060
166059
166058
166057
166056
166055
166054
166053
166052
166051
166050
166049
166048
166047
166046
166045
166044
166043
166042
166041
166040
166039
166038
166037
166036
166035
166034
166033
166032
166031
166030
166029
166028
166027
166026
166025
166024
166023
166022
166021
166020
166019
166018
166017
166016
166015
166014
166013
166012
166011
166010
166009
166008
166007
166006
166005
166004
166003
166002
166001
166000
165999
165998
165997
165996
165995
165994
165993
165992
165991
165990
165989
165988
165987
165986
165985
165984
165983
165982
165981
165980
165979
165978
165977
165976
165975
165974
165973
165972
165971
165970
165969
165968
165967
165966
165965
165964
165963
165962
165961
165960
165959
165958
165957
165956
165955
165954
165953
165952
165951
165950
165949
165948
165947
165946
165945
165944
165943
165942
165941
165940
165939
165938
165937
165936
165935
165934
165933
165932
165931
165930
165929
165928
165927
165926
165925
165924
165923
165922
165921
165920
165919
165918
165917
165916
165915
165914
165913
165912
165911
165910
165909
165908
165907
165906
165905
165904
165903
165902
165901
165900
165900
165899
165898
165897
165896
165895
165894
165893
165892
165891
165890
165889
165888
165887
165886
165885
165884
165883
165882
165881
165880
165879
165878
165877
165876
165875
165874
165873
165872
165871
165870
165869
165868
165867
165866
165865
165864
165863
165862
165861
165860
165859
165858
165857
165856
165855
165854
165853
165852
165851
165850
165849
165848
165847
165846
165845
165844
165843
165842
165841
165840
165839
165838
165837
165836
165835
165834
165833
165832
165831
165830
165829
165828
165827
165826
165825
165824
165823
165822
165821
165820
165819
165818
165817
165816
165815
165814
165813
165812
165811
165810
165809
165808
165807
165806
165805
165804
165803
165802
165801
165800
165799
165798
165797
165796
165795
165794
165793
165792
165791
165790
165789
165788
165787
165786
165785
165784
165783
165782
165781
165780
165779
165778
165777
165776
165775
165774
165773
165772
165771
165770
165769
165768
165767
165766
165765
165764
165763
165762
165761
165760
165759
165758
165757
165756
165755
165754
165753
165752
165751
165750
165749
165748
165747
165746
165745
165744
165743
165742
165741
165740
165739
165738
165737
165736
165735
165734
165733
165732
165731
165730
165729
165728
165727
165726
165725
165724
165723
165722
165721
165720
165719
165718
165717
165716
165715
165714
165713
165712
165711
165710
165709
165708
165707
165706
165705
165704
165703
165702
165702
165701
165700
165699
165698
165697
165696
165695
165694
165693
165692
165691
165690
165689
165688
165687
165686
165685
165684
165683
165682
165681
165680
165679
165678
165677
165676
165675
165674
165673
165672
165671
165670
165669
165668
165667
165666
165665
165664
165663
165662
165661
165660
165659
165658
165657
165656
165655
165654
165653
165652
165651
165650
165649
165648
165647
165646
165645
165644
165643
165642
165641
165640
165639
165638
165637
165636
165635
165634
165633
165632
165631
165630
165629
165628
165627
165626
165625
165624
165623
165622
165621
165620
165619
165618
165617
165616
165615
165614
165613
165612
165611
165610
165609
165608
165607
165606
165605
165604
165603
165602
165601
165600
165599
165598
165597
165596
165595
165594
165593
165592
165591
165590
165589
165588
165587
165586
165585
165584
165583
165582
165581
165580
165579
165578
165577
165576
165575
165574
165573
165572
165571
165570
165569
165568
165567
165566
165565
165564
165563
165562
165561
165560
165559
165558
165557
165556
165555
165554
165553
165552
165551
165550
165549
165548
165547
165546
165545
165544
165543
165542
165541
165540
165539
165538
165537
165536
165535
165534
165533
165532
165531
165530
165529
165528
165527
165526
165525
165524
165523
165522
165521
165520
165519
165518
165517
165516
165515
165514
165513
165512
165511
165510
165509
165508
165507
165506
165505
165504
165503
165502
165503
165502
165501
165500
165499
165498
165497
165496
165495
165494
165493
165492
165491
165490
165489
165488
165487
165486
165485
165484
165483
165482
165481
165480
165479
165478
165477
165476
165475
165474
165473
165472
165471
165470
165469
165468
165467
165466
165465
165464
165463
165462
165461
165460
165459
165458
165457
165456
165455
165454
165453
165452
165451
165450
165449
165448
165447
165446
165445
165444
165443
165442
165441
165440
165439
165438
165437
165436
165435
165434
165433
165432
165431
165430
165429
165428
165427
165426
165425
165424
165423
165422
165421
165420
165419
165418
165417
165416
165415
165414
165413
165412
165411
165410
165409
165408
165407
165406
165405
165404
165403
165402
165401
165400
165399
165398
165397
165396
165395
165394
165393
165392
165391
165390
165389
165388
165387
165386
165385
165384
165383
165382
165381
165380
165379
165378
165377
165376
165375
165374
165373
165372
165371
165370
165369
165368
165367
165366
165365
165364
165363
165362
165361
165360
165359
165358
165357
165356
165355
165354
165353
165352
165351
165350
165349
165348
165347
165346
165345
165344
165343
165342
165341
165340
165339
165338
165337
165336
165335
165334
165333
165332
165331
165330
165329
165328
165327
165326
165325
165324
165323
165322
165321
165320
165319
165318
165317
165316
165315
165314
165313
165312
165311
165310
165309
165308
165307
165306
165305
165304
165303
165302
165301
165300
165299
165298
165297
165296
165295
165294
165293
165292
165291
165290
165289
165288
165287
165286
165285
165284
165283
165282
165281
165280
165279
165278
165277
165276
165275
165274
165273
165272
165271
165270
165269
165268
165267
165266
165265
165264
165263
165262
165261
165260
165259
165258
165257
165256
165255
165254
165253
165252
165251
165250
165249
165248
165247
165246
165245
165244
165243
165242
165241
165240
165239
165238
165237
165236
165235
165234
165233
165232
165231
165230
165229
165228
165227
165226
165225
165224
165223
165222
165221
165220
165219
165218
165217
165216
165215
165214
165213
165212
165211
165210
165209
165208
165207
165206
165205
165204
165203
165202
165201
165200
165199
165198
165197
165196
165195
165194
165193
165192
165191
165190
165189
165188
165187
165186
165185
165184
165183
165182
165181
165180
165179
165178
165177
165176
165175
165174
165173
165172
165171
165170
165169
165168
165167
165166
165165
165164
165163
165162
165161
165160
165159
165158
165157
165156
165155
165154
165153
165152
165151
165150
165149
165148
165147
165146
165145
165144
165143
165142
165141
165140
165139
165138
165137
165136
165135
165134
165133
165132
165131
165130
165129
165128
165127
165126
165125
165124
165123
165122
165121
165120
165119
165118
165117
165116
165115
165114
165113
165112
165111
165110
165109
165108
165107
165106
165105
165104
165103
165102
165101
165100
165099
165098
165097
165096
165095
165094
165093
165092
165091
165090
165089
165088
165087
165086
165085
165084
165083
165082
165081
165080
165079
165078
165077
165076
165075
165074
165073
165072
165071
165070
165069
165068
165067
165066
165065
165064
165063
165062
165061
165060
165059
165058
165057
165056
165055
165054
165053
165052
165051
165050
165049
165048
165047
165046
165045
165044
165043
165042
165041
165040
165039
165038
165037
165036
165035
165034
165033
165032
165031
165030
165029
165028
165027
165026
165025
165024
165023
165022
165021
165020
165019
165018
165017
165016
165015
165014
165013
165012
165011
165010
165009
165008
165007
165006
165005
165004
165003
165002
165001
165000
164999
164998
164997
164996
164995
164994
164993
164992
164991
164990
164989
164988
164987
164986
164985
164984
164983
164982
164981
164980
164979
164978
164977
164976
164975
164974
164973
164972
164971
164970
164969
164968
164967
164966
164965
164964
164963
164962
164961
164960
164959
164958
164957
164956
164955
164954
164953
164952
164951
164950
164949
164948
164947
164946
164945
164944
164943
164942
164941
164940
164939
164938
164937
164936
164935
164934
164933
164932
164931
164930
164929
164928
164927
164926
164925
164924
164923
164922
164921
164920
164919
164918
164917
164916
164915
164914
164913
164912
164911
164910
164909
164908
164907
164906
164905
164904
164903
164902
164901
164900
164899
164898
164897
164896
164895
164894
164893
164892
164891
164890
164889
164888
164887
164886
164885
164884
164883
164882
164881
164880
164879
164878
164877
164876
164875
164874
164873
164872
164871
164870
164869
164868
164867
164866
164865
164864
164863
164862
164861
164860
164859
164858
164857
164856
164855
164854
164853
164852
164851
164850
164849
164848
164847
164846
164845
164844
164843
164842
164841
164840
164839
164838
164837
164836
164835
164834
164833
164832
164831
164830
164829
164828
164827
164826
164825
164824
164823
164822
164821
164820
164819
164818
164817
164816
164815
164814
164813
164812
164811
164810
164809
164808
164807
164806
164805
164804
164803
164802
164801
164800
164799
164798
164797
164796
164795
164794
164793
164792
164791
164790
164789
164788
164787
164786
164785
164784
164783
164782
164781
164780
164779
164778
164777
164776
164775
164774
164773
164772
164771
164770
164769
164768
164767
164766
164765
164764
164763
164762
164761
164760
164759
164758
164757
164756
164755
164754
164753
164752
164751
164750
164749
164748
164747
164746
164745
164744
164743
164742
164741
164740
164739
164738
164737
164736
164735
164734
164733
164732
164731
164730
164729
164728
164727
164726
164725
164724
164723
164722
164721
164720
164719
164718
164717
164716
164715
164714
164713
164712
164711
164710
164709
164708
164707
164706
164705
164704
164703
164702
164701
164700
164699
164698
164697
164696
164695
164694
164693
164692
164691
164690
164689
164688
164687
164686
164685
164684
164683
164682
164681
164680
164679
164678
164677
164676
164676
164675
164674
164673
164672
164671
164670
164669
164668
164667
164666
164665
164664
164663
164662
164661
164660
164659
164658
164657
164656
164655
164654
164653
164652
164651
164650
164649
164648
164647
164646
164645
164644
164643
164642
164641
164640
164639
164638
164637
164636
164635
164634
164633
164632
164631
164630
164629
164628
164627
164626
164625
164624
164623
164622
164621
164620
164619
164618
164617
164616
164615
164614
164613
164612
164611
164610
164609
164608
164607
164606
164605
164604
164603
164602
164601
164600
164599
164598
164597
164596
164595
164594
164593
164592
164591
164590
164589
164588
164587
164586
164585
164584
164583
164582
164581
164580
164579
164578
164577
164576
164575
164574
164573
164572
164571
164570
164569
164568
164567
164566
164565
164564
164563
164562
164561
164560
164559
164558
164557
164556
164555
164554
164553
164552
164551
164550
164549
164548
164547
164546
164545
164544
164543
164542
164541
164540
164539
164538
164537
164536
164535
164534
164533
164532
164531
164530
164529
164528
164527
164526
164525
164524
164523
164522
164521
164520
164519
164518
164517
164516
164515
164514
164513
164512
164511
164510
164509
164508
164507
164506
164505
164504
164503
164502
164501
164500
164499
164498
164497
164496
164495
164494
164493
164492
164491
164490
164489
164488
164487
164486
164485
164484
164483
164482
164481
164480
164479
164478
164477
164476
164475
164474
164473
164472
164471
164470
164469
164468
164467
164466
164465
164464
164463
164462
164461
164460
164459
164458
164457
164456
164455
164454
164453
164452
164451
164450
164449
164448
164447
164446
164445
164444
164443
164442
164441
164440
164439
164438
164437
164436
164435
164434
164433
164432
164431
164430
164429
164428
164427
164426
164425
164424
164423
164422
164421
164420
164419
164418
164417
164416
164415
164414
164413
164412
164411
164410
164409
164408
164407
164406
164405
164404
164403
164402
164401
164400
164399
164398
164397
164396
164395
164394
164393
164392
164391
164390
164389
164388
164387
164386
164385
164384
164383
164382
164381
164380
164379
164378
164377
164376
164375
164374
164373
164372
164371
164370
164369
164368
164367
164367
164366
164365
164364
164363
164362
164361
164360
164359
164358
164357
164356
164355
164354
164353
164352
164351
164350
164349
164348
164347
164346
164345
164345
164344
164343
