10000
100 100
58 35 41 56 36 14 92 51 82 77 76 38 98 4 68 27 91 57 34 43 3 96 93 72 97 30 12 20 7 19 69 8 15 84 16 85 9 22 5 1 32 63 46 29 11 59 55 47 21 89 45 60 62 10 31 6 65 78 70 54 26 18 100 52 37 50 75 64 17 73 88 33 95 39 53 28 42 13 71 86 74 83 66 87 24 23 80 99 67 25 94 44 81 61 40 49 2 79 90 48 
48 58 35 41 56 36 14 92 51 82 77 76 38 98 4 68 27 91 57 34 43 3 96 93 72 97 30 12 20 7 19 69 8 15 84 16 85 9 22 5 1 32 63 46 29 11 59 55 47 21 89 45 60 62 10 31 6 65 78 70 54 26 18 100 52 37 50 75 64 17 73 88 33 95 39 53 28 42 13 71 86 74 83 66 87 24 23 80 99 67 25 94 44 81 61 40 49 2 79 90 
90 48 58 35 41 56 36 14 92 51 82 77 76 38 98 4 68 27 91 57 34 43 3 96 93 72 97 30 12 20 7 19 69 8 15 84 16 85 9 22 5 1 32 63 46 29 11 59 55 47 21 89 45 60 62 10 31 6 65 78 70 54 26 18 100 52 37 50 75 64 17 73 88 33 95 39 53 28 42 13 71 86 74 83 66 87 24 23 80 99 67 25 94 44 81 61 40 49 2 79 
79 90 48 58 35 41 56 36 14 92 51 82 77 76 38 98 4 68 27 91 57 34 43 3 96 93 72 97 30 12 20 7 19 69 8 15 84 16 85 9 22 5 1 32 63 46 29 11 59 55 47 21 89 45 60 62 10 31 6 65 78 70 54 26 18 100 52 37 50 75 64 17 73 88 33 95 39 53 28 42 13 71 86 74 83 66 87 24 23 80 99 67 25 94 44 81 61 40 49 2 
2 79 90 48 58 35 41 56 36 14 92 51 82 77 76 38 98 4 68 27 91 57 34 43 3 96 93 72 97 30 12 20 7 19 69 8 15 84 16 85 9 22 5 1 32 63 46 29 11 59 55 47 21 89 45 60 62 10 31 6 65 78 70 54 26 18 100 52 37 50 75 64 17 73 88 33 95 39 53 28 42 13 71 86 74 83 66 87 24 23 80 99 67 25 94 44 81 61 40 49 
49 2 79 90 48 58 35 41 56 36 14 92 51 82 77 76 38 98 4 68 27 91 57 34 43 3 96 93 72 97 30 12 20 7 19 69 8 15 84 16 85 9 22 5 1 32 63 46 29 11 59 55 47 21 89 45 60 62 10 31 6 65 78 70 54 26 18 100 52 37 50 75 64 17 73 88 33 95 39 53 28 42 13 71 86 74 83 66 87 24 23 80 99 67 25 94 44 81 61 40 
40 49 2 79 90 48 58 35 41 56 36 14 92 51 82 77 76 38 98 4 68 27 91 57 34 43 3 96 93 72 97 30 12 20 7 19 69 8 15 84 16 85 9 22 5 1 32 63 46 29 11 59 55 47 21 89 45 60 62 10 31 6 65 78 70 54 26 18 100 52 37 50 75 64 17 73 88 33 95 39 53 28 42 13 71 86 74 83 66 87 24 23 80 99 67 25 94 44 81 61 
61 40 49 2 79 90 48 58 35 41 56 36 14 92 51 82 77 76 38 98 4 68 27 91 57 34 43 3 96 93 72 97 30 12 20 7 19 69 8 15 84 16 85 9 22 5 1 32 63 46 29 11 59 55 47 21 89 45 60 62 10 31 6 65 78 70 54 26 18 100 52 37 50 75 64 17 73 88 33 95 39 53 28 42 13 71 86 74 83 66 87 24 23 80 99 67 25 94 44 81 
81 61 40 49 2 79 90 48 58 35 41 56 36 14 92 51 82 77 76 38 98 4 68 27 91 57 34 43 3 96 93 72 97 30 12 20 7 19 69 8 15 84 16 85 9 22 5 1 32 63 46 29 11 59 55 47 21 89 45 60 62 10 31 6 65 78 70 54 26 18 100 52 37 50 75 64 17 73 88 33 95 39 53 28 42 13 71 86 74 83 66 87 24 23 80 99 67 25 94 44 
44 81 61 40 49 2 79 90 48 58 35 41 56 36 14 92 51 82 77 76 38 98 4 68 27 91 57 34 43 3 96 93 72 97 30 12 20 7 19 69 8 15 84 16 85 9 22 5 1 32 63 46 29 11 59 55 47 21 89 45 60 62 10 31 6 65 78 70 54 26 18 100 52 37 50 75 64 17 73 88 33 95 39 53 28 42 13 71 86 74 83 66 87 24 23 80 99 67 25 94 
94 44 81 61 40 49 2 79 90 48 58 35 41 56 36 14 92 51 82 77 76 38 98 4 68 27 91 57 34 43 3 96 93 72 97 30 12 20 7 19 69 8 15 84 16 85 9 22 5 1 32 63 46 29 11 59 55 47 21 89 45 60 62 10 31 6 65 78 70 54 26 18 100 52 37 50 75 64 17 73 88 33 95 39 53 28 42 13 71 86 74 83 66 87 24 23 80 99 67 25 
25 94 44 81 61 40 49 2 79 90 48 58 35 41 56 36 14 92 51 82 77 76 38 98 4 68 27 91 57 34 43 3 96 93 72 97 30 12 20 7 19 69 8 15 84 16 85 9 22 5 1 32 63 46 29 11 59 55 47 21 89 45 60 62 10 31 6 65 78 70 54 26 18 100 52 37 50 75 64 17 73 88 33 95 39 53 28 42 13 71 86 74 83 66 87 24 23 80 99 67 
67 25 94 44 81 61 40 49 2 79 90 48 58 35 41 56 36 14 92 51 82 77 76 38 98 4 68 27 91 57 34 43 3 96 93 72 97 30 12 20 7 19 69 8 15 84 16 85 9 22 5 1 32 63 46 29 11 59 55 47 21 89 45 60 62 10 31 6 65 78 70 54 26 18 100 52 37 50 75 64 17 73 88 33 95 39 53 28 42 13 71 86 74 83 66 87 24 23 80 99 
99 67 25 94 44 81 61 40 49 2 79 90 48 58 35 41 56 36 14 92 51 82 77 76 38 98 4 68 27 91 57 34 43 3 96 93 72 97 30 12 20 7 19 69 8 15 84 16 85 9 22 5 1 32 63 46 29 11 59 55 47 21 89 45 60 62 10 31 6 65 78 70 54 26 18 100 52 37 50 75 64 17 73 88 33 95 39 53 28 42 13 71 86 74 83 66 87 24 23 80 
80 99 67 25 94 44 81 61 40 49 2 79 90 48 58 35 41 56 36 14 92 51 82 77 76 38 98 4 68 27 91 57 34 43 3 96 93 72 97 30 12 20 7 19 69 8 15 84 16 85 9 22 5 1 32 63 46 29 11 59 55 47 21 89 45 60 62 10 31 6 65 78 70 54 26 18 100 52 37 50 75 64 17 73 88 33 95 39 53 28 42 13 71 86 74 83 66 87 24 23 
23 80 99 67 25 94 44 81 61 40 49 2 79 90 48 58 35 41 56 36 14 92 51 82 77 76 38 98 4 68 27 91 57 34 43 3 96 93 72 97 30 12 20 7 19 69 8 15 84 16 85 9 22 5 1 32 63 46 29 11 59 55 47 21 89 45 60 62 10 31 6 65 78 70 54 26 18 100 52 37 50 75 64 17 73 88 33 95 39 53 28 42 13 71 86 74 83 66 87 24 
24 23 80 99 67 25 94 44 81 61 40 49 2 79 90 48 58 35 41 56 36 14 92 51 82 77 76 38 98 4 68 27 91 57 34 43 3 96 93 72 97 30 12 20 7 19 69 8 15 84 16 85 9 22 5 1 32 63 46 29 11 59 55 47 21 89 45 60 62 10 31 6 65 78 70 54 26 18 100 52 37 50 75 64 17 73 88 33 95 39 53 28 42 13 71 86 74 83 66 87 
87 24 23 80 99 67 25 94 44 81 61 40 49 2 79 90 48 58 35 41 56 36 14 92 51 82 77 76 38 98 4 68 27 91 57 34 43 3 96 93 72 97 30 12 20 7 19 69 8 15 84 16 85 9 22 5 1 32 63 46 29 11 59 55 47 21 89 45 60 62 10 31 6 65 78 70 54 26 18 100 52 37 50 75 64 17 73 88 33 95 39 53 28 42 13 71 86 74 83 66 
66 87 24 23 80 99 67 25 94 44 81 61 40 49 2 79 90 48 58 35 41 56 36 14 92 51 82 77 76 38 98 4 68 27 91 57 34 43 3 96 93 72 97 30 12 20 7 19 69 8 15 84 16 85 9 22 5 1 32 63 46 29 11 59 55 47 21 89 45 60 62 10 31 6 65 78 70 54 26 18 100 52 37 50 75 64 17 73 88 33 95 39 53 28 42 13 71 86 74 83 
83 66 87 24 23 80 99 67 25 94 44 81 61 40 49 2 79 90 48 58 35 41 56 36 14 92 51 82 77 76 38 98 4 68 27 91 57 34 43 3 96 93 72 97 30 12 20 7 19 69 8 15 84 16 85 9 22 5 1 32 63 46 29 11 59 55 47 21 89 45 60 62 10 31 6 65 78 70 54 26 18 100 52 37 50 75 64 17 73 88 33 95 39 53 28 42 13 71 86 74 
74 83 66 87 24 23 80 99 67 25 94 44 81 61 40 49 2 79 90 48 58 35 41 56 36 14 92 51 82 77 76 38 98 4 68 27 91 57 34 43 3 96 93 72 97 30 12 20 7 19 69 8 15 84 16 85 9 22 5 1 32 63 46 29 11 59 55 47 21 89 45 60 62 10 31 6 65 78 70 54 26 18 100 52 37 50 75 64 17 73 88 33 95 39 53 28 42 13 71 86 
86 74 83 66 87 24 23 80 99 67 25 94 44 81 61 40 49 2 79 90 48 58 35 41 56 36 14 92 51 82 77 76 38 98 4 68 27 91 57 34 43 3 96 93 72 97 30 12 20 7 19 69 8 15 84 16 85 9 22 5 1 32 63 46 29 11 59 55 47 21 89 45 60 62 10 31 6 65 78 70 54 26 18 100 52 37 50 75 64 17 73 88 33 95 39 53 28 42 13 71 
71 86 74 83 66 87 24 23 80 99 67 25 94 44 81 61 40 49 2 79 90 48 58 35 41 56 36 14 92 51 82 77 76 38 98 4 68 27 91 57 34 43 3 96 93 72 97 30 12 20 7 19 69 8 15 84 16 85 9 22 5 1 32 63 46 29 11 59 55 47 21 89 45 60 62 10 31 6 65 78 70 54 26 18 100 52 37 50 75 64 17 73 88 33 95 39 53 28 42 13 
13 71 86 74 83 66 87 24 23 80 99 67 25 94 44 81 61 40 49 2 79 90 48 58 35 41 56 36 14 92 51 82 77 76 38 98 4 68 27 91 57 34 43 3 96 93 72 97 30 12 20 7 19 69 8 15 84 16 85 9 22 5 1 32 63 46 29 11 59 55 47 21 89 45 60 62 10 31 6 65 78 70 54 26 18 100 52 37 50 75 64 17 73 88 33 95 39 53 28 42 
42 13 71 86 74 83 66 87 24 23 80 99 67 25 94 44 81 61 40 49 2 79 90 48 58 35 41 56 36 14 92 51 82 77 76 38 98 4 68 27 91 57 34 43 3 96 93 72 97 30 12 20 7 19 69 8 15 84 16 85 9 22 5 1 32 63 46 29 11 59 55 47 21 89 45 60 62 10 31 6 65 78 70 54 26 18 100 52 37 50 75 64 17 73 88 33 95 39 53 28 
28 42 13 71 86 74 83 66 87 24 23 80 99 67 25 94 44 81 61 40 49 2 79 90 48 58 35 41 56 36 14 92 51 82 77 76 38 98 4 68 27 91 57 34 43 3 96 93 72 97 30 12 20 7 19 69 8 15 84 16 85 9 22 5 1 32 63 46 29 11 59 55 47 21 89 45 60 62 10 31 6 65 78 70 54 26 18 100 52 37 50 75 64 17 73 88 33 95 39 53 
53 28 42 13 71 86 74 83 66 87 24 23 80 99 67 25 94 44 81 61 40 49 2 79 90 48 58 35 41 56 36 14 92 51 82 77 76 38 98 4 68 27 91 57 34 43 3 96 93 72 97 30 12 20 7 19 69 8 15 84 16 85 9 22 5 1 32 63 46 29 11 59 55 47 21 89 45 60 62 10 31 6 65 78 70 54 26 18 100 52 37 50 75 64 17 73 88 33 95 39 
39 53 28 42 13 71 86 74 83 66 87 24 23 80 99 67 25 94 44 81 61 40 49 2 79 90 48 58 35 41 56 36 14 92 51 82 77 76 38 98 4 68 27 91 57 34 43 3 96 93 72 97 30 12 20 7 19 69 8 15 84 16 85 9 22 5 1 32 63 46 29 11 59 55 47 21 89 45 60 62 10 31 6 65 78 70 54 26 18 100 52 37 50 75 64 17 73 88 33 95 
95 39 53 28 42 13 71 86 74 83 66 87 24 23 80 99 67 25 94 44 81 61 40 49 2 79 90 48 58 35 41 56 36 14 92 51 82 77 76 38 98 4 68 27 91 57 34 43 3 96 93 72 97 30 12 20 7 19 69 8 15 84 16 85 9 22 5 1 32 63 46 29 11 59 55 47 21 89 45 60 62 10 31 6 65 78 70 54 26 18 100 52 37 50 75 64 17 73 88 33 
33 95 39 53 28 42 13 71 86 74 83 66 87 24 23 80 99 67 25 94 44 81 61 40 49 2 79 90 48 58 35 41 56 36 14 92 51 82 77 76 38 98 4 68 27 91 57 34 43 3 96 93 72 97 30 12 20 7 19 69 8 15 84 16 85 9 22 5 1 32 63 46 29 11 59 55 47 21 89 45 60 62 10 31 6 65 78 70 54 26 18 100 52 37 50 75 64 17 73 88 
88 33 95 39 53 28 42 13 71 86 74 83 66 87 24 23 80 99 67 25 94 44 81 61 40 49 2 79 90 48 58 35 41 56 36 14 92 51 82 77 76 38 98 4 68 27 91 57 34 43 3 96 93 72 97 30 12 20 7 19 69 8 15 84 16 85 9 22 5 1 32 63 46 29 11 59 55 47 21 89 45 60 62 10 31 6 65 78 70 54 26 18 100 52 37 50 75 64 17 73 
73 88 33 95 39 53 28 42 13 71 86 74 83 66 87 24 23 80 99 67 25 94 44 81 61 40 49 2 79 90 48 58 35 41 56 36 14 92 51 82 77 76 38 98 4 68 27 91 57 34 43 3 96 93 72 97 30 12 20 7 19 69 8 15 84 16 85 9 22 5 1 32 63 46 29 11 59 55 47 21 89 45 60 62 10 31 6 65 78 70 54 26 18 100 52 37 50 75 64 17 
17 73 88 33 95 39 53 28 42 13 71 86 74 83 66 87 24 23 80 99 67 25 94 44 81 61 40 49 2 79 90 48 58 35 41 56 36 14 92 51 82 77 76 38 98 4 68 27 91 57 34 43 3 96 93 72 97 30 12 20 7 19 69 8 15 84 16 85 9 22 5 1 32 63 46 29 11 59 55 47 21 89 45 60 62 10 31 6 65 78 70 54 26 18 100 52 37 50 75 64 
64 17 73 88 33 95 39 53 28 42 13 71 86 74 83 66 87 24 23 80 99 67 25 94 44 81 61 40 49 2 79 90 48 58 35 41 56 36 14 92 51 82 77 76 38 98 4 68 27 91 57 34 43 3 96 93 72 97 30 12 20 7 19 69 8 15 84 16 85 9 22 5 1 32 63 46 29 11 59 55 47 21 89 45 60 62 10 31 6 65 78 70 54 26 18 100 52 37 50 75 
75 64 17 73 88 33 95 39 53 28 42 13 71 86 74 83 66 87 24 23 80 99 67 25 94 44 81 61 40 49 2 79 90 48 58 35 41 56 36 14 92 51 82 77 76 38 98 4 68 27 91 57 34 43 3 96 93 72 97 30 12 20 7 19 69 8 15 84 16 85 9 22 5 1 32 63 46 29 11 59 55 47 21 89 45 60 62 10 31 6 65 78 70 54 26 18 100 52 37 50 
50 75 64 17 73 88 33 95 39 53 28 42 13 71 86 74 83 66 87 24 23 80 99 67 25 94 44 81 61 40 49 2 79 90 48 58 35 41 56 36 14 92 51 82 77 76 38 98 4 68 27 91 57 34 43 3 96 93 72 97 30 12 20 7 19 69 8 15 84 16 85 9 22 5 1 32 63 46 29 11 59 55 47 21 89 45 60 62 10 31 6 65 78 70 54 26 18 100 52 37 
37 50 75 64 17 73 88 33 95 39 53 28 42 13 71 86 74 83 66 87 24 23 80 99 67 25 94 44 81 61 40 49 2 79 90 48 58 35 41 56 36 14 92 51 82 77 76 38 98 4 68 27 91 57 34 43 3 96 93 72 97 30 12 20 7 19 69 8 15 84 16 85 9 22 5 1 32 63 46 29 11 59 55 47 21 89 45 60 62 10 31 6 65 78 70 54 26 18 100 52 
52 37 50 75 64 17 73 88 33 95 39 53 28 42 13 71 86 74 83 66 87 24 23 80 99 67 25 94 44 81 61 40 49 2 79 90 48 58 35 41 56 36 14 92 51 82 77 76 38 98 4 68 27 91 57 34 43 3 96 93 72 97 30 12 20 7 19 69 8 15 84 16 85 9 22 5 1 32 63 46 29 11 59 55 47 21 89 45 60 62 10 31 6 65 78 70 54 26 18 100 
100 52 37 50 75 64 17 73 88 33 95 39 53 28 42 13 71 86 74 83 66 87 24 23 80 99 67 25 94 44 81 61 40 49 2 79 90 48 58 35 41 56 36 14 92 51 82 77 76 38 98 4 68 27 91 57 34 43 3 96 93 72 97 30 12 20 7 19 69 8 15 84 16 85 9 22 5 1 32 63 46 29 11 59 55 47 21 89 45 60 62 10 31 6 65 78 70 54 26 18 
18 100 52 37 50 75 64 17 73 88 33 95 39 53 28 42 13 71 86 74 83 66 87 24 23 80 99 67 25 94 44 81 61 40 49 2 79 90 48 58 35 41 56 36 14 92 51 82 77 76 38 98 4 68 27 91 57 34 43 3 96 93 72 97 30 12 20 7 19 69 8 15 84 16 85 9 22 5 1 32 63 46 29 11 59 55 47 21 89 45 60 62 10 31 6 65 78 70 54 26 
26 18 100 52 37 50 75 64 17 73 88 33 95 39 53 28 42 13 71 86 74 83 66 87 24 23 80 99 67 25 94 44 81 61 40 49 2 79 90 48 58 35 41 56 36 14 92 51 82 77 76 38 98 4 68 27 91 57 34 43 3 96 93 72 97 30 12 20 7 19 69 8 15 84 16 85 9 22 5 1 32 63 46 29 11 59 55 47 21 89 45 60 62 10 31 6 65 78 70 54 
54 26 18 100 52 37 50 75 64 17 73 88 33 95 39 53 28 42 13 71 86 74 83 66 87 24 23 80 99 67 25 94 44 81 61 40 49 2 79 90 48 58 35 41 56 36 14 92 51 82 77 76 38 98 4 68 27 91 57 34 43 3 96 93 72 97 30 12 20 7 19 69 8 15 84 16 85 9 22 5 1 32 63 46 29 11 59 55 47 21 89 45 60 62 10 31 6 65 78 70 
70 54 26 18 100 52 37 50 75 64 17 73 88 33 95 39 53 28 42 13 71 86 74 83 66 87 24 23 80 99 67 25 94 44 81 61 40 49 2 79 90 48 58 35 41 56 36 14 92 51 82 77 76 38 98 4 68 27 91 57 34 43 3 96 93 72 97 30 12 20 7 19 69 8 15 84 16 85 9 22 5 1 32 63 46 29 11 59 55 47 21 89 45 60 62 10 31 6 65 78 
78 70 54 26 18 100 52 37 50 75 64 17 73 88 33 95 39 53 28 42 13 71 86 74 83 66 87 24 23 80 99 67 25 94 44 81 61 40 49 2 79 90 48 58 35 41 56 36 14 92 51 82 77 76 38 98 4 68 27 91 57 34 43 3 96 93 72 97 30 12 20 7 19 69 8 15 84 16 85 9 22 5 1 32 63 46 29 11 59 55 47 21 89 45 60 62 10 31 6 65 
65 78 70 54 26 18 100 52 37 50 75 64 17 73 88 33 95 39 53 28 42 13 71 86 74 83 66 87 24 23 80 99 67 25 94 44 81 61 40 49 2 79 90 48 58 35 41 56 36 14 92 51 82 77 76 38 98 4 68 27 91 57 34 43 3 96 93 72 97 30 12 20 7 19 69 8 15 84 16 85 9 22 5 1 32 63 46 29 11 59 55 47 21 89 45 60 62 10 31 6 
6 65 78 70 54 26 18 100 52 37 50 75 64 17 73 88 33 95 39 53 28 42 13 71 86 74 83 66 87 24 23 80 99 67 25 94 44 81 61 40 49 2 79 90 48 58 35 41 56 36 14 92 51 82 77 76 38 98 4 68 27 91 57 34 43 3 96 93 72 97 30 12 20 7 19 69 8 15 84 16 85 9 22 5 1 32 63 46 29 11 59 55 47 21 89 45 60 62 10 31 
31 6 65 78 70 54 26 18 100 52 37 50 75 64 17 73 88 33 95 39 53 28 42 13 71 86 74 83 66 87 24 23 80 99 67 25 94 44 81 61 40 49 2 79 90 48 58 35 41 56 36 14 92 51 82 77 76 38 98 4 68 27 91 57 34 43 3 96 93 72 97 30 12 20 7 19 69 8 15 84 16 85 9 22 5 1 32 63 46 29 11 59 55 47 21 89 45 60 62 10 
10 31 6 65 78 70 54 26 18 100 52 37 50 75 64 17 73 88 33 95 39 53 28 42 13 71 86 74 83 66 87 24 23 80 99 67 25 94 44 81 61 40 49 2 79 90 48 58 35 41 56 36 14 92 51 82 77 76 38 98 4 68 27 91 57 34 43 3 96 93 72 97 30 12 20 7 19 69 8 15 84 16 85 9 22 5 1 32 63 46 29 11 59 55 47 21 89 45 60 62 
62 10 31 6 65 78 70 54 26 18 100 52 37 50 75 64 17 73 88 33 95 39 53 28 42 13 71 86 74 83 66 87 24 23 80 99 67 25 94 44 81 61 40 49 2 79 90 48 58 35 41 56 36 14 92 51 82 77 76 38 98 4 68 27 91 57 34 43 3 96 93 72 97 30 12 20 7 19 69 8 15 84 16 85 9 22 5 1 32 63 46 29 11 59 55 47 21 89 45 60 
60 62 10 31 6 65 78 70 54 26 18 100 52 37 50 75 64 17 73 88 33 95 39 53 28 42 13 71 86 74 83 66 87 24 23 80 99 67 25 94 44 81 61 40 49 2 79 90 48 58 35 41 56 36 14 92 51 82 77 76 38 98 4 68 27 91 57 34 43 3 96 93 72 97 30 12 20 7 19 69 8 15 84 16 85 9 22 5 1 32 63 46 29 11 59 55 47 21 89 45 
45 60 62 10 31 6 65 78 70 54 26 18 100 52 37 50 75 64 17 73 88 33 95 39 53 28 42 13 71 86 74 83 66 87 24 23 80 99 67 25 94 44 81 61 40 49 2 79 90 48 58 35 41 56 36 14 92 51 82 77 76 38 98 4 68 27 91 57 34 43 3 96 93 72 97 30 12 20 7 19 69 8 15 84 16 85 9 22 5 1 32 63 46 29 11 59 55 47 21 89 
89 45 60 62 10 31 6 65 78 70 54 26 18 100 52 37 50 75 64 17 73 88 33 95 39 53 28 42 13 71 86 74 83 66 87 24 23 80 99 67 25 94 44 81 61 40 49 2 79 90 48 58 35 41 56 36 14 92 51 82 77 76 38 98 4 68 27 91 57 34 43 3 96 93 72 97 30 12 20 7 19 69 8 15 84 16 85 9 22 5 1 32 63 46 29 11 59 55 47 21 
21 89 45 60 62 10 31 6 65 78 70 54 26 18 100 52 37 50 75 64 17 73 88 33 95 39 53 28 42 13 71 86 74 83 66 87 24 23 80 99 67 25 94 44 81 61 40 49 2 79 90 48 58 35 41 56 36 14 92 51 82 77 76 38 98 4 68 27 91 57 34 43 3 96 93 72 97 30 12 20 7 19 69 8 15 84 16 85 9 22 5 1 32 63 46 29 11 59 55 47 
47 21 89 45 60 62 10 31 6 65 78 70 54 26 18 100 52 37 50 75 64 17 73 88 33 95 39 53 28 42 13 71 86 74 83 66 87 24 23 80 99 67 25 94 44 81 61 40 49 2 79 90 48 58 35 41 56 36 14 92 51 82 77 76 38 98 4 68 27 91 57 34 43 3 96 93 72 97 30 12 20 7 19 69 8 15 84 16 85 9 22 5 1 32 63 46 29 11 59 55 
55 47 21 89 45 60 62 10 31 6 65 78 70 54 26 18 100 52 37 50 75 64 17 73 88 33 95 39 53 28 42 13 71 86 74 83 66 87 24 23 80 99 67 25 94 44 81 61 40 49 2 79 90 48 58 35 41 56 36 14 92 51 82 77 76 38 98 4 68 27 91 57 34 43 3 96 93 72 97 30 12 20 7 19 69 8 15 84 16 85 9 22 5 1 32 63 46 29 11 59 
59 55 47 21 89 45 60 62 10 31 6 65 78 70 54 26 18 100 52 37 50 75 64 17 73 88 33 95 39 53 28 42 13 71 86 74 83 66 87 24 23 80 99 67 25 94 44 81 61 40 49 2 79 90 48 58 35 41 56 36 14 92 51 82 77 76 38 98 4 68 27 91 57 34 43 3 96 93 72 97 30 12 20 7 19 69 8 15 84 16 85 9 22 5 1 32 63 46 29 11 
11 59 55 47 21 89 45 60 62 10 31 6 65 78 70 54 26 18 100 52 37 50 75 64 17 73 88 33 95 39 53 28 42 13 71 86 74 83 66 87 24 23 80 99 67 25 94 44 81 61 40 49 2 79 90 48 58 35 41 56 36 14 92 51 82 77 76 38 98 4 68 27 91 57 34 43 3 96 93 72 97 30 12 20 7 19 69 8 15 84 16 85 9 22 5 1 32 63 46 29 
29 11 59 55 47 21 89 45 60 62 10 31 6 65 78 70 54 26 18 100 52 37 50 75 64 17 73 88 33 95 39 53 28 42 13 71 86 74 83 66 87 24 23 80 99 67 25 94 44 81 61 40 49 2 79 90 48 58 35 41 56 36 14 92 51 82 77 76 38 98 4 68 27 91 57 34 43 3 96 93 72 97 30 12 20 7 19 69 8 15 84 16 85 9 22 5 1 32 63 46 
46 29 11 59 55 47 21 89 45 60 62 10 31 6 65 78 70 54 26 18 100 52 37 50 75 64 17 73 88 33 95 39 53 28 42 13 71 86 74 83 66 87 24 23 80 99 67 25 94 44 81 61 40 49 2 79 90 48 58 35 41 56 36 14 92 51 82 77 76 38 98 4 68 27 91 57 34 43 3 96 93 72 97 30 12 20 7 19 69 8 15 84 16 85 9 22 5 1 32 63 
63 46 29 11 59 55 47 21 89 45 60 62 10 31 6 65 78 70 54 26 18 100 52 37 50 75 64 17 73 88 33 95 39 53 28 42 13 71 86 74 83 66 87 24 23 80 99 67 25 94 44 81 61 40 49 2 79 90 48 58 35 41 56 36 14 92 51 82 77 76 38 98 4 68 27 91 57 34 43 3 96 93 72 97 30 12 20 7 19 69 8 15 84 16 85 9 22 5 1 32 
32 63 46 29 11 59 55 47 21 89 45 60 62 10 31 6 65 78 70 54 26 18 100 52 37 50 75 64 17 73 88 33 95 39 53 28 42 13 71 86 74 83 66 87 24 23 80 99 67 25 94 44 81 61 40 49 2 79 90 48 58 35 41 56 36 14 92 51 82 77 76 38 98 4 68 27 91 57 34 43 3 96 93 72 97 30 12 20 7 19 69 8 15 84 16 85 9 22 5 1 
1 32 63 46 29 11 59 55 47 21 89 45 60 62 10 31 6 65 78 70 54 26 18 100 52 37 50 75 64 17 73 88 33 95 39 53 28 42 13 71 86 74 83 66 87 24 23 80 99 67 25 94 44 81 61 40 49 2 79 90 48 58 35 41 56 36 14 92 51 82 77 76 38 98 4 68 27 91 57 34 43 3 96 93 72 97 30 12 20 7 19 69 8 15 84 16 85 9 22 5 
5 1 32 63 46 29 11 59 55 47 21 89 45 60 62 10 31 6 65 78 70 54 26 18 100 52 37 50 75 64 17 73 88 33 95 39 53 28 42 13 71 86 74 83 66 87 24 23 80 99 67 25 94 44 81 61 40 49 2 79 90 48 58 35 41 56 36 14 92 51 82 77 76 38 98 4 68 27 91 57 34 43 3 96 93 72 97 30 12 20 7 19 69 8 15 84 16 85 9 22 
22 5 1 32 63 46 29 11 59 55 47 21 89 45 60 62 10 31 6 65 78 70 54 26 18 100 52 37 50 75 64 17 73 88 33 95 39 53 28 42 13 71 86 74 83 66 87 24 23 80 99 67 25 94 44 81 61 40 49 2 79 90 48 58 35 41 56 36 14 92 51 82 77 76 38 98 4 68 27 91 57 34 43 3 96 93 72 97 30 12 20 7 19 69 8 15 84 16 85 9 
9 22 5 1 32 63 46 29 11 59 55 47 21 89 45 60 62 10 31 6 65 78 70 54 26 18 100 52 37 50 75 64 17 73 88 33 95 39 53 28 42 13 71 86 74 83 66 87 24 23 80 99 67 25 94 44 81 61 40 49 2 79 90 48 58 35 41 56 36 14 92 51 82 77 76 38 98 4 68 27 91 57 34 43 3 96 93 72 97 30 12 20 7 19 69 8 15 84 16 85 
85 9 22 5 1 32 63 46 29 11 59 55 47 21 89 45 60 62 10 31 6 65 78 70 54 26 18 100 52 37 50 75 64 17 73 88 33 95 39 53 28 42 13 71 86 74 83 66 87 24 23 80 99 67 25 94 44 81 61 40 49 2 79 90 48 58 35 41 56 36 14 92 51 82 77 76 38 98 4 68 27 91 57 34 43 3 96 93 72 97 30 12 20 7 19 69 8 15 84 16 
16 85 9 22 5 1 32 63 46 29 11 59 55 47 21 89 45 60 62 10 31 6 65 78 70 54 26 18 100 52 37 50 75 64 17 73 88 33 95 39 53 28 42 13 71 86 74 83 66 87 24 23 80 99 67 25 94 44 81 61 40 49 2 79 90 48 58 35 41 56 36 14 92 51 82 77 76 38 98 4 68 27 91 57 34 43 3 96 93 72 97 30 12 20 7 19 69 8 15 84 
84 16 85 9 22 5 1 32 63 46 29 11 59 55 47 21 89 45 60 62 10 31 6 65 78 70 54 26 18 100 52 37 50 75 64 17 73 88 33 95 39 53 28 42 13 71 86 74 83 66 87 24 23 80 99 67 25 94 44 81 61 40 49 2 79 90 48 58 35 41 56 36 14 92 51 82 77 76 38 98 4 68 27 91 57 34 43 3 96 93 72 97 30 12 20 7 19 69 8 15 
15 84 16 85 9 22 5 1 32 63 46 29 11 59 55 47 21 89 45 60 62 10 31 6 65 78 70 54 26 18 100 52 37 50 75 64 17 73 88 33 95 39 53 28 42 13 71 86 74 83 66 87 24 23 80 99 67 25 94 44 81 61 40 49 2 79 90 48 58 35 41 56 36 14 92 51 82 77 76 38 98 4 68 27 91 57 34 43 3 96 93 72 97 30 12 20 7 19 69 8 
8 15 84 16 85 9 22 5 1 32 63 46 29 11 59 55 47 21 89 45 60 62 10 31 6 65 78 70 54 26 18 100 52 37 50 75 64 17 73 88 33 95 39 53 28 42 13 71 86 74 83 66 87 24 23 80 99 67 25 94 44 81 61 40 49 2 79 90 48 58 35 41 56 36 14 92 51 82 77 76 38 98 4 68 27 91 57 34 43 3 96 93 72 97 30 12 20 7 19 69 
69 8 15 84 16 85 9 22 5 1 32 63 46 29 11 59 55 47 21 89 45 60 62 10 31 6 65 78 70 54 26 18 100 52 37 50 75 64 17 73 88 33 95 39 53 28 42 13 71 86 74 83 66 87 24 23 80 99 67 25 94 44 81 61 40 49 2 79 90 48 58 35 41 56 36 14 92 51 82 77 76 38 98 4 68 27 91 57 34 43 3 96 93 72 97 30 12 20 7 19 
19 69 8 15 84 16 85 9 22 5 1 32 63 46 29 11 59 55 47 21 89 45 60 62 10 31 6 65 78 70 54 26 18 100 52 37 50 75 64 17 73 88 33 95 39 53 28 42 13 71 86 74 83 66 87 24 23 80 99 67 25 94 44 81 61 40 49 2 79 90 48 58 35 41 56 36 14 92 51 82 77 76 38 98 4 68 27 91 57 34 43 3 96 93 72 97 30 12 20 7 
7 19 69 8 15 84 16 85 9 22 5 1 32 63 46 29 11 59 55 47 21 89 45 60 62 10 31 6 65 78 70 54 26 18 100 52 37 50 75 64 17 73 88 33 95 39 53 28 42 13 71 86 74 83 66 87 24 23 80 99 67 25 94 44 81 61 40 49 2 79 90 48 58 35 41 56 36 14 92 51 82 77 76 38 98 4 68 27 91 57 34 43 3 96 93 72 97 30 12 20 
20 7 19 69 8 15 84 16 85 9 22 5 1 32 63 46 29 11 59 55 47 21 89 45 60 62 10 31 6 65 78 70 54 26 18 100 52 37 50 75 64 17 73 88 33 95 39 53 28 42 13 71 86 74 83 66 87 24 23 80 99 67 25 94 44 81 61 40 49 2 79 90 48 58 35 41 56 36 14 92 51 82 77 76 38 98 4 68 27 91 57 34 43 3 96 93 72 97 30 12 
12 20 7 19 69 8 15 84 16 85 9 22 5 1 32 63 46 29 11 59 55 47 21 89 45 60 62 10 31 6 65 78 70 54 26 18 100 52 37 50 75 64 17 73 88 33 95 39 53 28 42 13 71 86 74 83 66 87 24 23 80 99 67 25 94 44 81 61 40 49 2 79 90 48 58 35 41 56 36 14 92 51 82 77 76 38 98 4 68 27 91 57 34 43 3 96 93 72 97 30 
30 12 20 7 19 69 8 15 84 16 85 9 22 5 1 32 63 46 29 11 59 55 47 21 89 45 60 62 10 31 6 65 78 70 54 26 18 100 52 37 50 75 64 17 73 88 33 95 39 53 28 42 13 71 86 74 83 66 87 24 23 80 99 67 25 94 44 81 61 40 49 2 79 90 48 58 35 41 56 36 14 92 51 82 77 76 38 98 4 68 27 91 57 34 43 3 96 93 72 97 
97 30 12 20 7 19 69 8 15 84 16 85 9 22 5 1 32 63 46 29 11 59 55 47 21 89 45 60 62 10 31 6 65 78 70 54 26 18 100 52 37 50 75 64 17 73 88 33 95 39 53 28 42 13 71 86 74 83 66 87 24 23 80 99 67 25 94 44 81 61 40 49 2 79 90 48 58 35 41 56 36 14 92 51 82 77 76 38 98 4 68 27 91 57 34 43 3 96 93 72 
72 97 30 12 20 7 19 69 8 15 84 16 85 9 22 5 1 32 63 46 29 11 59 55 47 21 89 45 60 62 10 31 6 65 78 70 54 26 18 100 52 37 50 75 64 17 73 88 33 95 39 53 28 42 13 71 86 74 83 66 87 24 23 80 99 67 25 94 44 81 61 40 49 2 79 90 48 58 35 41 56 36 14 92 51 82 77 76 38 98 4 68 27 91 57 34 43 3 96 93 
93 72 97 30 12 20 7 19 69 8 15 84 16 85 9 22 5 1 32 63 46 29 11 59 55 47 21 89 45 60 62 10 31 6 65 78 70 54 26 18 100 52 37 50 75 64 17 73 88 33 95 39 53 28 42 13 71 86 74 83 66 87 24 23 80 99 67 25 94 44 81 61 40 49 2 79 90 48 58 35 41 56 36 14 92 51 82 77 76 38 98 4 68 27 91 57 34 43 3 96 
96 93 72 97 30 12 20 7 19 69 8 15 84 16 85 9 22 5 1 32 63 46 29 11 59 55 47 21 89 45 60 62 10 31 6 65 78 70 54 26 18 100 52 37 50 75 64 17 73 88 33 95 39 53 28 42 13 71 86 74 83 66 87 24 23 80 99 67 25 94 44 81 61 40 49 2 79 90 48 58 35 41 56 36 14 92 51 82 77 76 38 98 4 68 27 91 57 34 43 3 
3 96 93 72 97 30 12 20 7 19 69 8 15 84 16 85 9 22 5 1 32 63 46 29 11 59 55 47 21 89 45 60 62 10 31 6 65 78 70 54 26 18 100 52 37 50 75 64 17 73 88 33 95 39 53 28 42 13 71 86 74 83 66 87 24 23 80 99 67 25 94 44 81 61 40 49 2 79 90 48 58 35 41 56 36 14 92 51 82 77 76 38 98 4 68 27 91 57 34 43 
43 3 96 93 72 97 30 12 20 7 19 69 8 15 84 16 85 9 22 5 1 32 63 46 29 11 59 55 47 21 89 45 60 62 10 31 6 65 78 70 54 26 18 100 52 37 50 75 64 17 73 88 33 95 39 53 28 42 13 71 86 74 83 66 87 24 23 80 99 67 25 94 44 81 61 40 49 2 79 90 48 58 35 41 56 36 14 92 51 82 77 76 38 98 4 68 27 91 57 34 
34 43 3 96 93 72 97 30 12 20 7 19 69 8 15 84 16 85 9 22 5 1 32 63 46 29 11 59 55 47 21 89 45 60 62 10 31 6 65 78 70 54 26 18 100 52 37 50 75 64 17 73 88 33 95 39 53 28 42 13 71 86 74 83 66 87 24 23 80 99 67 25 94 44 81 61 40 49 2 79 90 48 58 35 41 56 36 14 92 51 82 77 76 38 98 4 68 27 91 57 
57 34 43 3 96 93 72 97 30 12 20 7 19 69 8 15 84 16 85 9 22 5 1 32 63 46 29 11 59 55 47 21 89 45 60 62 10 31 6 65 78 70 54 26 18 100 52 37 50 75 64 17 73 88 33 95 39 53 28 42 13 71 86 74 83 66 87 24 23 80 99 67 25 94 44 81 61 40 49 2 79 90 48 58 35 41 56 36 14 92 51 82 77 76 38 98 4 68 27 91 
91 57 34 43 3 96 93 72 97 30 12 20 7 19 69 8 15 84 16 85 9 22 5 1 32 63 46 29 11 59 55 47 21 89 45 60 62 10 31 6 65 78 70 54 26 18 100 52 37 50 75 64 17 73 88 33 95 39 53 28 42 13 71 86 74 83 66 87 24 23 80 99 67 25 94 44 81 61 40 49 2 79 90 48 58 35 41 56 36 14 92 51 82 77 76 38 98 4 68 27 
27 91 57 34 43 3 96 93 72 97 30 12 20 7 19 69 8 15 84 16 85 9 22 5 1 32 63 46 29 11 59 55 47 21 89 45 60 62 10 31 6 65 78 70 54 26 18 100 52 37 50 75 64 17 73 88 33 95 39 53 28 42 13 71 86 74 83 66 87 24 23 80 99 67 25 94 44 81 61 40 49 2 79 90 48 58 35 41 56 36 14 92 51 82 77 76 38 98 4 68 
68 27 91 57 34 43 3 96 93 72 97 30 12 20 7 19 69 8 15 84 16 85 9 22 5 1 32 63 46 29 11 59 55 47 21 89 45 60 62 10 31 6 65 78 70 54 26 18 100 52 37 50 75 64 17 73 88 33 95 39 53 28 42 13 71 86 74 83 66 87 24 23 80 99 67 25 94 44 81 61 40 49 2 79 90 48 58 35 41 56 36 14 92 51 82 77 76 38 98 4 
4 68 27 91 57 34 43 3 96 93 72 97 30 12 20 7 19 69 8 15 84 16 85 9 22 5 1 32 63 46 29 11 59 55 47 21 89 45 60 62 10 31 6 65 78 70 54 26 18 100 52 37 50 75 64 17 73 88 33 95 39 53 28 42 13 71 86 74 83 66 87 24 23 80 99 67 25 94 44 81 61 40 49 2 79 90 48 58 35 41 56 36 14 92 51 82 77 76 38 98 
98 4 68 27 91 57 34 43 3 96 93 72 97 30 12 20 7 19 69 8 15 84 16 85 9 22 5 1 32 63 46 29 11 59 55 47 21 89 45 60 62 10 31 6 65 78 70 54 26 18 100 52 37 50 75 64 17 73 88 33 95 39 53 28 42 13 71 86 74 83 66 87 24 23 80 99 67 25 94 44 81 61 40 49 2 79 90 48 58 35 41 56 36 14 92 51 82 77 76 38 
38 98 4 68 27 91 57 34 43 3 96 93 72 97 30 12 20 7 19 69 8 15 84 16 85 9 22 5 1 32 63 46 29 11 59 55 47 21 89 45 60 62 10 31 6 65 78 70 54 26 18 100 52 37 50 75 64 17 73 88 33 95 39 53 28 42 13 71 86 74 83 66 87 24 23 80 99 67 25 94 44 81 61 40 49 2 79 90 48 58 35 41 56 36 14 92 51 82 77 76 
76 38 98 4 68 27 91 57 34 43 3 96 93 72 97 30 12 20 7 19 69 8 15 84 16 85 9 22 5 1 32 63 46 29 11 59 55 47 21 89 45 60 62 10 31 6 65 78 70 54 26 18 100 52 37 50 75 64 17 73 88 33 95 39 53 28 42 13 71 86 74 83 66 87 24 23 80 99 67 25 94 44 81 61 40 49 2 79 90 48 58 35 41 56 36 14 92 51 82 77 
77 76 38 98 4 68 27 91 57 34 43 3 96 93 72 97 30 12 20 7 19 69 8 15 84 16 85 9 22 5 1 32 63 46 29 11 59 55 47 21 89 45 60 62 10 31 6 65 78 70 54 26 18 100 52 37 50 75 64 17 73 88 33 95 39 53 28 42 13 71 86 74 83 66 87 24 23 80 99 67 25 94 44 81 61 40 49 2 79 90 48 58 35 41 56 36 14 92 51 82 
82 77 76 38 98 4 68 27 91 57 34 43 3 96 93 72 97 30 12 20 7 19 69 8 15 84 16 85 9 22 5 1 32 63 46 29 11 59 55 47 21 89 45 60 62 10 31 6 65 78 70 54 26 18 100 52 37 50 75 64 17 73 88 33 95 39 53 28 42 13 71 86 74 83 66 87 24 23 80 99 67 25 94 44 81 61 40 49 2 79 90 48 58 35 41 56 36 14 92 51 
51 82 77 76 38 98 4 68 27 91 57 34 43 3 96 93 72 97 30 12 20 7 19 69 8 15 84 16 85 9 22 5 1 32 63 46 29 11 59 55 47 21 89 45 60 62 10 31 6 65 78 70 54 26 18 100 52 37 50 75 64 17 73 88 33 95 39 53 28 42 13 71 86 74 83 66 87 24 23 80 99 67 25 94 44 81 61 40 49 2 79 90 48 58 35 41 56 36 14 92 
92 51 82 77 76 38 98 4 68 27 91 57 34 43 3 96 93 72 97 30 12 20 7 19 69 8 15 84 16 85 9 22 5 1 32 63 46 29 11 59 55 47 21 89 45 60 62 10 31 6 65 78 70 54 26 18 100 52 37 50 75 64 17 73 88 33 95 39 53 28 42 13 71 86 74 83 66 87 24 23 80 99 67 25 94 44 81 61 40 49 2 79 90 48 58 35 41 56 36 14 
14 92 51 82 77 76 38 98 4 68 27 91 57 34 43 3 96 93 72 97 30 12 20 7 19 69 8 15 84 16 85 9 22 5 1 32 63 46 29 11 59 55 47 21 89 45 60 62 10 31 6 65 78 70 54 26 18 100 52 37 50 75 64 17 73 88 33 95 39 53 28 42 13 71 86 74 83 66 87 24 23 80 99 67 25 94 44 81 61 40 49 2 79 90 48 58 35 41 56 36 
36 14 92 51 82 77 76 38 98 4 68 27 91 57 34 43 3 96 93 72 97 30 12 20 7 19 69 8 15 84 16 85 9 22 5 1 32 63 46 29 11 59 55 47 21 89 45 60 62 10 31 6 65 78 70 54 26 18 100 52 37 50 75 64 17 73 88 33 95 39 53 28 42 13 71 86 74 83 66 87 24 23 80 99 67 25 94 44 81 61 40 49 2 79 90 48 58 35 41 56 
56 36 14 92 51 82 77 76 38 98 4 68 27 91 57 34 43 3 96 93 72 97 30 12 20 7 19 69 8 15 84 16 85 9 22 5 1 32 63 46 29 11 59 55 47 21 89 45 60 62 10 31 6 65 78 70 54 26 18 100 52 37 50 75 64 17 73 88 33 95 39 53 28 42 13 71 86 74 83 66 87 24 23 80 99 67 25 94 44 81 61 40 49 2 79 90 48 58 35 41 
41 56 36 14 92 51 82 77 76 38 98 4 68 27 91 57 34 43 3 96 93 72 97 30 12 20 7 19 69 8 15 84 16 85 9 22 5 1 32 63 46 29 11 59 55 47 21 89 45 60 62 10 31 6 65 78 70 54 26 18 100 52 37 50 75 64 17 73 88 33 95 39 53 28 42 13 71 86 74 83 66 87 24 23 80 99 67 25 94 44 81 61 40 49 2 79 90 48 58 35 
35 41 56 36 14 92 51 82 77 76 38 98 4 68 27 91 57 34 43 3 96 93 72 97 30 12 20 7 19 69 8 15 84 16 85 9 22 5 1 32 63 46 29 11 59 55 47 21 89 45 60 62 10 31 6 65 78 70 54 26 18 100 52 37 50 75 64 17 73 88 33 95 39 53 28 42 13 71 86 74 83 66 87 24 23 80 99 67 25 94 44 81 61 40 49 2 79 90 48 58 
