10000
100 100
52 90 20 17 49 55 13 63 6 75 41 9 36 96 98 64 65 29 10 50 84 24 81 16 95 59 33 85 76 78 30 4 87 82 74 34 77 99 69 3 42 26 44 40 61 45 7 38 73 71 48 15 100 35 23 47 68 91 83 70 88 37 1 58 28 39 19 79 62 66 57 2 31 25 21 54 5 27 93 51 56 11 60 94 18 86 46 32 72 92 14 67 43 22 89 53 97 12 80 8 
8 52 90 20 17 49 55 13 63 6 75 41 9 36 96 98 64 65 29 10 50 84 24 81 16 95 59 33 85 76 78 30 4 87 82 74 34 77 99 69 3 42 26 44 40 61 45 7 38 73 71 48 15 100 35 23 47 68 91 83 70 88 37 1 58 28 39 19 79 62 66 57 2 31 25 21 54 5 27 93 51 56 11 60 94 18 86 46 32 72 92 14 67 43 22 89 53 97 12 80 
80 8 52 90 20 17 49 55 13 63 6 75 41 9 36 96 98 64 65 29 10 50 84 24 81 16 95 59 33 85 76 78 30 4 87 82 74 34 77 99 69 3 42 26 44 40 61 45 7 38 73 71 48 15 100 35 23 47 68 91 83 70 88 37 1 58 28 39 19 79 62 66 57 2 31 25 21 54 5 27 93 51 56 11 60 94 18 86 46 32 72 92 14 67 43 22 89 53 97 12 
12 80 8 52 90 20 17 49 55 13 63 6 75 41 9 36 96 98 64 65 29 10 50 84 24 81 16 95 59 33 85 76 78 30 4 87 82 74 34 77 99 69 3 42 26 44 40 61 45 7 38 73 71 48 15 100 35 23 47 68 91 83 70 88 37 1 58 28 39 19 79 62 66 57 2 31 25 21 54 5 27 93 51 56 11 60 94 18 86 46 32 72 92 14 67 43 22 89 53 97 
97 12 80 8 52 90 20 17 49 55 13 63 6 75 41 9 36 96 98 64 65 29 10 50 84 24 81 16 95 59 33 85 76 78 30 4 87 82 74 34 77 99 69 3 42 26 44 40 61 45 7 38 73 71 48 15 100 35 23 47 68 91 83 70 88 37 1 58 28 39 19 79 62 66 57 2 31 25 21 54 5 27 93 51 56 11 60 94 18 86 46 32 72 92 14 67 43 22 89 53 
53 97 12 80 8 52 90 20 17 49 55 13 63 6 75 41 9 36 96 98 64 65 29 10 50 84 24 81 16 95 59 33 85 76 78 30 4 87 82 74 34 77 99 69 3 42 26 44 40 61 45 7 38 73 71 48 15 100 35 23 47 68 91 83 70 88 37 1 58 28 39 19 79 62 66 57 2 31 25 21 54 5 27 93 51 56 11 60 94 18 86 46 32 72 92 14 67 43 22 89 
89 53 97 12 80 8 52 90 20 17 49 55 13 63 6 75 41 9 36 96 98 64 65 29 10 50 84 24 81 16 95 59 33 85 76 78 30 4 87 82 74 34 77 99 69 3 42 26 44 40 61 45 7 38 73 71 48 15 100 35 23 47 68 91 83 70 88 37 1 58 28 39 19 79 62 66 57 2 31 25 21 54 5 27 93 51 56 11 60 94 18 86 46 32 72 92 14 67 43 22 
22 89 53 97 12 80 8 52 90 20 17 49 55 13 63 6 75 41 9 36 96 98 64 65 29 10 50 84 24 81 16 95 59 33 85 76 78 30 4 87 82 74 34 77 99 69 3 42 26 44 40 61 45 7 38 73 71 48 15 100 35 23 47 68 91 83 70 88 37 1 58 28 39 19 79 62 66 57 2 31 25 21 54 5 27 93 51 56 11 60 94 18 86 46 32 72 92 14 67 43 
43 22 89 53 97 12 80 8 52 90 20 17 49 55 13 63 6 75 41 9 36 96 98 64 65 29 10 50 84 24 81 16 95 59 33 85 76 78 30 4 87 82 74 34 77 99 69 3 42 26 44 40 61 45 7 38 73 71 48 15 100 35 23 47 68 91 83 70 88 37 1 58 28 39 19 79 62 66 57 2 31 25 21 54 5 27 93 51 56 11 60 94 18 86 46 32 72 92 14 67 
67 43 22 89 53 97 12 80 8 52 90 20 17 49 55 13 63 6 75 41 9 36 96 98 64 65 29 10 50 84 24 81 16 95 59 33 85 76 78 30 4 87 82 74 34 77 99 69 3 42 26 44 40 61 45 7 38 73 71 48 15 100 35 23 47 68 91 83 70 88 37 1 58 28 39 19 79 62 66 57 2 31 25 21 54 5 27 93 51 56 11 60 94 18 86 46 32 72 92 14 
14 67 43 22 89 53 97 12 80 8 52 90 20 17 49 55 13 63 6 75 41 9 36 96 98 64 65 29 10 50 84 24 81 16 95 59 33 85 76 78 30 4 87 82 74 34 77 99 69 3 42 26 44 40 61 45 7 38 73 71 48 15 100 35 23 47 68 91 83 70 88 37 1 58 28 39 19 79 62 66 57 2 31 25 21 54 5 27 93 51 56 11 60 94 18 86 46 32 72 92 
92 14 67 43 22 89 53 97 12 80 8 52 90 20 17 49 55 13 63 6 75 41 9 36 96 98 64 65 29 10 50 84 24 81 16 95 59 33 85 76 78 30 4 87 82 74 34 77 99 69 3 42 26 44 40 61 45 7 38 73 71 48 15 100 35 23 47 68 91 83 70 88 37 1 58 28 39 19 79 62 66 57 2 31 25 21 54 5 27 93 51 56 11 60 94 18 86 46 32 72 
72 92 14 67 43 22 89 53 97 12 80 8 52 90 20 17 49 55 13 63 6 75 41 9 36 96 98 64 65 29 10 50 84 24 81 16 95 59 33 85 76 78 30 4 87 82 74 34 77 99 69 3 42 26 44 40 61 45 7 38 73 71 48 15 100 35 23 47 68 91 83 70 88 37 1 58 28 39 19 79 62 66 57 2 31 25 21 54 5 27 93 51 56 11 60 94 18 86 46 32 
32 72 92 14 67 43 22 89 53 97 12 80 8 52 90 20 17 49 55 13 63 6 75 41 9 36 96 98 64 65 29 10 50 84 24 81 16 95 59 33 85 76 78 30 4 87 82 74 34 77 99 69 3 42 26 44 40 61 45 7 38 73 71 48 15 100 35 23 47 68 91 83 70 88 37 1 58 28 39 19 79 62 66 57 2 31 25 21 54 5 27 93 51 56 11 60 94 18 86 46 
46 32 72 92 14 67 43 22 89 53 97 12 80 8 52 90 20 17 49 55 13 63 6 75 41 9 36 96 98 64 65 29 10 50 84 24 81 16 95 59 33 85 76 78 30 4 87 82 74 34 77 99 69 3 42 26 44 40 61 45 7 38 73 71 48 15 100 35 23 47 68 91 83 70 88 37 1 58 28 39 19 79 62 66 57 2 31 25 21 54 5 27 93 51 56 11 60 94 18 86 
86 46 32 72 92 14 67 43 22 89 53 97 12 80 8 52 90 20 17 49 55 13 63 6 75 41 9 36 96 98 64 65 29 10 50 84 24 81 16 95 59 33 85 76 78 30 4 87 82 74 34 77 99 69 3 42 26 44 40 61 45 7 38 73 71 48 15 100 35 23 47 68 91 83 70 88 37 1 58 28 39 19 79 62 66 57 2 31 25 21 54 5 27 93 51 56 11 60 94 18 
18 86 46 32 72 92 14 67 43 22 89 53 97 12 80 8 52 90 20 17 49 55 13 63 6 75 41 9 36 96 98 64 65 29 10 50 84 24 81 16 95 59 33 85 76 78 30 4 87 82 74 34 77 99 69 3 42 26 44 40 61 45 7 38 73 71 48 15 100 35 23 47 68 91 83 70 88 37 1 58 28 39 19 79 62 66 57 2 31 25 21 54 5 27 93 51 56 11 60 94 
94 18 86 46 32 72 92 14 67 43 22 89 53 97 12 80 8 52 90 20 17 49 55 13 63 6 75 41 9 36 96 98 64 65 29 10 50 84 24 81 16 95 59 33 85 76 78 30 4 87 82 74 34 77 99 69 3 42 26 44 40 61 45 7 38 73 71 48 15 100 35 23 47 68 91 83 70 88 37 1 58 28 39 19 79 62 66 57 2 31 25 21 54 5 27 93 51 56 11 60 
60 94 18 86 46 32 72 92 14 67 43 22 89 53 97 12 80 8 52 90 20 17 49 55 13 63 6 75 41 9 36 96 98 64 65 29 10 50 84 24 81 16 95 59 33 85 76 78 30 4 87 82 74 34 77 99 69 3 42 26 44 40 61 45 7 38 73 71 48 15 100 35 23 47 68 91 83 70 88 37 1 58 28 39 19 79 62 66 57 2 31 25 21 54 5 27 93 51 56 11 
11 60 94 18 86 46 32 72 92 14 67 43 22 89 53 97 12 80 8 52 90 20 17 49 55 13 63 6 75 41 9 36 96 98 64 65 29 10 50 84 24 81 16 95 59 33 85 76 78 30 4 87 82 74 34 77 99 69 3 42 26 44 40 61 45 7 38 73 71 48 15 100 35 23 47 68 91 83 70 88 37 1 58 28 39 19 79 62 66 57 2 31 25 21 54 5 27 93 51 56 
56 11 60 94 18 86 46 32 72 92 14 67 43 22 89 53 97 12 80 8 52 90 20 17 49 55 13 63 6 75 41 9 36 96 98 64 65 29 10 50 84 24 81 16 95 59 33 85 76 78 30 4 87 82 74 34 77 99 69 3 42 26 44 40 61 45 7 38 73 71 48 15 100 35 23 47 68 91 83 70 88 37 1 58 28 39 19 79 62 66 57 2 31 25 21 54 5 27 93 51 
51 56 11 60 94 18 86 46 32 72 92 14 67 43 22 89 53 97 12 80 8 52 90 20 17 49 55 13 63 6 75 41 9 36 96 98 64 65 29 10 50 84 24 81 16 95 59 33 85 76 78 30 4 87 82 74 34 77 99 69 3 42 26 44 40 61 45 7 38 73 71 48 15 100 35 23 47 68 91 83 70 88 37 1 58 28 39 19 79 62 66 57 2 31 25 21 54 5 27 93 
93 51 56 11 60 94 18 86 46 32 72 92 14 67 43 22 89 53 97 12 80 8 52 90 20 17 49 55 13 63 6 75 41 9 36 96 98 64 65 29 10 50 84 24 81 16 95 59 33 85 76 78 30 4 87 82 74 34 77 99 69 3 42 26 44 40 61 45 7 38 73 71 48 15 100 35 23 47 68 91 83 70 88 37 1 58 28 39 19 79 62 66 57 2 31 25 21 54 5 27 
27 93 51 56 11 60 94 18 86 46 32 72 92 14 67 43 22 89 53 97 12 80 8 52 90 20 17 49 55 13 63 6 75 41 9 36 96 98 64 65 29 10 50 84 24 81 16 95 59 33 85 76 78 30 4 87 82 74 34 77 99 69 3 42 26 44 40 61 45 7 38 73 71 48 15 100 35 23 47 68 91 83 70 88 37 1 58 28 39 19 79 62 66 57 2 31 25 21 54 5 
5 27 93 51 56 11 60 94 18 86 46 32 72 92 14 67 43 22 89 53 97 12 80 8 52 90 20 17 49 55 13 63 6 75 41 9 36 96 98 64 65 29 10 50 84 24 81 16 95 59 33 85 76 78 30 4 87 82 74 34 77 99 69 3 42 26 44 40 61 45 7 38 73 71 48 15 100 35 23 47 68 91 83 70 88 37 1 58 28 39 19 79 62 66 57 2 31 25 21 54 
54 5 27 93 51 56 11 60 94 18 86 46 32 72 92 14 67 43 22 89 53 97 12 80 8 52 90 20 17 49 55 13 63 6 75 41 9 36 96 98 64 65 29 10 50 84 24 81 16 95 59 33 85 76 78 30 4 87 82 74 34 77 99 69 3 42 26 44 40 61 45 7 38 73 71 48 15 100 35 23 47 68 91 83 70 88 37 1 58 28 39 19 79 62 66 57 2 31 25 21 
21 54 5 27 93 51 56 11 60 94 18 86 46 32 72 92 14 67 43 22 89 53 97 12 80 8 52 90 20 17 49 55 13 63 6 75 41 9 36 96 98 64 65 29 10 50 84 24 81 16 95 59 33 85 76 78 30 4 87 82 74 34 77 99 69 3 42 26 44 40 61 45 7 38 73 71 48 15 100 35 23 47 68 91 83 70 88 37 1 58 28 39 19 79 62 66 57 2 31 25 
25 21 54 5 27 93 51 56 11 60 94 18 86 46 32 72 92 14 67 43 22 89 53 97 12 80 8 52 90 20 17 49 55 13 63 6 75 41 9 36 96 98 64 65 29 10 50 84 24 81 16 95 59 33 85 76 78 30 4 87 82 74 34 77 99 69 3 42 26 44 40 61 45 7 38 73 71 48 15 100 35 23 47 68 91 83 70 88 37 1 58 28 39 19 79 62 66 57 2 31 
31 25 21 54 5 27 93 51 56 11 60 94 18 86 46 32 72 92 14 67 43 22 89 53 97 12 80 8 52 90 20 17 49 55 13 63 6 75 41 9 36 96 98 64 65 29 10 50 84 24 81 16 95 59 33 85 76 78 30 4 87 82 74 34 77 99 69 3 42 26 44 40 61 45 7 38 73 71 48 15 100 35 23 47 68 91 83 70 88 37 1 58 28 39 19 79 62 66 57 2 
2 31 25 21 54 5 27 93 51 56 11 60 94 18 86 46 32 72 92 14 67 43 22 89 53 97 12 80 8 52 90 20 17 49 55 13 63 6 75 41 9 36 96 98 64 65 29 10 50 84 24 81 16 95 59 33 85 76 78 30 4 87 82 74 34 77 99 69 3 42 26 44 40 61 45 7 38 73 71 48 15 100 35 23 47 68 91 83 70 88 37 1 58 28 39 19 79 62 66 57 
57 2 31 25 21 54 5 27 93 51 56 11 60 94 18 86 46 32 72 92 14 67 43 22 89 53 97 12 80 8 52 90 20 17 49 55 13 63 6 75 41 9 36 96 98 64 65 29 10 50 84 24 81 16 95 59 33 85 76 78 30 4 87 82 74 34 77 99 69 3 42 26 44 40 61 45 7 38 73 71 48 15 100 35 23 47 68 91 83 70 88 37 1 58 28 39 19 79 62 66 
66 57 2 31 25 21 54 5 27 93 51 56 11 60 94 18 86 46 32 72 92 14 67 43 22 89 53 97 12 80 8 52 90 20 17 49 55 13 63 6 75 41 9 36 96 98 64 65 29 10 50 84 24 81 16 95 59 33 85 76 78 30 4 87 82 74 34 77 99 69 3 42 26 44 40 61 45 7 38 73 71 48 15 100 35 23 47 68 91 83 70 88 37 1 58 28 39 19 79 62 
62 66 57 2 31 25 21 54 5 27 93 51 56 11 60 94 18 86 46 32 72 92 14 67 43 22 89 53 97 12 80 8 52 90 20 17 49 55 13 63 6 75 41 9 36 96 98 64 65 29 10 50 84 24 81 16 95 59 33 85 76 78 30 4 87 82 74 34 77 99 69 3 42 26 44 40 61 45 7 38 73 71 48 15 100 35 23 47 68 91 83 70 88 37 1 58 28 39 19 79 
79 62 66 57 2 31 25 21 54 5 27 93 51 56 11 60 94 18 86 46 32 72 92 14 67 43 22 89 53 97 12 80 8 52 90 20 17 49 55 13 63 6 75 41 9 36 96 98 64 65 29 10 50 84 24 81 16 95 59 33 85 76 78 30 4 87 82 74 34 77 99 69 3 42 26 44 40 61 45 7 38 73 71 48 15 100 35 23 47 68 91 83 70 88 37 1 58 28 39 19 
19 79 62 66 57 2 31 25 21 54 5 27 93 51 56 11 60 94 18 86 46 32 72 92 14 67 43 22 89 53 97 12 80 8 52 90 20 17 49 55 13 63 6 75 41 9 36 96 98 64 65 29 10 50 84 24 81 16 95 59 33 85 76 78 30 4 87 82 74 34 77 99 69 3 42 26 44 40 61 45 7 38 73 71 48 15 100 35 23 47 68 91 83 70 88 37 1 58 28 39 
39 19 79 62 66 57 2 31 25 21 54 5 27 93 51 56 11 60 94 18 86 46 32 72 92 14 67 43 22 89 53 97 12 80 8 52 90 20 17 49 55 13 63 6 75 41 9 36 96 98 64 65 29 10 50 84 24 81 16 95 59 33 85 76 78 30 4 87 82 74 34 77 99 69 3 42 26 44 40 61 45 7 38 73 71 48 15 100 35 23 47 68 91 83 70 88 37 1 58 28 
28 39 19 79 62 66 57 2 31 25 21 54 5 27 93 51 56 11 60 94 18 86 46 32 72 92 14 67 43 22 89 53 97 12 80 8 52 90 20 17 49 55 13 63 6 75 41 9 36 96 98 64 65 29 10 50 84 24 81 16 95 59 33 85 76 78 30 4 87 82 74 34 77 99 69 3 42 26 44 40 61 45 7 38 73 71 48 15 100 35 23 47 68 91 83 70 88 37 1 58 
58 28 39 19 79 62 66 57 2 31 25 21 54 5 27 93 51 56 11 60 94 18 86 46 32 72 92 14 67 43 22 89 53 97 12 80 8 52 90 20 17 49 55 13 63 6 75 41 9 36 96 98 64 65 29 10 50 84 24 81 16 95 59 33 85 76 78 30 4 87 82 74 34 77 99 69 3 42 26 44 40 61 45 7 38 73 71 48 15 100 35 23 47 68 91 83 70 88 37 1 
1 58 28 39 19 79 62 66 57 2 31 25 21 54 5 27 93 51 56 11 60 94 18 86 46 32 72 92 14 67 43 22 89 53 97 12 80 8 52 90 20 17 49 55 13 63 6 75 41 9 36 96 98 64 65 29 10 50 84 24 81 16 95 59 33 85 76 78 30 4 87 82 74 34 77 99 69 3 42 26 44 40 61 45 7 38 73 71 48 15 100 35 23 47 68 91 83 70 88 37 
37 1 58 28 39 19 79 62 66 57 2 31 25 21 54 5 27 93 51 56 11 60 94 18 86 46 32 72 92 14 67 43 22 89 53 97 12 80 8 52 90 20 17 49 55 13 63 6 75 41 9 36 96 98 64 65 29 10 50 84 24 81 16 95 59 33 85 76 78 30 4 87 82 74 34 77 99 69 3 42 26 44 40 61 45 7 38 73 71 48 15 100 35 23 47 68 91 83 70 88 
88 37 1 58 28 39 19 79 62 66 57 2 31 25 21 54 5 27 93 51 56 11 60 94 18 86 46 32 72 92 14 67 43 22 89 53 97 12 80 8 52 90 20 17 49 55 13 63 6 75 41 9 36 96 98 64 65 29 10 50 84 24 81 16 95 59 33 85 76 78 30 4 87 82 74 34 77 99 69 3 42 26 44 40 61 45 7 38 73 71 48 15 100 35 23 47 68 91 83 70 
70 88 37 1 58 28 39 19 79 62 66 57 2 31 25 21 54 5 27 93 51 56 11 60 94 18 86 46 32 72 92 14 67 43 22 89 53 97 12 80 8 52 90 20 17 49 55 13 63 6 75 41 9 36 96 98 64 65 29 10 50 84 24 81 16 95 59 33 85 76 78 30 4 87 82 74 34 77 99 69 3 42 26 44 40 61 45 7 38 73 71 48 15 100 35 23 47 68 91 83 
83 70 88 37 1 58 28 39 19 79 62 66 57 2 31 25 21 54 5 27 93 51 56 11 60 94 18 86 46 32 72 92 14 67 43 22 89 53 97 12 80 8 52 90 20 17 49 55 13 63 6 75 41 9 36 96 98 64 65 29 10 50 84 24 81 16 95 59 33 85 76 78 30 4 87 82 74 34 77 99 69 3 42 26 44 40 61 45 7 38 73 71 48 15 100 35 23 47 68 91 
91 83 70 88 37 1 58 28 39 19 79 62 66 57 2 31 25 21 54 5 27 93 51 56 11 60 94 18 86 46 32 72 92 14 67 43 22 89 53 97 12 80 8 52 90 20 17 49 55 13 63 6 75 41 9 36 96 98 64 65 29 10 50 84 24 81 16 95 59 33 85 76 78 30 4 87 82 74 34 77 99 69 3 42 26 44 40 61 45 7 38 73 71 48 15 100 35 23 47 68 
68 91 83 70 88 37 1 58 28 39 19 79 62 66 57 2 31 25 21 54 5 27 93 51 56 11 60 94 18 86 46 32 72 92 14 67 43 22 89 53 97 12 80 8 52 90 20 17 49 55 13 63 6 75 41 9 36 96 98 64 65 29 10 50 84 24 81 16 95 59 33 85 76 78 30 4 87 82 74 34 77 99 69 3 42 26 44 40 61 45 7 38 73 71 48 15 100 35 23 47 
47 68 91 83 70 88 37 1 58 28 39 19 79 62 66 57 2 31 25 21 54 5 27 93 51 56 11 60 94 18 86 46 32 72 92 14 67 43 22 89 53 97 12 80 8 52 90 20 17 49 55 13 63 6 75 41 9 36 96 98 64 65 29 10 50 84 24 81 16 95 59 33 85 76 78 30 4 87 82 74 34 77 99 69 3 42 26 44 40 61 45 7 38 73 71 48 15 100 35 23 
23 47 68 91 83 70 88 37 1 58 28 39 19 79 62 66 57 2 31 25 21 54 5 27 93 51 56 11 60 94 18 86 46 32 72 92 14 67 43 22 89 53 97 12 80 8 52 90 20 17 49 55 13 63 6 75 41 9 36 96 98 64 65 29 10 50 84 24 81 16 95 59 33 85 76 78 30 4 87 82 74 34 77 99 69 3 42 26 44 40 61 45 7 38 73 71 48 15 100 35 
35 23 47 68 91 83 70 88 37 1 58 28 39 19 79 62 66 57 2 31 25 21 54 5 27 93 51 56 11 60 94 18 86 46 32 72 92 14 67 43 22 89 53 97 12 80 8 52 90 20 17 49 55 13 63 6 75 41 9 36 96 98 64 65 29 10 50 84 24 81 16 95 59 33 85 76 78 30 4 87 82 74 34 77 99 69 3 42 26 44 40 61 45 7 38 73 71 48 15 100 
100 35 23 47 68 91 83 70 88 37 1 58 28 39 19 79 62 66 57 2 31 25 21 54 5 27 93 51 56 11 60 94 18 86 46 32 72 92 14 67 43 22 89 53 97 12 80 8 52 90 20 17 49 55 13 63 6 75 41 9 36 96 98 64 65 29 10 50 84 24 81 16 95 59 33 85 76 78 30 4 87 82 74 34 77 99 69 3 42 26 44 40 61 45 7 38 73 71 48 15 
15 100 35 23 47 68 91 83 70 88 37 1 58 28 39 19 79 62 66 57 2 31 25 21 54 5 27 93 51 56 11 60 94 18 86 46 32 72 92 14 67 43 22 89 53 97 12 80 8 52 90 20 17 49 55 13 63 6 75 41 9 36 96 98 64 65 29 10 50 84 24 81 16 95 59 33 85 76 78 30 4 87 82 74 34 77 99 69 3 42 26 44 40 61 45 7 38 73 71 48 
48 15 100 35 23 47 68 91 83 70 88 37 1 58 28 39 19 79 62 66 57 2 31 25 21 54 5 27 93 51 56 11 60 94 18 86 46 32 72 92 14 67 43 22 89 53 97 12 80 8 52 90 20 17 49 55 13 63 6 75 41 9 36 96 98 64 65 29 10 50 84 24 81 16 95 59 33 85 76 78 30 4 87 82 74 34 77 99 69 3 42 26 44 40 61 45 7 38 73 71 
71 48 15 100 35 23 47 68 91 83 70 88 37 1 58 28 39 19 79 62 66 57 2 31 25 21 54 5 27 93 51 56 11 60 94 18 86 46 32 72 92 14 67 43 22 89 53 97 12 80 8 52 90 20 17 49 55 13 63 6 75 41 9 36 96 98 64 65 29 10 50 84 24 81 16 95 59 33 85 76 78 30 4 87 82 74 34 77 99 69 3 42 26 44 40 61 45 7 38 73 
73 71 48 15 100 35 23 47 68 91 83 70 88 37 1 58 28 39 19 79 62 66 57 2 31 25 21 54 5 27 93 51 56 11 60 94 18 86 46 32 72 92 14 67 43 22 89 53 97 12 80 8 52 90 20 17 49 55 13 63 6 75 41 9 36 96 98 64 65 29 10 50 84 24 81 16 95 59 33 85 76 78 30 4 87 82 74 34 77 99 69 3 42 26 44 40 61 45 7 38 
38 73 71 48 15 100 35 23 47 68 91 83 70 88 37 1 58 28 39 19 79 62 66 57 2 31 25 21 54 5 27 93 51 56 11 60 94 18 86 46 32 72 92 14 67 43 22 89 53 97 12 80 8 52 90 20 17 49 55 13 63 6 75 41 9 36 96 98 64 65 29 10 50 84 24 81 16 95 59 33 85 76 78 30 4 87 82 74 34 77 99 69 3 42 26 44 40 61 45 7 
7 38 73 71 48 15 100 35 23 47 68 91 83 70 88 37 1 58 28 39 19 79 62 66 57 2 31 25 21 54 5 27 93 51 56 11 60 94 18 86 46 32 72 92 14 67 43 22 89 53 97 12 80 8 52 90 20 17 49 55 13 63 6 75 41 9 36 96 98 64 65 29 10 50 84 24 81 16 95 59 33 85 76 78 30 4 87 82 74 34 77 99 69 3 42 26 44 40 61 45 
45 7 38 73 71 48 15 100 35 23 47 68 91 83 70 88 37 1 58 28 39 19 79 62 66 57 2 31 25 21 54 5 27 93 51 56 11 60 94 18 86 46 32 72 92 14 67 43 22 89 53 97 12 80 8 52 90 20 17 49 55 13 63 6 75 41 9 36 96 98 64 65 29 10 50 84 24 81 16 95 59 33 85 76 78 30 4 87 82 74 34 77 99 69 3 42 26 44 40 61 
61 45 7 38 73 71 48 15 100 35 23 47 68 91 83 70 88 37 1 58 28 39 19 79 62 66 57 2 31 25 21 54 5 27 93 51 56 11 60 94 18 86 46 32 72 92 14 67 43 22 89 53 97 12 80 8 52 90 20 17 49 55 13 63 6 75 41 9 36 96 98 64 65 29 10 50 84 24 81 16 95 59 33 85 76 78 30 4 87 82 74 34 77 99 69 3 42 26 44 40 
40 61 45 7 38 73 71 48 15 100 35 23 47 68 91 83 70 88 37 1 58 28 39 19 79 62 66 57 2 31 25 21 54 5 27 93 51 56 11 60 94 18 86 46 32 72 92 14 67 43 22 89 53 97 12 80 8 52 90 20 17 49 55 13 63 6 75 41 9 36 96 98 64 65 29 10 50 84 24 81 16 95 59 33 85 76 78 30 4 87 82 74 34 77 99 69 3 42 26 44 
44 40 61 45 7 38 73 71 48 15 100 35 23 47 68 91 83 70 88 37 1 58 28 39 19 79 62 66 57 2 31 25 21 54 5 27 93 51 56 11 60 94 18 86 46 32 72 92 14 67 43 22 89 53 97 12 80 8 52 90 20 17 49 55 13 63 6 75 41 9 36 96 98 64 65 29 10 50 84 24 81 16 95 59 33 85 76 78 30 4 87 82 74 34 77 99 69 3 42 26 
26 44 40 61 45 7 38 73 71 48 15 100 35 23 47 68 91 83 70 88 37 1 58 28 39 19 79 62 66 57 2 31 25 21 54 5 27 93 51 56 11 60 94 18 86 46 32 72 92 14 67 43 22 89 53 97 12 80 8 52 90 20 17 49 55 13 63 6 75 41 9 36 96 98 64 65 29 10 50 84 24 81 16 95 59 33 85 76 78 30 4 87 82 74 34 77 99 69 3 42 
42 26 44 40 61 45 7 38 73 71 48 15 100 35 23 47 68 91 83 70 88 37 1 58 28 39 19 79 62 66 57 2 31 25 21 54 5 27 93 51 56 11 60 94 18 86 46 32 72 92 14 67 43 22 89 53 97 12 80 8 52 90 20 17 49 55 13 63 6 75 41 9 36 96 98 64 65 29 10 50 84 24 81 16 95 59 33 85 76 78 30 4 87 82 74 34 77 99 69 3 
3 42 26 44 40 61 45 7 38 73 71 48 15 100 35 23 47 68 91 83 70 88 37 1 58 28 39 19 79 62 66 57 2 31 25 21 54 5 27 93 51 56 11 60 94 18 86 46 32 72 92 14 67 43 22 89 53 97 12 80 8 52 90 20 17 49 55 13 63 6 75 41 9 36 96 98 64 65 29 10 50 84 24 81 16 95 59 33 85 76 78 30 4 87 82 74 34 77 99 69 
69 3 42 26 44 40 61 45 7 38 73 71 48 15 100 35 23 47 68 91 83 70 88 37 1 58 28 39 19 79 62 66 57 2 31 25 21 54 5 27 93 51 56 11 60 94 18 86 46 32 72 92 14 67 43 22 89 53 97 12 80 8 52 90 20 17 49 55 13 63 6 75 41 9 36 96 98 64 65 29 10 50 84 24 81 16 95 59 33 85 76 78 30 4 87 82 74 34 77 99 
99 69 3 42 26 44 40 61 45 7 38 73 71 48 15 100 35 23 47 68 91 83 70 88 37 1 58 28 39 19 79 62 66 57 2 31 25 21 54 5 27 93 51 56 11 60 94 18 86 46 32 72 92 14 67 43 22 89 53 97 12 80 8 52 90 20 17 49 55 13 63 6 75 41 9 36 96 98 64 65 29 10 50 84 24 81 16 95 59 33 85 76 78 30 4 87 82 74 34 77 
77 99 69 3 42 26 44 40 61 45 7 38 73 71 48 15 100 35 23 47 68 91 83 70 88 37 1 58 28 39 19 79 62 66 57 2 31 25 21 54 5 27 93 51 56 11 60 94 18 86 46 32 72 92 14 67 43 22 89 53 97 12 80 8 52 90 20 17 49 55 13 63 6 75 41 9 36 96 98 64 65 29 10 50 84 24 81 16 95 59 33 85 76 78 30 4 87 82 74 34 
34 77 99 69 3 42 26 44 40 61 45 7 38 73 71 48 15 100 35 23 47 68 91 83 70 88 37 1 58 28 39 19 79 62 66 57 2 31 25 21 54 5 27 93 51 56 11 60 94 18 86 46 32 72 92 14 67 43 22 89 53 97 12 80 8 52 90 20 17 49 55 13 63 6 75 41 9 36 96 98 64 65 29 10 50 84 24 81 16 95 59 33 85 76 78 30 4 87 82 74 
74 34 77 99 69 3 42 26 44 40 61 45 7 38 73 71 48 15 100 35 23 47 68 91 83 70 88 37 1 58 28 39 19 79 62 66 57 2 31 25 21 54 5 27 93 51 56 11 60 94 18 86 46 32 72 92 14 67 43 22 89 53 97 12 80 8 52 90 20 17 49 55 13 63 6 75 41 9 36 96 98 64 65 29 10 50 84 24 81 16 95 59 33 85 76 78 30 4 87 82 
82 74 34 77 99 69 3 42 26 44 40 61 45 7 38 73 71 48 15 100 35 23 47 68 91 83 70 88 37 1 58 28 39 19 79 62 66 57 2 31 25 21 54 5 27 93 51 56 11 60 94 18 86 46 32 72 92 14 67 43 22 89 53 97 12 80 8 52 90 20 17 49 55 13 63 6 75 41 9 36 96 98 64 65 29 10 50 84 24 81 16 95 59 33 85 76 78 30 4 87 
87 82 74 34 77 99 69 3 42 26 44 40 61 45 7 38 73 71 48 15 100 35 23 47 68 91 83 70 88 37 1 58 28 39 19 79 62 66 57 2 31 25 21 54 5 27 93 51 56 11 60 94 18 86 46 32 72 92 14 67 43 22 89 53 97 12 80 8 52 90 20 17 49 55 13 63 6 75 41 9 36 96 98 64 65 29 10 50 84 24 81 16 95 59 33 85 76 78 30 4 
4 87 82 74 34 77 99 69 3 42 26 44 40 61 45 7 38 73 71 48 15 100 35 23 47 68 91 83 70 88 37 1 58 28 39 19 79 62 66 57 2 31 25 21 54 5 27 93 51 56 11 60 94 18 86 46 32 72 92 14 67 43 22 89 53 97 12 80 8 52 90 20 17 49 55 13 63 6 75 41 9 36 96 98 64 65 29 10 50 84 24 81 16 95 59 33 85 76 78 30 
30 4 87 82 74 34 77 99 69 3 42 26 44 40 61 45 7 38 73 71 48 15 100 35 23 47 68 91 83 70 88 37 1 58 28 39 19 79 62 66 57 2 31 25 21 54 5 27 93 51 56 11 60 94 18 86 46 32 72 92 14 67 43 22 89 53 97 12 80 8 52 90 20 17 49 55 13 63 6 75 41 9 36 96 98 64 65 29 10 50 84 24 81 16 95 59 33 85 76 78 
78 30 4 87 82 74 34 77 99 69 3 42 26 44 40 61 45 7 38 73 71 48 15 100 35 23 47 68 91 83 70 88 37 1 58 28 39 19 79 62 66 57 2 31 25 21 54 5 27 93 51 56 11 60 94 18 86 46 32 72 92 14 67 43 22 89 53 97 12 80 8 52 90 20 17 49 55 13 63 6 75 41 9 36 96 98 64 65 29 10 50 84 24 81 16 95 59 33 85 76 
76 78 30 4 87 82 74 34 77 99 69 3 42 26 44 40 61 45 7 38 73 71 48 15 100 35 23 47 68 91 83 70 88 37 1 58 28 39 19 79 62 66 57 2 31 25 21 54 5 27 93 51 56 11 60 94 18 86 46 32 72 92 14 67 43 22 89 53 97 12 80 8 52 90 20 17 49 55 13 63 6 75 41 9 36 96 98 64 65 29 10 50 84 24 81 16 95 59 33 85 
85 76 78 30 4 87 82 74 34 77 99 69 3 42 26 44 40 61 45 7 38 73 71 48 15 100 35 23 47 68 91 83 70 88 37 1 58 28 39 19 79 62 66 57 2 31 25 21 54 5 27 93 51 56 11 60 94 18 86 46 32 72 92 14 67 43 22 89 53 97 12 80 8 52 90 20 17 49 55 13 63 6 75 41 9 36 96 98 64 65 29 10 50 84 24 81 16 95 59 33 
33 85 76 78 30 4 87 82 74 34 77 99 69 3 42 26 44 40 61 45 7 38 73 71 48 15 100 35 23 47 68 91 83 70 88 37 1 58 28 39 19 79 62 66 57 2 31 25 21 54 5 27 93 51 56 11 60 94 18 86 46 32 72 92 14 67 43 22 89 53 97 12 80 8 52 90 20 17 49 55 13 63 6 75 41 9 36 96 98 64 65 29 10 50 84 24 81 16 95 59 
59 33 85 76 78 30 4 87 82 74 34 77 99 69 3 42 26 44 40 61 45 7 38 73 71 48 15 100 35 23 47 68 91 83 70 88 37 1 58 28 39 19 79 62 66 57 2 31 25 21 54 5 27 93 51 56 11 60 94 18 86 46 32 72 92 14 67 43 22 89 53 97 12 80 8 52 90 20 17 49 55 13 63 6 75 41 9 36 96 98 64 65 29 10 50 84 24 81 16 95 
95 59 33 85 76 78 30 4 87 82 74 34 77 99 69 3 42 26 44 40 61 45 7 38 73 71 48 15 100 35 23 47 68 91 83 70 88 37 1 58 28 39 19 79 62 66 57 2 31 25 21 54 5 27 93 51 56 11 60 94 18 86 46 32 72 92 14 67 43 22 89 53 97 12 80 8 52 90 20 17 49 55 13 63 6 75 41 9 36 96 98 64 65 29 10 50 84 24 81 16 
16 95 59 33 85 76 78 30 4 87 82 74 34 77 99 69 3 42 26 44 40 61 45 7 38 73 71 48 15 100 35 23 47 68 91 83 70 88 37 1 58 28 39 19 79 62 66 57 2 31 25 21 54 5 27 93 51 56 11 60 94 18 86 46 32 72 92 14 67 43 22 89 53 97 12 80 8 52 90 20 17 49 55 13 63 6 75 41 9 36 96 98 64 65 29 10 50 84 24 81 
81 16 95 59 33 85 76 78 30 4 87 82 74 34 77 99 69 3 42 26 44 40 61 45 7 38 73 71 48 15 100 35 23 47 68 91 83 70 88 37 1 58 28 39 19 79 62 66 57 2 31 25 21 54 5 27 93 51 56 11 60 94 18 86 46 32 72 92 14 67 43 22 89 53 97 12 80 8 52 90 20 17 49 55 13 63 6 75 41 9 36 96 98 64 65 29 10 50 84 24 
24 81 16 95 59 33 85 76 78 30 4 87 82 74 34 77 99 69 3 42 26 44 40 61 45 7 38 73 71 48 15 100 35 23 47 68 91 83 70 88 37 1 58 28 39 19 79 62 66 57 2 31 25 21 54 5 27 93 51 56 11 60 94 18 86 46 32 72 92 14 67 43 22 89 53 97 12 80 8 52 90 20 17 49 55 13 63 6 75 41 9 36 96 98 64 65 29 10 50 84 
84 24 81 16 95 59 33 85 76 78 30 4 87 82 74 34 77 99 69 3 42 26 44 40 61 45 7 38 73 71 48 15 100 35 23 47 68 91 83 70 88 37 1 58 28 39 19 79 62 66 57 2 31 25 21 54 5 27 93 51 56 11 60 94 18 86 46 32 72 92 14 67 43 22 89 53 97 12 80 8 52 90 20 17 49 55 13 63 6 75 41 9 36 96 98 64 65 29 10 50 
50 84 24 81 16 95 59 33 85 76 78 30 4 87 82 74 34 77 99 69 3 42 26 44 40 61 45 7 38 73 71 48 15 100 35 23 47 68 91 83 70 88 37 1 58 28 39 19 79 62 66 57 2 31 25 21 54 5 27 93 51 56 11 60 94 18 86 46 32 72 92 14 67 43 22 89 53 97 12 80 8 52 90 20 17 49 55 13 63 6 75 41 9 36 96 98 64 65 29 10 
10 50 84 24 81 16 95 59 33 85 76 78 30 4 87 82 74 34 77 99 69 3 42 26 44 40 61 45 7 38 73 71 48 15 100 35 23 47 68 91 83 70 88 37 1 58 28 39 19 79 62 66 57 2 31 25 21 54 5 27 93 51 56 11 60 94 18 86 46 32 72 92 14 67 43 22 89 53 97 12 80 8 52 90 20 17 49 55 13 63 6 75 41 9 36 96 98 64 65 29 
29 10 50 84 24 81 16 95 59 33 85 76 78 30 4 87 82 74 34 77 99 69 3 42 26 44 40 61 45 7 38 73 71 48 15 100 35 23 47 68 91 83 70 88 37 1 58 28 39 19 79 62 66 57 2 31 25 21 54 5 27 93 51 56 11 60 94 18 86 46 32 72 92 14 67 43 22 89 53 97 12 80 8 52 90 20 17 49 55 13 63 6 75 41 9 36 96 98 64 65 
65 29 10 50 84 24 81 16 95 59 33 85 76 78 30 4 87 82 74 34 77 99 69 3 42 26 44 40 61 45 7 38 73 71 48 15 100 35 23 47 68 91 83 70 88 37 1 58 28 39 19 79 62 66 57 2 31 25 21 54 5 27 93 51 56 11 60 94 18 86 46 32 72 92 14 67 43 22 89 53 97 12 80 8 52 90 20 17 49 55 13 63 6 75 41 9 36 96 98 64 
64 65 29 10 50 84 24 81 16 95 59 33 85 76 78 30 4 87 82 74 34 77 99 69 3 42 26 44 40 61 45 7 38 73 71 48 15 100 35 23 47 68 91 83 70 88 37 1 58 28 39 19 79 62 66 57 2 31 25 21 54 5 27 93 51 56 11 60 94 18 86 46 32 72 92 14 67 43 22 89 53 97 12 80 8 52 90 20 17 49 55 13 63 6 75 41 9 36 96 98 
98 64 65 29 10 50 84 24 81 16 95 59 33 85 76 78 30 4 87 82 74 34 77 99 69 3 42 26 44 40 61 45 7 38 73 71 48 15 100 35 23 47 68 91 83 70 88 37 1 58 28 39 19 79 62 66 57 2 31 25 21 54 5 27 93 51 56 11 60 94 18 86 46 32 72 92 14 67 43 22 89 53 97 12 80 8 52 90 20 17 49 55 13 63 6 75 41 9 36 96 
96 98 64 65 29 10 50 84 24 81 16 95 59 33 85 76 78 30 4 87 82 74 34 77 99 69 3 42 26 44 40 61 45 7 38 73 71 48 15 100 35 23 47 68 91 83 70 88 37 1 58 28 39 19 79 62 66 57 2 31 25 21 54 5 27 93 51 56 11 60 94 18 86 46 32 72 92 14 67 43 22 89 53 97 12 80 8 52 90 20 17 49 55 13 63 6 75 41 9 36 
36 96 98 64 65 29 10 50 84 24 81 16 95 59 33 85 76 78 30 4 87 82 74 34 77 99 69 3 42 26 44 40 61 45 7 38 73 71 48 15 100 35 23 47 68 91 83 70 88 37 1 58 28 39 19 79 62 66 57 2 31 25 21 54 5 27 93 51 56 11 60 94 18 86 46 32 72 92 14 67 43 22 89 53 97 12 80 8 52 90 20 17 49 55 13 63 6 75 41 9 
9 36 96 98 64 65 29 10 50 84 24 81 16 95 59 33 85 76 78 30 4 87 82 74 34 77 99 69 3 42 26 44 40 61 45 7 38 73 71 48 15 100 35 23 47 68 91 83 70 88 37 1 58 28 39 19 79 62 66 57 2 31 25 21 54 5 27 93 51 56 11 60 94 18 86 46 32 72 92 14 67 43 22 89 53 97 12 80 8 52 90 20 17 49 55 13 63 6 75 41 
41 9 36 96 98 64 65 29 10 50 84 24 81 16 95 59 33 85 76 78 30 4 87 82 74 34 77 99 69 3 42 26 44 40 61 45 7 38 73 71 48 15 100 35 23 47 68 91 83 70 88 37 1 58 28 39 19 79 62 66 57 2 31 25 21 54 5 27 93 51 56 11 60 94 18 86 46 32 72 92 14 67 43 22 89 53 97 12 80 8 52 90 20 17 49 55 13 63 6 75 
75 41 9 36 96 98 64 65 29 10 50 84 24 81 16 95 59 33 85 76 78 30 4 87 82 74 34 77 99 69 3 42 26 44 40 61 45 7 38 73 71 48 15 100 35 23 47 68 91 83 70 88 37 1 58 28 39 19 79 62 66 57 2 31 25 21 54 5 27 93 51 56 11 60 94 18 86 46 32 72 92 14 67 43 22 89 53 97 12 80 8 52 90 20 17 49 55 13 63 6 
6 75 41 9 36 96 98 64 65 29 10 50 84 24 81 16 95 59 33 85 76 78 30 4 87 82 74 34 77 99 69 3 42 26 44 40 61 45 7 38 73 71 48 15 100 35 23 47 68 91 83 70 88 37 1 58 28 39 19 79 62 66 57 2 31 25 21 54 5 27 93 51 56 11 60 94 18 86 46 32 72 92 14 67 43 22 89 53 97 12 80 8 52 90 20 17 49 55 13 63 
63 6 75 41 9 36 96 98 64 65 29 10 50 84 24 81 16 95 59 33 85 76 78 30 4 87 82 74 34 77 99 69 3 42 26 44 40 61 45 7 38 73 71 48 15 100 35 23 47 68 91 83 70 88 37 1 58 28 39 19 79 62 66 57 2 31 25 21 54 5 27 93 51 56 11 60 94 18 86 46 32 72 92 14 67 43 22 89 53 97 12 80 8 52 90 20 17 49 55 13 
13 63 6 75 41 9 36 96 98 64 65 29 10 50 84 24 81 16 95 59 33 85 76 78 30 4 87 82 74 34 77 99 69 3 42 26 44 40 61 45 7 38 73 71 48 15 100 35 23 47 68 91 83 70 88 37 1 58 28 39 19 79 62 66 57 2 31 25 21 54 5 27 93 51 56 11 60 94 18 86 46 32 72 92 14 67 43 22 89 53 97 12 80 8 52 90 20 17 49 55 
55 13 63 6 75 41 9 36 96 98 64 65 29 10 50 84 24 81 16 95 59 33 85 76 78 30 4 87 82 74 34 77 99 69 3 42 26 44 40 61 45 7 38 73 71 48 15 100 35 23 47 68 91 83 70 88 37 1 58 28 39 19 79 62 66 57 2 31 25 21 54 5 27 93 51 56 11 60 94 18 86 46 32 72 92 14 67 43 22 89 53 97 12 80 8 52 90 20 17 49 
49 55 13 63 6 75 41 9 36 96 98 64 65 29 10 50 84 24 81 16 95 59 33 85 76 78 30 4 87 82 74 34 77 99 69 3 42 26 44 40 61 45 7 38 73 71 48 15 100 35 23 47 68 91 83 70 88 37 1 58 28 39 19 79 62 66 57 2 31 25 21 54 5 27 93 51 56 11 60 94 18 86 46 32 72 92 14 67 43 22 89 53 97 12 80 8 52 90 20 17 
17 49 55 13 63 6 75 41 9 36 96 98 64 65 29 10 50 84 24 81 16 95 59 33 85 76 78 30 4 87 82 74 34 77 99 69 3 42 26 44 40 61 45 7 38 73 71 48 15 100 35 23 47 68 91 83 70 88 37 1 58 28 39 19 79 62 66 57 2 31 25 21 54 5 27 93 51 56 11 60 94 18 86 46 32 72 92 14 67 43 22 89 53 97 12 80 8 52 90 20 
20 17 49 55 13 63 6 75 41 9 36 96 98 64 65 29 10 50 84 24 81 16 95 59 33 85 76 78 30 4 87 82 74 34 77 99 69 3 42 26 44 40 61 45 7 38 73 71 48 15 100 35 23 47 68 91 83 70 88 37 1 58 28 39 19 79 62 66 57 2 31 25 21 54 5 27 93 51 56 11 60 94 18 86 46 32 72 92 14 67 43 22 89 53 97 12 80 8 52 90 
90 20 17 49 55 13 63 6 75 41 9 36 96 98 64 65 29 10 50 84 24 81 16 95 59 33 85 76 78 30 4 87 82 74 34 77 99 69 3 42 26 44 40 61 45 7 38 73 71 48 15 100 35 23 47 68 91 83 70 88 37 1 58 28 39 19 79 62 66 57 2 31 25 21 54 5 27 93 51 56 11 60 94 18 86 46 32 72 92 14 67 43 22 89 53 97 12 80 8 52 
