10000
100 100
17 94 37 43 56 61 100 51 46 40 55 78 7 66 90 21 92 57 27 73 39 87 28 32 22 59 18 97 84 31 85 33 48 10 16 99 65 53 41 3 76 15 42 36 89 9 38 71 62 95 83 30 13 86 29 5 80 1 79 50 6 54 19 23 24 4 52 96 74 44 75 12 2 72 60 25 68 64 81 34 63 82 20 14 91 8 93 26 77 58 69 70 47 88 11 49 98 67 35 45 
45 17 94 37 43 56 61 100 51 46 40 55 78 7 66 90 21 92 57 27 73 39 87 28 32 22 59 18 97 84 31 85 33 48 10 16 99 65 53 41 3 76 15 42 36 89 9 38 71 62 95 83 30 13 86 29 5 80 1 79 50 6 54 19 23 24 4 52 96 74 44 75 12 2 72 60 25 68 64 81 34 63 82 20 14 91 8 93 26 77 58 69 70 47 88 11 49 98 67 35 
35 45 17 94 37 43 56 61 100 51 46 40 55 78 7 66 90 21 92 57 27 73 39 87 28 32 22 59 18 97 84 31 85 33 48 10 16 99 65 53 41 3 76 15 42 36 89 9 38 71 62 95 83 30 13 86 29 5 80 1 79 50 6 54 19 23 24 4 52 96 74 44 75 12 2 72 60 25 68 64 81 34 63 82 20 14 91 8 93 26 77 58 69 70 47 88 11 49 98 67 
67 35 45 17 94 37 43 56 61 100 51 46 40 55 78 7 66 90 21 92 57 27 73 39 87 28 32 22 59 18 97 84 31 85 33 48 10 16 99 65 53 41 3 76 15 42 36 89 9 38 71 62 95 83 30 13 86 29 5 80 1 79 50 6 54 19 23 24 4 52 96 74 44 75 12 2 72 60 25 68 64 81 34 63 82 20 14 91 8 93 26 77 58 69 70 47 88 11 49 98 
98 67 35 45 17 94 37 43 56 61 100 51 46 40 55 78 7 66 90 21 92 57 27 73 39 87 28 32 22 59 18 97 84 31 85 33 48 10 16 99 65 53 41 3 76 15 42 36 89 9 38 71 62 95 83 30 13 86 29 5 80 1 79 50 6 54 19 23 24 4 52 96 74 44 75 12 2 72 60 25 68 64 81 34 63 82 20 14 91 8 93 26 77 58 69 70 47 88 11 49 
49 98 67 35 45 17 94 37 43 56 61 100 51 46 40 55 78 7 66 90 21 92 57 27 73 39 87 28 32 22 59 18 97 84 31 85 33 48 10 16 99 65 53 41 3 76 15 42 36 89 9 38 71 62 95 83 30 13 86 29 5 80 1 79 50 6 54 19 23 24 4 52 96 74 44 75 12 2 72 60 25 68 64 81 34 63 82 20 14 91 8 93 26 77 58 69 70 47 88 11 
11 49 98 67 35 45 17 94 37 43 56 61 100 51 46 40 55 78 7 66 90 21 92 57 27 73 39 87 28 32 22 59 18 97 84 31 85 33 48 10 16 99 65 53 41 3 76 15 42 36 89 9 38 71 62 95 83 30 13 86 29 5 80 1 79 50 6 54 19 23 24 4 52 96 74 44 75 12 2 72 60 25 68 64 81 34 63 82 20 14 91 8 93 26 77 58 69 70 47 88 
88 11 49 98 67 35 45 17 94 37 43 56 61 100 51 46 40 55 78 7 66 90 21 92 57 27 73 39 87 28 32 22 59 18 97 84 31 85 33 48 10 16 99 65 53 41 3 76 15 42 36 89 9 38 71 62 95 83 30 13 86 29 5 80 1 79 50 6 54 19 23 24 4 52 96 74 44 75 12 2 72 60 25 68 64 81 34 63 82 20 14 91 8 93 26 77 58 69 70 47 
47 88 11 49 98 67 35 45 17 94 37 43 56 61 100 51 46 40 55 78 7 66 90 21 92 57 27 73 39 87 28 32 22 59 18 97 84 31 85 33 48 10 16 99 65 53 41 3 76 15 42 36 89 9 38 71 62 95 83 30 13 86 29 5 80 1 79 50 6 54 19 23 24 4 52 96 74 44 75 12 2 72 60 25 68 64 81 34 63 82 20 14 91 8 93 26 77 58 69 70 
70 47 88 11 49 98 67 35 45 17 94 37 43 56 61 100 51 46 40 55 78 7 66 90 21 92 57 27 73 39 87 28 32 22 59 18 97 84 31 85 33 48 10 16 99 65 53 41 3 76 15 42 36 89 9 38 71 62 95 83 30 13 86 29 5 80 1 79 50 6 54 19 23 24 4 52 96 74 44 75 12 2 72 60 25 68 64 81 34 63 82 20 14 91 8 93 26 77 58 69 
69 70 47 88 11 49 98 67 35 45 17 94 37 43 56 61 100 51 46 40 55 78 7 66 90 21 92 57 27 73 39 87 28 32 22 59 18 97 84 31 85 33 48 10 16 99 65 53 41 3 76 15 42 36 89 9 38 71 62 95 83 30 13 86 29 5 80 1 79 50 6 54 19 23 24 4 52 96 74 44 75 12 2 72 60 25 68 64 81 34 63 82 20 14 91 8 93 26 77 58 
58 69 70 47 88 11 49 98 67 35 45 17 94 37 43 56 61 100 51 46 40 55 78 7 66 90 21 92 57 27 73 39 87 28 32 22 59 18 97 84 31 85 33 48 10 16 99 65 53 41 3 76 15 42 36 89 9 38 71 62 95 83 30 13 86 29 5 80 1 79 50 6 54 19 23 24 4 52 96 74 44 75 12 2 72 60 25 68 64 81 34 63 82 20 14 91 8 93 26 77 
77 58 69 70 47 88 11 49 98 67 35 45 17 94 37 43 56 61 100 51 46 40 55 78 7 66 90 21 92 57 27 73 39 87 28 32 22 59 18 97 84 31 85 33 48 10 16 99 65 53 41 3 76 15 42 36 89 9 38 71 62 95 83 30 13 86 29 5 80 1 79 50 6 54 19 23 24 4 52 96 74 44 75 12 2 72 60 25 68 64 81 34 63 82 20 14 91 8 93 26 
26 77 58 69 70 47 88 11 49 98 67 35 45 17 94 37 43 56 61 100 51 46 40 55 78 7 66 90 21 92 57 27 73 39 87 28 32 22 59 18 97 84 31 85 33 48 10 16 99 65 53 41 3 76 15 42 36 89 9 38 71 62 95 83 30 13 86 29 5 80 1 79 50 6 54 19 23 24 4 52 96 74 44 75 12 2 72 60 25 68 64 81 34 63 82 20 14 91 8 93 
93 26 77 58 69 70 47 88 11 49 98 67 35 45 17 94 37 43 56 61 100 51 46 40 55 78 7 66 90 21 92 57 27 73 39 87 28 32 22 59 18 97 84 31 85 33 48 10 16 99 65 53 41 3 76 15 42 36 89 9 38 71 62 95 83 30 13 86 29 5 80 1 79 50 6 54 19 23 24 4 52 96 74 44 75 12 2 72 60 25 68 64 81 34 63 82 20 14 91 8 
8 93 26 77 58 69 70 47 88 11 49 98 67 35 45 17 94 37 43 56 61 100 51 46 40 55 78 7 66 90 21 92 57 27 73 39 87 28 32 22 59 18 97 84 31 85 33 48 10 16 99 65 53 41 3 76 15 42 36 89 9 38 71 62 95 83 30 13 86 29 5 80 1 79 50 6 54 19 23 24 4 52 96 74 44 75 12 2 72 60 25 68 64 81 34 63 82 20 14 91 
91 8 93 26 77 58 69 70 47 88 11 49 98 67 35 45 17 94 37 43 56 61 100 51 46 40 55 78 7 66 90 21 92 57 27 73 39 87 28 32 22 59 18 97 84 31 85 33 48 10 16 99 65 53 41 3 76 15 42 36 89 9 38 71 62 95 83 30 13 86 29 5 80 1 79 50 6 54 19 23 24 4 52 96 74 44 75 12 2 72 60 25 68 64 81 34 63 82 20 14 
14 91 8 93 26 77 58 69 70 47 88 11 49 98 67 35 45 17 94 37 43 56 61 100 51 46 40 55 78 7 66 90 21 92 57 27 73 39 87 28 32 22 59 18 97 84 31 85 33 48 10 16 99 65 53 41 3 76 15 42 36 89 9 38 71 62 95 83 30 13 86 29 5 80 1 79 50 6 54 19 23 24 4 52 96 74 44 75 12 2 72 60 25 68 64 81 34 63 82 20 
20 14 91 8 93 26 77 58 69 70 47 88 11 49 98 67 35 45 17 94 37 43 56 61 100 51 46 40 55 78 7 66 90 21 92 57 27 73 39 87 28 32 22 59 18 97 84 31 85 33 48 10 16 99 65 53 41 3 76 15 42 36 89 9 38 71 62 95 83 30 13 86 29 5 80 1 79 50 6 54 19 23 24 4 52 96 74 44 75 12 2 72 60 25 68 64 81 34 63 82 
82 20 14 91 8 93 26 77 58 69 70 47 88 11 49 98 67 35 45 17 94 37 43 56 61 100 51 46 40 55 78 7 66 90 21 92 57 27 73 39 87 28 32 22 59 18 97 84 31 85 33 48 10 16 99 65 53 41 3 76 15 42 36 89 9 38 71 62 95 83 30 13 86 29 5 80 1 79 50 6 54 19 23 24 4 52 96 74 44 75 12 2 72 60 25 68 64 81 34 63 
63 82 20 14 91 8 93 26 77 58 69 70 47 88 11 49 98 67 35 45 17 94 37 43 56 61 100 51 46 40 55 78 7 66 90 21 92 57 27 73 39 87 28 32 22 59 18 97 84 31 85 33 48 10 16 99 65 53 41 3 76 15 42 36 89 9 38 71 62 95 83 30 13 86 29 5 80 1 79 50 6 54 19 23 24 4 52 96 74 44 75 12 2 72 60 25 68 64 81 34 
34 63 82 20 14 91 8 93 26 77 58 69 70 47 88 11 49 98 67 35 45 17 94 37 43 56 61 100 51 46 40 55 78 7 66 90 21 92 57 27 73 39 87 28 32 22 59 18 97 84 31 85 33 48 10 16 99 65 53 41 3 76 15 42 36 89 9 38 71 62 95 83 30 13 86 29 5 80 1 79 50 6 54 19 23 24 4 52 96 74 44 75 12 2 72 60 25 68 64 81 
81 34 63 82 20 14 91 8 93 26 77 58 69 70 47 88 11 49 98 67 35 45 17 94 37 43 56 61 100 51 46 40 55 78 7 66 90 21 92 57 27 73 39 87 28 32 22 59 18 97 84 31 85 33 48 10 16 99 65 53 41 3 76 15 42 36 89 9 38 71 62 95 83 30 13 86 29 5 80 1 79 50 6 54 19 23 24 4 52 96 74 44 75 12 2 72 60 25 68 64 
64 81 34 63 82 20 14 91 8 93 26 77 58 69 70 47 88 11 49 98 67 35 45 17 94 37 43 56 61 100 51 46 40 55 78 7 66 90 21 92 57 27 73 39 87 28 32 22 59 18 97 84 31 85 33 48 10 16 99 65 53 41 3 76 15 42 36 89 9 38 71 62 95 83 30 13 86 29 5 80 1 79 50 6 54 19 23 24 4 52 96 74 44 75 12 2 72 60 25 68 
68 64 81 34 63 82 20 14 91 8 93 26 77 58 69 70 47 88 11 49 98 67 35 45 17 94 37 43 56 61 100 51 46 40 55 78 7 66 90 21 92 57 27 73 39 87 28 32 22 59 18 97 84 31 85 33 48 10 16 99 65 53 41 3 76 15 42 36 89 9 38 71 62 95 83 30 13 86 29 5 80 1 79 50 6 54 19 23 24 4 52 96 74 44 75 12 2 72 60 25 
25 68 64 81 34 63 82 20 14 91 8 93 26 77 58 69 70 47 88 11 49 98 67 35 45 17 94 37 43 56 61 100 51 46 40 55 78 7 66 90 21 92 57 27 73 39 87 28 32 22 59 18 97 84 31 85 33 48 10 16 99 65 53 41 3 76 15 42 36 89 9 38 71 62 95 83 30 13 86 29 5 80 1 79 50 6 54 19 23 24 4 52 96 74 44 75 12 2 72 60 
60 25 68 64 81 34 63 82 20 14 91 8 93 26 77 58 69 70 47 88 11 49 98 67 35 45 17 94 37 43 56 61 100 51 46 40 55 78 7 66 90 21 92 57 27 73 39 87 28 32 22 59 18 97 84 31 85 33 48 10 16 99 65 53 41 3 76 15 42 36 89 9 38 71 62 95 83 30 13 86 29 5 80 1 79 50 6 54 19 23 24 4 52 96 74 44 75 12 2 72 
72 60 25 68 64 81 34 63 82 20 14 91 8 93 26 77 58 69 70 47 88 11 49 98 67 35 45 17 94 37 43 56 61 100 51 46 40 55 78 7 66 90 21 92 57 27 73 39 87 28 32 22 59 18 97 84 31 85 33 48 10 16 99 65 53 41 3 76 15 42 36 89 9 38 71 62 95 83 30 13 86 29 5 80 1 79 50 6 54 19 23 24 4 52 96 74 44 75 12 2 
2 72 60 25 68 64 81 34 63 82 20 14 91 8 93 26 77 58 69 70 47 88 11 49 98 67 35 45 17 94 37 43 56 61 100 51 46 40 55 78 7 66 90 21 92 57 27 73 39 87 28 32 22 59 18 97 84 31 85 33 48 10 16 99 65 53 41 3 76 15 42 36 89 9 38 71 62 95 83 30 13 86 29 5 80 1 79 50 6 54 19 23 24 4 52 96 74 44 75 12 
12 2 72 60 25 68 64 81 34 63 82 20 14 91 8 93 26 77 58 69 70 47 88 11 49 98 67 35 45 17 94 37 43 56 61 100 51 46 40 55 78 7 66 90 21 92 57 27 73 39 87 28 32 22 59 18 97 84 31 85 33 48 10 16 99 65 53 41 3 76 15 42 36 89 9 38 71 62 95 83 30 13 86 29 5 80 1 79 50 6 54 19 23 24 4 52 96 74 44 75 
75 12 2 72 60 25 68 64 81 34 63 82 20 14 91 8 93 26 77 58 69 70 47 88 11 49 98 67 35 45 17 94 37 43 56 61 100 51 46 40 55 78 7 66 90 21 92 57 27 73 39 87 28 32 22 59 18 97 84 31 85 33 48 10 16 99 65 53 41 3 76 15 42 36 89 9 38 71 62 95 83 30 13 86 29 5 80 1 79 50 6 54 19 23 24 4 52 96 74 44 
44 75 12 2 72 60 25 68 64 81 34 63 82 20 14 91 8 93 26 77 58 69 70 47 88 11 49 98 67 35 45 17 94 37 43 56 61 100 51 46 40 55 78 7 66 90 21 92 57 27 73 39 87 28 32 22 59 18 97 84 31 85 33 48 10 16 99 65 53 41 3 76 15 42 36 89 9 38 71 62 95 83 30 13 86 29 5 80 1 79 50 6 54 19 23 24 4 52 96 74 
74 44 75 12 2 72 60 25 68 64 81 34 63 82 20 14 91 8 93 26 77 58 69 70 47 88 11 49 98 67 35 45 17 94 37 43 56 61 100 51 46 40 55 78 7 66 90 21 92 57 27 73 39 87 28 32 22 59 18 97 84 31 85 33 48 10 16 99 65 53 41 3 76 15 42 36 89 9 38 71 62 95 83 30 13 86 29 5 80 1 79 50 6 54 19 23 24 4 52 96 
96 74 44 75 12 2 72 60 25 68 64 81 34 63 82 20 14 91 8 93 26 77 58 69 70 47 88 11 49 98 67 35 45 17 94 37 43 56 61 100 51 46 40 55 78 7 66 90 21 92 57 27 73 39 87 28 32 22 59 18 97 84 31 85 33 48 10 16 99 65 53 41 3 76 15 42 36 89 9 38 71 62 95 83 30 13 86 29 5 80 1 79 50 6 54 19 23 24 4 52 
52 96 74 44 75 12 2 72 60 25 68 64 81 34 63 82 20 14 91 8 93 26 77 58 69 70 47 88 11 49 98 67 35 45 17 94 37 43 56 61 100 51 46 40 55 78 7 66 90 21 92 57 27 73 39 87 28 32 22 59 18 97 84 31 85 33 48 10 16 99 65 53 41 3 76 15 42 36 89 9 38 71 62 95 83 30 13 86 29 5 80 1 79 50 6 54 19 23 24 4 
4 52 96 74 44 75 12 2 72 60 25 68 64 81 34 63 82 20 14 91 8 93 26 77 58 69 70 47 88 11 49 98 67 35 45 17 94 37 43 56 61 100 51 46 40 55 78 7 66 90 21 92 57 27 73 39 87 28 32 22 59 18 97 84 31 85 33 48 10 16 99 65 53 41 3 76 15 42 36 89 9 38 71 62 95 83 30 13 86 29 5 80 1 79 50 6 54 19 23 24 
24 4 52 96 74 44 75 12 2 72 60 25 68 64 81 34 63 82 20 14 91 8 93 26 77 58 69 70 47 88 11 49 98 67 35 45 17 94 37 43 56 61 100 51 46 40 55 78 7 66 90 21 92 57 27 73 39 87 28 32 22 59 18 97 84 31 85 33 48 10 16 99 65 53 41 3 76 15 42 36 89 9 38 71 62 95 83 30 13 86 29 5 80 1 79 50 6 54 19 23 
23 24 4 52 96 74 44 75 12 2 72 60 25 68 64 81 34 63 82 20 14 91 8 93 26 77 58 69 70 47 88 11 49 98 67 35 45 17 94 37 43 56 61 100 51 46 40 55 78 7 66 90 21 92 57 27 73 39 87 28 32 22 59 18 97 84 31 85 33 48 10 16 99 65 53 41 3 76 15 42 36 89 9 38 71 62 95 83 30 13 86 29 5 80 1 79 50 6 54 19 
19 23 24 4 52 96 74 44 75 12 2 72 60 25 68 64 81 34 63 82 20 14 91 8 93 26 77 58 69 70 47 88 11 49 98 67 35 45 17 94 37 43 56 61 100 51 46 40 55 78 7 66 90 21 92 57 27 73 39 87 28 32 22 59 18 97 84 31 85 33 48 10 16 99 65 53 41 3 76 15 42 36 89 9 38 71 62 95 83 30 13 86 29 5 80 1 79 50 6 54 
54 19 23 24 4 52 96 74 44 75 12 2 72 60 25 68 64 81 34 63 82 20 14 91 8 93 26 77 58 69 70 47 88 11 49 98 67 35 45 17 94 37 43 56 61 100 51 46 40 55 78 7 66 90 21 92 57 27 73 39 87 28 32 22 59 18 97 84 31 85 33 48 10 16 99 65 53 41 3 76 15 42 36 89 9 38 71 62 95 83 30 13 86 29 5 80 1 79 50 6 
6 54 19 23 24 4 52 96 74 44 75 12 2 72 60 25 68 64 81 34 63 82 20 14 91 8 93 26 77 58 69 70 47 88 11 49 98 67 35 45 17 94 37 43 56 61 100 51 46 40 55 78 7 66 90 21 92 57 27 73 39 87 28 32 22 59 18 97 84 31 85 33 48 10 16 99 65 53 41 3 76 15 42 36 89 9 38 71 62 95 83 30 13 86 29 5 80 1 79 50 
50 6 54 19 23 24 4 52 96 74 44 75 12 2 72 60 25 68 64 81 34 63 82 20 14 91 8 93 26 77 58 69 70 47 88 11 49 98 67 35 45 17 94 37 43 56 61 100 51 46 40 55 78 7 66 90 21 92 57 27 73 39 87 28 32 22 59 18 97 84 31 85 33 48 10 16 99 65 53 41 3 76 15 42 36 89 9 38 71 62 95 83 30 13 86 29 5 80 1 79 
79 50 6 54 19 23 24 4 52 96 74 44 75 12 2 72 60 25 68 64 81 34 63 82 20 14 91 8 93 26 77 58 69 70 47 88 11 49 98 67 35 45 17 94 37 43 56 61 100 51 46 40 55 78 7 66 90 21 92 57 27 73 39 87 28 32 22 59 18 97 84 31 85 33 48 10 16 99 65 53 41 3 76 15 42 36 89 9 38 71 62 95 83 30 13 86 29 5 80 1 
1 79 50 6 54 19 23 24 4 52 96 74 44 75 12 2 72 60 25 68 64 81 34 63 82 20 14 91 8 93 26 77 58 69 70 47 88 11 49 98 67 35 45 17 94 37 43 56 61 100 51 46 40 55 78 7 66 90 21 92 57 27 73 39 87 28 32 22 59 18 97 84 31 85 33 48 10 16 99 65 53 41 3 76 15 42 36 89 9 38 71 62 95 83 30 13 86 29 5 80 
80 1 79 50 6 54 19 23 24 4 52 96 74 44 75 12 2 72 60 25 68 64 81 34 63 82 20 14 91 8 93 26 77 58 69 70 47 88 11 49 98 67 35 45 17 94 37 43 56 61 100 51 46 40 55 78 7 66 90 21 92 57 27 73 39 87 28 32 22 59 18 97 84 31 85 33 48 10 16 99 65 53 41 3 76 15 42 36 89 9 38 71 62 95 83 30 13 86 29 5 
5 80 1 79 50 6 54 19 23 24 4 52 96 74 44 75 12 2 72 60 25 68 64 81 34 63 82 20 14 91 8 93 26 77 58 69 70 47 88 11 49 98 67 35 45 17 94 37 43 56 61 100 51 46 40 55 78 7 66 90 21 92 57 27 73 39 87 28 32 22 59 18 97 84 31 85 33 48 10 16 99 65 53 41 3 76 15 42 36 89 9 38 71 62 95 83 30 13 86 29 
29 5 80 1 79 50 6 54 19 23 24 4 52 96 74 44 75 12 2 72 60 25 68 64 81 34 63 82 20 14 91 8 93 26 77 58 69 70 47 88 11 49 98 67 35 45 17 94 37 43 56 61 100 51 46 40 55 78 7 66 90 21 92 57 27 73 39 87 28 32 22 59 18 97 84 31 85 33 48 10 16 99 65 53 41 3 76 15 42 36 89 9 38 71 62 95 83 30 13 86 
86 29 5 80 1 79 50 6 54 19 23 24 4 52 96 74 44 75 12 2 72 60 25 68 64 81 34 63 82 20 14 91 8 93 26 77 58 69 70 47 88 11 49 98 67 35 45 17 94 37 43 56 61 100 51 46 40 55 78 7 66 90 21 92 57 27 73 39 87 28 32 22 59 18 97 84 31 85 33 48 10 16 99 65 53 41 3 76 15 42 36 89 9 38 71 62 95 83 30 13 
13 86 29 5 80 1 79 50 6 54 19 23 24 4 52 96 74 44 75 12 2 72 60 25 68 64 81 34 63 82 20 14 91 8 93 26 77 58 69 70 47 88 11 49 98 67 35 45 17 94 37 43 56 61 100 51 46 40 55 78 7 66 90 21 92 57 27 73 39 87 28 32 22 59 18 97 84 31 85 33 48 10 16 99 65 53 41 3 76 15 42 36 89 9 38 71 62 95 83 30 
30 13 86 29 5 80 1 79 50 6 54 19 23 24 4 52 96 74 44 75 12 2 72 60 25 68 64 81 34 63 82 20 14 91 8 93 26 77 58 69 70 47 88 11 49 98 67 35 45 17 94 37 43 56 61 100 51 46 40 55 78 7 66 90 21 92 57 27 73 39 87 28 32 22 59 18 97 84 31 85 33 48 10 16 99 65 53 41 3 76 15 42 36 89 9 38 71 62 95 83 
83 30 13 86 29 5 80 1 79 50 6 54 19 23 24 4 52 96 74 44 75 12 2 72 60 25 68 64 81 34 63 82 20 14 91 8 93 26 77 58 69 70 47 88 11 49 98 67 35 45 17 94 37 43 56 61 100 51 46 40 55 78 7 66 90 21 92 57 27 73 39 87 28 32 22 59 18 97 84 31 85 33 48 10 16 99 65 53 41 3 76 15 42 36 89 9 38 71 62 95 
95 83 30 13 86 29 5 80 1 79 50 6 54 19 23 24 4 52 96 74 44 75 12 2 72 60 25 68 64 81 34 63 82 20 14 91 8 93 26 77 58 69 70 47 88 11 49 98 67 35 45 17 94 37 43 56 61 100 51 46 40 55 78 7 66 90 21 92 57 27 73 39 87 28 32 22 59 18 97 84 31 85 33 48 10 16 99 65 53 41 3 76 15 42 36 89 9 38 71 62 
62 95 83 30 13 86 29 5 80 1 79 50 6 54 19 23 24 4 52 96 74 44 75 12 2 72 60 25 68 64 81 34 63 82 20 14 91 8 93 26 77 58 69 70 47 88 11 49 98 67 35 45 17 94 37 43 56 61 100 51 46 40 55 78 7 66 90 21 92 57 27 73 39 87 28 32 22 59 18 97 84 31 85 33 48 10 16 99 65 53 41 3 76 15 42 36 89 9 38 71 
71 62 95 83 30 13 86 29 5 80 1 79 50 6 54 19 23 24 4 52 96 74 44 75 12 2 72 60 25 68 64 81 34 63 82 20 14 91 8 93 26 77 58 69 70 47 88 11 49 98 67 35 45 17 94 37 43 56 61 100 51 46 40 55 78 7 66 90 21 92 57 27 73 39 87 28 32 22 59 18 97 84 31 85 33 48 10 16 99 65 53 41 3 76 15 42 36 89 9 38 
38 71 62 95 83 30 13 86 29 5 80 1 79 50 6 54 19 23 24 4 52 96 74 44 75 12 2 72 60 25 68 64 81 34 63 82 20 14 91 8 93 26 77 58 69 70 47 88 11 49 98 67 35 45 17 94 37 43 56 61 100 51 46 40 55 78 7 66 90 21 92 57 27 73 39 87 28 32 22 59 18 97 84 31 85 33 48 10 16 99 65 53 41 3 76 15 42 36 89 9 
9 38 71 62 95 83 30 13 86 29 5 80 1 79 50 6 54 19 23 24 4 52 96 74 44 75 12 2 72 60 25 68 64 81 34 63 82 20 14 91 8 93 26 77 58 69 70 47 88 11 49 98 67 35 45 17 94 37 43 56 61 100 51 46 40 55 78 7 66 90 21 92 57 27 73 39 87 28 32 22 59 18 97 84 31 85 33 48 10 16 99 65 53 41 3 76 15 42 36 89 
89 9 38 71 62 95 83 30 13 86 29 5 80 1 79 50 6 54 19 23 24 4 52 96 74 44 75 12 2 72 60 25 68 64 81 34 63 82 20 14 91 8 93 26 77 58 69 70 47 88 11 49 98 67 35 45 17 94 37 43 56 61 100 51 46 40 55 78 7 66 90 21 92 57 27 73 39 87 28 32 22 59 18 97 84 31 85 33 48 10 16 99 65 53 41 3 76 15 42 36 
36 89 9 38 71 62 95 83 30 13 86 29 5 80 1 79 50 6 54 19 23 24 4 52 96 74 44 75 12 2 72 60 25 68 64 81 34 63 82 20 14 91 8 93 26 77 58 69 70 47 88 11 49 98 67 35 45 17 94 37 43 56 61 100 51 46 40 55 78 7 66 90 21 92 57 27 73 39 87 28 32 22 59 18 97 84 31 85 33 48 10 16 99 65 53 41 3 76 15 42 
42 36 89 9 38 71 62 95 83 30 13 86 29 5 80 1 79 50 6 54 19 23 24 4 52 96 74 44 75 12 2 72 60 25 68 64 81 34 63 82 20 14 91 8 93 26 77 58 69 70 47 88 11 49 98 67 35 45 17 94 37 43 56 61 100 51 46 40 55 78 7 66 90 21 92 57 27 73 39 87 28 32 22 59 18 97 84 31 85 33 48 10 16 99 65 53 41 3 76 15 
15 42 36 89 9 38 71 62 95 83 30 13 86 29 5 80 1 79 50 6 54 19 23 24 4 52 96 74 44 75 12 2 72 60 25 68 64 81 34 63 82 20 14 91 8 93 26 77 58 69 70 47 88 11 49 98 67 35 45 17 94 37 43 56 61 100 51 46 40 55 78 7 66 90 21 92 57 27 73 39 87 28 32 22 59 18 97 84 31 85 33 48 10 16 99 65 53 41 3 76 
76 15 42 36 89 9 38 71 62 95 83 30 13 86 29 5 80 1 79 50 6 54 19 23 24 4 52 96 74 44 75 12 2 72 60 25 68 64 81 34 63 82 20 14 91 8 93 26 77 58 69 70 47 88 11 49 98 67 35 45 17 94 37 43 56 61 100 51 46 40 55 78 7 66 90 21 92 57 27 73 39 87 28 32 22 59 18 97 84 31 85 33 48 10 16 99 65 53 41 3 
3 76 15 42 36 89 9 38 71 62 95 83 30 13 86 29 5 80 1 79 50 6 54 19 23 24 4 52 96 74 44 75 12 2 72 60 25 68 64 81 34 63 82 20 14 91 8 93 26 77 58 69 70 47 88 11 49 98 67 35 45 17 94 37 43 56 61 100 51 46 40 55 78 7 66 90 21 92 57 27 73 39 87 28 32 22 59 18 97 84 31 85 33 48 10 16 99 65 53 41 
41 3 76 15 42 36 89 9 38 71 62 95 83 30 13 86 29 5 80 1 79 50 6 54 19 23 24 4 52 96 74 44 75 12 2 72 60 25 68 64 81 34 63 82 20 14 91 8 93 26 77 58 69 70 47 88 11 49 98 67 35 45 17 94 37 43 56 61 100 51 46 40 55 78 7 66 90 21 92 57 27 73 39 87 28 32 22 59 18 97 84 31 85 33 48 10 16 99 65 53 
53 41 3 76 15 42 36 89 9 38 71 62 95 83 30 13 86 29 5 80 1 79 50 6 54 19 23 24 4 52 96 74 44 75 12 2 72 60 25 68 64 81 34 63 82 20 14 91 8 93 26 77 58 69 70 47 88 11 49 98 67 35 45 17 94 37 43 56 61 100 51 46 40 55 78 7 66 90 21 92 57 27 73 39 87 28 32 22 59 18 97 84 31 85 33 48 10 16 99 65 
65 53 41 3 76 15 42 36 89 9 38 71 62 95 83 30 13 86 29 5 80 1 79 50 6 54 19 23 24 4 52 96 74 44 75 12 2 72 60 25 68 64 81 34 63 82 20 14 91 8 93 26 77 58 69 70 47 88 11 49 98 67 35 45 17 94 37 43 56 61 100 51 46 40 55 78 7 66 90 21 92 57 27 73 39 87 28 32 22 59 18 97 84 31 85 33 48 10 16 99 
99 65 53 41 3 76 15 42 36 89 9 38 71 62 95 83 30 13 86 29 5 80 1 79 50 6 54 19 23 24 4 52 96 74 44 75 12 2 72 60 25 68 64 81 34 63 82 20 14 91 8 93 26 77 58 69 70 47 88 11 49 98 67 35 45 17 94 37 43 56 61 100 51 46 40 55 78 7 66 90 21 92 57 27 73 39 87 28 32 22 59 18 97 84 31 85 33 48 10 16 
16 99 65 53 41 3 76 15 42 36 89 9 38 71 62 95 83 30 13 86 29 5 80 1 79 50 6 54 19 23 24 4 52 96 74 44 75 12 2 72 60 25 68 64 81 34 63 82 20 14 91 8 93 26 77 58 69 70 47 88 11 49 98 67 35 45 17 94 37 43 56 61 100 51 46 40 55 78 7 66 90 21 92 57 27 73 39 87 28 32 22 59 18 97 84 31 85 33 48 10 
10 16 99 65 53 41 3 76 15 42 36 89 9 38 71 62 95 83 30 13 86 29 5 80 1 79 50 6 54 19 23 24 4 52 96 74 44 75 12 2 72 60 25 68 64 81 34 63 82 20 14 91 8 93 26 77 58 69 70 47 88 11 49 98 67 35 45 17 94 37 43 56 61 100 51 46 40 55 78 7 66 90 21 92 57 27 73 39 87 28 32 22 59 18 97 84 31 85 33 48 
48 10 16 99 65 53 41 3 76 15 42 36 89 9 38 71 62 95 83 30 13 86 29 5 80 1 79 50 6 54 19 23 24 4 52 96 74 44 75 12 2 72 60 25 68 64 81 34 63 82 20 14 91 8 93 26 77 58 69 70 47 88 11 49 98 67 35 45 17 94 37 43 56 61 100 51 46 40 55 78 7 66 90 21 92 57 27 73 39 87 28 32 22 59 18 97 84 31 85 33 
33 48 10 16 99 65 53 41 3 76 15 42 36 89 9 38 71 62 95 83 30 13 86 29 5 80 1 79 50 6 54 19 23 24 4 52 96 74 44 75 12 2 72 60 25 68 64 81 34 63 82 20 14 91 8 93 26 77 58 69 70 47 88 11 49 98 67 35 45 17 94 37 43 56 61 100 51 46 40 55 78 7 66 90 21 92 57 27 73 39 87 28 32 22 59 18 97 84 31 85 
85 33 48 10 16 99 65 53 41 3 76 15 42 36 89 9 38 71 62 95 83 30 13 86 29 5 80 1 79 50 6 54 19 23 24 4 52 96 74 44 75 12 2 72 60 25 68 64 81 34 63 82 20 14 91 8 93 26 77 58 69 70 47 88 11 49 98 67 35 45 17 94 37 43 56 61 100 51 46 40 55 78 7 66 90 21 92 57 27 73 39 87 28 32 22 59 18 97 84 31 
31 85 33 48 10 16 99 65 53 41 3 76 15 42 36 89 9 38 71 62 95 83 30 13 86 29 5 80 1 79 50 6 54 19 23 24 4 52 96 74 44 75 12 2 72 60 25 68 64 81 34 63 82 20 14 91 8 93 26 77 58 69 70 47 88 11 49 98 67 35 45 17 94 37 43 56 61 100 51 46 40 55 78 7 66 90 21 92 57 27 73 39 87 28 32 22 59 18 97 84 
84 31 85 33 48 10 16 99 65 53 41 3 76 15 42 36 89 9 38 71 62 95 83 30 13 86 29 5 80 1 79 50 6 54 19 23 24 4 52 96 74 44 75 12 2 72 60 25 68 64 81 34 63 82 20 14 91 8 93 26 77 58 69 70 47 88 11 49 98 67 35 45 17 94 37 43 56 61 100 51 46 40 55 78 7 66 90 21 92 57 27 73 39 87 28 32 22 59 18 97 
97 84 31 85 33 48 10 16 99 65 53 41 3 76 15 42 36 89 9 38 71 62 95 83 30 13 86 29 5 80 1 79 50 6 54 19 23 24 4 52 96 74 44 75 12 2 72 60 25 68 64 81 34 63 82 20 14 91 8 93 26 77 58 69 70 47 88 11 49 98 67 35 45 17 94 37 43 56 61 100 51 46 40 55 78 7 66 90 21 92 57 27 73 39 87 28 32 22 59 18 
18 97 84 31 85 33 48 10 16 99 65 53 41 3 76 15 42 36 89 9 38 71 62 95 83 30 13 86 29 5 80 1 79 50 6 54 19 23 24 4 52 96 74 44 75 12 2 72 60 25 68 64 81 34 63 82 20 14 91 8 93 26 77 58 69 70 47 88 11 49 98 67 35 45 17 94 37 43 56 61 100 51 46 40 55 78 7 66 90 21 92 57 27 73 39 87 28 32 22 59 
59 18 97 84 31 85 33 48 10 16 99 65 53 41 3 76 15 42 36 89 9 38 71 62 95 83 30 13 86 29 5 80 1 79 50 6 54 19 23 24 4 52 96 74 44 75 12 2 72 60 25 68 64 81 34 63 82 20 14 91 8 93 26 77 58 69 70 47 88 11 49 98 67 35 45 17 94 37 43 56 61 100 51 46 40 55 78 7 66 90 21 92 57 27 73 39 87 28 32 22 
22 59 18 97 84 31 85 33 48 10 16 99 65 53 41 3 76 15 42 36 89 9 38 71 62 95 83 30 13 86 29 5 80 1 79 50 6 54 19 23 24 4 52 96 74 44 75 12 2 72 60 25 68 64 81 34 63 82 20 14 91 8 93 26 77 58 69 70 47 88 11 49 98 67 35 45 17 94 37 43 56 61 100 51 46 40 55 78 7 66 90 21 92 57 27 73 39 87 28 32 
32 22 59 18 97 84 31 85 33 48 10 16 99 65 53 41 3 76 15 42 36 89 9 38 71 62 95 83 30 13 86 29 5 80 1 79 50 6 54 19 23 24 4 52 96 74 44 75 12 2 72 60 25 68 64 81 34 63 82 20 14 91 8 93 26 77 58 69 70 47 88 11 49 98 67 35 45 17 94 37 43 56 61 100 51 46 40 55 78 7 66 90 21 92 57 27 73 39 87 28 
28 32 22 59 18 97 84 31 85 33 48 10 16 99 65 53 41 3 76 15 42 36 89 9 38 71 62 95 83 30 13 86 29 5 80 1 79 50 6 54 19 23 24 4 52 96 74 44 75 12 2 72 60 25 68 64 81 34 63 82 20 14 91 8 93 26 77 58 69 70 47 88 11 49 98 67 35 45 17 94 37 43 56 61 100 51 46 40 55 78 7 66 90 21 92 57 27 73 39 87 
87 28 32 22 59 18 97 84 31 85 33 48 10 16 99 65 53 41 3 76 15 42 36 89 9 38 71 62 95 83 30 13 86 29 5 80 1 79 50 6 54 19 23 24 4 52 96 74 44 75 12 2 72 60 25 68 64 81 34 63 82 20 14 91 8 93 26 77 58 69 70 47 88 11 49 98 67 35 45 17 94 37 43 56 61 100 51 46 40 55 78 7 66 90 21 92 57 27 73 39 
39 87 28 32 22 59 18 97 84 31 85 33 48 10 16 99 65 53 41 3 76 15 42 36 89 9 38 71 62 95 83 30 13 86 29 5 80 1 79 50 6 54 19 23 24 4 52 96 74 44 75 12 2 72 60 25 68 64 81 34 63 82 20 14 91 8 93 26 77 58 69 70 47 88 11 49 98 67 35 45 17 94 37 43 56 61 100 51 46 40 55 78 7 66 90 21 92 57 27 73 
73 39 87 28 32 22 59 18 97 84 31 85 33 48 10 16 99 65 53 41 3 76 15 42 36 89 9 38 71 62 95 83 30 13 86 29 5 80 1 79 50 6 54 19 23 24 4 52 96 74 44 75 12 2 72 60 25 68 64 81 34 63 82 20 14 91 8 93 26 77 58 69 70 47 88 11 49 98 67 35 45 17 94 37 43 56 61 100 51 46 40 55 78 7 66 90 21 92 57 27 
27 73 39 87 28 32 22 59 18 97 84 31 85 33 48 10 16 99 65 53 41 3 76 15 42 36 89 9 38 71 62 95 83 30 13 86 29 5 80 1 79 50 6 54 19 23 24 4 52 96 74 44 75 12 2 72 60 25 68 64 81 34 63 82 20 14 91 8 93 26 77 58 69 70 47 88 11 49 98 67 35 45 17 94 37 43 56 61 100 51 46 40 55 78 7 66 90 21 92 57 
57 27 73 39 87 28 32 22 59 18 97 84 31 85 33 48 10 16 99 65 53 41 3 76 15 42 36 89 9 38 71 62 95 83 30 13 86 29 5 80 1 79 50 6 54 19 23 24 4 52 96 74 44 75 12 2 72 60 25 68 64 81 34 63 82 20 14 91 8 93 26 77 58 69 70 47 88 11 49 98 67 35 45 17 94 37 43 56 61 100 51 46 40 55 78 7 66 90 21 92 
92 57 27 73 39 87 28 32 22 59 18 97 84 31 85 33 48 10 16 99 65 53 41 3 76 15 42 36 89 9 38 71 62 95 83 30 13 86 29 5 80 1 79 50 6 54 19 23 24 4 52 96 74 44 75 12 2 72 60 25 68 64 81 34 63 82 20 14 91 8 93 26 77 58 69 70 47 88 11 49 98 67 35 45 17 94 37 43 56 61 100 51 46 40 55 78 7 66 90 21 
21 92 57 27 73 39 87 28 32 22 59 18 97 84 31 85 33 48 10 16 99 65 53 41 3 76 15 42 36 89 9 38 71 62 95 83 30 13 86 29 5 80 1 79 50 6 54 19 23 24 4 52 96 74 44 75 12 2 72 60 25 68 64 81 34 63 82 20 14 91 8 93 26 77 58 69 70 47 88 11 49 98 67 35 45 17 94 37 43 56 61 100 51 46 40 55 78 7 66 90 
90 21 92 57 27 73 39 87 28 32 22 59 18 97 84 31 85 33 48 10 16 99 65 53 41 3 76 15 42 36 89 9 38 71 62 95 83 30 13 86 29 5 80 1 79 50 6 54 19 23 24 4 52 96 74 44 75 12 2 72 60 25 68 64 81 34 63 82 20 14 91 8 93 26 77 58 69 70 47 88 11 49 98 67 35 45 17 94 37 43 56 61 100 51 46 40 55 78 7 66 
66 90 21 92 57 27 73 39 87 28 32 22 59 18 97 84 31 85 33 48 10 16 99 65 53 41 3 76 15 42 36 89 9 38 71 62 95 83 30 13 86 29 5 80 1 79 50 6 54 19 23 24 4 52 96 74 44 75 12 2 72 60 25 68 64 81 34 63 82 20 14 91 8 93 26 77 58 69 70 47 88 11 49 98 67 35 45 17 94 37 43 56 61 100 51 46 40 55 78 7 
7 66 90 21 92 57 27 73 39 87 28 32 22 59 18 97 84 31 85 33 48 10 16 99 65 53 41 3 76 15 42 36 89 9 38 71 62 95 83 30 13 86 29 5 80 1 79 50 6 54 19 23 24 4 52 96 74 44 75 12 2 72 60 25 68 64 81 34 63 82 20 14 91 8 93 26 77 58 69 70 47 88 11 49 98 67 35 45 17 94 37 43 56 61 100 51 46 40 55 78 
78 7 66 90 21 92 57 27 73 39 87 28 32 22 59 18 97 84 31 85 33 48 10 16 99 65 53 41 3 76 15 42 36 89 9 38 71 62 95 83 30 13 86 29 5 80 1 79 50 6 54 19 23 24 4 52 96 74 44 75 12 2 72 60 25 68 64 81 34 63 82 20 14 91 8 93 26 77 58 69 70 47 88 11 49 98 67 35 45 17 94 37 43 56 61 100 51 46 40 55 
55 78 7 66 90 21 92 57 27 73 39 87 28 32 22 59 18 97 84 31 85 33 48 10 16 99 65 53 41 3 76 15 42 36 89 9 38 71 62 95 83 30 13 86 29 5 80 1 79 50 6 54 19 23 24 4 52 96 74 44 75 12 2 72 60 25 68 64 81 34 63 82 20 14 91 8 93 26 77 58 69 70 47 88 11 49 98 67 35 45 17 94 37 43 56 61 100 51 46 40 
40 55 78 7 66 90 21 92 57 27 73 39 87 28 32 22 59 18 97 84 31 85 33 48 10 16 99 65 53 41 3 76 15 42 36 89 9 38 71 62 95 83 30 13 86 29 5 80 1 79 50 6 54 19 23 24 4 52 96 74 44 75 12 2 72 60 25 68 64 81 34 63 82 20 14 91 8 93 26 77 58 69 70 47 88 11 49 98 67 35 45 17 94 37 43 56 61 100 51 46 
46 40 55 78 7 66 90 21 92 57 27 73 39 87 28 32 22 59 18 97 84 31 85 33 48 10 16 99 65 53 41 3 76 15 42 36 89 9 38 71 62 95 83 30 13 86 29 5 80 1 79 50 6 54 19 23 24 4 52 96 74 44 75 12 2 72 60 25 68 64 81 34 63 82 20 14 91 8 93 26 77 58 69 70 47 88 11 49 98 67 35 45 17 94 37 43 56 61 100 51 
51 46 40 55 78 7 66 90 21 92 57 27 73 39 87 28 32 22 59 18 97 84 31 85 33 48 10 16 99 65 53 41 3 76 15 42 36 89 9 38 71 62 95 83 30 13 86 29 5 80 1 79 50 6 54 19 23 24 4 52 96 74 44 75 12 2 72 60 25 68 64 81 34 63 82 20 14 91 8 93 26 77 58 69 70 47 88 11 49 98 67 35 45 17 94 37 43 56 61 100 
100 51 46 40 55 78 7 66 90 21 92 57 27 73 39 87 28 32 22 59 18 97 84 31 85 33 48 10 16 99 65 53 41 3 76 15 42 36 89 9 38 71 62 95 83 30 13 86 29 5 80 1 79 50 6 54 19 23 24 4 52 96 74 44 75 12 2 72 60 25 68 64 81 34 63 82 20 14 91 8 93 26 77 58 69 70 47 88 11 49 98 67 35 45 17 94 37 43 56 61 
61 100 51 46 40 55 78 7 66 90 21 92 57 27 73 39 87 28 32 22 59 18 97 84 31 85 33 48 10 16 99 65 53 41 3 76 15 42 36 89 9 38 71 62 95 83 30 13 86 29 5 80 1 79 50 6 54 19 23 24 4 52 96 74 44 75 12 2 72 60 25 68 64 81 34 63 82 20 14 91 8 93 26 77 58 69 70 47 88 11 49 98 67 35 45 17 94 37 43 56 
56 61 100 51 46 40 55 78 7 66 90 21 92 57 27 73 39 87 28 32 22 59 18 97 84 31 85 33 48 10 16 99 65 53 41 3 76 15 42 36 89 9 38 71 62 95 83 30 13 86 29 5 80 1 79 50 6 54 19 23 24 4 52 96 74 44 75 12 2 72 60 25 68 64 81 34 63 82 20 14 91 8 93 26 77 58 69 70 47 88 11 49 98 67 35 45 17 94 37 43 
43 56 61 100 51 46 40 55 78 7 66 90 21 92 57 27 73 39 87 28 32 22 59 18 97 84 31 85 33 48 10 16 99 65 53 41 3 76 15 42 36 89 9 38 71 62 95 83 30 13 86 29 5 80 1 79 50 6 54 19 23 24 4 52 96 74 44 75 12 2 72 60 25 68 64 81 34 63 82 20 14 91 8 93 26 77 58 69 70 47 88 11 49 98 67 35 45 17 94 37 
37 43 56 61 100 51 46 40 55 78 7 66 90 21 92 57 27 73 39 87 28 32 22 59 18 97 84 31 85 33 48 10 16 99 65 53 41 3 76 15 42 36 89 9 38 71 62 95 83 30 13 86 29 5 80 1 79 50 6 54 19 23 24 4 52 96 74 44 75 12 2 72 60 25 68 64 81 34 63 82 20 14 91 8 93 26 77 58 69 70 47 88 11 49 98 67 35 45 17 94 
94 37 43 56 61 100 51 46 40 55 78 7 66 90 21 92 57 27 73 39 87 28 32 22 59 18 97 84 31 85 33 48 10 16 99 65 53 41 3 76 15 42 36 89 9 38 71 62 95 83 30 13 86 29 5 80 1 79 50 6 54 19 23 24 4 52 96 74 44 75 12 2 72 60 25 68 64 81 34 63 82 20 14 91 8 93 26 77 58 69 70 47 88 11 49 98 67 35 45 17 
