10000
100 100
64 17 4 73 15 3 62 81 59 11 39 38 56 86 68 53 57 91 23 98 41 34 24 58 85 29 55 28 32 54 35 67 46 1 69 48 89 10 42 96 87 66 21 14 7 90 75 63 33 12 5 8 31 92 78 50 84 27 13 100 52 6 16 37 82 80 22 70 79 72 26 74 30 95 77 40 19 83 18 88 9 61 43 60 51 44 49 45 97 93 99 94 71 76 25 20 65 36 2 47 
47 64 17 4 73 15 3 62 81 59 11 39 38 56 86 68 53 57 91 23 98 41 34 24 58 85 29 55 28 32 54 35 67 46 1 69 48 89 10 42 96 87 66 21 14 7 90 75 63 33 12 5 8 31 92 78 50 84 27 13 100 52 6 16 37 82 80 22 70 79 72 26 74 30 95 77 40 19 83 18 88 9 61 43 60 51 44 49 45 97 93 99 94 71 76 25 20 65 36 2 
2 47 64 17 4 73 15 3 62 81 59 11 39 38 56 86 68 53 57 91 23 98 41 34 24 58 85 29 55 28 32 54 35 67 46 1 69 48 89 10 42 96 87 66 21 14 7 90 75 63 33 12 5 8 31 92 78 50 84 27 13 100 52 6 16 37 82 80 22 70 79 72 26 74 30 95 77 40 19 83 18 88 9 61 43 60 51 44 49 45 97 93 99 94 71 76 25 20 65 36 
36 2 47 64 17 4 73 15 3 62 81 59 11 39 38 56 86 68 53 57 91 23 98 41 34 24 58 85 29 55 28 32 54 35 67 46 1 69 48 89 10 42 96 87 66 21 14 7 90 75 63 33 12 5 8 31 92 78 50 84 27 13 100 52 6 16 37 82 80 22 70 79 72 26 74 30 95 77 40 19 83 18 88 9 61 43 60 51 44 49 45 97 93 99 94 71 76 25 20 65 
65 36 2 47 64 17 4 73 15 3 62 81 59 11 39 38 56 86 68 53 57 91 23 98 41 34 24 58 85 29 55 28 32 54 35 67 46 1 69 48 89 10 42 96 87 66 21 14 7 90 75 63 33 12 5 8 31 92 78 50 84 27 13 100 52 6 16 37 82 80 22 70 79 72 26 74 30 95 77 40 19 83 18 88 9 61 43 60 51 44 49 45 97 93 99 94 71 76 25 20 
20 65 36 2 47 64 17 4 73 15 3 62 81 59 11 39 38 56 86 68 53 57 91 23 98 41 34 24 58 85 29 55 28 32 54 35 67 46 1 69 48 89 10 42 96 87 66 21 14 7 90 75 63 33 12 5 8 31 92 78 50 84 27 13 100 52 6 16 37 82 80 22 70 79 72 26 74 30 95 77 40 19 83 18 88 9 61 43 60 51 44 49 45 97 93 99 94 71 76 25 
25 20 65 36 2 47 64 17 4 73 15 3 62 81 59 11 39 38 56 86 68 53 57 91 23 98 41 34 24 58 85 29 55 28 32 54 35 67 46 1 69 48 89 10 42 96 87 66 21 14 7 90 75 63 33 12 5 8 31 92 78 50 84 27 13 100 52 6 16 37 82 80 22 70 79 72 26 74 30 95 77 40 19 83 18 88 9 61 43 60 51 44 49 45 97 93 99 94 71 76 
76 25 20 65 36 2 47 64 17 4 73 15 3 62 81 59 11 39 38 56 86 68 53 57 91 23 98 41 34 24 58 85 29 55 28 32 54 35 67 46 1 69 48 89 10 42 96 87 66 21 14 7 90 75 63 33 12 5 8 31 92 78 50 84 27 13 100 52 6 16 37 82 80 22 70 79 72 26 74 30 95 77 40 19 83 18 88 9 61 43 60 51 44 49 45 97 93 99 94 71 
71 76 25 20 65 36 2 47 64 17 4 73 15 3 62 81 59 11 39 38 56 86 68 53 57 91 23 98 41 34 24 58 85 29 55 28 32 54 35 67 46 1 69 48 89 10 42 96 87 66 21 14 7 90 75 63 33 12 5 8 31 92 78 50 84 27 13 100 52 6 16 37 82 80 22 70 79 72 26 74 30 95 77 40 19 83 18 88 9 61 43 60 51 44 49 45 97 93 99 94 
94 71 76 25 20 65 36 2 47 64 17 4 73 15 3 62 81 59 11 39 38 56 86 68 53 57 91 23 98 41 34 24 58 85 29 55 28 32 54 35 67 46 1 69 48 89 10 42 96 87 66 21 14 7 90 75 63 33 12 5 8 31 92 78 50 84 27 13 100 52 6 16 37 82 80 22 70 79 72 26 74 30 95 77 40 19 83 18 88 9 61 43 60 51 44 49 45 97 93 99 
99 94 71 76 25 20 65 36 2 47 64 17 4 73 15 3 62 81 59 11 39 38 56 86 68 53 57 91 23 98 41 34 24 58 85 29 55 28 32 54 35 67 46 1 69 48 89 10 42 96 87 66 21 14 7 90 75 63 33 12 5 8 31 92 78 50 84 27 13 100 52 6 16 37 82 80 22 70 79 72 26 74 30 95 77 40 19 83 18 88 9 61 43 60 51 44 49 45 97 93 
93 99 94 71 76 25 20 65 36 2 47 64 17 4 73 15 3 62 81 59 11 39 38 56 86 68 53 57 91 23 98 41 34 24 58 85 29 55 28 32 54 35 67 46 1 69 48 89 10 42 96 87 66 21 14 7 90 75 63 33 12 5 8 31 92 78 50 84 27 13 100 52 6 16 37 82 80 22 70 79 72 26 74 30 95 77 40 19 83 18 88 9 61 43 60 51 44 49 45 97 
97 93 99 94 71 76 25 20 65 36 2 47 64 17 4 73 15 3 62 81 59 11 39 38 56 86 68 53 57 91 23 98 41 34 24 58 85 29 55 28 32 54 35 67 46 1 69 48 89 10 42 96 87 66 21 14 7 90 75 63 33 12 5 8 31 92 78 50 84 27 13 100 52 6 16 37 82 80 22 70 79 72 26 74 30 95 77 40 19 83 18 88 9 61 43 60 51 44 49 45 
45 97 93 99 94 71 76 25 20 65 36 2 47 64 17 4 73 15 3 62 81 59 11 39 38 56 86 68 53 57 91 23 98 41 34 24 58 85 29 55 28 32 54 35 67 46 1 69 48 89 10 42 96 87 66 21 14 7 90 75 63 33 12 5 8 31 92 78 50 84 27 13 100 52 6 16 37 82 80 22 70 79 72 26 74 30 95 77 40 19 83 18 88 9 61 43 60 51 44 49 
49 45 97 93 99 94 71 76 25 20 65 36 2 47 64 17 4 73 15 3 62 81 59 11 39 38 56 86 68 53 57 91 23 98 41 34 24 58 85 29 55 28 32 54 35 67 46 1 69 48 89 10 42 96 87 66 21 14 7 90 75 63 33 12 5 8 31 92 78 50 84 27 13 100 52 6 16 37 82 80 22 70 79 72 26 74 30 95 77 40 19 83 18 88 9 61 43 60 51 44 
44 49 45 97 93 99 94 71 76 25 20 65 36 2 47 64 17 4 73 15 3 62 81 59 11 39 38 56 86 68 53 57 91 23 98 41 34 24 58 85 29 55 28 32 54 35 67 46 1 69 48 89 10 42 96 87 66 21 14 7 90 75 63 33 12 5 8 31 92 78 50 84 27 13 100 52 6 16 37 82 80 22 70 79 72 26 74 30 95 77 40 19 83 18 88 9 61 43 60 51 
51 44 49 45 97 93 99 94 71 76 25 20 65 36 2 47 64 17 4 73 15 3 62 81 59 11 39 38 56 86 68 53 57 91 23 98 41 34 24 58 85 29 55 28 32 54 35 67 46 1 69 48 89 10 42 96 87 66 21 14 7 90 75 63 33 12 5 8 31 92 78 50 84 27 13 100 52 6 16 37 82 80 22 70 79 72 26 74 30 95 77 40 19 83 18 88 9 61 43 60 
60 51 44 49 45 97 93 99 94 71 76 25 20 65 36 2 47 64 17 4 73 15 3 62 81 59 11 39 38 56 86 68 53 57 91 23 98 41 34 24 58 85 29 55 28 32 54 35 67 46 1 69 48 89 10 42 96 87 66 21 14 7 90 75 63 33 12 5 8 31 92 78 50 84 27 13 100 52 6 16 37 82 80 22 70 79 72 26 74 30 95 77 40 19 83 18 88 9 61 43 
43 60 51 44 49 45 97 93 99 94 71 76 25 20 65 36 2 47 64 17 4 73 15 3 62 81 59 11 39 38 56 86 68 53 57 91 23 98 41 34 24 58 85 29 55 28 32 54 35 67 46 1 69 48 89 10 42 96 87 66 21 14 7 90 75 63 33 12 5 8 31 92 78 50 84 27 13 100 52 6 16 37 82 80 22 70 79 72 26 74 30 95 77 40 19 83 18 88 9 61 
61 43 60 51 44 49 45 97 93 99 94 71 76 25 20 65 36 2 47 64 17 4 73 15 3 62 81 59 11 39 38 56 86 68 53 57 91 23 98 41 34 24 58 85 29 55 28 32 54 35 67 46 1 69 48 89 10 42 96 87 66 21 14 7 90 75 63 33 12 5 8 31 92 78 50 84 27 13 100 52 6 16 37 82 80 22 70 79 72 26 74 30 95 77 40 19 83 18 88 9 
9 61 43 60 51 44 49 45 97 93 99 94 71 76 25 20 65 36 2 47 64 17 4 73 15 3 62 81 59 11 39 38 56 86 68 53 57 91 23 98 41 34 24 58 85 29 55 28 32 54 35 67 46 1 69 48 89 10 42 96 87 66 21 14 7 90 75 63 33 12 5 8 31 92 78 50 84 27 13 100 52 6 16 37 82 80 22 70 79 72 26 74 30 95 77 40 19 83 18 88 
88 9 61 43 60 51 44 49 45 97 93 99 94 71 76 25 20 65 36 2 47 64 17 4 73 15 3 62 81 59 11 39 38 56 86 68 53 57 91 23 98 41 34 24 58 85 29 55 28 32 54 35 67 46 1 69 48 89 10 42 96 87 66 21 14 7 90 75 63 33 12 5 8 31 92 78 50 84 27 13 100 52 6 16 37 82 80 22 70 79 72 26 74 30 95 77 40 19 83 18 
18 88 9 61 43 60 51 44 49 45 97 93 99 94 71 76 25 20 65 36 2 47 64 17 4 73 15 3 62 81 59 11 39 38 56 86 68 53 57 91 23 98 41 34 24 58 85 29 55 28 32 54 35 67 46 1 69 48 89 10 42 96 87 66 21 14 7 90 75 63 33 12 5 8 31 92 78 50 84 27 13 100 52 6 16 37 82 80 22 70 79 72 26 74 30 95 77 40 19 83 
83 18 88 9 61 43 60 51 44 49 45 97 93 99 94 71 76 25 20 65 36 2 47 64 17 4 73 15 3 62 81 59 11 39 38 56 86 68 53 57 91 23 98 41 34 24 58 85 29 55 28 32 54 35 67 46 1 69 48 89 10 42 96 87 66 21 14 7 90 75 63 33 12 5 8 31 92 78 50 84 27 13 100 52 6 16 37 82 80 22 70 79 72 26 74 30 95 77 40 19 
19 83 18 88 9 61 43 60 51 44 49 45 97 93 99 94 71 76 25 20 65 36 2 47 64 17 4 73 15 3 62 81 59 11 39 38 56 86 68 53 57 91 23 98 41 34 24 58 85 29 55 28 32 54 35 67 46 1 69 48 89 10 42 96 87 66 21 14 7 90 75 63 33 12 5 8 31 92 78 50 84 27 13 100 52 6 16 37 82 80 22 70 79 72 26 74 30 95 77 40 
40 19 83 18 88 9 61 43 60 51 44 49 45 97 93 99 94 71 76 25 20 65 36 2 47 64 17 4 73 15 3 62 81 59 11 39 38 56 86 68 53 57 91 23 98 41 34 24 58 85 29 55 28 32 54 35 67 46 1 69 48 89 10 42 96 87 66 21 14 7 90 75 63 33 12 5 8 31 92 78 50 84 27 13 100 52 6 16 37 82 80 22 70 79 72 26 74 30 95 77 
77 40 19 83 18 88 9 61 43 60 51 44 49 45 97 93 99 94 71 76 25 20 65 36 2 47 64 17 4 73 15 3 62 81 59 11 39 38 56 86 68 53 57 91 23 98 41 34 24 58 85 29 55 28 32 54 35 67 46 1 69 48 89 10 42 96 87 66 21 14 7 90 75 63 33 12 5 8 31 92 78 50 84 27 13 100 52 6 16 37 82 80 22 70 79 72 26 74 30 95 
95 77 40 19 83 18 88 9 61 43 60 51 44 49 45 97 93 99 94 71 76 25 20 65 36 2 47 64 17 4 73 15 3 62 81 59 11 39 38 56 86 68 53 57 91 23 98 41 34 24 58 85 29 55 28 32 54 35 67 46 1 69 48 89 10 42 96 87 66 21 14 7 90 75 63 33 12 5 8 31 92 78 50 84 27 13 100 52 6 16 37 82 80 22 70 79 72 26 74 30 
30 95 77 40 19 83 18 88 9 61 43 60 51 44 49 45 97 93 99 94 71 76 25 20 65 36 2 47 64 17 4 73 15 3 62 81 59 11 39 38 56 86 68 53 57 91 23 98 41 34 24 58 85 29 55 28 32 54 35 67 46 1 69 48 89 10 42 96 87 66 21 14 7 90 75 63 33 12 5 8 31 92 78 50 84 27 13 100 52 6 16 37 82 80 22 70 79 72 26 74 
74 30 95 77 40 19 83 18 88 9 61 43 60 51 44 49 45 97 93 99 94 71 76 25 20 65 36 2 47 64 17 4 73 15 3 62 81 59 11 39 38 56 86 68 53 57 91 23 98 41 34 24 58 85 29 55 28 32 54 35 67 46 1 69 48 89 10 42 96 87 66 21 14 7 90 75 63 33 12 5 8 31 92 78 50 84 27 13 100 52 6 16 37 82 80 22 70 79 72 26 
26 74 30 95 77 40 19 83 18 88 9 61 43 60 51 44 49 45 97 93 99 94 71 76 25 20 65 36 2 47 64 17 4 73 15 3 62 81 59 11 39 38 56 86 68 53 57 91 23 98 41 34 24 58 85 29 55 28 32 54 35 67 46 1 69 48 89 10 42 96 87 66 21 14 7 90 75 63 33 12 5 8 31 92 78 50 84 27 13 100 52 6 16 37 82 80 22 70 79 72 
72 26 74 30 95 77 40 19 83 18 88 9 61 43 60 51 44 49 45 97 93 99 94 71 76 25 20 65 36 2 47 64 17 4 73 15 3 62 81 59 11 39 38 56 86 68 53 57 91 23 98 41 34 24 58 85 29 55 28 32 54 35 67 46 1 69 48 89 10 42 96 87 66 21 14 7 90 75 63 33 12 5 8 31 92 78 50 84 27 13 100 52 6 16 37 82 80 22 70 79 
79 72 26 74 30 95 77 40 19 83 18 88 9 61 43 60 51 44 49 45 97 93 99 94 71 76 25 20 65 36 2 47 64 17 4 73 15 3 62 81 59 11 39 38 56 86 68 53 57 91 23 98 41 34 24 58 85 29 55 28 32 54 35 67 46 1 69 48 89 10 42 96 87 66 21 14 7 90 75 63 33 12 5 8 31 92 78 50 84 27 13 100 52 6 16 37 82 80 22 70 
70 79 72 26 74 30 95 77 40 19 83 18 88 9 61 43 60 51 44 49 45 97 93 99 94 71 76 25 20 65 36 2 47 64 17 4 73 15 3 62 81 59 11 39 38 56 86 68 53 57 91 23 98 41 34 24 58 85 29 55 28 32 54 35 67 46 1 69 48 89 10 42 96 87 66 21 14 7 90 75 63 33 12 5 8 31 92 78 50 84 27 13 100 52 6 16 37 82 80 22 
22 70 79 72 26 74 30 95 77 40 19 83 18 88 9 61 43 60 51 44 49 45 97 93 99 94 71 76 25 20 65 36 2 47 64 17 4 73 15 3 62 81 59 11 39 38 56 86 68 53 57 91 23 98 41 34 24 58 85 29 55 28 32 54 35 67 46 1 69 48 89 10 42 96 87 66 21 14 7 90 75 63 33 12 5 8 31 92 78 50 84 27 13 100 52 6 16 37 82 80 
80 22 70 79 72 26 74 30 95 77 40 19 83 18 88 9 61 43 60 51 44 49 45 97 93 99 94 71 76 25 20 65 36 2 47 64 17 4 73 15 3 62 81 59 11 39 38 56 86 68 53 57 91 23 98 41 34 24 58 85 29 55 28 32 54 35 67 46 1 69 48 89 10 42 96 87 66 21 14 7 90 75 63 33 12 5 8 31 92 78 50 84 27 13 100 52 6 16 37 82 
82 80 22 70 79 72 26 74 30 95 77 40 19 83 18 88 9 61 43 60 51 44 49 45 97 93 99 94 71 76 25 20 65 36 2 47 64 17 4 73 15 3 62 81 59 11 39 38 56 86 68 53 57 91 23 98 41 34 24 58 85 29 55 28 32 54 35 67 46 1 69 48 89 10 42 96 87 66 21 14 7 90 75 63 33 12 5 8 31 92 78 50 84 27 13 100 52 6 16 37 
37 82 80 22 70 79 72 26 74 30 95 77 40 19 83 18 88 9 61 43 60 51 44 49 45 97 93 99 94 71 76 25 20 65 36 2 47 64 17 4 73 15 3 62 81 59 11 39 38 56 86 68 53 57 91 23 98 41 34 24 58 85 29 55 28 32 54 35 67 46 1 69 48 89 10 42 96 87 66 21 14 7 90 75 63 33 12 5 8 31 92 78 50 84 27 13 100 52 6 16 
16 37 82 80 22 70 79 72 26 74 30 95 77 40 19 83 18 88 9 61 43 60 51 44 49 45 97 93 99 94 71 76 25 20 65 36 2 47 64 17 4 73 15 3 62 81 59 11 39 38 56 86 68 53 57 91 23 98 41 34 24 58 85 29 55 28 32 54 35 67 46 1 69 48 89 10 42 96 87 66 21 14 7 90 75 63 33 12 5 8 31 92 78 50 84 27 13 100 52 6 
6 16 37 82 80 22 70 79 72 26 74 30 95 77 40 19 83 18 88 9 61 43 60 51 44 49 45 97 93 99 94 71 76 25 20 65 36 2 47 64 17 4 73 15 3 62 81 59 11 39 38 56 86 68 53 57 91 23 98 41 34 24 58 85 29 55 28 32 54 35 67 46 1 69 48 89 10 42 96 87 66 21 14 7 90 75 63 33 12 5 8 31 92 78 50 84 27 13 100 52 
52 6 16 37 82 80 22 70 79 72 26 74 30 95 77 40 19 83 18 88 9 61 43 60 51 44 49 45 97 93 99 94 71 76 25 20 65 36 2 47 64 17 4 73 15 3 62 81 59 11 39 38 56 86 68 53 57 91 23 98 41 34 24 58 85 29 55 28 32 54 35 67 46 1 69 48 89 10 42 96 87 66 21 14 7 90 75 63 33 12 5 8 31 92 78 50 84 27 13 100 
100 52 6 16 37 82 80 22 70 79 72 26 74 30 95 77 40 19 83 18 88 9 61 43 60 51 44 49 45 97 93 99 94 71 76 25 20 65 36 2 47 64 17 4 73 15 3 62 81 59 11 39 38 56 86 68 53 57 91 23 98 41 34 24 58 85 29 55 28 32 54 35 67 46 1 69 48 89 10 42 96 87 66 21 14 7 90 75 63 33 12 5 8 31 92 78 50 84 27 13 
13 100 52 6 16 37 82 80 22 70 79 72 26 74 30 95 77 40 19 83 18 88 9 61 43 60 51 44 49 45 97 93 99 94 71 76 25 20 65 36 2 47 64 17 4 73 15 3 62 81 59 11 39 38 56 86 68 53 57 91 23 98 41 34 24 58 85 29 55 28 32 54 35 67 46 1 69 48 89 10 42 96 87 66 21 14 7 90 75 63 33 12 5 8 31 92 78 50 84 27 
27 13 100 52 6 16 37 82 80 22 70 79 72 26 74 30 95 77 40 19 83 18 88 9 61 43 60 51 44 49 45 97 93 99 94 71 76 25 20 65 36 2 47 64 17 4 73 15 3 62 81 59 11 39 38 56 86 68 53 57 91 23 98 41 34 24 58 85 29 55 28 32 54 35 67 46 1 69 48 89 10 42 96 87 66 21 14 7 90 75 63 33 12 5 8 31 92 78 50 84 
84 27 13 100 52 6 16 37 82 80 22 70 79 72 26 74 30 95 77 40 19 83 18 88 9 61 43 60 51 44 49 45 97 93 99 94 71 76 25 20 65 36 2 47 64 17 4 73 15 3 62 81 59 11 39 38 56 86 68 53 57 91 23 98 41 34 24 58 85 29 55 28 32 54 35 67 46 1 69 48 89 10 42 96 87 66 21 14 7 90 75 63 33 12 5 8 31 92 78 50 
50 84 27 13 100 52 6 16 37 82 80 22 70 79 72 26 74 30 95 77 40 19 83 18 88 9 61 43 60 51 44 49 45 97 93 99 94 71 76 25 20 65 36 2 47 64 17 4 73 15 3 62 81 59 11 39 38 56 86 68 53 57 91 23 98 41 34 24 58 85 29 55 28 32 54 35 67 46 1 69 48 89 10 42 96 87 66 21 14 7 90 75 63 33 12 5 8 31 92 78 
78 50 84 27 13 100 52 6 16 37 82 80 22 70 79 72 26 74 30 95 77 40 19 83 18 88 9 61 43 60 51 44 49 45 97 93 99 94 71 76 25 20 65 36 2 47 64 17 4 73 15 3 62 81 59 11 39 38 56 86 68 53 57 91 23 98 41 34 24 58 85 29 55 28 32 54 35 67 46 1 69 48 89 10 42 96 87 66 21 14 7 90 75 63 33 12 5 8 31 92 
92 78 50 84 27 13 100 52 6 16 37 82 80 22 70 79 72 26 74 30 95 77 40 19 83 18 88 9 61 43 60 51 44 49 45 97 93 99 94 71 76 25 20 65 36 2 47 64 17 4 73 15 3 62 81 59 11 39 38 56 86 68 53 57 91 23 98 41 34 24 58 85 29 55 28 32 54 35 67 46 1 69 48 89 10 42 96 87 66 21 14 7 90 75 63 33 12 5 8 31 
31 92 78 50 84 27 13 100 52 6 16 37 82 80 22 70 79 72 26 74 30 95 77 40 19 83 18 88 9 61 43 60 51 44 49 45 97 93 99 94 71 76 25 20 65 36 2 47 64 17 4 73 15 3 62 81 59 11 39 38 56 86 68 53 57 91 23 98 41 34 24 58 85 29 55 28 32 54 35 67 46 1 69 48 89 10 42 96 87 66 21 14 7 90 75 63 33 12 5 8 
8 31 92 78 50 84 27 13 100 52 6 16 37 82 80 22 70 79 72 26 74 30 95 77 40 19 83 18 88 9 61 43 60 51 44 49 45 97 93 99 94 71 76 25 20 65 36 2 47 64 17 4 73 15 3 62 81 59 11 39 38 56 86 68 53 57 91 23 98 41 34 24 58 85 29 55 28 32 54 35 67 46 1 69 48 89 10 42 96 87 66 21 14 7 90 75 63 33 12 5 
5 8 31 92 78 50 84 27 13 100 52 6 16 37 82 80 22 70 79 72 26 74 30 95 77 40 19 83 18 88 9 61 43 60 51 44 49 45 97 93 99 94 71 76 25 20 65 36 2 47 64 17 4 73 15 3 62 81 59 11 39 38 56 86 68 53 57 91 23 98 41 34 24 58 85 29 55 28 32 54 35 67 46 1 69 48 89 10 42 96 87 66 21 14 7 90 75 63 33 12 
12 5 8 31 92 78 50 84 27 13 100 52 6 16 37 82 80 22 70 79 72 26 74 30 95 77 40 19 83 18 88 9 61 43 60 51 44 49 45 97 93 99 94 71 76 25 20 65 36 2 47 64 17 4 73 15 3 62 81 59 11 39 38 56 86 68 53 57 91 23 98 41 34 24 58 85 29 55 28 32 54 35 67 46 1 69 48 89 10 42 96 87 66 21 14 7 90 75 63 33 
33 12 5 8 31 92 78 50 84 27 13 100 52 6 16 37 82 80 22 70 79 72 26 74 30 95 77 40 19 83 18 88 9 61 43 60 51 44 49 45 97 93 99 94 71 76 25 20 65 36 2 47 64 17 4 73 15 3 62 81 59 11 39 38 56 86 68 53 57 91 23 98 41 34 24 58 85 29 55 28 32 54 35 67 46 1 69 48 89 10 42 96 87 66 21 14 7 90 75 63 
63 33 12 5 8 31 92 78 50 84 27 13 100 52 6 16 37 82 80 22 70 79 72 26 74 30 95 77 40 19 83 18 88 9 61 43 60 51 44 49 45 97 93 99 94 71 76 25 20 65 36 2 47 64 17 4 73 15 3 62 81 59 11 39 38 56 86 68 53 57 91 23 98 41 34 24 58 85 29 55 28 32 54 35 67 46 1 69 48 89 10 42 96 87 66 21 14 7 90 75 
75 63 33 12 5 8 31 92 78 50 84 27 13 100 52 6 16 37 82 80 22 70 79 72 26 74 30 95 77 40 19 83 18 88 9 61 43 60 51 44 49 45 97 93 99 94 71 76 25 20 65 36 2 47 64 17 4 73 15 3 62 81 59 11 39 38 56 86 68 53 57 91 23 98 41 34 24 58 85 29 55 28 32 54 35 67 46 1 69 48 89 10 42 96 87 66 21 14 7 90 
90 75 63 33 12 5 8 31 92 78 50 84 27 13 100 52 6 16 37 82 80 22 70 79 72 26 74 30 95 77 40 19 83 18 88 9 61 43 60 51 44 49 45 97 93 99 94 71 76 25 20 65 36 2 47 64 17 4 73 15 3 62 81 59 11 39 38 56 86 68 53 57 91 23 98 41 34 24 58 85 29 55 28 32 54 35 67 46 1 69 48 89 10 42 96 87 66 21 14 7 
7 90 75 63 33 12 5 8 31 92 78 50 84 27 13 100 52 6 16 37 82 80 22 70 79 72 26 74 30 95 77 40 19 83 18 88 9 61 43 60 51 44 49 45 97 93 99 94 71 76 25 20 65 36 2 47 64 17 4 73 15 3 62 81 59 11 39 38 56 86 68 53 57 91 23 98 41 34 24 58 85 29 55 28 32 54 35 67 46 1 69 48 89 10 42 96 87 66 21 14 
14 7 90 75 63 33 12 5 8 31 92 78 50 84 27 13 100 52 6 16 37 82 80 22 70 79 72 26 74 30 95 77 40 19 83 18 88 9 61 43 60 51 44 49 45 97 93 99 94 71 76 25 20 65 36 2 47 64 17 4 73 15 3 62 81 59 11 39 38 56 86 68 53 57 91 23 98 41 34 24 58 85 29 55 28 32 54 35 67 46 1 69 48 89 10 42 96 87 66 21 
21 14 7 90 75 63 33 12 5 8 31 92 78 50 84 27 13 100 52 6 16 37 82 80 22 70 79 72 26 74 30 95 77 40 19 83 18 88 9 61 43 60 51 44 49 45 97 93 99 94 71 76 25 20 65 36 2 47 64 17 4 73 15 3 62 81 59 11 39 38 56 86 68 53 57 91 23 98 41 34 24 58 85 29 55 28 32 54 35 67 46 1 69 48 89 10 42 96 87 66 
66 21 14 7 90 75 63 33 12 5 8 31 92 78 50 84 27 13 100 52 6 16 37 82 80 22 70 79 72 26 74 30 95 77 40 19 83 18 88 9 61 43 60 51 44 49 45 97 93 99 94 71 76 25 20 65 36 2 47 64 17 4 73 15 3 62 81 59 11 39 38 56 86 68 53 57 91 23 98 41 34 24 58 85 29 55 28 32 54 35 67 46 1 69 48 89 10 42 96 87 
87 66 21 14 7 90 75 63 33 12 5 8 31 92 78 50 84 27 13 100 52 6 16 37 82 80 22 70 79 72 26 74 30 95 77 40 19 83 18 88 9 61 43 60 51 44 49 45 97 93 99 94 71 76 25 20 65 36 2 47 64 17 4 73 15 3 62 81 59 11 39 38 56 86 68 53 57 91 23 98 41 34 24 58 85 29 55 28 32 54 35 67 46 1 69 48 89 10 42 96 
96 87 66 21 14 7 90 75 63 33 12 5 8 31 92 78 50 84 27 13 100 52 6 16 37 82 80 22 70 79 72 26 74 30 95 77 40 19 83 18 88 9 61 43 60 51 44 49 45 97 93 99 94 71 76 25 20 65 36 2 47 64 17 4 73 15 3 62 81 59 11 39 38 56 86 68 53 57 91 23 98 41 34 24 58 85 29 55 28 32 54 35 67 46 1 69 48 89 10 42 
42 96 87 66 21 14 7 90 75 63 33 12 5 8 31 92 78 50 84 27 13 100 52 6 16 37 82 80 22 70 79 72 26 74 30 95 77 40 19 83 18 88 9 61 43 60 51 44 49 45 97 93 99 94 71 76 25 20 65 36 2 47 64 17 4 73 15 3 62 81 59 11 39 38 56 86 68 53 57 91 23 98 41 34 24 58 85 29 55 28 32 54 35 67 46 1 69 48 89 10 
10 42 96 87 66 21 14 7 90 75 63 33 12 5 8 31 92 78 50 84 27 13 100 52 6 16 37 82 80 22 70 79 72 26 74 30 95 77 40 19 83 18 88 9 61 43 60 51 44 49 45 97 93 99 94 71 76 25 20 65 36 2 47 64 17 4 73 15 3 62 81 59 11 39 38 56 86 68 53 57 91 23 98 41 34 24 58 85 29 55 28 32 54 35 67 46 1 69 48 89 
89 10 42 96 87 66 21 14 7 90 75 63 33 12 5 8 31 92 78 50 84 27 13 100 52 6 16 37 82 80 22 70 79 72 26 74 30 95 77 40 19 83 18 88 9 61 43 60 51 44 49 45 97 93 99 94 71 76 25 20 65 36 2 47 64 17 4 73 15 3 62 81 59 11 39 38 56 86 68 53 57 91 23 98 41 34 24 58 85 29 55 28 32 54 35 67 46 1 69 48 
48 89 10 42 96 87 66 21 14 7 90 75 63 33 12 5 8 31 92 78 50 84 27 13 100 52 6 16 37 82 80 22 70 79 72 26 74 30 95 77 40 19 83 18 88 9 61 43 60 51 44 49 45 97 93 99 94 71 76 25 20 65 36 2 47 64 17 4 73 15 3 62 81 59 11 39 38 56 86 68 53 57 91 23 98 41 34 24 58 85 29 55 28 32 54 35 67 46 1 69 
69 48 89 10 42 96 87 66 21 14 7 90 75 63 33 12 5 8 31 92 78 50 84 27 13 100 52 6 16 37 82 80 22 70 79 72 26 74 30 95 77 40 19 83 18 88 9 61 43 60 51 44 49 45 97 93 99 94 71 76 25 20 65 36 2 47 64 17 4 73 15 3 62 81 59 11 39 38 56 86 68 53 57 91 23 98 41 34 24 58 85 29 55 28 32 54 35 67 46 1 
1 69 48 89 10 42 96 87 66 21 14 7 90 75 63 33 12 5 8 31 92 78 50 84 27 13 100 52 6 16 37 82 80 22 70 79 72 26 74 30 95 77 40 19 83 18 88 9 61 43 60 51 44 49 45 97 93 99 94 71 76 25 20 65 36 2 47 64 17 4 73 15 3 62 81 59 11 39 38 56 86 68 53 57 91 23 98 41 34 24 58 85 29 55 28 32 54 35 67 46 
46 1 69 48 89 10 42 96 87 66 21 14 7 90 75 63 33 12 5 8 31 92 78 50 84 27 13 100 52 6 16 37 82 80 22 70 79 72 26 74 30 95 77 40 19 83 18 88 9 61 43 60 51 44 49 45 97 93 99 94 71 76 25 20 65 36 2 47 64 17 4 73 15 3 62 81 59 11 39 38 56 86 68 53 57 91 23 98 41 34 24 58 85 29 55 28 32 54 35 67 
67 46 1 69 48 89 10 42 96 87 66 21 14 7 90 75 63 33 12 5 8 31 92 78 50 84 27 13 100 52 6 16 37 82 80 22 70 79 72 26 74 30 95 77 40 19 83 18 88 9 61 43 60 51 44 49 45 97 93 99 94 71 76 25 20 65 36 2 47 64 17 4 73 15 3 62 81 59 11 39 38 56 86 68 53 57 91 23 98 41 34 24 58 85 29 55 28 32 54 35 
35 67 46 1 69 48 89 10 42 96 87 66 21 14 7 90 75 63 33 12 5 8 31 92 78 50 84 27 13 100 52 6 16 37 82 80 22 70 79 72 26 74 30 95 77 40 19 83 18 88 9 61 43 60 51 44 49 45 97 93 99 94 71 76 25 20 65 36 2 47 64 17 4 73 15 3 62 81 59 11 39 38 56 86 68 53 57 91 23 98 41 34 24 58 85 29 55 28 32 54 
54 35 67 46 1 69 48 89 10 42 96 87 66 21 14 7 90 75 63 33 12 5 8 31 92 78 50 84 27 13 100 52 6 16 37 82 80 22 70 79 72 26 74 30 95 77 40 19 83 18 88 9 61 43 60 51 44 49 45 97 93 99 94 71 76 25 20 65 36 2 47 64 17 4 73 15 3 62 81 59 11 39 38 56 86 68 53 57 91 23 98 41 34 24 58 85 29 55 28 32 
32 54 35 67 46 1 69 48 89 10 42 96 87 66 21 14 7 90 75 63 33 12 5 8 31 92 78 50 84 27 13 100 52 6 16 37 82 80 22 70 79 72 26 74 30 95 77 40 19 83 18 88 9 61 43 60 51 44 49 45 97 93 99 94 71 76 25 20 65 36 2 47 64 17 4 73 15 3 62 81 59 11 39 38 56 86 68 53 57 91 23 98 41 34 24 58 85 29 55 28 
28 32 54 35 67 46 1 69 48 89 10 42 96 87 66 21 14 7 90 75 63 33 12 5 8 31 92 78 50 84 27 13 100 52 6 16 37 82 80 22 70 79 72 26 74 30 95 77 40 19 83 18 88 9 61 43 60 51 44 49 45 97 93 99 94 71 76 25 20 65 36 2 47 64 17 4 73 15 3 62 81 59 11 39 38 56 86 68 53 57 91 23 98 41 34 24 58 85 29 55 
55 28 32 54 35 67 46 1 69 48 89 10 42 96 87 66 21 14 7 90 75 63 33 12 5 8 31 92 78 50 84 27 13 100 52 6 16 37 82 80 22 70 79 72 26 74 30 95 77 40 19 83 18 88 9 61 43 60 51 44 49 45 97 93 99 94 71 76 25 20 65 36 2 47 64 17 4 73 15 3 62 81 59 11 39 38 56 86 68 53 57 91 23 98 41 34 24 58 85 29 
29 55 28 32 54 35 67 46 1 69 48 89 10 42 96 87 66 21 14 7 90 75 63 33 12 5 8 31 92 78 50 84 27 13 100 52 6 16 37 82 80 22 70 79 72 26 74 30 95 77 40 19 83 18 88 9 61 43 60 51 44 49 45 97 93 99 94 71 76 25 20 65 36 2 47 64 17 4 73 15 3 62 81 59 11 39 38 56 86 68 53 57 91 23 98 41 34 24 58 85 
85 29 55 28 32 54 35 67 46 1 69 48 89 10 42 96 87 66 21 14 7 90 75 63 33 12 5 8 31 92 78 50 84 27 13 100 52 6 16 37 82 80 22 70 79 72 26 74 30 95 77 40 19 83 18 88 9 61 43 60 51 44 49 45 97 93 99 94 71 76 25 20 65 36 2 47 64 17 4 73 15 3 62 81 59 11 39 38 56 86 68 53 57 91 23 98 41 34 24 58 
58 85 29 55 28 32 54 35 67 46 1 69 48 89 10 42 96 87 66 21 14 7 90 75 63 33 12 5 8 31 92 78 50 84 27 13 100 52 6 16 37 82 80 22 70 79 72 26 74 30 95 77 40 19 83 18 88 9 61 43 60 51 44 49 45 97 93 99 94 71 76 25 20 65 36 2 47 64 17 4 73 15 3 62 81 59 11 39 38 56 86 68 53 57 91 23 98 41 34 24 
24 58 85 29 55 28 32 54 35 67 46 1 69 48 89 10 42 96 87 66 21 14 7 90 75 63 33 12 5 8 31 92 78 50 84 27 13 100 52 6 16 37 82 80 22 70 79 72 26 74 30 95 77 40 19 83 18 88 9 61 43 60 51 44 49 45 97 93 99 94 71 76 25 20 65 36 2 47 64 17 4 73 15 3 62 81 59 11 39 38 56 86 68 53 57 91 23 98 41 34 
34 24 58 85 29 55 28 32 54 35 67 46 1 69 48 89 10 42 96 87 66 21 14 7 90 75 63 33 12 5 8 31 92 78 50 84 27 13 100 52 6 16 37 82 80 22 70 79 72 26 74 30 95 77 40 19 83 18 88 9 61 43 60 51 44 49 45 97 93 99 94 71 76 25 20 65 36 2 47 64 17 4 73 15 3 62 81 59 11 39 38 56 86 68 53 57 91 23 98 41 
41 34 24 58 85 29 55 28 32 54 35 67 46 1 69 48 89 10 42 96 87 66 21 14 7 90 75 63 33 12 5 8 31 92 78 50 84 27 13 100 52 6 16 37 82 80 22 70 79 72 26 74 30 95 77 40 19 83 18 88 9 61 43 60 51 44 49 45 97 93 99 94 71 76 25 20 65 36 2 47 64 17 4 73 15 3 62 81 59 11 39 38 56 86 68 53 57 91 23 98 
98 41 34 24 58 85 29 55 28 32 54 35 67 46 1 69 48 89 10 42 96 87 66 21 14 7 90 75 63 33 12 5 8 31 92 78 50 84 27 13 100 52 6 16 37 82 80 22 70 79 72 26 74 30 95 77 40 19 83 18 88 9 61 43 60 51 44 49 45 97 93 99 94 71 76 25 20 65 36 2 47 64 17 4 73 15 3 62 81 59 11 39 38 56 86 68 53 57 91 23 
23 98 41 34 24 58 85 29 55 28 32 54 35 67 46 1 69 48 89 10 42 96 87 66 21 14 7 90 75 63 33 12 5 8 31 92 78 50 84 27 13 100 52 6 16 37 82 80 22 70 79 72 26 74 30 95 77 40 19 83 18 88 9 61 43 60 51 44 49 45 97 93 99 94 71 76 25 20 65 36 2 47 64 17 4 73 15 3 62 81 59 11 39 38 56 86 68 53 57 91 
91 23 98 41 34 24 58 85 29 55 28 32 54 35 67 46 1 69 48 89 10 42 96 87 66 21 14 7 90 75 63 33 12 5 8 31 92 78 50 84 27 13 100 52 6 16 37 82 80 22 70 79 72 26 74 30 95 77 40 19 83 18 88 9 61 43 60 51 44 49 45 97 93 99 94 71 76 25 20 65 36 2 47 64 17 4 73 15 3 62 81 59 11 39 38 56 86 68 53 57 
57 91 23 98 41 34 24 58 85 29 55 28 32 54 35 67 46 1 69 48 89 10 42 96 87 66 21 14 7 90 75 63 33 12 5 8 31 92 78 50 84 27 13 100 52 6 16 37 82 80 22 70 79 72 26 74 30 95 77 40 19 83 18 88 9 61 43 60 51 44 49 45 97 93 99 94 71 76 25 20 65 36 2 47 64 17 4 73 15 3 62 81 59 11 39 38 56 86 68 53 
53 57 91 23 98 41 34 24 58 85 29 55 28 32 54 35 67 46 1 69 48 89 10 42 96 87 66 21 14 7 90 75 63 33 12 5 8 31 92 78 50 84 27 13 100 52 6 16 37 82 80 22 70 79 72 26 74 30 95 77 40 19 83 18 88 9 61 43 60 51 44 49 45 97 93 99 94 71 76 25 20 65 36 2 47 64 17 4 73 15 3 62 81 59 11 39 38 56 86 68 
68 53 57 91 23 98 41 34 24 58 85 29 55 28 32 54 35 67 46 1 69 48 89 10 42 96 87 66 21 14 7 90 75 63 33 12 5 8 31 92 78 50 84 27 13 100 52 6 16 37 82 80 22 70 79 72 26 74 30 95 77 40 19 83 18 88 9 61 43 60 51 44 49 45 97 93 99 94 71 76 25 20 65 36 2 47 64 17 4 73 15 3 62 81 59 11 39 38 56 86 
86 68 53 57 91 23 98 41 34 24 58 85 29 55 28 32 54 35 67 46 1 69 48 89 10 42 96 87 66 21 14 7 90 75 63 33 12 5 8 31 92 78 50 84 27 13 100 52 6 16 37 82 80 22 70 79 72 26 74 30 95 77 40 19 83 18 88 9 61 43 60 51 44 49 45 97 93 99 94 71 76 25 20 65 36 2 47 64 17 4 73 15 3 62 81 59 11 39 38 56 
56 86 68 53 57 91 23 98 41 34 24 58 85 29 55 28 32 54 35 67 46 1 69 48 89 10 42 96 87 66 21 14 7 90 75 63 33 12 5 8 31 92 78 50 84 27 13 100 52 6 16 37 82 80 22 70 79 72 26 74 30 95 77 40 19 83 18 88 9 61 43 60 51 44 49 45 97 93 99 94 71 76 25 20 65 36 2 47 64 17 4 73 15 3 62 81 59 11 39 38 
38 56 86 68 53 57 91 23 98 41 34 24 58 85 29 55 28 32 54 35 67 46 1 69 48 89 10 42 96 87 66 21 14 7 90 75 63 33 12 5 8 31 92 78 50 84 27 13 100 52 6 16 37 82 80 22 70 79 72 26 74 30 95 77 40 19 83 18 88 9 61 43 60 51 44 49 45 97 93 99 94 71 76 25 20 65 36 2 47 64 17 4 73 15 3 62 81 59 11 39 
39 38 56 86 68 53 57 91 23 98 41 34 24 58 85 29 55 28 32 54 35 67 46 1 69 48 89 10 42 96 87 66 21 14 7 90 75 63 33 12 5 8 31 92 78 50 84 27 13 100 52 6 16 37 82 80 22 70 79 72 26 74 30 95 77 40 19 83 18 88 9 61 43 60 51 44 49 45 97 93 99 94 71 76 25 20 65 36 2 47 64 17 4 73 15 3 62 81 59 11 
11 39 38 56 86 68 53 57 91 23 98 41 34 24 58 85 29 55 28 32 54 35 67 46 1 69 48 89 10 42 96 87 66 21 14 7 90 75 63 33 12 5 8 31 92 78 50 84 27 13 100 52 6 16 37 82 80 22 70 79 72 26 74 30 95 77 40 19 83 18 88 9 61 43 60 51 44 49 45 97 93 99 94 71 76 25 20 65 36 2 47 64 17 4 73 15 3 62 81 59 
59 11 39 38 56 86 68 53 57 91 23 98 41 34 24 58 85 29 55 28 32 54 35 67 46 1 69 48 89 10 42 96 87 66 21 14 7 90 75 63 33 12 5 8 31 92 78 50 84 27 13 100 52 6 16 37 82 80 22 70 79 72 26 74 30 95 77 40 19 83 18 88 9 61 43 60 51 44 49 45 97 93 99 94 71 76 25 20 65 36 2 47 64 17 4 73 15 3 62 81 
81 59 11 39 38 56 86 68 53 57 91 23 98 41 34 24 58 85 29 55 28 32 54 35 67 46 1 69 48 89 10 42 96 87 66 21 14 7 90 75 63 33 12 5 8 31 92 78 50 84 27 13 100 52 6 16 37 82 80 22 70 79 72 26 74 30 95 77 40 19 83 18 88 9 61 43 60 51 44 49 45 97 93 99 94 71 76 25 20 65 36 2 47 64 17 4 73 15 3 62 
62 81 59 11 39 38 56 86 68 53 57 91 23 98 41 34 24 58 85 29 55 28 32 54 35 67 46 1 69 48 89 10 42 96 87 66 21 14 7 90 75 63 33 12 5 8 31 92 78 50 84 27 13 100 52 6 16 37 82 80 22 70 79 72 26 74 30 95 77 40 19 83 18 88 9 61 43 60 51 44 49 45 97 93 99 94 71 76 25 20 65 36 2 47 64 17 4 73 15 3 
3 62 81 59 11 39 38 56 86 68 53 57 91 23 98 41 34 24 58 85 29 55 28 32 54 35 67 46 1 69 48 89 10 42 96 87 66 21 14 7 90 75 63 33 12 5 8 31 92 78 50 84 27 13 100 52 6 16 37 82 80 22 70 79 72 26 74 30 95 77 40 19 83 18 88 9 61 43 60 51 44 49 45 97 93 99 94 71 76 25 20 65 36 2 47 64 17 4 73 15 
15 3 62 81 59 11 39 38 56 86 68 53 57 91 23 98 41 34 24 58 85 29 55 28 32 54 35 67 46 1 69 48 89 10 42 96 87 66 21 14 7 90 75 63 33 12 5 8 31 92 78 50 84 27 13 100 52 6 16 37 82 80 22 70 79 72 26 74 30 95 77 40 19 83 18 88 9 61 43 60 51 44 49 45 97 93 99 94 71 76 25 20 65 36 2 47 64 17 4 73 
73 15 3 62 81 59 11 39 38 56 86 68 53 57 91 23 98 41 34 24 58 85 29 55 28 32 54 35 67 46 1 69 48 89 10 42 96 87 66 21 14 7 90 75 63 33 12 5 8 31 92 78 50 84 27 13 100 52 6 16 37 82 80 22 70 79 72 26 74 30 95 77 40 19 83 18 88 9 61 43 60 51 44 49 45 97 93 99 94 71 76 25 20 65 36 2 47 64 17 4 
4 73 15 3 62 81 59 11 39 38 56 86 68 53 57 91 23 98 41 34 24 58 85 29 55 28 32 54 35 67 46 1 69 48 89 10 42 96 87 66 21 14 7 90 75 63 33 12 5 8 31 92 78 50 84 27 13 100 52 6 16 37 82 80 22 70 79 72 26 74 30 95 77 40 19 83 18 88 9 61 43 60 51 44 49 45 97 93 99 94 71 76 25 20 65 36 2 47 64 17 
17 4 73 15 3 62 81 59 11 39 38 56 86 68 53 57 91 23 98 41 34 24 58 85 29 55 28 32 54 35 67 46 1 69 48 89 10 42 96 87 66 21 14 7 90 75 63 33 12 5 8 31 92 78 50 84 27 13 100 52 6 16 37 82 80 22 70 79 72 26 74 30 95 77 40 19 83 18 88 9 61 43 60 51 44 49 45 97 93 99 94 71 76 25 20 65 36 2 47 64 
