10000
100 100
56 48 35 59 49 66 50 43 25 36 98 60 22 87 63 19 46 89 17 26 61 37 84 54 28 75 69 77 81 47 33 8 78 29 68 73 74 53 58 82 15 44 91 92 85 72 96 88 20 97 1 14 83 38 55 9 70 95 18 99 62 24 3 7 4 64 90 67 42 23 51 34 31 86 27 6 57 39 93 32 2 41 13 12 52 5 80 94 45 11 10 100 79 21 71 16 30 76 40 65 
65 56 48 35 59 49 66 50 43 25 36 98 60 22 87 63 19 46 89 17 26 61 37 84 54 28 75 69 77 81 47 33 8 78 29 68 73 74 53 58 82 15 44 91 92 85 72 96 88 20 97 1 14 83 38 55 9 70 95 18 99 62 24 3 7 4 64 90 67 42 23 51 34 31 86 27 6 57 39 93 32 2 41 13 12 52 5 80 94 45 11 10 100 79 21 71 16 30 76 40 
40 65 56 48 35 59 49 66 50 43 25 36 98 60 22 87 63 19 46 89 17 26 61 37 84 54 28 75 69 77 81 47 33 8 78 29 68 73 74 53 58 82 15 44 91 92 85 72 96 88 20 97 1 14 83 38 55 9 70 95 18 99 62 24 3 7 4 64 90 67 42 23 51 34 31 86 27 6 57 39 93 32 2 41 13 12 52 5 80 94 45 11 10 100 79 21 71 16 30 76 
76 40 65 56 48 35 59 49 66 50 43 25 36 98 60 22 87 63 19 46 89 17 26 61 37 84 54 28 75 69 77 81 47 33 8 78 29 68 73 74 53 58 82 15 44 91 92 85 72 96 88 20 97 1 14 83 38 55 9 70 95 18 99 62 24 3 7 4 64 90 67 42 23 51 34 31 86 27 6 57 39 93 32 2 41 13 12 52 5 80 94 45 11 10 100 79 21 71 16 30 
30 76 40 65 56 48 35 59 49 66 50 43 25 36 98 60 22 87 63 19 46 89 17 26 61 37 84 54 28 75 69 77 81 47 33 8 78 29 68 73 74 53 58 82 15 44 91 92 85 72 96 88 20 97 1 14 83 38 55 9 70 95 18 99 62 24 3 7 4 64 90 67 42 23 51 34 31 86 27 6 57 39 93 32 2 41 13 12 52 5 80 94 45 11 10 100 79 21 71 16 
16 30 76 40 65 56 48 35 59 49 66 50 43 25 36 98 60 22 87 63 19 46 89 17 26 61 37 84 54 28 75 69 77 81 47 33 8 78 29 68 73 74 53 58 82 15 44 91 92 85 72 96 88 20 97 1 14 83 38 55 9 70 95 18 99 62 24 3 7 4 64 90 67 42 23 51 34 31 86 27 6 57 39 93 32 2 41 13 12 52 5 80 94 45 11 10 100 79 21 71 
71 16 30 76 40 65 56 48 35 59 49 66 50 43 25 36 98 60 22 87 63 19 46 89 17 26 61 37 84 54 28 75 69 77 81 47 33 8 78 29 68 73 74 53 58 82 15 44 91 92 85 72 96 88 20 97 1 14 83 38 55 9 70 95 18 99 62 24 3 7 4 64 90 67 42 23 51 34 31 86 27 6 57 39 93 32 2 41 13 12 52 5 80 94 45 11 10 100 79 21 
21 71 16 30 76 40 65 56 48 35 59 49 66 50 43 25 36 98 60 22 87 63 19 46 89 17 26 61 37 84 54 28 75 69 77 81 47 33 8 78 29 68 73 74 53 58 82 15 44 91 92 85 72 96 88 20 97 1 14 83 38 55 9 70 95 18 99 62 24 3 7 4 64 90 67 42 23 51 34 31 86 27 6 57 39 93 32 2 41 13 12 52 5 80 94 45 11 10 100 79 
79 21 71 16 30 76 40 65 56 48 35 59 49 66 50 43 25 36 98 60 22 87 63 19 46 89 17 26 61 37 84 54 28 75 69 77 81 47 33 8 78 29 68 73 74 53 58 82 15 44 91 92 85 72 96 88 20 97 1 14 83 38 55 9 70 95 18 99 62 24 3 7 4 64 90 67 42 23 51 34 31 86 27 6 57 39 93 32 2 41 13 12 52 5 80 94 45 11 10 100 
100 79 21 71 16 30 76 40 65 56 48 35 59 49 66 50 43 25 36 98 60 22 87 63 19 46 89 17 26 61 37 84 54 28 75 69 77 81 47 33 8 78 29 68 73 74 53 58 82 15 44 91 92 85 72 96 88 20 97 1 14 83 38 55 9 70 95 18 99 62 24 3 7 4 64 90 67 42 23 51 34 31 86 27 6 57 39 93 32 2 41 13 12 52 5 80 94 45 11 10 
10 100 79 21 71 16 30 76 40 65 56 48 35 59 49 66 50 43 25 36 98 60 22 87 63 19 46 89 17 26 61 37 84 54 28 75 69 77 81 47 33 8 78 29 68 73 74 53 58 82 15 44 91 92 85 72 96 88 20 97 1 14 83 38 55 9 70 95 18 99 62 24 3 7 4 64 90 67 42 23 51 34 31 86 27 6 57 39 93 32 2 41 13 12 52 5 80 94 45 11 
11 10 100 79 21 71 16 30 76 40 65 56 48 35 59 49 66 50 43 25 36 98 60 22 87 63 19 46 89 17 26 61 37 84 54 28 75 69 77 81 47 33 8 78 29 68 73 74 53 58 82 15 44 91 92 85 72 96 88 20 97 1 14 83 38 55 9 70 95 18 99 62 24 3 7 4 64 90 67 42 23 51 34 31 86 27 6 57 39 93 32 2 41 13 12 52 5 80 94 45 
45 11 10 100 79 21 71 16 30 76 40 65 56 48 35 59 49 66 50 43 25 36 98 60 22 87 63 19 46 89 17 26 61 37 84 54 28 75 69 77 81 47 33 8 78 29 68 73 74 53 58 82 15 44 91 92 85 72 96 88 20 97 1 14 83 38 55 9 70 95 18 99 62 24 3 7 4 64 90 67 42 23 51 34 31 86 27 6 57 39 93 32 2 41 13 12 52 5 80 94 
94 45 11 10 100 79 21 71 16 30 76 40 65 56 48 35 59 49 66 50 43 25 36 98 60 22 87 63 19 46 89 17 26 61 37 84 54 28 75 69 77 81 47 33 8 78 29 68 73 74 53 58 82 15 44 91 92 85 72 96 88 20 97 1 14 83 38 55 9 70 95 18 99 62 24 3 7 4 64 90 67 42 23 51 34 31 86 27 6 57 39 93 32 2 41 13 12 52 5 80 
80 94 45 11 10 100 79 21 71 16 30 76 40 65 56 48 35 59 49 66 50 43 25 36 98 60 22 87 63 19 46 89 17 26 61 37 84 54 28 75 69 77 81 47 33 8 78 29 68 73 74 53 58 82 15 44 91 92 85 72 96 88 20 97 1 14 83 38 55 9 70 95 18 99 62 24 3 7 4 64 90 67 42 23 51 34 31 86 27 6 57 39 93 32 2 41 13 12 52 5 
5 80 94 45 11 10 100 79 21 71 16 30 76 40 65 56 48 35 59 49 66 50 43 25 36 98 60 22 87 63 19 46 89 17 26 61 37 84 54 28 75 69 77 81 47 33 8 78 29 68 73 74 53 58 82 15 44 91 92 85 72 96 88 20 97 1 14 83 38 55 9 70 95 18 99 62 24 3 7 4 64 90 67 42 23 51 34 31 86 27 6 57 39 93 32 2 41 13 12 52 
52 5 80 94 45 11 10 100 79 21 71 16 30 76 40 65 56 48 35 59 49 66 50 43 25 36 98 60 22 87 63 19 46 89 17 26 61 37 84 54 28 75 69 77 81 47 33 8 78 29 68 73 74 53 58 82 15 44 91 92 85 72 96 88 20 97 1 14 83 38 55 9 70 95 18 99 62 24 3 7 4 64 90 67 42 23 51 34 31 86 27 6 57 39 93 32 2 41 13 12 
12 52 5 80 94 45 11 10 100 79 21 71 16 30 76 40 65 56 48 35 59 49 66 50 43 25 36 98 60 22 87 63 19 46 89 17 26 61 37 84 54 28 75 69 77 81 47 33 8 78 29 68 73 74 53 58 82 15 44 91 92 85 72 96 88 20 97 1 14 83 38 55 9 70 95 18 99 62 24 3 7 4 64 90 67 42 23 51 34 31 86 27 6 57 39 93 32 2 41 13 
13 12 52 5 80 94 45 11 10 100 79 21 71 16 30 76 40 65 56 48 35 59 49 66 50 43 25 36 98 60 22 87 63 19 46 89 17 26 61 37 84 54 28 75 69 77 81 47 33 8 78 29 68 73 74 53 58 82 15 44 91 92 85 72 96 88 20 97 1 14 83 38 55 9 70 95 18 99 62 24 3 7 4 64 90 67 42 23 51 34 31 86 27 6 57 39 93 32 2 41 
41 13 12 52 5 80 94 45 11 10 100 79 21 71 16 30 76 40 65 56 48 35 59 49 66 50 43 25 36 98 60 22 87 63 19 46 89 17 26 61 37 84 54 28 75 69 77 81 47 33 8 78 29 68 73 74 53 58 82 15 44 91 92 85 72 96 88 20 97 1 14 83 38 55 9 70 95 18 99 62 24 3 7 4 64 90 67 42 23 51 34 31 86 27 6 57 39 93 32 2 
2 41 13 12 52 5 80 94 45 11 10 100 79 21 71 16 30 76 40 65 56 48 35 59 49 66 50 43 25 36 98 60 22 87 63 19 46 89 17 26 61 37 84 54 28 75 69 77 81 47 33 8 78 29 68 73 74 53 58 82 15 44 91 92 85 72 96 88 20 97 1 14 83 38 55 9 70 95 18 99 62 24 3 7 4 64 90 67 42 23 51 34 31 86 27 6 57 39 93 32 
32 2 41 13 12 52 5 80 94 45 11 10 100 79 21 71 16 30 76 40 65 56 48 35 59 49 66 50 43 25 36 98 60 22 87 63 19 46 89 17 26 61 37 84 54 28 75 69 77 81 47 33 8 78 29 68 73 74 53 58 82 15 44 91 92 85 72 96 88 20 97 1 14 83 38 55 9 70 95 18 99 62 24 3 7 4 64 90 67 42 23 51 34 31 86 27 6 57 39 93 
93 32 2 41 13 12 52 5 80 94 45 11 10 100 79 21 71 16 30 76 40 65 56 48 35 59 49 66 50 43 25 36 98 60 22 87 63 19 46 89 17 26 61 37 84 54 28 75 69 77 81 47 33 8 78 29 68 73 74 53 58 82 15 44 91 92 85 72 96 88 20 97 1 14 83 38 55 9 70 95 18 99 62 24 3 7 4 64 90 67 42 23 51 34 31 86 27 6 57 39 
39 93 32 2 41 13 12 52 5 80 94 45 11 10 100 79 21 71 16 30 76 40 65 56 48 35 59 49 66 50 43 25 36 98 60 22 87 63 19 46 89 17 26 61 37 84 54 28 75 69 77 81 47 33 8 78 29 68 73 74 53 58 82 15 44 91 92 85 72 96 88 20 97 1 14 83 38 55 9 70 95 18 99 62 24 3 7 4 64 90 67 42 23 51 34 31 86 27 6 57 
57 39 93 32 2 41 13 12 52 5 80 94 45 11 10 100 79 21 71 16 30 76 40 65 56 48 35 59 49 66 50 43 25 36 98 60 22 87 63 19 46 89 17 26 61 37 84 54 28 75 69 77 81 47 33 8 78 29 68 73 74 53 58 82 15 44 91 92 85 72 96 88 20 97 1 14 83 38 55 9 70 95 18 99 62 24 3 7 4 64 90 67 42 23 51 34 31 86 27 6 
6 57 39 93 32 2 41 13 12 52 5 80 94 45 11 10 100 79 21 71 16 30 76 40 65 56 48 35 59 49 66 50 43 25 36 98 60 22 87 63 19 46 89 17 26 61 37 84 54 28 75 69 77 81 47 33 8 78 29 68 73 74 53 58 82 15 44 91 92 85 72 96 88 20 97 1 14 83 38 55 9 70 95 18 99 62 24 3 7 4 64 90 67 42 23 51 34 31 86 27 
27 6 57 39 93 32 2 41 13 12 52 5 80 94 45 11 10 100 79 21 71 16 30 76 40 65 56 48 35 59 49 66 50 43 25 36 98 60 22 87 63 19 46 89 17 26 61 37 84 54 28 75 69 77 81 47 33 8 78 29 68 73 74 53 58 82 15 44 91 92 85 72 96 88 20 97 1 14 83 38 55 9 70 95 18 99 62 24 3 7 4 64 90 67 42 23 51 34 31 86 
86 27 6 57 39 93 32 2 41 13 12 52 5 80 94 45 11 10 100 79 21 71 16 30 76 40 65 56 48 35 59 49 66 50 43 25 36 98 60 22 87 63 19 46 89 17 26 61 37 84 54 28 75 69 77 81 47 33 8 78 29 68 73 74 53 58 82 15 44 91 92 85 72 96 88 20 97 1 14 83 38 55 9 70 95 18 99 62 24 3 7 4 64 90 67 42 23 51 34 31 
31 86 27 6 57 39 93 32 2 41 13 12 52 5 80 94 45 11 10 100 79 21 71 16 30 76 40 65 56 48 35 59 49 66 50 43 25 36 98 60 22 87 63 19 46 89 17 26 61 37 84 54 28 75 69 77 81 47 33 8 78 29 68 73 74 53 58 82 15 44 91 92 85 72 96 88 20 97 1 14 83 38 55 9 70 95 18 99 62 24 3 7 4 64 90 67 42 23 51 34 
34 31 86 27 6 57 39 93 32 2 41 13 12 52 5 80 94 45 11 10 100 79 21 71 16 30 76 40 65 56 48 35 59 49 66 50 43 25 36 98 60 22 87 63 19 46 89 17 26 61 37 84 54 28 75 69 77 81 47 33 8 78 29 68 73 74 53 58 82 15 44 91 92 85 72 96 88 20 97 1 14 83 38 55 9 70 95 18 99 62 24 3 7 4 64 90 67 42 23 51 
51 34 31 86 27 6 57 39 93 32 2 41 13 12 52 5 80 94 45 11 10 100 79 21 71 16 30 76 40 65 56 48 35 59 49 66 50 43 25 36 98 60 22 87 63 19 46 89 17 26 61 37 84 54 28 75 69 77 81 47 33 8 78 29 68 73 74 53 58 82 15 44 91 92 85 72 96 88 20 97 1 14 83 38 55 9 70 95 18 99 62 24 3 7 4 64 90 67 42 23 
23 51 34 31 86 27 6 57 39 93 32 2 41 13 12 52 5 80 94 45 11 10 100 79 21 71 16 30 76 40 65 56 48 35 59 49 66 50 43 25 36 98 60 22 87 63 19 46 89 17 26 61 37 84 54 28 75 69 77 81 47 33 8 78 29 68 73 74 53 58 82 15 44 91 92 85 72 96 88 20 97 1 14 83 38 55 9 70 95 18 99 62 24 3 7 4 64 90 67 42 
42 23 51 34 31 86 27 6 57 39 93 32 2 41 13 12 52 5 80 94 45 11 10 100 79 21 71 16 30 76 40 65 56 48 35 59 49 66 50 43 25 36 98 60 22 87 63 19 46 89 17 26 61 37 84 54 28 75 69 77 81 47 33 8 78 29 68 73 74 53 58 82 15 44 91 92 85 72 96 88 20 97 1 14 83 38 55 9 70 95 18 99 62 24 3 7 4 64 90 67 
67 42 23 51 34 31 86 27 6 57 39 93 32 2 41 13 12 52 5 80 94 45 11 10 100 79 21 71 16 30 76 40 65 56 48 35 59 49 66 50 43 25 36 98 60 22 87 63 19 46 89 17 26 61 37 84 54 28 75 69 77 81 47 33 8 78 29 68 73 74 53 58 82 15 44 91 92 85 72 96 88 20 97 1 14 83 38 55 9 70 95 18 99 62 24 3 7 4 64 90 
90 67 42 23 51 34 31 86 27 6 57 39 93 32 2 41 13 12 52 5 80 94 45 11 10 100 79 21 71 16 30 76 40 65 56 48 35 59 49 66 50 43 25 36 98 60 22 87 63 19 46 89 17 26 61 37 84 54 28 75 69 77 81 47 33 8 78 29 68 73 74 53 58 82 15 44 91 92 85 72 96 88 20 97 1 14 83 38 55 9 70 95 18 99 62 24 3 7 4 64 
64 90 67 42 23 51 34 31 86 27 6 57 39 93 32 2 41 13 12 52 5 80 94 45 11 10 100 79 21 71 16 30 76 40 65 56 48 35 59 49 66 50 43 25 36 98 60 22 87 63 19 46 89 17 26 61 37 84 54 28 75 69 77 81 47 33 8 78 29 68 73 74 53 58 82 15 44 91 92 85 72 96 88 20 97 1 14 83 38 55 9 70 95 18 99 62 24 3 7 4 
4 64 90 67 42 23 51 34 31 86 27 6 57 39 93 32 2 41 13 12 52 5 80 94 45 11 10 100 79 21 71 16 30 76 40 65 56 48 35 59 49 66 50 43 25 36 98 60 22 87 63 19 46 89 17 26 61 37 84 54 28 75 69 77 81 47 33 8 78 29 68 73 74 53 58 82 15 44 91 92 85 72 96 88 20 97 1 14 83 38 55 9 70 95 18 99 62 24 3 7 
7 4 64 90 67 42 23 51 34 31 86 27 6 57 39 93 32 2 41 13 12 52 5 80 94 45 11 10 100 79 21 71 16 30 76 40 65 56 48 35 59 49 66 50 43 25 36 98 60 22 87 63 19 46 89 17 26 61 37 84 54 28 75 69 77 81 47 33 8 78 29 68 73 74 53 58 82 15 44 91 92 85 72 96 88 20 97 1 14 83 38 55 9 70 95 18 99 62 24 3 
3 7 4 64 90 67 42 23 51 34 31 86 27 6 57 39 93 32 2 41 13 12 52 5 80 94 45 11 10 100 79 21 71 16 30 76 40 65 56 48 35 59 49 66 50 43 25 36 98 60 22 87 63 19 46 89 17 26 61 37 84 54 28 75 69 77 81 47 33 8 78 29 68 73 74 53 58 82 15 44 91 92 85 72 96 88 20 97 1 14 83 38 55 9 70 95 18 99 62 24 
24 3 7 4 64 90 67 42 23 51 34 31 86 27 6 57 39 93 32 2 41 13 12 52 5 80 94 45 11 10 100 79 21 71 16 30 76 40 65 56 48 35 59 49 66 50 43 25 36 98 60 22 87 63 19 46 89 17 26 61 37 84 54 28 75 69 77 81 47 33 8 78 29 68 73 74 53 58 82 15 44 91 92 85 72 96 88 20 97 1 14 83 38 55 9 70 95 18 99 62 
62 24 3 7 4 64 90 67 42 23 51 34 31 86 27 6 57 39 93 32 2 41 13 12 52 5 80 94 45 11 10 100 79 21 71 16 30 76 40 65 56 48 35 59 49 66 50 43 25 36 98 60 22 87 63 19 46 89 17 26 61 37 84 54 28 75 69 77 81 47 33 8 78 29 68 73 74 53 58 82 15 44 91 92 85 72 96 88 20 97 1 14 83 38 55 9 70 95 18 99 
99 62 24 3 7 4 64 90 67 42 23 51 34 31 86 27 6 57 39 93 32 2 41 13 12 52 5 80 94 45 11 10 100 79 21 71 16 30 76 40 65 56 48 35 59 49 66 50 43 25 36 98 60 22 87 63 19 46 89 17 26 61 37 84 54 28 75 69 77 81 47 33 8 78 29 68 73 74 53 58 82 15 44 91 92 85 72 96 88 20 97 1 14 83 38 55 9 70 95 18 
18 99 62 24 3 7 4 64 90 67 42 23 51 34 31 86 27 6 57 39 93 32 2 41 13 12 52 5 80 94 45 11 10 100 79 21 71 16 30 76 40 65 56 48 35 59 49 66 50 43 25 36 98 60 22 87 63 19 46 89 17 26 61 37 84 54 28 75 69 77 81 47 33 8 78 29 68 73 74 53 58 82 15 44 91 92 85 72 96 88 20 97 1 14 83 38 55 9 70 95 
95 18 99 62 24 3 7 4 64 90 67 42 23 51 34 31 86 27 6 57 39 93 32 2 41 13 12 52 5 80 94 45 11 10 100 79 21 71 16 30 76 40 65 56 48 35 59 49 66 50 43 25 36 98 60 22 87 63 19 46 89 17 26 61 37 84 54 28 75 69 77 81 47 33 8 78 29 68 73 74 53 58 82 15 44 91 92 85 72 96 88 20 97 1 14 83 38 55 9 70 
70 95 18 99 62 24 3 7 4 64 90 67 42 23 51 34 31 86 27 6 57 39 93 32 2 41 13 12 52 5 80 94 45 11 10 100 79 21 71 16 30 76 40 65 56 48 35 59 49 66 50 43 25 36 98 60 22 87 63 19 46 89 17 26 61 37 84 54 28 75 69 77 81 47 33 8 78 29 68 73 74 53 58 82 15 44 91 92 85 72 96 88 20 97 1 14 83 38 55 9 
9 70 95 18 99 62 24 3 7 4 64 90 67 42 23 51 34 31 86 27 6 57 39 93 32 2 41 13 12 52 5 80 94 45 11 10 100 79 21 71 16 30 76 40 65 56 48 35 59 49 66 50 43 25 36 98 60 22 87 63 19 46 89 17 26 61 37 84 54 28 75 69 77 81 47 33 8 78 29 68 73 74 53 58 82 15 44 91 92 85 72 96 88 20 97 1 14 83 38 55 
55 9 70 95 18 99 62 24 3 7 4 64 90 67 42 23 51 34 31 86 27 6 57 39 93 32 2 41 13 12 52 5 80 94 45 11 10 100 79 21 71 16 30 76 40 65 56 48 35 59 49 66 50 43 25 36 98 60 22 87 63 19 46 89 17 26 61 37 84 54 28 75 69 77 81 47 33 8 78 29 68 73 74 53 58 82 15 44 91 92 85 72 96 88 20 97 1 14 83 38 
38 55 9 70 95 18 99 62 24 3 7 4 64 90 67 42 23 51 34 31 86 27 6 57 39 93 32 2 41 13 12 52 5 80 94 45 11 10 100 79 21 71 16 30 76 40 65 56 48 35 59 49 66 50 43 25 36 98 60 22 87 63 19 46 89 17 26 61 37 84 54 28 75 69 77 81 47 33 8 78 29 68 73 74 53 58 82 15 44 91 92 85 72 96 88 20 97 1 14 83 
83 38 55 9 70 95 18 99 62 24 3 7 4 64 90 67 42 23 51 34 31 86 27 6 57 39 93 32 2 41 13 12 52 5 80 94 45 11 10 100 79 21 71 16 30 76 40 65 56 48 35 59 49 66 50 43 25 36 98 60 22 87 63 19 46 89 17 26 61 37 84 54 28 75 69 77 81 47 33 8 78 29 68 73 74 53 58 82 15 44 91 92 85 72 96 88 20 97 1 14 
14 83 38 55 9 70 95 18 99 62 24 3 7 4 64 90 67 42 23 51 34 31 86 27 6 57 39 93 32 2 41 13 12 52 5 80 94 45 11 10 100 79 21 71 16 30 76 40 65 56 48 35 59 49 66 50 43 25 36 98 60 22 87 63 19 46 89 17 26 61 37 84 54 28 75 69 77 81 47 33 8 78 29 68 73 74 53 58 82 15 44 91 92 85 72 96 88 20 97 1 
1 14 83 38 55 9 70 95 18 99 62 24 3 7 4 64 90 67 42 23 51 34 31 86 27 6 57 39 93 32 2 41 13 12 52 5 80 94 45 11 10 100 79 21 71 16 30 76 40 65 56 48 35 59 49 66 50 43 25 36 98 60 22 87 63 19 46 89 17 26 61 37 84 54 28 75 69 77 81 47 33 8 78 29 68 73 74 53 58 82 15 44 91 92 85 72 96 88 20 97 
97 1 14 83 38 55 9 70 95 18 99 62 24 3 7 4 64 90 67 42 23 51 34 31 86 27 6 57 39 93 32 2 41 13 12 52 5 80 94 45 11 10 100 79 21 71 16 30 76 40 65 56 48 35 59 49 66 50 43 25 36 98 60 22 87 63 19 46 89 17 26 61 37 84 54 28 75 69 77 81 47 33 8 78 29 68 73 74 53 58 82 15 44 91 92 85 72 96 88 20 
20 97 1 14 83 38 55 9 70 95 18 99 62 24 3 7 4 64 90 67 42 23 51 34 31 86 27 6 57 39 93 32 2 41 13 12 52 5 80 94 45 11 10 100 79 21 71 16 30 76 40 65 56 48 35 59 49 66 50 43 25 36 98 60 22 87 63 19 46 89 17 26 61 37 84 54 28 75 69 77 81 47 33 8 78 29 68 73 74 53 58 82 15 44 91 92 85 72 96 88 
88 20 97 1 14 83 38 55 9 70 95 18 99 62 24 3 7 4 64 90 67 42 23 51 34 31 86 27 6 57 39 93 32 2 41 13 12 52 5 80 94 45 11 10 100 79 21 71 16 30 76 40 65 56 48 35 59 49 66 50 43 25 36 98 60 22 87 63 19 46 89 17 26 61 37 84 54 28 75 69 77 81 47 33 8 78 29 68 73 74 53 58 82 15 44 91 92 85 72 96 
96 88 20 97 1 14 83 38 55 9 70 95 18 99 62 24 3 7 4 64 90 67 42 23 51 34 31 86 27 6 57 39 93 32 2 41 13 12 52 5 80 94 45 11 10 100 79 21 71 16 30 76 40 65 56 48 35 59 49 66 50 43 25 36 98 60 22 87 63 19 46 89 17 26 61 37 84 54 28 75 69 77 81 47 33 8 78 29 68 73 74 53 58 82 15 44 91 92 85 72 
72 96 88 20 97 1 14 83 38 55 9 70 95 18 99 62 24 3 7 4 64 90 67 42 23 51 34 31 86 27 6 57 39 93 32 2 41 13 12 52 5 80 94 45 11 10 100 79 21 71 16 30 76 40 65 56 48 35 59 49 66 50 43 25 36 98 60 22 87 63 19 46 89 17 26 61 37 84 54 28 75 69 77 81 47 33 8 78 29 68 73 74 53 58 82 15 44 91 92 85 
85 72 96 88 20 97 1 14 83 38 55 9 70 95 18 99 62 24 3 7 4 64 90 67 42 23 51 34 31 86 27 6 57 39 93 32 2 41 13 12 52 5 80 94 45 11 10 100 79 21 71 16 30 76 40 65 56 48 35 59 49 66 50 43 25 36 98 60 22 87 63 19 46 89 17 26 61 37 84 54 28 75 69 77 81 47 33 8 78 29 68 73 74 53 58 82 15 44 91 92 
92 85 72 96 88 20 97 1 14 83 38 55 9 70 95 18 99 62 24 3 7 4 64 90 67 42 23 51 34 31 86 27 6 57 39 93 32 2 41 13 12 52 5 80 94 45 11 10 100 79 21 71 16 30 76 40 65 56 48 35 59 49 66 50 43 25 36 98 60 22 87 63 19 46 89 17 26 61 37 84 54 28 75 69 77 81 47 33 8 78 29 68 73 74 53 58 82 15 44 91 
91 92 85 72 96 88 20 97 1 14 83 38 55 9 70 95 18 99 62 24 3 7 4 64 90 67 42 23 51 34 31 86 27 6 57 39 93 32 2 41 13 12 52 5 80 94 45 11 10 100 79 21 71 16 30 76 40 65 56 48 35 59 49 66 50 43 25 36 98 60 22 87 63 19 46 89 17 26 61 37 84 54 28 75 69 77 81 47 33 8 78 29 68 73 74 53 58 82 15 44 
44 91 92 85 72 96 88 20 97 1 14 83 38 55 9 70 95 18 99 62 24 3 7 4 64 90 67 42 23 51 34 31 86 27 6 57 39 93 32 2 41 13 12 52 5 80 94 45 11 10 100 79 21 71 16 30 76 40 65 56 48 35 59 49 66 50 43 25 36 98 60 22 87 63 19 46 89 17 26 61 37 84 54 28 75 69 77 81 47 33 8 78 29 68 73 74 53 58 82 15 
15 44 91 92 85 72 96 88 20 97 1 14 83 38 55 9 70 95 18 99 62 24 3 7 4 64 90 67 42 23 51 34 31 86 27 6 57 39 93 32 2 41 13 12 52 5 80 94 45 11 10 100 79 21 71 16 30 76 40 65 56 48 35 59 49 66 50 43 25 36 98 60 22 87 63 19 46 89 17 26 61 37 84 54 28 75 69 77 81 47 33 8 78 29 68 73 74 53 58 82 
82 15 44 91 92 85 72 96 88 20 97 1 14 83 38 55 9 70 95 18 99 62 24 3 7 4 64 90 67 42 23 51 34 31 86 27 6 57 39 93 32 2 41 13 12 52 5 80 94 45 11 10 100 79 21 71 16 30 76 40 65 56 48 35 59 49 66 50 43 25 36 98 60 22 87 63 19 46 89 17 26 61 37 84 54 28 75 69 77 81 47 33 8 78 29 68 73 74 53 58 
58 82 15 44 91 92 85 72 96 88 20 97 1 14 83 38 55 9 70 95 18 99 62 24 3 7 4 64 90 67 42 23 51 34 31 86 27 6 57 39 93 32 2 41 13 12 52 5 80 94 45 11 10 100 79 21 71 16 30 76 40 65 56 48 35 59 49 66 50 43 25 36 98 60 22 87 63 19 46 89 17 26 61 37 84 54 28 75 69 77 81 47 33 8 78 29 68 73 74 53 
53 58 82 15 44 91 92 85 72 96 88 20 97 1 14 83 38 55 9 70 95 18 99 62 24 3 7 4 64 90 67 42 23 51 34 31 86 27 6 57 39 93 32 2 41 13 12 52 5 80 94 45 11 10 100 79 21 71 16 30 76 40 65 56 48 35 59 49 66 50 43 25 36 98 60 22 87 63 19 46 89 17 26 61 37 84 54 28 75 69 77 81 47 33 8 78 29 68 73 74 
74 53 58 82 15 44 91 92 85 72 96 88 20 97 1 14 83 38 55 9 70 95 18 99 62 24 3 7 4 64 90 67 42 23 51 34 31 86 27 6 57 39 93 32 2 41 13 12 52 5 80 94 45 11 10 100 79 21 71 16 30 76 40 65 56 48 35 59 49 66 50 43 25 36 98 60 22 87 63 19 46 89 17 26 61 37 84 54 28 75 69 77 81 47 33 8 78 29 68 73 
73 74 53 58 82 15 44 91 92 85 72 96 88 20 97 1 14 83 38 55 9 70 95 18 99 62 24 3 7 4 64 90 67 42 23 51 34 31 86 27 6 57 39 93 32 2 41 13 12 52 5 80 94 45 11 10 100 79 21 71 16 30 76 40 65 56 48 35 59 49 66 50 43 25 36 98 60 22 87 63 19 46 89 17 26 61 37 84 54 28 75 69 77 81 47 33 8 78 29 68 
68 73 74 53 58 82 15 44 91 92 85 72 96 88 20 97 1 14 83 38 55 9 70 95 18 99 62 24 3 7 4 64 90 67 42 23 51 34 31 86 27 6 57 39 93 32 2 41 13 12 52 5 80 94 45 11 10 100 79 21 71 16 30 76 40 65 56 48 35 59 49 66 50 43 25 36 98 60 22 87 63 19 46 89 17 26 61 37 84 54 28 75 69 77 81 47 33 8 78 29 
29 68 73 74 53 58 82 15 44 91 92 85 72 96 88 20 97 1 14 83 38 55 9 70 95 18 99 62 24 3 7 4 64 90 67 42 23 51 34 31 86 27 6 57 39 93 32 2 41 13 12 52 5 80 94 45 11 10 100 79 21 71 16 30 76 40 65 56 48 35 59 49 66 50 43 25 36 98 60 22 87 63 19 46 89 17 26 61 37 84 54 28 75 69 77 81 47 33 8 78 
78 29 68 73 74 53 58 82 15 44 91 92 85 72 96 88 20 97 1 14 83 38 55 9 70 95 18 99 62 24 3 7 4 64 90 67 42 23 51 34 31 86 27 6 57 39 93 32 2 41 13 12 52 5 80 94 45 11 10 100 79 21 71 16 30 76 40 65 56 48 35 59 49 66 50 43 25 36 98 60 22 87 63 19 46 89 17 26 61 37 84 54 28 75 69 77 81 47 33 8 
8 78 29 68 73 74 53 58 82 15 44 91 92 85 72 96 88 20 97 1 14 83 38 55 9 70 95 18 99 62 24 3 7 4 64 90 67 42 23 51 34 31 86 27 6 57 39 93 32 2 41 13 12 52 5 80 94 45 11 10 100 79 21 71 16 30 76 40 65 56 48 35 59 49 66 50 43 25 36 98 60 22 87 63 19 46 89 17 26 61 37 84 54 28 75 69 77 81 47 33 
33 8 78 29 68 73 74 53 58 82 15 44 91 92 85 72 96 88 20 97 1 14 83 38 55 9 70 95 18 99 62 24 3 7 4 64 90 67 42 23 51 34 31 86 27 6 57 39 93 32 2 41 13 12 52 5 80 94 45 11 10 100 79 21 71 16 30 76 40 65 56 48 35 59 49 66 50 43 25 36 98 60 22 87 63 19 46 89 17 26 61 37 84 54 28 75 69 77 81 47 
47 33 8 78 29 68 73 74 53 58 82 15 44 91 92 85 72 96 88 20 97 1 14 83 38 55 9 70 95 18 99 62 24 3 7 4 64 90 67 42 23 51 34 31 86 27 6 57 39 93 32 2 41 13 12 52 5 80 94 45 11 10 100 79 21 71 16 30 76 40 65 56 48 35 59 49 66 50 43 25 36 98 60 22 87 63 19 46 89 17 26 61 37 84 54 28 75 69 77 81 
81 47 33 8 78 29 68 73 74 53 58 82 15 44 91 92 85 72 96 88 20 97 1 14 83 38 55 9 70 95 18 99 62 24 3 7 4 64 90 67 42 23 51 34 31 86 27 6 57 39 93 32 2 41 13 12 52 5 80 94 45 11 10 100 79 21 71 16 30 76 40 65 56 48 35 59 49 66 50 43 25 36 98 60 22 87 63 19 46 89 17 26 61 37 84 54 28 75 69 77 
77 81 47 33 8 78 29 68 73 74 53 58 82 15 44 91 92 85 72 96 88 20 97 1 14 83 38 55 9 70 95 18 99 62 24 3 7 4 64 90 67 42 23 51 34 31 86 27 6 57 39 93 32 2 41 13 12 52 5 80 94 45 11 10 100 79 21 71 16 30 76 40 65 56 48 35 59 49 66 50 43 25 36 98 60 22 87 63 19 46 89 17 26 61 37 84 54 28 75 69 
69 77 81 47 33 8 78 29 68 73 74 53 58 82 15 44 91 92 85 72 96 88 20 97 1 14 83 38 55 9 70 95 18 99 62 24 3 7 4 64 90 67 42 23 51 34 31 86 27 6 57 39 93 32 2 41 13 12 52 5 80 94 45 11 10 100 79 21 71 16 30 76 40 65 56 48 35 59 49 66 50 43 25 36 98 60 22 87 63 19 46 89 17 26 61 37 84 54 28 75 
75 69 77 81 47 33 8 78 29 68 73 74 53 58 82 15 44 91 92 85 72 96 88 20 97 1 14 83 38 55 9 70 95 18 99 62 24 3 7 4 64 90 67 42 23 51 34 31 86 27 6 57 39 93 32 2 41 13 12 52 5 80 94 45 11 10 100 79 21 71 16 30 76 40 65 56 48 35 59 49 66 50 43 25 36 98 60 22 87 63 19 46 89 17 26 61 37 84 54 28 
28 75 69 77 81 47 33 8 78 29 68 73 74 53 58 82 15 44 91 92 85 72 96 88 20 97 1 14 83 38 55 9 70 95 18 99 62 24 3 7 4 64 90 67 42 23 51 34 31 86 27 6 57 39 93 32 2 41 13 12 52 5 80 94 45 11 10 100 79 21 71 16 30 76 40 65 56 48 35 59 49 66 50 43 25 36 98 60 22 87 63 19 46 89 17 26 61 37 84 54 
54 28 75 69 77 81 47 33 8 78 29 68 73 74 53 58 82 15 44 91 92 85 72 96 88 20 97 1 14 83 38 55 9 70 95 18 99 62 24 3 7 4 64 90 67 42 23 51 34 31 86 27 6 57 39 93 32 2 41 13 12 52 5 80 94 45 11 10 100 79 21 71 16 30 76 40 65 56 48 35 59 49 66 50 43 25 36 98 60 22 87 63 19 46 89 17 26 61 37 84 
84 54 28 75 69 77 81 47 33 8 78 29 68 73 74 53 58 82 15 44 91 92 85 72 96 88 20 97 1 14 83 38 55 9 70 95 18 99 62 24 3 7 4 64 90 67 42 23 51 34 31 86 27 6 57 39 93 32 2 41 13 12 52 5 80 94 45 11 10 100 79 21 71 16 30 76 40 65 56 48 35 59 49 66 50 43 25 36 98 60 22 87 63 19 46 89 17 26 61 37 
37 84 54 28 75 69 77 81 47 33 8 78 29 68 73 74 53 58 82 15 44 91 92 85 72 96 88 20 97 1 14 83 38 55 9 70 95 18 99 62 24 3 7 4 64 90 67 42 23 51 34 31 86 27 6 57 39 93 32 2 41 13 12 52 5 80 94 45 11 10 100 79 21 71 16 30 76 40 65 56 48 35 59 49 66 50 43 25 36 98 60 22 87 63 19 46 89 17 26 61 
61 37 84 54 28 75 69 77 81 47 33 8 78 29 68 73 74 53 58 82 15 44 91 92 85 72 96 88 20 97 1 14 83 38 55 9 70 95 18 99 62 24 3 7 4 64 90 67 42 23 51 34 31 86 27 6 57 39 93 32 2 41 13 12 52 5 80 94 45 11 10 100 79 21 71 16 30 76 40 65 56 48 35 59 49 66 50 43 25 36 98 60 22 87 63 19 46 89 17 26 
26 61 37 84 54 28 75 69 77 81 47 33 8 78 29 68 73 74 53 58 82 15 44 91 92 85 72 96 88 20 97 1 14 83 38 55 9 70 95 18 99 62 24 3 7 4 64 90 67 42 23 51 34 31 86 27 6 57 39 93 32 2 41 13 12 52 5 80 94 45 11 10 100 79 21 71 16 30 76 40 65 56 48 35 59 49 66 50 43 25 36 98 60 22 87 63 19 46 89 17 
17 26 61 37 84 54 28 75 69 77 81 47 33 8 78 29 68 73 74 53 58 82 15 44 91 92 85 72 96 88 20 97 1 14 83 38 55 9 70 95 18 99 62 24 3 7 4 64 90 67 42 23 51 34 31 86 27 6 57 39 93 32 2 41 13 12 52 5 80 94 45 11 10 100 79 21 71 16 30 76 40 65 56 48 35 59 49 66 50 43 25 36 98 60 22 87 63 19 46 89 
89 17 26 61 37 84 54 28 75 69 77 81 47 33 8 78 29 68 73 74 53 58 82 15 44 91 92 85 72 96 88 20 97 1 14 83 38 55 9 70 95 18 99 62 24 3 7 4 64 90 67 42 23 51 34 31 86 27 6 57 39 93 32 2 41 13 12 52 5 80 94 45 11 10 100 79 21 71 16 30 76 40 65 56 48 35 59 49 66 50 43 25 36 98 60 22 87 63 19 46 
46 89 17 26 61 37 84 54 28 75 69 77 81 47 33 8 78 29 68 73 74 53 58 82 15 44 91 92 85 72 96 88 20 97 1 14 83 38 55 9 70 95 18 99 62 24 3 7 4 64 90 67 42 23 51 34 31 86 27 6 57 39 93 32 2 41 13 12 52 5 80 94 45 11 10 100 79 21 71 16 30 76 40 65 56 48 35 59 49 66 50 43 25 36 98 60 22 87 63 19 
19 46 89 17 26 61 37 84 54 28 75 69 77 81 47 33 8 78 29 68 73 74 53 58 82 15 44 91 92 85 72 96 88 20 97 1 14 83 38 55 9 70 95 18 99 62 24 3 7 4 64 90 67 42 23 51 34 31 86 27 6 57 39 93 32 2 41 13 12 52 5 80 94 45 11 10 100 79 21 71 16 30 76 40 65 56 48 35 59 49 66 50 43 25 36 98 60 22 87 63 
63 19 46 89 17 26 61 37 84 54 28 75 69 77 81 47 33 8 78 29 68 73 74 53 58 82 15 44 91 92 85 72 96 88 20 97 1 14 83 38 55 9 70 95 18 99 62 24 3 7 4 64 90 67 42 23 51 34 31 86 27 6 57 39 93 32 2 41 13 12 52 5 80 94 45 11 10 100 79 21 71 16 30 76 40 65 56 48 35 59 49 66 50 43 25 36 98 60 22 87 
87 63 19 46 89 17 26 61 37 84 54 28 75 69 77 81 47 33 8 78 29 68 73 74 53 58 82 15 44 91 92 85 72 96 88 20 97 1 14 83 38 55 9 70 95 18 99 62 24 3 7 4 64 90 67 42 23 51 34 31 86 27 6 57 39 93 32 2 41 13 12 52 5 80 94 45 11 10 100 79 21 71 16 30 76 40 65 56 48 35 59 49 66 50 43 25 36 98 60 22 
22 87 63 19 46 89 17 26 61 37 84 54 28 75 69 77 81 47 33 8 78 29 68 73 74 53 58 82 15 44 91 92 85 72 96 88 20 97 1 14 83 38 55 9 70 95 18 99 62 24 3 7 4 64 90 67 42 23 51 34 31 86 27 6 57 39 93 32 2 41 13 12 52 5 80 94 45 11 10 100 79 21 71 16 30 76 40 65 56 48 35 59 49 66 50 43 25 36 98 60 
60 22 87 63 19 46 89 17 26 61 37 84 54 28 75 69 77 81 47 33 8 78 29 68 73 74 53 58 82 15 44 91 92 85 72 96 88 20 97 1 14 83 38 55 9 70 95 18 99 62 24 3 7 4 64 90 67 42 23 51 34 31 86 27 6 57 39 93 32 2 41 13 12 52 5 80 94 45 11 10 100 79 21 71 16 30 76 40 65 56 48 35 59 49 66 50 43 25 36 98 
98 60 22 87 63 19 46 89 17 26 61 37 84 54 28 75 69 77 81 47 33 8 78 29 68 73 74 53 58 82 15 44 91 92 85 72 96 88 20 97 1 14 83 38 55 9 70 95 18 99 62 24 3 7 4 64 90 67 42 23 51 34 31 86 27 6 57 39 93 32 2 41 13 12 52 5 80 94 45 11 10 100 79 21 71 16 30 76 40 65 56 48 35 59 49 66 50 43 25 36 
36 98 60 22 87 63 19 46 89 17 26 61 37 84 54 28 75 69 77 81 47 33 8 78 29 68 73 74 53 58 82 15 44 91 92 85 72 96 88 20 97 1 14 83 38 55 9 70 95 18 99 62 24 3 7 4 64 90 67 42 23 51 34 31 86 27 6 57 39 93 32 2 41 13 12 52 5 80 94 45 11 10 100 79 21 71 16 30 76 40 65 56 48 35 59 49 66 50 43 25 
25 36 98 60 22 87 63 19 46 89 17 26 61 37 84 54 28 75 69 77 81 47 33 8 78 29 68 73 74 53 58 82 15 44 91 92 85 72 96 88 20 97 1 14 83 38 55 9 70 95 18 99 62 24 3 7 4 64 90 67 42 23 51 34 31 86 27 6 57 39 93 32 2 41 13 12 52 5 80 94 45 11 10 100 79 21 71 16 30 76 40 65 56 48 35 59 49 66 50 43 
43 25 36 98 60 22 87 63 19 46 89 17 26 61 37 84 54 28 75 69 77 81 47 33 8 78 29 68 73 74 53 58 82 15 44 91 92 85 72 96 88 20 97 1 14 83 38 55 9 70 95 18 99 62 24 3 7 4 64 90 67 42 23 51 34 31 86 27 6 57 39 93 32 2 41 13 12 52 5 80 94 45 11 10 100 79 21 71 16 30 76 40 65 56 48 35 59 49 66 50 
50 43 25 36 98 60 22 87 63 19 46 89 17 26 61 37 84 54 28 75 69 77 81 47 33 8 78 29 68 73 74 53 58 82 15 44 91 92 85 72 96 88 20 97 1 14 83 38 55 9 70 95 18 99 62 24 3 7 4 64 90 67 42 23 51 34 31 86 27 6 57 39 93 32 2 41 13 12 52 5 80 94 45 11 10 100 79 21 71 16 30 76 40 65 56 48 35 59 49 66 
66 50 43 25 36 98 60 22 87 63 19 46 89 17 26 61 37 84 54 28 75 69 77 81 47 33 8 78 29 68 73 74 53 58 82 15 44 91 92 85 72 96 88 20 97 1 14 83 38 55 9 70 95 18 99 62 24 3 7 4 64 90 67 42 23 51 34 31 86 27 6 57 39 93 32 2 41 13 12 52 5 80 94 45 11 10 100 79 21 71 16 30 76 40 65 56 48 35 59 49 
49 66 50 43 25 36 98 60 22 87 63 19 46 89 17 26 61 37 84 54 28 75 69 77 81 47 33 8 78 29 68 73 74 53 58 82 15 44 91 92 85 72 96 88 20 97 1 14 83 38 55 9 70 95 18 99 62 24 3 7 4 64 90 67 42 23 51 34 31 86 27 6 57 39 93 32 2 41 13 12 52 5 80 94 45 11 10 100 79 21 71 16 30 76 40 65 56 48 35 59 
59 49 66 50 43 25 36 98 60 22 87 63 19 46 89 17 26 61 37 84 54 28 75 69 77 81 47 33 8 78 29 68 73 74 53 58 82 15 44 91 92 85 72 96 88 20 97 1 14 83 38 55 9 70 95 18 99 62 24 3 7 4 64 90 67 42 23 51 34 31 86 27 6 57 39 93 32 2 41 13 12 52 5 80 94 45 11 10 100 79 21 71 16 30 76 40 65 56 48 35 
35 59 49 66 50 43 25 36 98 60 22 87 63 19 46 89 17 26 61 37 84 54 28 75 69 77 81 47 33 8 78 29 68 73 74 53 58 82 15 44 91 92 85 72 96 88 20 97 1 14 83 38 55 9 70 95 18 99 62 24 3 7 4 64 90 67 42 23 51 34 31 86 27 6 57 39 93 32 2 41 13 12 52 5 80 94 45 11 10 100 79 21 71 16 30 76 40 65 56 48 
48 35 59 49 66 50 43 25 36 98 60 22 87 63 19 46 89 17 26 61 37 84 54 28 75 69 77 81 47 33 8 78 29 68 73 74 53 58 82 15 44 91 92 85 72 96 88 20 97 1 14 83 38 55 9 70 95 18 99 62 24 3 7 4 64 90 67 42 23 51 34 31 86 27 6 57 39 93 32 2 41 13 12 52 5 80 94 45 11 10 100 79 21 71 16 30 76 40 65 56 
